#
# There is insufficient memory for the Java Runtime Environment to continue.
# Native memory allocation (malloc) failed to allocate 2044896 bytes for Chunk::new
# Possible reasons:
#   The system is out of physical RAM or swap space
#   In 32 bit mode, the process size limit was hit
# Possible solutions:
#   Reduce memory load on the system
#   Increase physical memory or swap space
#   Check if swap backing store is full
#   Use 64 bit Java on a 64 bit OS
#   Decrease Java heap size (-Xmx/-Xms)
#   Decrease number of Java threads
#   Decrease Java thread stack sizes (-Xss)
#   Set larger code cache with -XX:ReservedCodeCacheSize=
# This output file may be truncated or incomplete.
#
#  Out of Memory Error (allocation.cpp:390), pid=5588, tid=11704
#
# JRE version: Java(TM) SE Runtime Environment (8.0_31-b13) (build 1.8.0_31-b13)
# Java VM: Java HotSpot(TM) 64-Bit Server VM (25.31-b07 mixed mode windows-amd64 compressed oops)
# Failed to write core dump. Minidumps are not enabled by default on client versions of Windows
#

---------------  T H R E A D  ---------------

Current thread (0x000000000836e000):  JavaThread "C2 CompilerThread1" daemon [_thread_in_native, id=11704, stack(0x0000000008a40000,0x0000000008b40000)]

Stack: [0x0000000008a40000,0x0000000008b40000]
Native frames: (J=compiled Java code, j=interpreted, Vv=VM code, C=native code)
V  [jvm.dll+0x3169ba]


Current CompileTask:
C2:  17632 5132       4       java.net.URLClassLoader$1::run (5 bytes)


---------------  P R O C E S S  ---------------

Java Threads: ( => current thread )
  0x000000000c09b800 JavaThread "Forward streams with process: command 'C:\Program Files\Java\jdk1.8.0_31\bin\java.exe' Thread 3" [_thread_in_native, id=196, stack(0x00000000228e0000,0x00000000229e0000)]
  0x000000000c097800 JavaThread "Forward streams with process: command 'C:\Program Files\Java\jdk1.8.0_31\bin\java.exe' Thread 2" [_thread_in_native, id=9420, stack(0x00000000227e0000,0x00000000228e0000)]
  0x000000000d49c000 JavaThread "Forward streams with process: command 'C:\Program Files\Java\jdk1.8.0_31\bin\java.exe'" [_thread_blocked, id=7272, stack(0x00000000226e0000,0x00000000227e0000)]
  0x000000000d49b800 JavaThread "Forward streams with process: command 'C:\Program Files\Java\jdk1.8.0_31\bin\java.exe' Thread 3" [_thread_in_native, id=13264, stack(0x00000000225e0000,0x00000000226e0000)]
  0x000000000d497800 JavaThread "Forward streams with process: command 'C:\Program Files\Java\jdk1.8.0_31\bin\java.exe' Thread 2" [_thread_in_native, id=13108, stack(0x00000000224e0000,0x00000000225e0000)]
  0x000000000d49a800 JavaThread "Forward streams with process: command 'C:\Program Files\Java\jdk1.8.0_31\bin\java.exe'" [_thread_blocked, id=1216, stack(0x00000000223e0000,0x00000000224e0000)]
  0x000000000d497000 JavaThread "Forward streams with process: command 'C:\Program Files\Java\jdk1.8.0_31\bin\java.exe' Thread 3" [_thread_in_native, id=10196, stack(0x00000000222e0000,0x00000000223e0000)]
  0x000000000d499000 JavaThread "Forward streams with process: command 'C:\Program Files\Java\jdk1.8.0_31\bin\java.exe' Thread 2" [_thread_in_native, id=9296, stack(0x00000000221e0000,0x00000000222e0000)]
  0x000000000d495800 JavaThread "Forward streams with process: command 'C:\Program Files\Java\jdk1.8.0_31\bin\java.exe'" [_thread_blocked, id=5652, stack(0x0000000021ae0000,0x0000000021be0000)]
  0x000000000d498800 JavaThread "Forward streams with process: command 'C:\Program Files\Java\jdk1.8.0_31\bin\java.exe' Thread 3" [_thread_in_native, id=11020, stack(0x00000000220e0000,0x00000000221e0000)]
  0x000000000d49a000 JavaThread "Forward streams with process: command 'C:\Program Files\Java\jdk1.8.0_31\bin\java.exe' Thread 2" [_thread_in_native, id=5148, stack(0x0000000021fe0000,0x00000000220e0000)]
  0x000000000d493000 JavaThread "Forward streams with process: command 'C:\Program Files\Java\jdk1.8.0_31\bin\java.exe'" [_thread_blocked, id=8460, stack(0x0000000021ee0000,0x0000000021fe0000)]
  0x000000000d494000 JavaThread "Forward streams with process: command 'C:\Program Files\Java\jdk1.8.0_31\bin\java.exe' Thread 3" [_thread_in_native, id=6156, stack(0x0000000021de0000,0x0000000021ee0000)]
  0x000000000d496000 JavaThread "Forward streams with process: command 'C:\Program Files\Java\jdk1.8.0_31\bin\java.exe' Thread 2" [_thread_in_native, id=6108, stack(0x0000000021ce0000,0x0000000021de0000)]
  0x000000000d494800 JavaThread "Forward streams with process: command 'C:\Program Files\Java\jdk1.8.0_31\bin\java.exe'" [_thread_blocked, id=3692, stack(0x0000000021be0000,0x0000000021ce0000)]
  0x000000000d48f800 JavaThread "Forward streams with process: command 'C:\Program Files\Java\jdk1.8.0_31\bin\java.exe' Thread 3" [_thread_in_native, id=5772, stack(0x00000000219e0000,0x0000000021ae0000)]
  0x000000000d492800 JavaThread "Forward streams with process: command 'C:\Program Files\Java\jdk1.8.0_31\bin\java.exe' Thread 2" [_thread_in_native, id=11272, stack(0x00000000218e0000,0x00000000219e0000)]
  0x000000000d48e800 JavaThread "Forward streams with process: command 'C:\Program Files\Java\jdk1.8.0_31\bin\java.exe'" [_thread_blocked, id=1612, stack(0x00000000211e0000,0x00000000212e0000)]
  0x000000000d491000 JavaThread "Forward streams with process: command 'C:\Program Files\Java\jdk1.8.0_31\bin\java.exe' Thread 3" [_thread_in_native, id=7948, stack(0x00000000217e0000,0x00000000218e0000)]
  0x000000000d48e000 JavaThread "Forward streams with process: command 'C:\Program Files\Java\jdk1.8.0_31\bin\java.exe' Thread 3" [_thread_in_native, id=10020, stack(0x00000000216e0000,0x00000000217e0000)]
  0x000000000d48d000 JavaThread "Forward streams with process: command 'C:\Program Files\Java\jdk1.8.0_31\bin\java.exe' Thread 2" [_thread_in_native, id=13412, stack(0x00000000215e0000,0x00000000216e0000)]
  0x000000000d490000 JavaThread "Forward streams with process: command 'C:\Program Files\Java\jdk1.8.0_31\bin\java.exe' Thread 2" [_thread_in_native, id=13300, stack(0x00000000214e0000,0x00000000215e0000)]
  0x000000000c09d000 JavaThread "Forward streams with process: command 'C:\Program Files\Java\jdk1.8.0_31\bin\java.exe'" [_thread_blocked, id=9140, stack(0x00000000213e0000,0x00000000214e0000)]
  0x000000000c09c000 JavaThread "Forward streams with process: command 'C:\Program Files\Java\jdk1.8.0_31\bin\java.exe'" [_thread_blocked, id=10188, stack(0x00000000212e0000,0x00000000213e0000)]
  0x000000000c09a800 JavaThread "Run command 'C:\Program Files\Java\jdk1.8.0_31\bin\java.exe'" [_thread_in_native, id=11208, stack(0x0000000020fe0000,0x00000000210e0000)]
  0x000000000c097000 JavaThread "Run command 'C:\Program Files\Java\jdk1.8.0_31\bin\java.exe'" [_thread_in_native, id=11428, stack(0x0000000020ee0000,0x0000000020fe0000)]
  0x000000000c09a000 JavaThread "Run command 'C:\Program Files\Java\jdk1.8.0_31\bin\java.exe'" [_thread_in_native, id=2924, stack(0x0000000020de0000,0x0000000020ee0000)]
  0x000000000c099000 JavaThread "Run command 'C:\Program Files\Java\jdk1.8.0_31\bin\java.exe'" [_thread_in_native, id=6792, stack(0x0000000020ce0000,0x0000000020de0000)]
  0x000000000c096000 JavaThread "Run command 'C:\Program Files\Java\jdk1.8.0_31\bin\java.exe'" [_thread_in_native, id=6836, stack(0x0000000020be0000,0x0000000020ce0000)]
  0x000000000c098800 JavaThread "Run command 'C:\Program Files\Java\jdk1.8.0_31\bin\java.exe'" [_thread_in_native, id=12376, stack(0x0000000020ae0000,0x0000000020be0000)]
  0x0000000009466000 JavaThread "Run command 'C:\Program Files\Java\jdk1.8.0_31\bin\java.exe'" [_thread_in_native, id=6556, stack(0x00000000209e0000,0x0000000020ae0000)]
  0x0000000009468800 JavaThread "Run command 'C:\Program Files\Java\jdk1.8.0_31\bin\java.exe'" [_thread_in_native, id=12552, stack(0x00000000208e0000,0x00000000209e0000)]
  0x0000000009467000 JavaThread "pool-1-thread-8" [_thread_blocked, id=4852, stack(0x00000000207e0000,0x00000000208e0000)]
  0x0000000009469000 JavaThread "pool-1-thread-7" [_thread_blocked, id=14224, stack(0x00000000206e0000,0x00000000207e0000)]
  0x0000000009467800 JavaThread "pool-1-thread-6" [_thread_blocked, id=13260, stack(0x00000000205e0000,0x00000000206e0000)]
  0x0000000009464000 JavaThread "pool-1-thread-5" [_thread_blocked, id=13996, stack(0x00000000204e0000,0x00000000205e0000)]
  0x0000000009462800 JavaThread "pool-1-thread-4" [_thread_blocked, id=4924, stack(0x00000000203e0000,0x00000000204e0000)]
  0x0000000009464800 JavaThread "pool-1-thread-3" [_thread_blocked, id=8272, stack(0x00000000200e0000,0x00000000201e0000)]
  0x0000000009463000 JavaThread "pool-1-thread-2" [_thread_blocked, id=1896, stack(0x000000001ffe0000,0x00000000200e0000)]
  0x0000000009465800 JavaThread "pool-1-thread-1" [_thread_blocked, id=13420, stack(0x000000000d9c0000,0x000000000dac0000)]
  0x000000000bd72800 JavaThread "File lock request listener" [_thread_in_native, id=11888, stack(0x000000000db40000,0x000000000dc40000)]
  0x0000000009c8c800 JavaThread "Stdin handler" [_thread_blocked, id=9640, stack(0x000000000b160000,0x000000000b260000)]
  0x0000000009e3c000 JavaThread "Daemon worker" [_thread_blocked, id=3680, stack(0x000000000b060000,0x000000000b160000)]
  0x0000000009bd5000 JavaThread "Cancel handler" [_thread_blocked, id=14024, stack(0x000000000af60000,0x000000000b060000)]
  0x0000000009bcb000 JavaThread "Handler for socket connection from /127.0.0.1:53144 to /127.0.0.1:53145" [_thread_in_native, id=11660, stack(0x000000000ae60000,0x000000000af60000)]
  0x0000000009bc8000 JavaThread "Daemon" [_thread_blocked, id=10392, stack(0x000000000ad60000,0x000000000ae60000)]
  0x0000000009a3d800 JavaThread "Incoming local TCP Connector on port 53144" [_thread_in_native, id=11288, stack(0x000000000aa60000,0x000000000ab60000)]
  0x0000000008411000 JavaThread "Service Thread" daemon [_thread_blocked, id=7984, stack(0x0000000008d40000,0x0000000008e40000)]
  0x000000000837f800 JavaThread "C1 CompilerThread3" daemon [_thread_blocked, id=3524, stack(0x0000000008c40000,0x0000000008d40000)]
  0x000000000837c800 JavaThread "C2 CompilerThread2" daemon [_thread_in_native, id=7960, stack(0x0000000008b40000,0x0000000008c40000)]
=>0x000000000836e000 JavaThread "C2 CompilerThread1" daemon [_thread_in_native, id=11704, stack(0x0000000008a40000,0x0000000008b40000)]
  0x000000000836a000 JavaThread "C2 CompilerThread0" daemon [_thread_in_native, id=11060, stack(0x0000000008940000,0x0000000008a40000)]
  0x0000000008368000 JavaThread "Attach Listener" daemon [_thread_blocked, id=13648, stack(0x0000000008840000,0x0000000008940000)]
  0x0000000008367000 JavaThread "Signal Dispatcher" daemon [_thread_blocked, id=11572, stack(0x0000000008740000,0x0000000008840000)]
  0x000000000282a800 JavaThread "Finalizer" daemon [_thread_blocked, id=4024, stack(0x0000000008220000,0x0000000008320000)]
  0x0000000002824000 JavaThread "Reference Handler" daemon [_thread_blocked, id=11672, stack(0x0000000008120000,0x0000000008220000)]
  0x0000000002732800 JavaThread "main" [_thread_blocked, id=12704, stack(0x00000000025f0000,0x00000000026f0000)]

Other Threads:
  0x0000000006348800 VMThread [stack: 0x0000000008020000,0x0000000008120000] [id=7344]
  0x0000000008412000 WatcherThread [stack: 0x0000000008e40000,0x0000000008f40000] [id=12112]

VM state:not at safepoint (normal execution)

VM Mutex/Monitor currently owned by a thread: None

Heap:
 PSYoungGen      total 110080K, used 34405K [0x00000000eab00000, 0x00000000f3080000, 0x0000000100000000)
  eden space 93184K, 18% used [0x00000000eab00000,0x00000000ebc1d4b8,0x00000000f0600000)
  from space 16896K, 99% used [0x00000000f1980000,0x00000000f29fc020,0x00000000f2a00000)
  to   space 19968K, 0% used [0x00000000f0600000,0x00000000f0600000,0x00000000f1980000)
 ParOldGen       total 114176K, used 25206K [0x00000000c0000000, 0x00000000c6f80000, 0x00000000eab00000)
  object space 114176K, 22% used [0x00000000c0000000,0x00000000c189db60,0x00000000c6f80000)
 Metaspace       used 40048K, capacity 41564K, committed 41728K, reserved 1085440K
  class space    used 5604K, capacity 6287K, committed 6400K, reserved 1048576K

Card table byte_map: [0x0000000002bf0000,0x0000000002e00000] byte_map_base: 0x00000000025f0000

Marking Bits: (ParMarkBitMap*) 0x0000000050b3d4f0
 Begin Bits: [0x0000000003760000, 0x0000000004760000)
 End Bits:   [0x0000000004760000, 0x0000000005760000)

Polling page: 0x0000000000930000

CodeCache: size=245760Kb used=16900Kb max_used=17525Kb free=228859Kb
 bounds [0x000000000f010000, 0x0000000010140000, 0x000000001e010000]
 total_blobs=5312 nmethods=4644 adapters=580
 compilation: enabled

Compilation events (10 events):
Event: 17.301 Thread 0x000000000837f800 5140       3       java.util.concurrent.locks.ReentrantLock$NonfairSync::tryAcquire (6 bytes)
Event: 17.301 Thread 0x000000000837f800 nmethod 5140 0x000000000f90a990 code [0x000000000f90ab00, 0x000000000f90ad08]
Event: 17.303 Thread 0x000000000837f800 5141       3       java.io.FilterInputStream::read (9 bytes)
Event: 17.303 Thread 0x000000000837f800 nmethod 5141 0x000000000f4d88d0 code [0x000000000f4d8a40, 0x000000000f4d8c68]
Event: 17.324 Thread 0x000000000837f800 5142       3       org.gradle.listener.ListenerBroadcast::getSource (8 bytes)
Event: 17.324 Thread 0x000000000837f800 nmethod 5142 0x000000000f923a10 code [0x000000000f923b60, 0x000000000f923cd0]
Event: 17.324 Thread 0x000000000837f800 5143       3       java.lang.ProcessEnvironment::addToEnv (20 bytes)
Event: 17.325 Thread 0x000000000837f800 nmethod 5143 0x000000000f4f0310 code [0x000000000f4f0500, 0x000000000f4f0e38]
Event: 17.364 Thread 0x000000000837f800 5144       3       java.util.concurrent.SynchronousQueue$TransferStack::shouldSpin (30 bytes)
Event: 17.364 Thread 0x000000000837f800 nmethod 5144 0x000000000f4efd10 code [0x000000000f4efe80, 0x000000000f4f0170]

GC Heap History (10 events):
Event: 10.433 GC heap before
{Heap before GC invocations=10 (full 1):
 PSYoungGen      total 76800K, used 64185K [0x00000000eab00000, 0x00000000f0d00000, 0x0000000100000000)
  eden space 66048K, 80% used [0x00000000eab00000,0x00000000edf32890,0x00000000eeb80000)
  from space 10752K, 99% used [0x00000000ef800000,0x00000000f027be68,0x00000000f0280000)
  to   space 12800K, 0% used [0x00000000eeb80000,0x00000000eeb80000,0x00000000ef800000)
 ParOldGen       total 66048K, used 9981K [0x00000000c0000000, 0x00000000c4080000, 0x00000000eab00000)
  object space 66048K, 15% used [0x00000000c0000000,0x00000000c09bf788,0x00000000c4080000)
 Metaspace       used 34583K, capacity 35442K, committed 35496K, reserved 1079296K
  class space    used 4752K, capacity 5119K, committed 5120K, reserved 1048576K
Event: 10.461 GC heap after
Heap after GC invocations=10 (full 1):
 PSYoungGen      total 78848K, used 12771K [0x00000000eab00000, 0x00000000f2300000, 0x0000000100000000)
  eden space 66048K, 0% used [0x00000000eab00000,0x00000000eab00000,0x00000000eeb80000)
  from space 12800K, 99% used [0x00000000eeb80000,0x00000000ef7f8c70,0x00000000ef800000)
  to   space 16384K, 0% used [0x00000000f1300000,0x00000000f1300000,0x00000000f2300000)
 ParOldGen       total 66048K, used 14472K [0x00000000c0000000, 0x00000000c4080000, 0x00000000eab00000)
  object space 66048K, 21% used [0x00000000c0000000,0x00000000c0e22218,0x00000000c4080000)
 Metaspace       used 34583K, capacity 35442K, committed 35496K, reserved 1079296K
  class space    used 4752K, capacity 5119K, committed 5120K, reserved 1048576K
}
Event: 10.461 GC heap before
{Heap before GC invocations=11 (full 2):
 PSYoungGen      total 78848K, used 12771K [0x00000000eab00000, 0x00000000f2300000, 0x0000000100000000)
  eden space 66048K, 0% used [0x00000000eab00000,0x00000000eab00000,0x00000000eeb80000)
  from space 12800K, 99% used [0x00000000eeb80000,0x00000000ef7f8c70,0x00000000ef800000)
  to   space 16384K, 0% used [0x00000000f1300000,0x00000000f1300000,0x00000000f2300000)
 ParOldGen       total 66048K, used 14472K [0x00000000c0000000, 0x00000000c4080000, 0x00000000eab00000)
  object space 66048K, 21% used [0x00000000c0000000,0x00000000c0e22218,0x00000000c4080000)
 Metaspace       used 34583K, capacity 35442K, committed 35496K, reserved 1079296K
  class space    used 4752K, capacity 5119K, committed 5120K, reserved 1048576K
Event: 10.678 GC heap after
Heap after GC invocations=11 (full 2):
 PSYoungGen      total 78848K, used 0K [0x00000000eab00000, 0x00000000f2300000, 0x0000000100000000)
  eden space 66048K, 0% used [0x00000000eab00000,0x00000000eab00000,0x00000000eeb80000)
  from space 12800K, 0% used [0x00000000eeb80000,0x00000000eeb80000,0x00000000ef800000)
  to   space 16384K, 0% used [0x00000000f1300000,0x00000000f1300000,0x00000000f2300000)
 ParOldGen       total 114176K, used 24044K [0x00000000c0000000, 0x00000000c6f80000, 0x00000000eab00000)
  object space 114176K, 21% used [0x00000000c0000000,0x00000000c177b1b8,0x00000000c6f80000)
 Metaspace       used 34583K, capacity 35442K, committed 35496K, reserved 1079296K
  class space    used 4752K, capacity 5119K, committed 5120K, reserved 1048576K
}
Event: 12.126 GC heap before
{Heap before GC invocations=12 (full 2):
 PSYoungGen      total 78848K, used 66048K [0x00000000eab00000, 0x00000000f2300000, 0x0000000100000000)
  eden space 66048K, 100% used [0x00000000eab00000,0x00000000eeb80000,0x00000000eeb80000)
  from space 12800K, 0% used [0x00000000eeb80000,0x00000000eeb80000,0x00000000ef800000)
  to   space 16384K, 0% used [0x00000000f1300000,0x00000000f1300000,0x00000000f2300000)
 ParOldGen       total 114176K, used 24044K [0x00000000c0000000, 0x00000000c6f80000, 0x00000000eab00000)
  object space 114176K, 21% used [0x00000000c0000000,0x00000000c177b1b8,0x00000000c6f80000)
 Metaspace       used 35939K, capacity 37016K, committed 37120K, reserved 1081344K
  class space    used 4914K, capacity 5309K, committed 5376K, reserved 1048576K
Event: 12.134 GC heap after
Heap after GC invocations=12 (full 2):
 PSYoungGen      total 86528K, used 6379K [0x00000000eab00000, 0x00000000f1980000, 0x0000000100000000)
  eden space 79872K, 0% used [0x00000000eab00000,0x00000000eab00000,0x00000000ef900000)
  from space 6656K, 95% used [0x00000000f1300000,0x00000000f193aed0,0x00000000f1980000)
  to   space 15872K, 0% used [0x00000000efa80000,0x00000000efa80000,0x00000000f0a00000)
 ParOldGen       total 114176K, used 24052K [0x00000000c0000000, 0x00000000c6f80000, 0x00000000eab00000)
  object space 114176K, 21% used [0x00000000c0000000,0x00000000c177d1b8,0x00000000c6f80000)
 Metaspace       used 35939K, capacity 37016K, committed 37120K, reserved 1081344K
  class space    used 4914K, capacity 5309K, committed 5376K, reserved 1048576K
}
Event: 13.506 GC heap before
{Heap before GC invocations=13 (full 2):
 PSYoungGen      total 86528K, used 86251K [0x00000000eab00000, 0x00000000f1980000, 0x0000000100000000)
  eden space 79872K, 100% used [0x00000000eab00000,0x00000000ef900000,0x00000000ef900000)
  from space 6656K, 95% used [0x00000000f1300000,0x00000000f193aed0,0x00000000f1980000)
  to   space 15872K, 0% used [0x00000000efa80000,0x00000000efa80000,0x00000000f0a00000)
 ParOldGen       total 114176K, used 24052K [0x00000000c0000000, 0x00000000c6f80000, 0x00000000eab00000)
  object space 114176K, 21% used [0x00000000c0000000,0x00000000c177d1b8,0x00000000c6f80000)
 Metaspace       used 37638K, capacity 38840K, committed 39040K, reserved 1083392K
  class space    used 5183K, capacity 5644K, committed 5760K, reserved 1048576K
Event: 13.524 GC heap after
Heap after GC invocations=13 (full 2):
 PSYoungGen      total 97280K, used 13856K [0x00000000eab00000, 0x00000000f2a00000, 0x0000000100000000)
  eden space 81408K, 0% used [0x00000000eab00000,0x00000000eab00000,0x00000000efa80000)
  from space 15872K, 87% used [0x00000000efa80000,0x00000000f0808000,0x00000000f0a00000)
  to   space 16896K, 0% used [0x00000000f1980000,0x00000000f1980000,0x00000000f2a00000)
 ParOldGen       total 114176K, used 24060K [0x00000000c0000000, 0x00000000c6f80000, 0x00000000eab00000)
  object space 114176K, 21% used [0x00000000c0000000,0x00000000c177f1b8,0x00000000c6f80000)
 Metaspace       used 37638K, capacity 38840K, committed 39040K, reserved 1083392K
  class space    used 5183K, capacity 5644K, committed 5760K, reserved 1048576K
}
Event: 17.136 GC heap before
{Heap before GC invocations=14 (full 2):
 PSYoungGen      total 97280K, used 95264K [0x00000000eab00000, 0x00000000f2a00000, 0x0000000100000000)
  eden space 81408K, 100% used [0x00000000eab00000,0x00000000efa80000,0x00000000efa80000)
  from space 15872K, 87% used [0x00000000efa80000,0x00000000f0808000,0x00000000f0a00000)
  to   space 16896K, 0% used [0x00000000f1980000,0x00000000f1980000,0x00000000f2a00000)
 ParOldGen       total 114176K, used 24060K [0x00000000c0000000, 0x00000000c6f80000, 0x00000000eab00000)
  object space 114176K, 21% used [0x00000000c0000000,0x00000000c177f1b8,0x00000000c6f80000)
 Metaspace       used 39666K, capacity 40994K, committed 41216K, reserved 1085440K
  class space    used 5506K, capacity 6033K, committed 6144K, reserved 1048576K
Event: 17.159 GC heap after
Heap after GC invocations=14 (full 2):
 PSYoungGen      total 110080K, used 16880K [0x00000000eab00000, 0x00000000f3080000, 0x0000000100000000)
  eden space 93184K, 0% used [0x00000000eab00000,0x00000000eab00000,0x00000000f0600000)
  from space 16896K, 99% used [0x00000000f1980000,0x00000000f29fc020,0x00000000f2a00000)
  to   space 19968K, 0% used [0x00000000f0600000,0x00000000f0600000,0x00000000f1980000)
 ParOldGen       total 114176K, used 25206K [0x00000000c0000000, 0x00000000c6f80000, 0x00000000eab00000)
  object space 114176K, 22% used [0x00000000c0000000,0x00000000c189db60,0x00000000c6f80000)
 Metaspace       used 39666K, capacity 40994K, committed 41216K, reserved 1085440K
  class space    used 5506K, capacity 6033K, committed 6144K, reserved 1048576K
}

Deoptimization events (10 events):
Event: 17.122 Thread 0x0000000009464800 Uncommon trap: reason=unreached action=reinterpret pc=0x0000000010114b60 method=java.util.concurrent.locks.AbstractQueuedSynchronizer.release(I)Z @ 14
Event: 17.122 Thread 0x0000000009467000 Uncommon trap: reason=unreached action=reinterpret pc=0x0000000010114b60 method=java.util.concurrent.locks.AbstractQueuedSynchronizer.release(I)Z @ 14
Event: 17.122 Thread 0x0000000009464000 Uncommon trap: reason=unreached action=reinterpret pc=0x0000000010114b60 method=java.util.concurrent.locks.AbstractQueuedSynchronizer.release(I)Z @ 14
Event: 17.122 Thread 0x0000000009462800 Uncommon trap: reason=unreached action=reinterpret pc=0x0000000010114b60 method=java.util.concurrent.locks.AbstractQueuedSynchronizer.release(I)Z @ 14
Event: 17.122 Thread 0x0000000009469000 Uncommon trap: reason=unreached action=reinterpret pc=0x0000000010114b60 method=java.util.concurrent.locks.AbstractQueuedSynchronizer.release(I)Z @ 14
Event: 17.122 Thread 0x0000000009467800 Uncommon trap: reason=unreached action=reinterpret pc=0x0000000010114b60 method=java.util.concurrent.locks.AbstractQueuedSynchronizer.release(I)Z @ 14
Event: 17.123 Thread 0x0000000009465800 Uncommon trap: reason=unreached action=reinterpret pc=0x000000000ffd7414 method=java.util.concurrent.locks.AbstractQueuedSynchronizer.release(I)Z @ 14
Event: 17.164 Thread 0x0000000009469000 Uncommon trap: reason=unreached action=reinterpret pc=0x000000000fde2020 method=groovy.lang.MetaClassImpl.findPropertyMethod(Ljava/lang/Object;ZZ)Lgroovy/lang/MetaMethod; @ 95
Event: 17.278 Thread 0x0000000009467000 Uncommon trap: reason=range_check action=make_not_entrant pc=0x00000000100c49f8 method=java.lang.String.charAt(I)C @ 27
Event: 17.285 Thread 0x0000000009463000 Uncommon trap: reason=class_check action=maybe_recompile pc=0x000000000f535d68 method=java.util.concurrent.ConcurrentHashMap.putVal(Ljava/lang/Object;Ljava/lang/Object;Z)Ljava/lang/Object; @ 192

Internal exceptions (10 events):
Event: 17.296 Thread 0x0000000009468800 Exception <a 'java/security/PrivilegedActionException'> (0x00000000eb145458) thrown at [C:\workspace\8-2-build-windows-amd64-cygwin\jdk8u31\2394\hotspot\src\share\vm\prims\jvm.cpp, line 1312]
Event: 17.296 Thread 0x0000000009468800 Exception <a 'java/security/PrivilegedActionException'> (0x00000000eb145c80) thrown at [C:\workspace\8-2-build-windows-amd64-cygwin\jdk8u31\2394\hotspot\src\share\vm\prims\jvm.cpp, line 1312]
Event: 17.297 Thread 0x0000000009468800 Exception <a 'java/security/PrivilegedActionException'> (0x00000000eb148c80) thrown at [C:\workspace\8-2-build-windows-amd64-cygwin\jdk8u31\2394\hotspot\src\share\vm\prims\jvm.cpp, line 1312]
Event: 17.297 Thread 0x0000000009468800 Exception <a 'java/security/PrivilegedActionException'> (0x00000000eb1493e8) thrown at [C:\workspace\8-2-build-windows-amd64-cygwin\jdk8u31\2394\hotspot\src\share\vm\prims\jvm.cpp, line 1312]
Event: 17.298 Thread 0x0000000009468800 Exception <a 'java/security/PrivilegedActionException'> (0x00000000eb14d050) thrown at [C:\workspace\8-2-build-windows-amd64-cygwin\jdk8u31\2394\hotspot\src\share\vm\prims\jvm.cpp, line 1312]
Event: 17.299 Thread 0x0000000009468800 Exception <a 'java/security/PrivilegedActionException'> (0x00000000eb14d880) thrown at [C:\workspace\8-2-build-windows-amd64-cygwin\jdk8u31\2394\hotspot\src\share\vm\prims\jvm.cpp, line 1312]
Event: 17.300 Thread 0x0000000009468800 Exception <a 'java/security/PrivilegedActionException'> (0x00000000eb152400) thrown at [C:\workspace\8-2-build-windows-amd64-cygwin\jdk8u31\2394\hotspot\src\share\vm\prims\jvm.cpp, line 1312]
Event: 17.300 Thread 0x0000000009468800 Exception <a 'java/security/PrivilegedActionException'> (0x00000000eb152c98) thrown at [C:\workspace\8-2-build-windows-amd64-cygwin\jdk8u31\2394\hotspot\src\share\vm\prims\jvm.cpp, line 1312]
Event: 17.300 Thread 0x0000000009468800 Exception <a 'java/security/PrivilegedActionException'> (0x00000000eb156630) thrown at [C:\workspace\8-2-build-windows-amd64-cygwin\jdk8u31\2394\hotspot\src\share\vm\prims\jvm.cpp, line 1312]
Event: 17.300 Thread 0x0000000009468800 Exception <a 'java/security/PrivilegedActionException'> (0x00000000eb156fe0) thrown at [C:\workspace\8-2-build-windows-amd64-cygwin\jdk8u31\2394\hotspot\src\share\vm\prims\jvm.cpp, line 1312]

Events (10 events):
Event: 17.365 Thread 0x000000000837f800 flushing nmethod 0x000000000f179c10
Event: 17.366 Thread 0x000000000d491800 Thread added: 0x000000000d491800
Event: 17.367 Thread 0x000000000d49c000 Thread added: 0x000000000d49c000
Event: 17.367 Thread 0x000000000c097800 Thread added: 0x000000000c097800
Event: 17.367 Thread 0x000000000c09b800 Thread added: 0x000000000c09b800
Event: 17.394 Executing VM operation: RevokeBias
Event: 17.395 Executing VM operation: RevokeBias done
Event: 17.395 Executing VM operation: RevokeBias
Event: 17.395 Executing VM operation: RevokeBias done
Event: 17.395 Thread 0x000000000d491800 Thread exited: 0x000000000d491800


Dynamic libraries:
0x00007ff72eec0000 - 0x00007ff72eef4000 	C:\Program Files\Java\jdk1.8.0_31\bin\java.exe
0x00007ffbdbb70000 - 0x00007ffbdbd1c000 	C:\WINDOWS\SYSTEM32\ntdll.dll
0x00007ffbda0a0000 - 0x00007ffbda1da000 	C:\WINDOWS\system32\KERNEL32.DLL
0x00007ffbd91c0000 - 0x00007ffbd92cf000 	C:\WINDOWS\system32\KERNELBASE.dll
0x00007ffbd7a90000 - 0x00007ffbd7b18000 	C:\WINDOWS\system32\apphelp.dll
0x00007ffbc81b0000 - 0x00007ffbc81ff000 	C:\WINDOWS\AppPatch\AppPatch64\AcGenral.DLL
0x00007ffbd9480000 - 0x00007ffbd9527000 	C:\WINDOWS\system32\msvcrt.dll
0x00007ffbd8cb0000 - 0x00007ffbd8cdb000 	C:\WINDOWS\SYSTEM32\SspiCli.dll
0x00007ffbda500000 - 0x00007ffbda551000 	C:\WINDOWS\system32\SHLWAPI.dll
0x00007ffbda1e0000 - 0x00007ffbda351000 	C:\WINDOWS\system32\USER32.dll
0x00007ffbda380000 - 0x00007ffbda4f8000 	C:\WINDOWS\system32\ole32.dll
0x00007ffbda580000 - 0x00007ffbdb98f000 	C:\WINDOWS\system32\SHELL32.dll
0x00007ffbd86b0000 - 0x00007ffbd86ce000 	C:\WINDOWS\SYSTEM32\USERENV.dll
0x00007ffbd9ad0000 - 0x00007ffbd9b75000 	C:\WINDOWS\system32\ADVAPI32.dll
0x00007ffbcef10000 - 0x00007ffbcef2b000 	C:\WINDOWS\SYSTEM32\MPR.dll
0x00007ffbd9570000 - 0x00007ffbd96a7000 	C:\WINDOWS\system32\RPCRT4.dll
0x00007ffbd97f0000 - 0x00007ffbd9847000 	C:\WINDOWS\SYSTEM32\sechost.dll
0x00007ffbdb990000 - 0x00007ffbdbb66000 	C:\WINDOWS\SYSTEM32\combase.dll
0x00007ffbd9ef0000 - 0x00007ffbda034000 	C:\WINDOWS\system32\GDI32.dll
0x00007ffbd8ec0000 - 0x00007ffbd8ed4000 	C:\WINDOWS\SYSTEM32\profapi.dll
0x00007ffbd7740000 - 0x00007ffbd77df000 	C:\WINDOWS\SYSTEM32\SHCORE.dll
0x00007ffbd9530000 - 0x00007ffbd9564000 	C:\WINDOWS\system32\IMM32.DLL
0x00007ffbd96b0000 - 0x00007ffbd97e9000 	C:\WINDOWS\system32\MSCTF.dll
0x00007ffbd8e70000 - 0x00007ffbd8ea2000 	C:\Windows\system32\nvinitx.dll
0x00007ffbd8e60000 - 0x00007ffbd8e6a000 	C:\WINDOWS\SYSTEM32\VERSION.dll
0x000000000f000000 - 0x000000000f006000 	C:\Program Files\NVIDIA Corporation\CoProcManager\_etoured.dll
0x00007ffbd6ea0000 - 0x00007ffbd6ed2000 	C:\Program Files\NVIDIA Corporation\CoProcManager\nvd3d9wrapx.dll
0x00007ffbd9c90000 - 0x00007ffbd9e64000 	C:\WINDOWS\system32\SETUPAPI.dll
0x00007ffbd92d0000 - 0x00007ffbd931a000 	C:\WINDOWS\system32\CFGMGR32.dll
0x00007ffbd6ad0000 - 0x00007ffbd6af2000 	C:\Program Files\NVIDIA Corporation\CoProcManager\nvdxgiwrapx.dll
0x00007ffbd70d0000 - 0x00007ffbd732a000 	C:\WINDOWS\WinSxS\amd64_microsoft.windows.common-controls_6595b64144ccf1df_6.0.9600.17031_none_6242a4b3ecbb55a1\COMCTL32.dll
0x0000000077cf0000 - 0x0000000077dc2000 	C:\Program Files\Java\jdk1.8.0_31\jre\bin\msvcr100.dll
0x0000000050360000 - 0x0000000050bba000 	C:\Program Files\Java\jdk1.8.0_31\jre\bin\server\jvm.dll
0x00007ffbc1860000 - 0x00007ffbc1869000 	C:\WINDOWS\SYSTEM32\WSOCK32.dll
0x00007ffbd69c0000 - 0x00007ffbd69df000 	C:\WINDOWS\SYSTEM32\WINMM.dll
0x00007ffbd9ac0000 - 0x00007ffbd9ac7000 	C:\WINDOWS\system32\PSAPI.DLL
0x00007ffbd9e90000 - 0x00007ffbd9ee8000 	C:\WINDOWS\system32\WS2_32.dll
0x00007ffbd6980000 - 0x00007ffbd69aa000 	C:\WINDOWS\SYSTEM32\WINMMBASE.dll
0x00007ffbd93d0000 - 0x00007ffbd93d9000 	C:\WINDOWS\system32\NSI.dll
0x00007ffbd7d00000 - 0x00007ffbd7d26000 	C:\WINDOWS\SYSTEM32\DEVOBJ.dll
0x0000000050350000 - 0x000000005035f000 	C:\Program Files\Java\jdk1.8.0_31\jre\bin\verify.dll
0x0000000050320000 - 0x0000000050348000 	C:\Program Files\Java\jdk1.8.0_31\jre\bin\java.dll
0x0000000050300000 - 0x0000000050316000 	C:\Program Files\Java\jdk1.8.0_31\jre\bin\zip.dll
0x00007ffbd8770000 - 0x00007ffbd878e000 	C:\WINDOWS\SYSTEM32\CRYPTSP.dll
0x00007ffbd8650000 - 0x00007ffbd8685000 	C:\WINDOWS\system32\rsaenh.dll
0x00007ffbd89b0000 - 0x00007ffbd89d6000 	C:\WINDOWS\SYSTEM32\bcrypt.dll
0x00007ffbd8ce0000 - 0x00007ffbd8d40000 	C:\WINDOWS\system32\bcryptprimitives.dll
0x00007ffbd8d40000 - 0x00007ffbd8d4a000 	C:\WINDOWS\SYSTEM32\CRYPTBASE.dll
0x00000000502e0000 - 0x00000000502fa000 	C:\Program Files\Java\jdk1.8.0_31\jre\bin\net.dll
0x00007ffbd86d0000 - 0x00007ffbd8728000 	C:\WINDOWS\system32\mswsock.dll
0x00007ffbd1de0000 - 0x00007ffbd1e09000 	C:\WINDOWS\SYSTEM32\IPHLPAPI.DLL
0x00007ffbd1d60000 - 0x00007ffbd1d6a000 	C:\WINDOWS\SYSTEM32\WINNSI.DLL
0x00007ffbd1760000 - 0x00007ffbd1774000 	C:\WINDOWS\SYSTEM32\dhcpcsvc6.DLL
0x00007ffbd1bf0000 - 0x00007ffbd1c09000 	C:\WINDOWS\SYSTEM32\dhcpcsvc.DLL
0x00000000502c0000 - 0x00000000502d1000 	C:\Program Files\Java\jdk1.8.0_31\jre\bin\nio.dll
0x00007ffbc8ae0000 - 0x00007ffbc8af2000 	C:\Users\Slav\AppData\Local\Temp\native-platform876626299662111780dir\native-platform.dll
0x00007ffbd3970000 - 0x00007ffbd3af8000 	C:\WINDOWS\SYSTEM32\dbghelp.dll

VM Arguments:
jvm_args: -XX:MaxPermSize=256m -XX:+HeapDumpOnOutOfMemoryError -Xmx1024m -Dfile.encoding=windows-1251 -Duser.country=GB -Duser.language=en -Duser.variant 
java_command: org.gradle.launcher.daemon.bootstrap.GradleDaemon 2.2.1 C:\Users\Slav\.gradle\daemon 10800000 1a9b23cf-e429-4496-9815-1c7f548ee28f -XX:MaxPermSize=256m -XX:+HeapDumpOnOutOfMemoryError -Xmx1024m -Dfile.encoding=windows-1251 -Duser.country=GB -Duser.language=en -Duser.variant
java_class_path (initial): C:\Program Files\Android\Android Studio\gradle\gradle-2.2.1\lib\gradle-launcher-2.2.1.jar
Launcher Type: SUN_STANDARD

Environment Variables:
JAVA_HOME=C:\Program Files\Java\jdk1.8.0_31
PATH=C:\Program Files (x86)\NVIDIA Corporation\PhysX\Common;c:\python27\scripts;c:\program files (x86)\intel\icls client\;c:\program files\intel\icls client\;c:\program files\common files\microsoft shared\windows live;c:\windows\system32;c:\windows;c:\windows\system32\wbem;c:\windows\system32\windowspowershell\v1.0\;c:\program files\intel\intel(r) management engine components\dal;c:\program files\intel\intel(r) management engine components\ipt;c:\program files (x86)\intel\intel(r) management engine components\dal;c:\program files (x86)\intel\intel(r) management engine components\ipt;c:\program files (x86)\intel\opencl sdk\3.0\bin\x86;c:\program files (x86)\intel\opencl sdk\3.0\bin\x64;c:\program files\authentec truesuite\x86\;c:\program files (x86)\common files\avid;c:\program files\common files\avid;c:\program files\microsoft sql server\110\tools\binn\;c:\python27;c:\program files (x86)\gtksharp\2.12\bin;c:\program files (x86)\windows kits\8.1\windows performance toolkit\;c:\program files (x86)\microsoft sdks\typescript\1.0\;c:\program files\microsoft sql server\120\tools\binn\;c:\gtk3\bin;c:\program files (x86)\nodejs\;c:\program files\java\jre7\bin;c:\program files (x86)\java\jdk1.7.0_71\bin;c:\program files\oracle\virtualbox;C:\Program Files (x86)\Skype\Phone\;C:\Program Files (x86)\Java\jdk1.7.0_25\bin;C:\Program Files\Common Files\Microsoft Shared\Windows Live;C:\Users\Slav\AppData\Roaming\npm
USERNAME=Slav
OS=Windows_NT
PROCESSOR_IDENTIFIER=Intel64 Family 6 Model 58 Stepping 9, GenuineIntel



---------------  S Y S T E M  ---------------

OS: Windows 8.1 , 64 bit Build 9600 

CPU:total 8 (4 cores per cpu, 2 threads per core) family 6 model 58 stepping 9, cmov, cx8, fxsr, mmx, sse, sse2, sse3, ssse3, sse4.1, sse4.2, popcnt, avx, aes, clmul, erms, ht, tsc, tscinvbit, tscinv

Memory: 4k page, physical 8277456k(1814940k free), swap 12471760k(8396k free)

vm_info: Java HotSpot(TM) 64-Bit Server VM (25.31-b07) for windows-amd64 JRE (1.8.0_31-b13), built on Dec 17 2014 21:00:28 by "java_re" with MS VC++ 10.0 (VS2010)

time: Wed Jul 22 23:44:57 2015
elapsed time: 17 seconds (0d 0h 0m 17s)

