#
# There is insufficient memory for the Java Runtime Environment to continue.
# Native memory allocation (malloc) failed to allocate 733456 bytes for Chunk::new
# Possible reasons:
#   The system is out of physical RAM or swap space
#   In 32 bit mode, the process size limit was hit
# Possible solutions:
#   Reduce memory load on the system
#   Increase physical memory or swap space
#   Check if swap backing store is full
#   Use 64 bit Java on a 64 bit OS
#   Decrease Java heap size (-Xmx/-Xms)
#   Decrease number of Java threads
#   Decrease Java thread stack sizes (-Xss)
#   Set larger code cache with -XX:ReservedCodeCacheSize=
# This output file may be truncated or incomplete.
#
#  Out of Memory Error (allocation.cpp:390), pid=7960, tid=4436
#
# JRE version: Java(TM) SE Runtime Environment (8.0_31-b13) (build 1.8.0_31-b13)
# Java VM: Java HotSpot(TM) 64-Bit Server VM (25.31-b07 mixed mode windows-amd64 compressed oops)
# Failed to write core dump. Minidumps are not enabled by default on client versions of Windows
#

---------------  T H R E A D  ---------------

Current thread (0x00000000088d4000):  JavaThread "C2 CompilerThread2" daemon [_thread_in_native, id=4436, stack(0x0000000009060000,0x0000000009160000)]

Stack: [0x0000000009060000,0x0000000009160000]
Native frames: (J=compiled Java code, j=interpreted, Vv=VM code, C=native code)
V  [jvm.dll+0x3169ba]
V  [jvm.dll+0x2674c3]
V  [jvm.dll+0x268103]
V  [jvm.dll+0x25f8f5]
V  [jvm.dll+0xbf025]
V  [jvm.dll+0xbf4cc]
V  [jvm.dll+0x45df82]
V  [jvm.dll+0x49f21f]
V  [jvm.dll+0x452daf]
V  [jvm.dll+0x454124]
V  [jvm.dll+0x437c62]
V  [jvm.dll+0x988e2]
V  [jvm.dll+0x990d3]
V  [jvm.dll+0x22c194]
V  [jvm.dll+0x28576a]
C  [msvcr100.dll+0x21d9f]
C  [msvcr100.dll+0x21e3b]
C  [KERNEL32.DLL+0x16ad]
C  [ntdll.dll+0x6eb64]


Current CompileTask:
C2:   4333 1584       4       com.android.dx.cf.code.ValueAwareMachine::run (1142 bytes)


---------------  P R O C E S S  ---------------

Java Threads: ( => current thread )
  0x00000000088ed000 JavaThread "Service Thread" daemon [_thread_blocked, id=6984, stack(0x0000000009260000,0x0000000009360000)]
  0x00000000088e3000 JavaThread "C1 CompilerThread3" daemon [_thread_blocked, id=2004, stack(0x0000000009160000,0x0000000009260000)]
=>0x00000000088d4000 JavaThread "C2 CompilerThread2" daemon [_thread_in_native, id=4436, stack(0x0000000009060000,0x0000000009160000)]
  0x000000000888c000 JavaThread "C2 CompilerThread1" daemon [_thread_in_native, id=9416, stack(0x0000000008f60000,0x0000000009060000)]
  0x0000000008888000 JavaThread "C2 CompilerThread0" daemon [_thread_in_native, id=5888, stack(0x0000000008e60000,0x0000000008f60000)]
  0x0000000008885800 JavaThread "Attach Listener" daemon [_thread_blocked, id=4856, stack(0x0000000008d60000,0x0000000008e60000)]
  0x0000000008884800 JavaThread "Signal Dispatcher" daemon [_thread_blocked, id=10880, stack(0x0000000008c60000,0x0000000008d60000)]
  0x0000000002d43000 JavaThread "Finalizer" daemon [_thread_blocked, id=8136, stack(0x0000000008760000,0x0000000008860000)]
  0x0000000002d42000 JavaThread "Reference Handler" daemon [_thread_blocked, id=12044, stack(0x0000000008660000,0x0000000008760000)]
  0x0000000002c4d800 JavaThread "main" [_thread_in_Java, id=1244, stack(0x0000000002b10000,0x0000000002c10000)]

Other Threads:
  0x0000000006868800 VMThread [stack: 0x0000000008560000,0x0000000008660000] [id=6760]
  0x00000000088ee000 WatcherThread [stack: 0x0000000009360000,0x0000000009460000] [id=11044]

VM state:not at safepoint (normal execution)

VM Mutex/Monitor currently owned by a thread: None

Heap:
 PSYoungGen      total 67072K, used 36708K [0x00000000eab00000, 0x00000000ef800000, 0x0000000100000000)
  eden space 61952K, 51% used [0x00000000eab00000,0x00000000ec9dbb48,0x00000000ee780000)
  from space 5120K, 99% used [0x00000000ee780000,0x00000000eec7d6f0,0x00000000eec80000)
  to   space 5120K, 0% used [0x00000000ef300000,0x00000000ef300000,0x00000000ef800000)
 ParOldGen       total 79872K, used 4894K [0x00000000c0000000, 0x00000000c4e00000, 0x00000000eab00000)
  object space 79872K, 6% used [0x00000000c0000000,0x00000000c04c7b78,0x00000000c4e00000)
 Metaspace       used 5813K, capacity 7024K, committed 7296K, reserved 1060864K
  class space    used 549K, capacity 616K, committed 640K, reserved 1048576K

Card table byte_map: [0x0000000003110000,0x0000000003320000] byte_map_base: 0x0000000002b10000

Marking Bits: (ParMarkBitMap*) 0x000000005dced4f0
 Begin Bits: [0x0000000003c80000, 0x0000000004c80000)
 End Bits:   [0x0000000004c80000, 0x0000000005c80000)

Polling page: 0x0000000000de0000

CodeCache: size=245760Kb used=6786Kb max_used=6786Kb free=238973Kb
 bounds [0x000000000f010000, 0x000000000f6c0000, 0x000000001e010000]
 total_blobs=1865 nmethods=1605 adapters=174
 compilation: enabled

Compilation events (10 events):
Event: 4.283 Thread 0x00000000088e3000 1619       3       com.android.dx.dex.file.ValueEncoder::addContents (75 bytes)
Event: 4.286 Thread 0x00000000088e3000 nmethod 1619 0x000000000f6af0d0 code [0x000000000f6af380, 0x000000000f6b09b8]
Event: 4.286 Thread 0x00000000088e3000 1620       3       com.android.dx.rop.cst.CstInterfaceMethodRef::<init> (12 bytes)
Event: 4.287 Thread 0x00000000088e3000 nmethod 1620 0x000000000f6b1590 code [0x000000000f6b1720, 0x000000000f6b1b58]
Event: 4.287 Thread 0x00000000088e3000 1621       3       com.android.dx.rop.code.Rops::opPutField (97 bytes)
Event: 4.288 Thread 0x00000000088e3000 nmethod 1621 0x000000000f6b1cd0 code [0x000000000f6b1f00, 0x000000000f6b2b38]
Event: 4.288 Thread 0x00000000088e3000 1622       3       com.android.dx.dex.file.AnnotationSetItem::<init> (83 bytes)
Event: 4.291 Thread 0x00000000088e3000 nmethod 1622 0x000000000f6b3090 code [0x000000000f6b3340, 0x000000000f6b4788]
Event: 4.291 Thread 0x00000000088e3000 1623   !   3       com.android.dx.dex.file.AnnotationSetItem::writeSize (20 bytes)
Event: 4.291 Thread 0x00000000088e3000 nmethod 1623 0x000000000f6b5310 code [0x000000000f6b5480, 0x000000000f6b5788]

GC Heap History (10 events):
Event: 0.409 GC heap before
{Heap before GC invocations=1 (full 0):
 PSYoungGen      total 38400K, used 3336K [0x00000000eab00000, 0x00000000ed580000, 0x0000000100000000)
  eden space 33280K, 10% used [0x00000000eab00000,0x00000000eae42320,0x00000000ecb80000)
  from space 5120K, 0% used [0x00000000ed080000,0x00000000ed080000,0x00000000ed580000)
  to   space 5120K, 0% used [0x00000000ecb80000,0x00000000ecb80000,0x00000000ed080000)
 ParOldGen       total 87552K, used 0K [0x00000000c0000000, 0x00000000c5580000, 0x00000000eab00000)
  object space 87552K, 0% used [0x00000000c0000000,0x00000000c0000000,0x00000000c5580000)
 Metaspace       used 3195K, capacity 4720K, committed 4864K, reserved 1060864K
  class space    used 346K, capacity 424K, committed 512K, reserved 1048576K
Event: 0.486 GC heap after
Heap after GC invocations=1 (full 0):
 PSYoungGen      total 38400K, used 1028K [0x00000000eab00000, 0x00000000ef600000, 0x0000000100000000)
  eden space 33280K, 0% used [0x00000000eab00000,0x00000000eab00000,0x00000000ecb80000)
  from space 5120K, 20% used [0x00000000ecb80000,0x00000000ecc813e8,0x00000000ed080000)
  to   space 5120K, 0% used [0x00000000ef100000,0x00000000ef100000,0x00000000ef600000)
 ParOldGen       total 87552K, used 8K [0x00000000c0000000, 0x00000000c5580000, 0x00000000eab00000)
  object space 87552K, 0% used [0x00000000c0000000,0x00000000c0002000,0x00000000c5580000)
 Metaspace       used 3195K, capacity 4720K, committed 4864K, reserved 1060864K
  class space    used 346K, capacity 424K, committed 512K, reserved 1048576K
}
Event: 0.486 GC heap before
{Heap before GC invocations=2 (full 1):
 PSYoungGen      total 38400K, used 1028K [0x00000000eab00000, 0x00000000ef600000, 0x0000000100000000)
  eden space 33280K, 0% used [0x00000000eab00000,0x00000000eab00000,0x00000000ecb80000)
  from space 5120K, 20% used [0x00000000ecb80000,0x00000000ecc813e8,0x00000000ed080000)
  to   space 5120K, 0% used [0x00000000ef100000,0x00000000ef100000,0x00000000ef600000)
 ParOldGen       total 87552K, used 8K [0x00000000c0000000, 0x00000000c5580000, 0x00000000eab00000)
  object space 87552K, 0% used [0x00000000c0000000,0x00000000c0002000,0x00000000c5580000)
 Metaspace       used 3195K, capacity 4720K, committed 4864K, reserved 1060864K
  class space    used 346K, capacity 424K, committed 512K, reserved 1048576K
Event: 0.564 GC heap after
Heap after GC invocations=2 (full 1):
 PSYoungGen      total 38400K, used 0K [0x00000000eab00000, 0x00000000ef600000, 0x0000000100000000)
  eden space 33280K, 0% used [0x00000000eab00000,0x00000000eab00000,0x00000000ecb80000)
  from space 5120K, 0% used [0x00000000ecb80000,0x00000000ecb80000,0x00000000ed080000)
  to   space 5120K, 0% used [0x00000000ef100000,0x00000000ef100000,0x00000000ef600000)
 ParOldGen       total 50176K, used 878K [0x00000000c0000000, 0x00000000c3100000, 0x00000000eab00000)
  object space 50176K, 1% used [0x00000000c0000000,0x00000000c00db850,0x00000000c3100000)
 Metaspace       used 3195K, capacity 4720K, committed 4864K, reserved 1058816K
  class space    used 346K, capacity 424K, committed 512K, reserved 1048576K
}
Event: 0.731 GC heap before
{Heap before GC invocations=3 (full 1):
 PSYoungGen      total 38400K, used 1996K [0x00000000eab00000, 0x00000000ef600000, 0x0000000100000000)
  eden space 33280K, 6% used [0x00000000eab00000,0x00000000eacf33a8,0x00000000ecb80000)
  from space 5120K, 0% used [0x00000000ecb80000,0x00000000ecb80000,0x00000000ed080000)
  to   space 5120K, 0% used [0x00000000ef100000,0x00000000ef100000,0x00000000ef600000)
 ParOldGen       total 50176K, used 878K [0x00000000c0000000, 0x00000000c3100000, 0x00000000eab00000)
  object space 50176K, 1% used [0x00000000c0000000,0x00000000c00db850,0x00000000c3100000)
 Metaspace       used 3561K, capacity 5040K, committed 5120K, reserved 1062912K
  class space    used 393K, capacity 488K, committed 512K, reserved 1048576K
Event: 0.777 GC heap after
Heap after GC invocations=3 (full 1):
 PSYoungGen      total 51712K, used 416K [0x00000000eab00000, 0x00000000ef180000, 0x0000000100000000)
  eden space 51200K, 0% used [0x00000000eab00000,0x00000000eab00000,0x00000000edd00000)
  from space 512K, 81% used [0x00000000ef100000,0x00000000ef168000,0x00000000ef180000)
  to   space 5120K, 0% used [0x00000000ee780000,0x00000000ee780000,0x00000000eec80000)
 ParOldGen       total 50176K, used 886K [0x00000000c0000000, 0x00000000c3100000, 0x00000000eab00000)
  object space 50176K, 1% used [0x00000000c0000000,0x00000000c00dd850,0x00000000c3100000)
 Metaspace       used 3561K, capacity 5040K, committed 5120K, reserved 1062912K
  class space    used 393K, capacity 488K, committed 512K, reserved 1048576K
}
Event: 0.777 GC heap before
{Heap before GC invocations=4 (full 2):
 PSYoungGen      total 51712K, used 416K [0x00000000eab00000, 0x00000000ef180000, 0x0000000100000000)
  eden space 51200K, 0% used [0x00000000eab00000,0x00000000eab00000,0x00000000edd00000)
  from space 512K, 81% used [0x00000000ef100000,0x00000000ef168000,0x00000000ef180000)
  to   space 5120K, 0% used [0x00000000ee780000,0x00000000ee780000,0x00000000eec80000)
 ParOldGen       total 50176K, used 886K [0x00000000c0000000, 0x00000000c3100000, 0x00000000eab00000)
  object space 50176K, 1% used [0x00000000c0000000,0x00000000c00dd850,0x00000000c3100000)
 Metaspace       used 3561K, capacity 5040K, committed 5120K, reserved 1062912K
  class space    used 393K, capacity 488K, committed 512K, reserved 1048576K
Event: 0.892 GC heap after
Heap after GC invocations=4 (full 2):
 PSYoungGen      total 51712K, used 0K [0x00000000eab00000, 0x00000000ef180000, 0x0000000100000000)
  eden space 51200K, 0% used [0x00000000eab00000,0x00000000eab00000,0x00000000edd00000)
  from space 512K, 0% used [0x00000000ef100000,0x00000000ef100000,0x00000000ef180000)
  to   space 5120K, 0% used [0x00000000ee780000,0x00000000ee780000,0x00000000eec80000)
 ParOldGen       total 79872K, used 977K [0x00000000c0000000, 0x00000000c4e00000, 0x00000000eab00000)
  object space 79872K, 1% used [0x00000000c0000000,0x00000000c00f4570,0x00000000c4e00000)
 Metaspace       used 3561K, capacity 5040K, committed 5120K, reserved 1060864K
  class space    used 393K, capacity 488K, committed 512K, reserved 1048576K
}
Event: 3.180 GC heap before
{Heap before GC invocations=5 (full 2):
 PSYoungGen      total 51712K, used 51200K [0x00000000eab00000, 0x00000000ef180000, 0x0000000100000000)
  eden space 51200K, 100% used [0x00000000eab00000,0x00000000edd00000,0x00000000edd00000)
  from space 512K, 0% used [0x00000000ef100000,0x00000000ef100000,0x00000000ef180000)
  to   space 5120K, 0% used [0x00000000ee780000,0x00000000ee780000,0x00000000eec80000)
 ParOldGen       total 79872K, used 977K [0x00000000c0000000, 0x00000000c4e00000, 0x00000000eab00000)
  object space 79872K, 1% used [0x00000000c0000000,0x00000000c00f4570,0x00000000c4e00000)
 Metaspace       used 5725K, capacity 6960K, committed 7040K, reserved 1060864K
  class space    used 548K, capacity 616K, committed 640K, reserved 1048576K
Event: 3.308 GC heap after
Heap after GC invocations=5 (full 2):
 PSYoungGen      total 67072K, used 5109K [0x00000000eab00000, 0x00000000ef800000, 0x0000000100000000)
  eden space 61952K, 0% used [0x00000000eab00000,0x00000000eab00000,0x00000000ee780000)
  from space 5120K, 99% used [0x00000000ee780000,0x00000000eec7d6f0,0x00000000eec80000)
  to   space 5120K, 0% used [0x00000000ef300000,0x00000000ef300000,0x00000000ef800000)
 ParOldGen       total 79872K, used 4894K [0x00000000c0000000, 0x00000000c4e00000, 0x00000000eab00000)
  object space 79872K, 6% used [0x00000000c0000000,0x00000000c04c7b78,0x00000000c4e00000)
 Metaspace       used 5725K, capacity 6960K, committed 7040K, reserved 1060864K
  class space    used 548K, capacity 616K, committed 640K, reserved 1048576K
}

Deoptimization events (10 events):
Event: 2.270 Thread 0x0000000002c4d800 Uncommon trap: reason=class_check action=maybe_recompile pc=0x000000000f48d2bc method=java.util.HashMap.putVal(ILjava/lang/Object;Ljava/lang/Object;ZZ)Ljava/lang/Object; @ 203
Event: 2.270 Thread 0x0000000002c4d800 Uncommon trap: reason=bimorphic action=maybe_recompile pc=0x000000000f2d7794 method=java.util.HashMap.getNode(ILjava/lang/Object;)Ljava/util/HashMap$Node; @ 126
Event: 2.271 Thread 0x0000000002c4d800 Uncommon trap: reason=class_check action=maybe_recompile pc=0x000000000f48d2bc method=java.util.HashMap.putVal(ILjava/lang/Object;Ljava/lang/Object;ZZ)Ljava/lang/Object; @ 203
Event: 2.271 Thread 0x0000000002c4d800 Uncommon trap: reason=bimorphic action=maybe_recompile pc=0x000000000f2d7794 method=java.util.HashMap.getNode(ILjava/lang/Object;)Ljava/util/HashMap$Node; @ 126
Event: 2.271 Thread 0x0000000002c4d800 Uncommon trap: reason=bimorphic action=maybe_recompile pc=0x000000000f2d7794 method=java.util.HashMap.getNode(ILjava/lang/Object;)Ljava/util/HashMap$Node; @ 126
Event: 2.271 Thread 0x0000000002c4d800 Uncommon trap: reason=bimorphic action=maybe_recompile pc=0x000000000f226e50 method=java.util.HashMap.getNode(ILjava/lang/Object;)Ljava/util/HashMap$Node; @ 126
Event: 2.829 Thread 0x0000000002c4d800 Uncommon trap: reason=bimorphic action=maybe_recompile pc=0x000000000f541f90 method=com.android.dx.cf.code.BytecodeArray.parseInstruction(ILcom/android/dx/cf/code/BytecodeArray$Visitor;)I @ 2281
Event: 2.829 Thread 0x0000000002c4d800 Uncommon trap: reason=bimorphic action=maybe_recompile pc=0x000000000f541f90 method=com.android.dx.cf.code.BytecodeArray.parseInstruction(ILcom/android/dx/cf/code/BytecodeArray$Visitor;)I @ 2281
Event: 3.554 Thread 0x0000000002c4d800 Uncommon trap: reason=bimorphic action=maybe_recompile pc=0x000000000f5b9408 method=com.android.dx.ssa.SCCP.setLatticeValueTo(IILcom/android/dx/rop/cst/Constant;)Z @ 43
Event: 4.254 Thread 0x0000000002c4d800 Uncommon trap: reason=bimorphic action=maybe_recompile pc=0x000000000f5b9408 method=com.android.dx.ssa.SCCP.setLatticeValueTo(IILcom/android/dx/rop/cst/Constant;)Z @ 43

Internal exceptions (10 events):
Event: 1.232 Thread 0x0000000002c4d800 Exception <a 'java/security/PrivilegedActionException'> (0x00000000eb0b0640) thrown at [C:\workspace\8-2-build-windows-amd64-cygwin\jdk8u31\2394\hotspot\src\share\vm\prims\jvm.cpp, line 1312]
Event: 1.239 Thread 0x0000000002c4d800 Exception <a 'java/security/PrivilegedActionException'> (0x00000000eb0c4c30) thrown at [C:\workspace\8-2-build-windows-amd64-cygwin\jdk8u31\2394\hotspot\src\share\vm\prims\jvm.cpp, line 1312]
Event: 1.246 Thread 0x0000000002c4d800 Exception <a 'java/security/PrivilegedActionException'> (0x00000000eb0d3b08) thrown at [C:\workspace\8-2-build-windows-amd64-cygwin\jdk8u31\2394\hotspot\src\share\vm\prims\jvm.cpp, line 1312]
Event: 1.584 Thread 0x0000000002c4d800 Exception <a 'java/security/PrivilegedActionException'> (0x00000000eb4775a8) thrown at [C:\workspace\8-2-build-windows-amd64-cygwin\jdk8u31\2394\hotspot\src\share\vm\prims\jvm.cpp, line 1312]
Event: 2.005 Thread 0x0000000002c4d800 Implicit null exception at 0x000000000f3ec5a2 to 0x000000000f3ec692
Event: 2.254 Thread 0x0000000002c4d800 Exception <a 'java/security/PrivilegedActionException'> (0x00000000ec066648) thrown at [C:\workspace\8-2-build-windows-amd64-cygwin\jdk8u31\2394\hotspot\src\share\vm\prims\jvm.cpp, line 1312]
Event: 2.296 Thread 0x0000000002c4d800 Exception <a 'java/security/PrivilegedActionException'> (0x00000000ec1bde98) thrown at [C:\workspace\8-2-build-windows-amd64-cygwin\jdk8u31\2394\hotspot\src\share\vm\prims\jvm.cpp, line 1312]
Event: 2.552 Thread 0x0000000002c4d800 Exception <a 'java/security/PrivilegedActionException'> (0x00000000ecbdbb58) thrown at [C:\workspace\8-2-build-windows-amd64-cygwin\jdk8u31\2394\hotspot\src\share\vm\prims\jvm.cpp, line 1312]
Event: 2.592 Thread 0x0000000002c4d800 Exception <a 'java/security/PrivilegedActionException'> (0x00000000ecd52918) thrown at [C:\workspace\8-2-build-windows-amd64-cygwin\jdk8u31\2394\hotspot\src\share\vm\prims\jvm.cpp, line 1312]
Event: 3.417 Thread 0x0000000002c4d800 Exception <a 'java/security/PrivilegedActionException'> (0x00000000eaf5c608) thrown at [C:\workspace\8-2-build-windows-amd64-cygwin\jdk8u31\2394\hotspot\src\share\vm\prims\jvm.cpp, line 1312]

Events (10 events):
Event: 3.554 Thread 0x0000000002c4d800 DEOPT UNPACKING pc=0x000000000f05556a sp=0x0000000002c0e5f8 mode 2
Event: 3.854 Thread 0x0000000002c4d800 DEOPT PACKING pc=0x000000000f3a73ac sp=0x0000000002c0e670
Event: 3.854 Thread 0x0000000002c4d800 DEOPT UNPACKING pc=0x000000000f0575bf sp=0x0000000002c0e400 mode 0
Event: 4.254 Thread 0x0000000002c4d800 Uncommon trap: trap_request=0xffffffc6 fr.pc=0x000000000f5b9408
Event: 4.254 Thread 0x0000000002c4d800 DEOPT PACKING pc=0x000000000f5b9408 sp=0x0000000002c0e540
Event: 4.254 Thread 0x0000000002c4d800 DEOPT UNPACKING pc=0x000000000f05556a sp=0x0000000002c0e498 mode 2
Event: 4.265 Executing VM operation: EnableBiasedLocking
Event: 4.267 Executing VM operation: EnableBiasedLocking done
Event: 4.276 Thread 0x0000000002c4d800 DEOPT PACKING pc=0x000000000f3a73ac sp=0x0000000002c0e670
Event: 4.276 Thread 0x0000000002c4d800 DEOPT UNPACKING pc=0x000000000f0575bf sp=0x0000000002c0e400 mode 0


Dynamic libraries:
0x00007ff619580000 - 0x00007ff6195b4000 	C:\Program Files\Java\jdk1.8.0_31\bin\java.exe
0x00007ff8f8560000 - 0x00007ff8f870c000 	C:\WINDOWS\SYSTEM32\ntdll.dll
0x00007ff8f8420000 - 0x00007ff8f855a000 	C:\WINDOWS\system32\KERNEL32.DLL
0x00007ff8f5b60000 - 0x00007ff8f5c6f000 	C:\WINDOWS\system32\KERNELBASE.dll
0x00007ff8f3a50000 - 0x00007ff8f3ad8000 	C:\WINDOWS\system32\apphelp.dll
0x00007ff8e8900000 - 0x00007ff8e894f000 	C:\WINDOWS\AppPatch\AppPatch64\AcGenral.DLL
0x00007ff8f6940000 - 0x00007ff8f69e7000 	C:\WINDOWS\system32\msvcrt.dll
0x00007ff8f56a0000 - 0x00007ff8f56cb000 	C:\WINDOWS\SYSTEM32\SspiCli.dll
0x00007ff8f5e00000 - 0x00007ff8f5e51000 	C:\WINDOWS\system32\SHLWAPI.dll
0x00007ff8f5fa0000 - 0x00007ff8f6111000 	C:\WINDOWS\system32\USER32.dll
0x00007ff8f6760000 - 0x00007ff8f68d8000 	C:\WINDOWS\system32\ole32.dll
0x00007ff8f6aa0000 - 0x00007ff8f7eaf000 	C:\WINDOWS\system32\SHELL32.dll
0x00007ff8f4aa0000 - 0x00007ff8f4abe000 	C:\WINDOWS\SYSTEM32\USERENV.dll
0x00007ff8f66b0000 - 0x00007ff8f6755000 	C:\WINDOWS\system32\ADVAPI32.dll
0x00007ff8e06d0000 - 0x00007ff8e06eb000 	C:\WINDOWS\SYSTEM32\MPR.dll
0x00007ff8f5e60000 - 0x00007ff8f5f97000 	C:\WINDOWS\system32\RPCRT4.dll
0x00007ff8f68e0000 - 0x00007ff8f6937000 	C:\WINDOWS\SYSTEM32\sechost.dll
0x00007ff8f6120000 - 0x00007ff8f62f6000 	C:\WINDOWS\SYSTEM32\combase.dll
0x00007ff8f7eb0000 - 0x00007ff8f7ff4000 	C:\WINDOWS\system32\GDI32.dll
0x00007ff8f58b0000 - 0x00007ff8f58c4000 	C:\WINDOWS\SYSTEM32\profapi.dll
0x00007ff8f4ca0000 - 0x00007ff8f4d3f000 	C:\WINDOWS\SYSTEM32\SHCORE.dll
0x00007ff8f6a50000 - 0x00007ff8f6a84000 	C:\WINDOWS\system32\IMM32.DLL
0x00007ff8f82e0000 - 0x00007ff8f8419000 	C:\WINDOWS\system32\MSCTF.dll
0x00007ff8f5860000 - 0x00007ff8f5892000 	C:\Windows\system32\nvinitx.dll
0x00007ff8f5850000 - 0x00007ff8f585a000 	C:\WINDOWS\SYSTEM32\VERSION.dll
0x000000000f000000 - 0x000000000f006000 	C:\Program Files\NVIDIA Corporation\CoProcManager\_etoured.dll
0x00007ff8f3750000 - 0x00007ff8f3782000 	C:\Program Files\NVIDIA Corporation\CoProcManager\nvd3d9wrapx.dll
0x00007ff8f80a0000 - 0x00007ff8f8274000 	C:\WINDOWS\system32\SETUPAPI.dll
0x00007ff8f5d70000 - 0x00007ff8f5dba000 	C:\WINDOWS\system32\CFGMGR32.dll
0x00007ff8f3720000 - 0x00007ff8f3742000 	C:\Program Files\NVIDIA Corporation\CoProcManager\nvdxgiwrapx.dll
0x00007ff8f5320000 - 0x00007ff8f557a000 	C:\WINDOWS\WinSxS\amd64_microsoft.windows.common-controls_6595b64144ccf1df_6.0.9600.17031_none_6242a4b3ecbb55a1\COMCTL32.dll
0x000000005d1a0000 - 0x000000005d272000 	C:\Program Files\Java\jdk1.8.0_31\jre\bin\msvcr100.dll
0x000000005d510000 - 0x000000005dd6a000 	C:\Program Files\Java\jdk1.8.0_31\jre\bin\server\jvm.dll
0x00007ff8e9200000 - 0x00007ff8e9209000 	C:\WINDOWS\SYSTEM32\WSOCK32.dll
0x00007ff8f1850000 - 0x00007ff8f186f000 	C:\WINDOWS\SYSTEM32\WINMM.dll
0x00007ff8f6310000 - 0x00007ff8f6317000 	C:\WINDOWS\system32\PSAPI.DLL
0x00007ff8f8280000 - 0x00007ff8f82d8000 	C:\WINDOWS\system32\WS2_32.dll
0x00007ff8f1810000 - 0x00007ff8f183a000 	C:\WINDOWS\SYSTEM32\WINMMBASE.dll
0x00007ff8f6a90000 - 0x00007ff8f6a99000 	C:\WINDOWS\system32\NSI.dll
0x00007ff8f3cb0000 - 0x00007ff8f3cd6000 	C:\WINDOWS\SYSTEM32\DEVOBJ.dll
0x000000005f3d0000 - 0x000000005f3df000 	C:\Program Files\Java\jdk1.8.0_31\jre\bin\verify.dll
0x000000005f3a0000 - 0x000000005f3c8000 	C:\Program Files\Java\jdk1.8.0_31\jre\bin\java.dll
0x000000005f380000 - 0x000000005f396000 	C:\Program Files\Java\jdk1.8.0_31\jre\bin\zip.dll
0x00007ff8f40e0000 - 0x00007ff8f4268000 	C:\WINDOWS\SYSTEM32\dbghelp.dll

VM Arguments:
jvm_args: -Xmx1024M -Dfile.encoding=windows-1251 -Duser.country=GB -Duser.language=en -Duser.variant 
java_command: com.android.dx.command.Main --dex --output C:\Users\Slav\AndroidStudioProjects\Peek\app\build\intermediates\pre-dexed\debug\classes-2102b14094f80441529392aa6bcf831888db4ff5.jar C:\Users\Slav\AndroidStudioProjects\Peek\app\build\intermediates\exploded-aar\com.google.android.gms\play-services-analytics\7.3.0\jars\classes.jar
java_class_path (initial): C:\Users\Slav\AppData\Local\Android\android-sdk\build-tools\22.0.1\lib\dx.jar
Launcher Type: SUN_STANDARD

Environment Variables:
JAVA_HOME=C:\Program Files\Java\jdk1.8.0_31
PATH=C:\Program Files (x86)\NVIDIA Corporation\PhysX\Common;c:\python27\scripts;c:\program files (x86)\intel\icls client\;c:\program files\intel\icls client\;c:\program files\common files\microsoft shared\windows live;c:\windows\system32;c:\windows;c:\windows\system32\wbem;c:\windows\system32\windowspowershell\v1.0\;c:\program files\intel\intel(r) management engine components\dal;c:\program files\intel\intel(r) management engine components\ipt;c:\program files (x86)\intel\intel(r) management engine components\dal;c:\program files (x86)\intel\intel(r) management engine components\ipt;c:\program files (x86)\intel\opencl sdk\3.0\bin\x86;c:\program files (x86)\intel\opencl sdk\3.0\bin\x64;c:\program files\authentec truesuite\x86\;c:\program files (x86)\common files\avid;c:\program files\common files\avid;c:\program files\microsoft sql server\110\tools\binn\;c:\python27;c:\program files (x86)\gtksharp\2.12\bin;c:\program files (x86)\windows kits\8.1\windows performance toolkit\;c:\program files (x86)\microsoft sdks\typescript\1.0\;c:\program files\microsoft sql server\120\tools\binn\;c:\gtk3\bin;c:\program files (x86)\nodejs\;c:\program files\java\jre7\bin;c:\program files (x86)\java\jdk1.7.0_71\bin;c:\program files\oracle\virtualbox;C:\Program Files (x86)\Skype\Phone\;C:\Program Files (x86)\Java\jdk1.7.0_25\bin;C:\Program Files\Common Files\Microsoft Shared\Windows Live;C:\Users\Slav\AppData\Roaming\npm
USERNAME=Slav
OS=Windows_NT
PROCESSOR_IDENTIFIER=Intel64 Family 6 Model 58 Stepping 9, GenuineIntel



---------------  S Y S T E M  ---------------

OS: Windows 8.1 , 64 bit Build 9600 

CPU:total 8 (4 cores per cpu, 2 threads per core) family 6 model 58 stepping 9, cmov, cx8, fxsr, mmx, sse, sse2, sse3, ssse3, sse4.1, sse4.2, popcnt, avx, aes, clmul, erms, ht, tsc, tscinvbit, tscinv

Memory: 4k page, physical 8277456k(1268212k free), swap 18057516k(5108k free)

vm_info: Java HotSpot(TM) 64-Bit Server VM (25.31-b07) for windows-amd64 JRE (1.8.0_31-b13), built on Dec 17 2014 21:00:28 by "java_re" with MS VC++ 10.0 (VS2010)

time: Tue Jun 02 13:40:14 2015
elapsed time: 4 seconds (0d 0h 0m 4s)

