#
# There is insufficient memory for the Java Runtime Environment to continue.
# Native memory allocation (malloc) failed to allocate 549744 bytes for Chunk::new
# Possible reasons:
#   The system is out of physical RAM or swap space
#   In 32 bit mode, the process size limit was hit
# Possible solutions:
#   Reduce memory load on the system
#   Increase physical memory or swap space
#   Check if swap backing store is full
#   Use 64 bit Java on a 64 bit OS
#   Decrease Java heap size (-Xmx/-Xms)
#   Decrease number of Java threads
#   Decrease Java thread stack sizes (-Xss)
#   Set larger code cache with -XX:ReservedCodeCacheSize=
# This output file may be truncated or incomplete.
#
#  Out of Memory Error (allocation.cpp:390), pid=7024, tid=6976
#
# JRE version: Java(TM) SE Runtime Environment (8.0_31-b13) (build 1.8.0_31-b13)
# Java VM: Java HotSpot(TM) 64-Bit Server VM (25.31-b07 mixed mode windows-amd64 compressed oops)
# Failed to write core dump. Minidumps are not enabled by default on client versions of Windows
#

---------------  T H R E A D  ---------------

Current thread (0x0000000007eb0000):  JavaThread "C2 CompilerThread2" daemon [_thread_in_native, id=6976, stack(0x0000000008630000,0x0000000008730000)]

Stack: [0x0000000008630000,0x0000000008730000]
Native frames: (J=compiled Java code, j=interpreted, Vv=VM code, C=native code)
V  [jvm.dll+0x3169ba]
V  [jvm.dll+0x2674c3]
V  [jvm.dll+0x268103]
V  [jvm.dll+0x25f8f5]
V  [jvm.dll+0xbf025]
V  [jvm.dll+0xbf4cc]
V  [jvm.dll+0x44b7f2]
V  [jvm.dll+0x4bedb0]
V  [jvm.dll+0x4c1a00]
V  [jvm.dll+0x4519e1]
V  [jvm.dll+0x4541b8]
V  [jvm.dll+0x437c62]
V  [jvm.dll+0x988e2]
V  [jvm.dll+0x990d3]
V  [jvm.dll+0x22c194]
V  [jvm.dll+0x28576a]
C  [msvcr100.dll+0x21d9f]
C  [msvcr100.dll+0x21e3b]
C  [KERNEL32.DLL+0x16ad]
C  [ntdll.dll+0x6eb64]


Current CompileTask:
C2:  10524 1483       4       com.android.dx.ssa.SCCP::simulatePhiBlock (50 bytes)


---------------  P R O C E S S  ---------------

Java Threads: ( => current thread )
  0x0000000007ebd000 JavaThread "Service Thread" daemon [_thread_blocked, id=12472, stack(0x0000000008830000,0x0000000008930000)]
  0x0000000007eb3000 JavaThread "C1 CompilerThread3" daemon [_thread_blocked, id=5740, stack(0x0000000008730000,0x0000000008830000)]
=>0x0000000007eb0000 JavaThread "C2 CompilerThread2" daemon [_thread_in_native, id=6976, stack(0x0000000008630000,0x0000000008730000)]
  0x0000000007ea9000 JavaThread "C2 CompilerThread1" daemon [_thread_in_native, id=4940, stack(0x0000000008530000,0x0000000008630000)]
  0x0000000007e58000 JavaThread "C2 CompilerThread0" daemon [_thread_in_native, id=10536, stack(0x0000000008430000,0x0000000008530000)]
  0x0000000007e55800 JavaThread "Attach Listener" daemon [_thread_blocked, id=8312, stack(0x0000000008330000,0x0000000008430000)]
  0x0000000007e54800 JavaThread "Signal Dispatcher" daemon [_thread_blocked, id=13152, stack(0x0000000008230000,0x0000000008330000)]
  0x0000000002348800 JavaThread "Finalizer" daemon [_thread_blocked, id=6928, stack(0x0000000007d30000,0x0000000007e30000)]
  0x0000000002342000 JavaThread "Reference Handler" daemon [_thread_blocked, id=11428, stack(0x0000000007c30000,0x0000000007d30000)]
  0x000000000207d800 JavaThread "main" [_thread_in_Java, id=8708, stack(0x0000000002150000,0x0000000002250000)]

Other Threads:
  0x0000000005e68800 VMThread [stack: 0x0000000007b30000,0x0000000007c30000] [id=740]
  0x0000000007ebe000 WatcherThread [stack: 0x0000000008930000,0x0000000008a30000] [id=11068]

VM state:not at safepoint (normal execution)

VM Mutex/Monitor currently owned by a thread: None

Heap:
 PSYoungGen      total 38400K, used 24704K [0x00000000eab00000, 0x00000000ef600000, 0x0000000100000000)
  eden space 33280K, 58% used [0x00000000eab00000,0x00000000ebe26228,0x00000000ecb80000)
  from space 5120K, 99% used [0x00000000ecb80000,0x00000000ed079e40,0x00000000ed080000)
  to   space 5120K, 0% used [0x00000000ef100000,0x00000000ef100000,0x00000000ef600000)
 ParOldGen       total 87552K, used 1945K [0x00000000c0000000, 0x00000000c5580000, 0x00000000eab00000)
  object space 87552K, 2% used [0x00000000c0000000,0x00000000c01e6410,0x00000000c5580000)
 Metaspace       used 5755K, capacity 6960K, committed 7040K, reserved 1056768K
  class space    used 550K, capacity 616K, committed 640K, reserved 1048576K

Card table byte_map: [0x0000000002710000,0x0000000002920000] byte_map_base: 0x0000000002110000

Marking Bits: (ParMarkBitMap*) 0x000000005dced4f0
 Begin Bits: [0x0000000003280000, 0x0000000004280000)
 End Bits:   [0x0000000004280000, 0x0000000005280000)

Polling page: 0x0000000000360000

CodeCache: size=245760Kb used=6402Kb max_used=6402Kb free=239357Kb
 bounds [0x000000000f010000, 0x000000000f660000, 0x000000001e010000]
 total_blobs=1758 nmethods=1498 adapters=174
 compilation: enabled

Compilation events (10 events):
Event: 10.292 Thread 0x0000000007eb3000 1494       1       com.android.dx.ssa.PhiInsn::getOriginalRopInsn (2 bytes)
Event: 10.293 Thread 0x0000000007eb3000 nmethod 1494 0x000000000f613610 code [0x000000000f613760, 0x000000000f613870]
Event: 10.294 Thread 0x0000000007eb3000 1496       3       com.android.dx.rop.code.RegisterSpec::withLocalItem (41 bytes)
Event: 10.295 Thread 0x0000000007eb3000 nmethod 1496 0x000000000f5f0450 code [0x000000000f5f05e0, 0x000000000f5f0af8]
Event: 10.297 Thread 0x0000000007eb3000 1497       3       com.android.dx.ssa.PhiInsn::canThrow (2 bytes)
Event: 10.297 Thread 0x0000000007eb3000 nmethod 1497 0x000000000f61c590 code [0x000000000f61c6e0, 0x000000000f61c830]
Event: 10.298 Thread 0x0000000007eb3000 1498       3       com.android.dx.ssa.ConstCollector::updateConstUses (248 bytes)
Event: 10.302 Thread 0x0000000007eb3000 nmethod 1498 0x000000000f64d590 code [0x000000000f64d940, 0x000000000f64fdd8]
Event: 10.304 Thread 0x0000000007eb3000 1499       3       com.android.dx.ssa.ConstCollector$2::<init> (20 bytes)
Event: 10.304 Thread 0x0000000007eb3000 nmethod 1499 0x000000000f634ad0 code [0x000000000f634c40, 0x000000000f634e90]

GC Heap History (2 events):
Event: 8.177 GC heap before
{Heap before GC invocations=1 (full 0):
 PSYoungGen      total 38400K, used 33280K [0x00000000eab00000, 0x00000000ed580000, 0x0000000100000000)
  eden space 33280K, 100% used [0x00000000eab00000,0x00000000ecb80000,0x00000000ecb80000)
  from space 5120K, 0% used [0x00000000ed080000,0x00000000ed080000,0x00000000ed580000)
  to   space 5120K, 0% used [0x00000000ecb80000,0x00000000ecb80000,0x00000000ed080000)
 ParOldGen       total 87552K, used 0K [0x00000000c0000000, 0x00000000c5580000, 0x00000000eab00000)
  object space 87552K, 0% used [0x00000000c0000000,0x00000000c0000000,0x00000000c5580000)
 Metaspace       used 5721K, capacity 6960K, committed 7040K, reserved 1056768K
  class space    used 548K, capacity 616K, committed 640K, reserved 1048576K
Event: 8.324 GC heap after
Heap after GC invocations=1 (full 0):
 PSYoungGen      total 38400K, used 5095K [0x00000000eab00000, 0x00000000ef600000, 0x0000000100000000)
  eden space 33280K, 0% used [0x00000000eab00000,0x00000000eab00000,0x00000000ecb80000)
  from space 5120K, 99% used [0x00000000ecb80000,0x00000000ed079e40,0x00000000ed080000)
  to   space 5120K, 0% used [0x00000000ef100000,0x00000000ef100000,0x00000000ef600000)
 ParOldGen       total 87552K, used 1945K [0x00000000c0000000, 0x00000000c5580000, 0x00000000eab00000)
  object space 87552K, 2% used [0x00000000c0000000,0x00000000c01e6410,0x00000000c5580000)
 Metaspace       used 5721K, capacity 6960K, committed 7040K, reserved 1056768K
  class space    used 548K, capacity 616K, committed 640K, reserved 1048576K
}

Deoptimization events (10 events):
Event: 7.302 Thread 0x000000000207d800 Uncommon trap: reason=bimorphic action=maybe_recompile pc=0x000000000f520570 method=com.android.dx.ssa.SCCP.simulatePhi(Lcom/android/dx/ssa/PhiInsn;)V @ 124
Event: 7.303 Thread 0x000000000207d800 Uncommon trap: reason=bimorphic action=maybe_recompile pc=0x000000000f520570 method=com.android.dx.ssa.SCCP.simulatePhi(Lcom/android/dx/ssa/PhiInsn;)V @ 124
Event: 7.304 Thread 0x000000000207d800 Uncommon trap: reason=bimorphic action=maybe_recompile pc=0x000000000f2d0868 method=java.util.HashMap.getNode(ILjava/lang/Object;)Ljava/util/HashMap$Node; @ 126
Event: 7.304 Thread 0x000000000207d800 Uncommon trap: reason=bimorphic action=maybe_recompile pc=0x000000000f2d0868 method=java.util.HashMap.getNode(ILjava/lang/Object;)Ljava/util/HashMap$Node; @ 126
Event: 7.313 Thread 0x000000000207d800 Uncommon trap: reason=bimorphic action=maybe_recompile pc=0x000000000f520570 method=com.android.dx.ssa.SCCP.simulatePhi(Lcom/android/dx/ssa/PhiInsn;)V @ 124
Event: 7.313 Thread 0x000000000207d800 Uncommon trap: reason=bimorphic action=maybe_recompile pc=0x000000000f520570 method=com.android.dx.ssa.SCCP.simulatePhi(Lcom/android/dx/ssa/PhiInsn;)V @ 124
Event: 7.746 Thread 0x000000000207d800 Uncommon trap: reason=unreached action=reinterpret pc=0x000000000f5275f4 method=com.android.dx.cf.code.Merger.mergeType(Lcom/android/dx/rop/type/TypeBearer;Lcom/android/dx/rop/type/TypeBearer;)Lcom/android/dx/rop/type/TypeBearer; @ 68
Event: 9.963 Thread 0x000000000207d800 Uncommon trap: reason=unreached action=reinterpret pc=0x000000000f57bb8c method=com.android.dx.ssa.SCCP.simulateBranch(Lcom/android/dx/ssa/SsaInsn;)V @ 132
Event: 9.992 Thread 0x000000000207d800 Uncommon trap: reason=unloaded action=reinterpret pc=0x000000000f5c2e40 method=com.android.dx.ssa.LiteralOpUpgrader$1.visitNonMoveInsn(Lcom/android/dx/ssa/NormalSsaInsn;)V @ 72
Event: 9.993 Thread 0x000000000207d800 Uncommon trap: reason=unreached action=reinterpret pc=0x000000000f49c71c method=com.android.dx.ssa.SsaMethod.updateOneDefinition(Lcom/android/dx/ssa/SsaInsn;Lcom/android/dx/rop/code/RegisterSpec;)V @ 4

Internal exceptions (10 events):
Event: 5.596 Thread 0x000000000207d800 Exception <a 'java/security/PrivilegedActionException'> (0x00000000eb9c6e08) thrown at [C:\workspace\8-2-build-windows-amd64-cygwin\jdk8u31\2394\hotspot\src\share\vm\prims\jvm.cpp, line 1312]
Event: 5.598 Thread 0x000000000207d800 Exception <a 'java/security/PrivilegedActionException'> (0x00000000eb9d0f88) thrown at [C:\workspace\8-2-build-windows-amd64-cygwin\jdk8u31\2394\hotspot\src\share\vm\prims\jvm.cpp, line 1312]
Event: 5.599 Thread 0x000000000207d800 Exception <a 'java/security/PrivilegedActionException'> (0x00000000eb9d3570) thrown at [C:\workspace\8-2-build-windows-amd64-cygwin\jdk8u31\2394\hotspot\src\share\vm\prims\jvm.cpp, line 1312]
Event: 5.959 Thread 0x000000000207d800 Exception <a 'java/security/PrivilegedActionException'> (0x00000000ebbddab0) thrown at [C:\workspace\8-2-build-windows-amd64-cygwin\jdk8u31\2394\hotspot\src\share\vm\prims\jvm.cpp, line 1312]
Event: 6.132 Thread 0x000000000207d800 Exception <a 'java/security/PrivilegedActionException'> (0x00000000ebcbeb00) thrown at [C:\workspace\8-2-build-windows-amd64-cygwin\jdk8u31\2394\hotspot\src\share\vm\prims\jvm.cpp, line 1312]
Event: 7.188 Thread 0x000000000207d800 Exception <a 'java/security/PrivilegedActionException'> (0x00000000ec333378) thrown at [C:\workspace\8-2-build-windows-amd64-cygwin\jdk8u31\2394\hotspot\src\share\vm\prims\jvm.cpp, line 1312]
Event: 7.202 Thread 0x000000000207d800 Exception <a 'java/security/PrivilegedActionException'> (0x00000000ec3529f8) thrown at [C:\workspace\8-2-build-windows-amd64-cygwin\jdk8u31\2394\hotspot\src\share\vm\prims\jvm.cpp, line 1312]
Event: 9.192 Thread 0x000000000207d800 Exception <a 'java/security/PrivilegedActionException'> (0x00000000eb5c60d0) thrown at [C:\workspace\8-2-build-windows-amd64-cygwin\jdk8u31\2394\hotspot\src\share\vm\prims\jvm.cpp, line 1312]
Event: 9.444 Thread 0x000000000207d800 Exception <a 'java/security/PrivilegedActionException'> (0x00000000eb624758) thrown at [C:\workspace\8-2-build-windows-amd64-cygwin\jdk8u31\2394\hotspot\src\share\vm\prims\jvm.cpp, line 1312]
Event: 9.992 Thread 0x000000000207d800 Exception <a 'java/security/PrivilegedActionException'> (0x00000000eb88e528) thrown at [C:\workspace\8-2-build-windows-amd64-cygwin\jdk8u31\2394\hotspot\src\share\vm\prims\jvm.cpp, line 1312]

Events (10 events):
Event: 9.992 Thread 0x000000000207d800 Uncommon trap: trap_request=0x0000004e fr.pc=0x000000000f5c2e40
Event: 9.992 loading class com/android/dx/rop/code/RegOps
Event: 9.992 loading class com/android/dx/rop/code/RegOps done
Event: 9.993 Thread 0x000000000207d800 DEOPT PACKING pc=0x000000000f5c2e40 sp=0x000000000224e7d0
Event: 9.993 Thread 0x000000000207d800 DEOPT UNPACKING pc=0x000000000f05556a sp=0x000000000224e798 mode 2
Event: 9.993 Thread 0x000000000207d800 Uncommon trap: trap_request=0xffffffad fr.pc=0x000000000f49c71c
Event: 9.993 Thread 0x000000000207d800 DEOPT PACKING pc=0x000000000f49c71c sp=0x000000000224e610
Event: 9.993 Thread 0x000000000207d800 DEOPT UNPACKING pc=0x000000000f05556a sp=0x000000000224e5b8 mode 2
Event: 10.303 Thread 0x000000000207d800 DEOPT PACKING pc=0x000000000f4eeb98 sp=0x000000000224e760
Event: 10.303 Thread 0x000000000207d800 DEOPT UNPACKING pc=0x000000000f0575bf sp=0x000000000224e4d0 mode 0


Dynamic libraries:
0x00007ff619580000 - 0x00007ff6195b4000 	C:\Program Files\Java\jdk1.8.0_31\bin\java.exe
0x00007ff8f8560000 - 0x00007ff8f870c000 	C:\WINDOWS\SYSTEM32\ntdll.dll
0x00007ff8f8420000 - 0x00007ff8f855a000 	C:\WINDOWS\system32\KERNEL32.DLL
0x00007ff8f5b60000 - 0x00007ff8f5c6f000 	C:\WINDOWS\system32\KERNELBASE.dll
0x00007ff8f3a50000 - 0x00007ff8f3ad8000 	C:\WINDOWS\system32\apphelp.dll
0x00007ff8e8900000 - 0x00007ff8e894f000 	C:\WINDOWS\AppPatch\AppPatch64\AcGenral.DLL
0x00007ff8f6940000 - 0x00007ff8f69e7000 	C:\WINDOWS\system32\msvcrt.dll
0x00007ff8f56a0000 - 0x00007ff8f56cb000 	C:\WINDOWS\SYSTEM32\SspiCli.dll
0x00007ff8f5e00000 - 0x00007ff8f5e51000 	C:\WINDOWS\system32\SHLWAPI.dll
0x00007ff8f5fa0000 - 0x00007ff8f6111000 	C:\WINDOWS\system32\USER32.dll
0x00007ff8f6760000 - 0x00007ff8f68d8000 	C:\WINDOWS\system32\ole32.dll
0x00007ff8f6aa0000 - 0x00007ff8f7eaf000 	C:\WINDOWS\system32\SHELL32.dll
0x00007ff8f4aa0000 - 0x00007ff8f4abe000 	C:\WINDOWS\SYSTEM32\USERENV.dll
0x00007ff8f66b0000 - 0x00007ff8f6755000 	C:\WINDOWS\system32\ADVAPI32.dll
0x00007ff8e06d0000 - 0x00007ff8e06eb000 	C:\WINDOWS\SYSTEM32\MPR.dll
0x00007ff8f5e60000 - 0x00007ff8f5f97000 	C:\WINDOWS\system32\RPCRT4.dll
0x00007ff8f68e0000 - 0x00007ff8f6937000 	C:\WINDOWS\SYSTEM32\sechost.dll
0x00007ff8f6120000 - 0x00007ff8f62f6000 	C:\WINDOWS\SYSTEM32\combase.dll
0x00007ff8f7eb0000 - 0x00007ff8f7ff4000 	C:\WINDOWS\system32\GDI32.dll
0x00007ff8f58b0000 - 0x00007ff8f58c4000 	C:\WINDOWS\SYSTEM32\profapi.dll
0x00007ff8f4ca0000 - 0x00007ff8f4d3f000 	C:\WINDOWS\SYSTEM32\SHCORE.dll
0x00007ff8f6a50000 - 0x00007ff8f6a84000 	C:\WINDOWS\system32\IMM32.DLL
0x00007ff8f82e0000 - 0x00007ff8f8419000 	C:\WINDOWS\system32\MSCTF.dll
0x00007ff8f5860000 - 0x00007ff8f5892000 	C:\Windows\system32\nvinitx.dll
0x00007ff8f5850000 - 0x00007ff8f585a000 	C:\WINDOWS\SYSTEM32\VERSION.dll
0x000000000f000000 - 0x000000000f006000 	C:\Program Files\NVIDIA Corporation\CoProcManager\_etoured.dll
0x00007ff8f3750000 - 0x00007ff8f3782000 	C:\Program Files\NVIDIA Corporation\CoProcManager\nvd3d9wrapx.dll
0x00007ff8f80a0000 - 0x00007ff8f8274000 	C:\WINDOWS\system32\SETUPAPI.dll
0x00007ff8f5d70000 - 0x00007ff8f5dba000 	C:\WINDOWS\system32\CFGMGR32.dll
0x00007ff8f3720000 - 0x00007ff8f3742000 	C:\Program Files\NVIDIA Corporation\CoProcManager\nvdxgiwrapx.dll
0x00007ff8f5320000 - 0x00007ff8f557a000 	C:\WINDOWS\WinSxS\amd64_microsoft.windows.common-controls_6595b64144ccf1df_6.0.9600.17031_none_6242a4b3ecbb55a1\COMCTL32.dll
0x000000005d1a0000 - 0x000000005d272000 	C:\Program Files\Java\jdk1.8.0_31\jre\bin\msvcr100.dll
0x000000005d510000 - 0x000000005dd6a000 	C:\Program Files\Java\jdk1.8.0_31\jre\bin\server\jvm.dll
0x00007ff8e9200000 - 0x00007ff8e9209000 	C:\WINDOWS\SYSTEM32\WSOCK32.dll
0x00007ff8f1850000 - 0x00007ff8f186f000 	C:\WINDOWS\SYSTEM32\WINMM.dll
0x00007ff8f6310000 - 0x00007ff8f6317000 	C:\WINDOWS\system32\PSAPI.DLL
0x00007ff8f8280000 - 0x00007ff8f82d8000 	C:\WINDOWS\system32\WS2_32.dll
0x00007ff8f1810000 - 0x00007ff8f183a000 	C:\WINDOWS\SYSTEM32\WINMMBASE.dll
0x00007ff8f6a90000 - 0x00007ff8f6a99000 	C:\WINDOWS\system32\NSI.dll
0x00007ff8f3cb0000 - 0x00007ff8f3cd6000 	C:\WINDOWS\SYSTEM32\DEVOBJ.dll
0x000000005f3d0000 - 0x000000005f3df000 	C:\Program Files\Java\jdk1.8.0_31\jre\bin\verify.dll
0x000000005f3a0000 - 0x000000005f3c8000 	C:\Program Files\Java\jdk1.8.0_31\jre\bin\java.dll
0x000000005f380000 - 0x000000005f396000 	C:\Program Files\Java\jdk1.8.0_31\jre\bin\zip.dll
0x00007ff8f40e0000 - 0x00007ff8f4268000 	C:\WINDOWS\SYSTEM32\dbghelp.dll

VM Arguments:
jvm_args: -Xmx1024M -Dfile.encoding=windows-1251 -Duser.country=GB -Duser.language=en -Duser.variant 
java_command: com.android.dx.command.Main --dex --output C:\Users\Slav\AndroidStudioProjects\Peek\app\build\intermediates\pre-dexed\debug\classes-705feb4964fafc22d082ffc305854716cf7392a2.jar C:\Users\Slav\AndroidStudioProjects\Peek\app\build\intermediates\exploded-aar\com.google.android.gms\play-services-games\7.3.0\jars\classes.jar
java_class_path (initial): C:\Users\Slav\AppData\Local\Android\android-sdk\build-tools\22.0.1\lib\dx.jar
Launcher Type: SUN_STANDARD

Environment Variables:
JAVA_HOME=C:\Program Files\Java\jdk1.8.0_31
PATH=C:\Program Files (x86)\NVIDIA Corporation\PhysX\Common;c:\python27\scripts;c:\program files (x86)\intel\icls client\;c:\program files\intel\icls client\;c:\program files\common files\microsoft shared\windows live;c:\windows\system32;c:\windows;c:\windows\system32\wbem;c:\windows\system32\windowspowershell\v1.0\;c:\program files\intel\intel(r) management engine components\dal;c:\program files\intel\intel(r) management engine components\ipt;c:\program files (x86)\intel\intel(r) management engine components\dal;c:\program files (x86)\intel\intel(r) management engine components\ipt;c:\program files (x86)\intel\opencl sdk\3.0\bin\x86;c:\program files (x86)\intel\opencl sdk\3.0\bin\x64;c:\program files\authentec truesuite\x86\;c:\program files (x86)\common files\avid;c:\program files\common files\avid;c:\program files\microsoft sql server\110\tools\binn\;c:\python27;c:\program files (x86)\gtksharp\2.12\bin;c:\program files (x86)\windows kits\8.1\windows performance toolkit\;c:\program files (x86)\microsoft sdks\typescript\1.0\;c:\program files\microsoft sql server\120\tools\binn\;c:\gtk3\bin;c:\program files (x86)\nodejs\;c:\program files\java\jre7\bin;c:\program files (x86)\java\jdk1.7.0_71\bin;c:\program files\oracle\virtualbox;C:\Program Files (x86)\Skype\Phone\;C:\Program Files (x86)\Java\jdk1.7.0_25\bin;C:\Program Files\Common Files\Microsoft Shared\Windows Live;C:\Users\Slav\AppData\Roaming\npm
USERNAME=Slav
OS=Windows_NT
PROCESSOR_IDENTIFIER=Intel64 Family 6 Model 58 Stepping 9, GenuineIntel



---------------  S Y S T E M  ---------------

OS: Windows 8.1 , 64 bit Build 9600 

CPU:total 8 (4 cores per cpu, 2 threads per core) family 6 model 58 stepping 9, cmov, cx8, fxsr, mmx, sse, sse2, sse3, ssse3, sse4.1, sse4.2, popcnt, avx, aes, clmul, erms, ht, tsc, tscinvbit, tscinv

Memory: 4k page, physical 8277456k(1246716k free), swap 18057516k(5136k free)

vm_info: Java HotSpot(TM) 64-Bit Server VM (25.31-b07) for windows-amd64 JRE (1.8.0_31-b13), built on Dec 17 2014 21:00:28 by "java_re" with MS VC++ 10.0 (VS2010)

time: Tue Jun 02 13:40:35 2015
elapsed time: 10 seconds (0d 0h 0m 10s)

