#
# There is insufficient memory for the Java Runtime Environment to continue.
# Native memory allocation (malloc) failed to allocate 503696 bytes for Chunk::new
# Possible reasons:
#   The system is out of physical RAM or swap space
#   In 32 bit mode, the process size limit was hit
# Possible solutions:
#   Reduce memory load on the system
#   Increase physical memory or swap space
#   Check if swap backing store is full
#   Use 64 bit Java on a 64 bit OS
#   Decrease Java heap size (-Xmx/-Xms)
#   Decrease number of Java threads
#   Decrease Java thread stack sizes (-Xss)
#   Set larger code cache with -XX:ReservedCodeCacheSize=
# This output file may be truncated or incomplete.
#
#  Out of Memory Error (allocation.cpp:390), pid=11208, tid=14080
#
# JRE version: Java(TM) SE Runtime Environment (8.0_31-b13) (build 1.8.0_31-b13)
# Java VM: Java HotSpot(TM) 64-Bit Server VM (25.31-b07 mixed mode windows-amd64 compressed oops)
# Failed to write core dump. Minidumps are not enabled by default on client versions of Windows
#

---------------  T H R E A D  ---------------

Current thread (0x0000000008698000):  JavaThread "C2 CompilerThread0" daemon [_thread_in_native, id=14080, stack(0x0000000008c70000,0x0000000008d70000)]

Stack: [0x0000000008c70000,0x0000000008d70000]
Native frames: (J=compiled Java code, j=interpreted, Vv=VM code, C=native code)
V  [jvm.dll+0x3169ba]


Current CompileTask:
C2:  41615 1940   !   4       com.android.dx.cf.code.BytecodeArray::parseInstruction (2764 bytes)


---------------  P R O C E S S  ---------------

Java Threads: ( => current thread )
  0x00000000086fa000 JavaThread "Service Thread" daemon [_thread_blocked, id=11400, stack(0x0000000009070000,0x0000000009170000)]
  0x00000000086ef800 JavaThread "C1 CompilerThread3" daemon [_thread_blocked, id=6652, stack(0x0000000008f70000,0x0000000009070000)]
  0x00000000086ec000 JavaThread "C2 CompilerThread2" daemon [_thread_blocked, id=9364, stack(0x0000000008e70000,0x0000000008f70000)]
  0x00000000086e1000 JavaThread "C2 CompilerThread1" daemon [_thread_blocked, id=356, stack(0x0000000008d70000,0x0000000008e70000)]
=>0x0000000008698000 JavaThread "C2 CompilerThread0" daemon [_thread_in_native, id=14080, stack(0x0000000008c70000,0x0000000008d70000)]
  0x0000000008695800 JavaThread "Attach Listener" daemon [_thread_blocked, id=13936, stack(0x0000000008b70000,0x0000000008c70000)]
  0x0000000008694800 JavaThread "Signal Dispatcher" daemon [_thread_blocked, id=13304, stack(0x0000000008a70000,0x0000000008b70000)]
  0x0000000002b63000 JavaThread "Finalizer" daemon [_thread_blocked, id=4224, stack(0x0000000008570000,0x0000000008670000)]
  0x0000000002b62000 JavaThread "Reference Handler" daemon [_thread_blocked, id=4872, stack(0x0000000008470000,0x0000000008570000)]
  0x000000000296d800 JavaThread "main" [_thread_in_Java, id=5424, stack(0x0000000002970000,0x0000000002a70000)]

Other Threads:
  0x0000000006688800 VMThread [stack: 0x0000000008370000,0x0000000008470000] [id=11328]
  0x00000000086fb000 WatcherThread [stack: 0x0000000009170000,0x0000000009270000] [id=8800]

VM state:not at safepoint (normal execution)

VM Mutex/Monitor currently owned by a thread: None

Heap:
 PSYoungGen      total 138240K, used 26718K [0x00000000eab00000, 0x00000000ff600000, 0x0000000100000000)
  eden space 133120K, 20% used [0x00000000eab00000,0x00000000ec5179e8,0x00000000f2d00000)
  from space 5120K, 0% used [0x00000000f2d00000,0x00000000f2d00000,0x00000000f3200000)
  to   space 68096K, 0% used [0x00000000fb380000,0x00000000fb380000,0x00000000ff600000)
 ParOldGen       total 201216K, used 53047K [0x00000000c0000000, 0x00000000cc480000, 0x00000000eab00000)
  object space 201216K, 26% used [0x00000000c0000000,0x00000000c33cde08,0x00000000cc480000)
 Metaspace       used 5845K, capacity 7088K, committed 7296K, reserved 1056768K
  class space    used 550K, capacity 616K, committed 640K, reserved 1048576K

Card table byte_map: [0x0000000002f30000,0x0000000003140000] byte_map_base: 0x0000000002930000

Marking Bits: (ParMarkBitMap*) 0x0000000050b3d4f0
 Begin Bits: [0x0000000003aa0000, 0x0000000004aa0000)
 End Bits:   [0x0000000004aa0000, 0x0000000005aa0000)

Polling page: 0x0000000002890000

CodeCache: size=245760Kb used=9676Kb max_used=9690Kb free=236083Kb
 bounds [0x000000000f010000, 0x000000000f990000, 0x000000001e010000]
 total_blobs=2198 nmethods=1938 adapters=174
 compilation: enabled

Compilation events (10 events):
Event: 41.460 Thread 0x00000000086ef800 nmethod 1943 0x000000000f8db090 code [0x000000000f8db1e0, 0x000000000f8db330]
Event: 41.460 Thread 0x00000000086ef800 1944  s    3       java.io.ByteArrayOutputStream::reset (6 bytes)
Event: 41.460 Thread 0x00000000086ef800 nmethod 1944 0x000000000f977290 code [0x000000000f9773e0, 0x000000000f977690]
Event: 41.460 Thread 0x00000000086ef800 1945  s    3       java.io.ByteArrayOutputStream::toByteArray (12 bytes)
Event: 41.460 Thread 0x00000000086ec000 1947       4       com.android.dx.util.ByteArray::<init> (81 bytes)
Event: 41.461 Thread 0x00000000086ef800 nmethod 1945 0x000000000f976a10 code [0x000000000f976ba0, 0x000000000f9770c8]
Event: 41.461 Thread 0x00000000086ef800 1946       3       java.util.zip.ZipEntry::getTime (5 bytes)
Event: 41.461 Thread 0x00000000086ef800 nmethod 1946 0x000000000f8d25d0 code [0x000000000f8d2720, 0x000000000f8d2870]
Event: 41.461 Thread 0x00000000086ec000 nmethod 1947 0x000000000f9766d0 code [0x000000000f976820, 0x000000000f9768f8]
Event: 41.468 Thread 0x00000000086e1000 nmethod 1938 0x000000000f98c850 code [0x000000000f98ca80, 0x000000000f98d5a0]

GC Heap History (10 events):
Event: 25.455 GC heap before
{Heap before GC invocations=6 (full 1):
 PSYoungGen      total 138240K, used 133120K [0x00000000eab00000, 0x00000000f3700000, 0x0000000100000000)
  eden space 133120K, 100% used [0x00000000eab00000,0x00000000f2d00000,0x00000000f2d00000)
  from space 5120K, 0% used [0x00000000f3200000,0x00000000f3200000,0x00000000f3700000)
  to   space 5120K, 0% used [0x00000000f2d00000,0x00000000f2d00000,0x00000000f3200000)
 ParOldGen       total 142848K, used 57132K [0x00000000c0000000, 0x00000000c8b80000, 0x00000000eab00000)
  object space 142848K, 39% used [0x00000000c0000000,0x00000000c37cb178,0x00000000c8b80000)
 Metaspace       used 5832K, capacity 7088K, committed 7296K, reserved 1056768K
  class space    used 550K, capacity 616K, committed 640K, reserved 1048576K
Event: 25.881 GC heap after
Heap after GC invocations=6 (full 1):
 PSYoungGen      total 138240K, used 5106K [0x00000000eab00000, 0x00000000f3700000, 0x0000000100000000)
  eden space 133120K, 0% used [0x00000000eab00000,0x00000000eab00000,0x00000000f2d00000)
  from space 5120K, 99% used [0x00000000f2d00000,0x00000000f31fca48,0x00000000f3200000)
  to   space 5120K, 0% used [0x00000000f3200000,0x00000000f3200000,0x00000000f3700000)
 ParOldGen       total 142848K, used 103954K [0x00000000c0000000, 0x00000000c8b80000, 0x00000000eab00000)
  object space 142848K, 72% used [0x00000000c0000000,0x00000000c6584b88,0x00000000c8b80000)
 Metaspace       used 5832K, capacity 7088K, committed 7296K, reserved 1056768K
  class space    used 550K, capacity 616K, committed 640K, reserved 1048576K
}
Event: 25.881 GC heap before
{Heap before GC invocations=7 (full 2):
 PSYoungGen      total 138240K, used 5106K [0x00000000eab00000, 0x00000000f3700000, 0x0000000100000000)
  eden space 133120K, 0% used [0x00000000eab00000,0x00000000eab00000,0x00000000f2d00000)
  from space 5120K, 99% used [0x00000000f2d00000,0x00000000f31fca48,0x00000000f3200000)
  to   space 5120K, 0% used [0x00000000f3200000,0x00000000f3200000,0x00000000f3700000)
 ParOldGen       total 142848K, used 103954K [0x00000000c0000000, 0x00000000c8b80000, 0x00000000eab00000)
  object space 142848K, 72% used [0x00000000c0000000,0x00000000c6584b88,0x00000000c8b80000)
 Metaspace       used 5832K, capacity 7088K, committed 7296K, reserved 1056768K
  class space    used 550K, capacity 616K, committed 640K, reserved 1048576K
Event: 26.799 GC heap after
Heap after GC invocations=7 (full 2):
 PSYoungGen      total 138240K, used 0K [0x00000000eab00000, 0x00000000f3700000, 0x0000000100000000)
  eden space 133120K, 0% used [0x00000000eab00000,0x00000000eab00000,0x00000000f2d00000)
  from space 5120K, 0% used [0x00000000f2d00000,0x00000000f2d00000,0x00000000f3200000)
  to   space 5120K, 0% used [0x00000000f3200000,0x00000000f3200000,0x00000000f3700000)
 ParOldGen       total 188928K, used 66361K [0x00000000c0000000, 0x00000000cb880000, 0x00000000eab00000)
  object space 188928K, 35% used [0x00000000c0000000,0x00000000c40ce6b0,0x00000000cb880000)
 Metaspace       used 5832K, capacity 7088K, committed 7296K, reserved 1056768K
  class space    used 550K, capacity 616K, committed 640K, reserved 1048576K
}
Event: 32.521 GC heap before
{Heap before GC invocations=8 (full 2):
 PSYoungGen      total 138240K, used 133120K [0x00000000eab00000, 0x00000000f3700000, 0x0000000100000000)
  eden space 133120K, 100% used [0x00000000eab00000,0x00000000f2d00000,0x00000000f2d00000)
  from space 5120K, 0% used [0x00000000f2d00000,0x00000000f2d00000,0x00000000f3200000)
  to   space 5120K, 0% used [0x00000000f3200000,0x00000000f3200000,0x00000000f3700000)
 ParOldGen       total 188928K, used 66361K [0x00000000c0000000, 0x00000000cb880000, 0x00000000eab00000)
  object space 188928K, 35% used [0x00000000c0000000,0x00000000c40ce6b0,0x00000000cb880000)
 Metaspace       used 5832K, capacity 7088K, committed 7296K, reserved 1056768K
  class space    used 550K, capacity 616K, committed 640K, reserved 1048576K
Event: 33.109 GC heap after
Heap after GC invocations=8 (full 2):
 PSYoungGen      total 138240K, used 5094K [0x00000000eab00000, 0x00000000f3700000, 0x0000000100000000)
  eden space 133120K, 0% used [0x00000000eab00000,0x00000000eab00000,0x00000000f2d00000)
  from space 5120K, 99% used [0x00000000f3200000,0x00000000f36f9858,0x00000000f3700000)
  to   space 5120K, 0% used [0x00000000f2d00000,0x00000000f2d00000,0x00000000f3200000)
 ParOldGen       total 188928K, used 116117K [0x00000000c0000000, 0x00000000cb880000, 0x00000000eab00000)
  object space 188928K, 61% used [0x00000000c0000000,0x00000000c71656a8,0x00000000cb880000)
 Metaspace       used 5832K, capacity 7088K, committed 7296K, reserved 1056768K
  class space    used 550K, capacity 616K, committed 640K, reserved 1048576K
}
Event: 38.390 GC heap before
{Heap before GC invocations=9 (full 2):
 PSYoungGen      total 138240K, used 138214K [0x00000000eab00000, 0x00000000f3700000, 0x0000000100000000)
  eden space 133120K, 100% used [0x00000000eab00000,0x00000000f2d00000,0x00000000f2d00000)
  from space 5120K, 99% used [0x00000000f3200000,0x00000000f36f9858,0x00000000f3700000)
  to   space 5120K, 0% used [0x00000000f2d00000,0x00000000f2d00000,0x00000000f3200000)
 ParOldGen       total 188928K, used 116117K [0x00000000c0000000, 0x00000000cb880000, 0x00000000eab00000)
  object space 188928K, 61% used [0x00000000c0000000,0x00000000c71656a8,0x00000000cb880000)
 Metaspace       used 5833K, capacity 7088K, committed 7296K, reserved 1056768K
  class space    used 550K, capacity 616K, committed 640K, reserved 1048576K
Event: 38.655 GC heap after
Heap after GC invocations=9 (full 2):
 PSYoungGen      total 138240K, used 5111K [0x00000000eab00000, 0x00000000ff600000, 0x0000000100000000)
  eden space 133120K, 0% used [0x00000000eab00000,0x00000000eab00000,0x00000000f2d00000)
  from space 5120K, 99% used [0x00000000f2d00000,0x00000000f31fdd80,0x00000000f3200000)
  to   space 68096K, 0% used [0x00000000fb380000,0x00000000fb380000,0x00000000ff600000)
 ParOldGen       total 188928K, used 133152K [0x00000000c0000000, 0x00000000cb880000, 0x00000000eab00000)
  object space 188928K, 70% used [0x00000000c0000000,0x00000000c82083c0,0x00000000cb880000)
 Metaspace       used 5833K, capacity 7088K, committed 7296K, reserved 1056768K
  class space    used 550K, capacity 616K, committed 640K, reserved 1048576K
}
Event: 38.655 GC heap before
{Heap before GC invocations=10 (full 3):
 PSYoungGen      total 138240K, used 5111K [0x00000000eab00000, 0x00000000ff600000, 0x0000000100000000)
  eden space 133120K, 0% used [0x00000000eab00000,0x00000000eab00000,0x00000000f2d00000)
  from space 5120K, 99% used [0x00000000f2d00000,0x00000000f31fdd80,0x00000000f3200000)
  to   space 68096K, 0% used [0x00000000fb380000,0x00000000fb380000,0x00000000ff600000)
 ParOldGen       total 188928K, used 133152K [0x00000000c0000000, 0x00000000cb880000, 0x00000000eab00000)
  object space 188928K, 70% used [0x00000000c0000000,0x00000000c82083c0,0x00000000cb880000)
 Metaspace       used 5833K, capacity 7088K, committed 7296K, reserved 1056768K
  class space    used 550K, capacity 616K, committed 640K, reserved 1048576K
Event: 39.797 GC heap after
Heap after GC invocations=10 (full 3):
 PSYoungGen      total 138240K, used 0K [0x00000000eab00000, 0x00000000ff600000, 0x0000000100000000)
  eden space 133120K, 0% used [0x00000000eab00000,0x00000000eab00000,0x00000000f2d00000)
  from space 5120K, 0% used [0x00000000f2d00000,0x00000000f2d00000,0x00000000f3200000)
  to   space 68096K, 0% used [0x00000000fb380000,0x00000000fb380000,0x00000000ff600000)
 ParOldGen       total 201216K, used 53047K [0x00000000c0000000, 0x00000000cc480000, 0x00000000eab00000)
  object space 201216K, 26% used [0x00000000c0000000,0x00000000c33cde08,0x00000000cc480000)
 Metaspace       used 5833K, capacity 7088K, committed 7296K, reserved 1056768K
  class space    used 550K, capacity 616K, committed 640K, reserved 1048576K
}

Deoptimization events (10 events):
Event: 19.853 Thread 0x000000000296d800 Uncommon trap: reason=bimorphic action=maybe_recompile pc=0x000000000f80011c method=com.android.dx.cf.code.BytecodeArray.parseInstruction(ILcom/android/dx/cf/code/BytecodeArray$Visitor;)I @ 1130
Event: 25.441 Thread 0x000000000296d800 Uncommon trap: reason=class_check action=maybe_recompile pc=0x000000000f83c4a4 method=com.android.dx.ssa.SsaConverter.placePhiFunctions(Lcom/android/dx/ssa/SsaMethod;Lcom/android/dx/ssa/LocalVariableInfo;I)V @ 257
Event: 37.237 Thread 0x000000000296d800 Uncommon trap: reason=class_check action=maybe_recompile pc=0x000000000f6ae3d0 method=com.android.dx.ssa.SsaConverter.placePhiFunctions(Lcom/android/dx/ssa/SsaMethod;Lcom/android/dx/ssa/LocalVariableInfo;I)V @ 257
Event: 39.839 Thread 0x000000000296d800 Uncommon trap: reason=class_check action=maybe_recompile pc=0x000000000f7eb198 method=com.android.dx.ssa.SCCP.replaceConstants()V @ 127
Event: 41.068 Thread 0x000000000296d800 Uncommon trap: reason=unreached action=reinterpret pc=0x000000000f7dcf74 method=com.android.dx.cf.code.Simulator$SimVisitor.visitLocal(IIIILcom/android/dx/rop/type/Type;I)V @ 162
Event: 41.068 Thread 0x000000000296d800 Uncommon trap: reason=unreached action=reinterpret pc=0x000000000f564b00 method=com.android.dx.ssa.SsaRenamer$BlockRenamer.visitMoveInsn(Lcom/android/dx/ssa/NormalSsaInsn;)V @ 64
Event: 41.069 Thread 0x000000000296d800 Uncommon trap: reason=unreached action=reinterpret pc=0x000000000f5846e0 method=com.android.dx.ssa.back.FirstFitLocalCombiningAllocator$1.processInsn(Lcom/android/dx/ssa/SsaInsn;)V @ 34
Event: 41.078 Thread 0x000000000296d800 Uncommon trap: reason=class_check action=maybe_recompile pc=0x000000000f7eb198 method=com.android.dx.ssa.SCCP.replaceConstants()V @ 127
Event: 41.440 Thread 0x000000000296d800 Uncommon trap: reason=bimorphic action=maybe_recompile pc=0x000000000f8e0288 method=com.android.dx.cf.code.BytecodeArray.parseInstruction(ILcom/android/dx/cf/code/BytecodeArray$Visitor;)I @ 1501
Event: 41.451 Thread 0x000000000296d800 Uncommon trap: reason=bimorphic action=maybe_recompile pc=0x000000000f8e0288 method=com.android.dx.cf.code.BytecodeArray.parseInstruction(ILcom/android/dx/cf/code/BytecodeArray$Visitor;)I @ 1501

Internal exceptions (10 events):
Event: 3.820 Thread 0x000000000296d800 Exception <a 'java/security/PrivilegedActionException'> (0x00000000eb7aadd0) thrown at [C:\workspace\8-2-build-windows-amd64-cygwin\jdk8u31\2394\hotspot\src\share\vm\prims\jvm.cpp, line 1312]
Event: 4.660 Thread 0x000000000296d800 Implicit null exception at 0x000000000f3c6422 to 0x000000000f3c6512
Event: 5.176 Thread 0x000000000296d800 Exception <a 'java/security/PrivilegedActionException'> (0x00000000ec398e10) thrown at [C:\workspace\8-2-build-windows-amd64-cygwin\jdk8u31\2394\hotspot\src\share\vm\prims\jvm.cpp, line 1312]
Event: 5.260 Thread 0x000000000296d800 Exception <a 'java/security/PrivilegedActionException'> (0x00000000ec4eee08) thrown at [C:\workspace\8-2-build-windows-amd64-cygwin\jdk8u31\2394\hotspot\src\share\vm\prims\jvm.cpp, line 1312]
Event: 6.159 Thread 0x000000000296d800 Exception <a 'java/security/PrivilegedActionException'> (0x00000000eaece140) thrown at [C:\workspace\8-2-build-windows-amd64-cygwin\jdk8u31\2394\hotspot\src\share\vm\prims\jvm.cpp, line 1312]
Event: 6.193 Thread 0x000000000296d800 Exception <a 'java/security/PrivilegedActionException'> (0x00000000eb03db68) thrown at [C:\workspace\8-2-build-windows-amd64-cygwin\jdk8u31\2394\hotspot\src\share\vm\prims\jvm.cpp, line 1312]
Event: 7.090 Thread 0x000000000296d800 Exception <a 'java/security/PrivilegedActionException'> (0x00000000ebd2c760) thrown at [C:\workspace\8-2-build-windows-amd64-cygwin\jdk8u31\2394\hotspot\src\share\vm\prims\jvm.cpp, line 1312]
Event: 9.769 Thread 0x000000000296d800 Exception <a 'java/security/PrivilegedActionException'> (0x00000000ed92d410) thrown at [C:\workspace\8-2-build-windows-amd64-cygwin\jdk8u31\2394\hotspot\src\share\vm\prims\jvm.cpp, line 1312]
Event: 14.911 Thread 0x000000000296d800 Exception <a 'java/security/PrivilegedActionException'> (0x00000000eb174d18) thrown at [C:\workspace\8-2-build-windows-amd64-cygwin\jdk8u31\2394\hotspot\src\share\vm\prims\jvm.cpp, line 1312]
Event: 15.236 Thread 0x000000000296d800 Exception <a 'java/security/PrivilegedActionException'> (0x00000000eb2aa220) thrown at [C:\workspace\8-2-build-windows-amd64-cygwin\jdk8u31\2394\hotspot\src\share\vm\prims\jvm.cpp, line 1312]

Events (10 events):
Event: 41.069 Thread 0x000000000296d800 DEOPT UNPACKING pc=0x000000000f05556a sp=0x0000000002a6e740 mode 2
Event: 41.078 Thread 0x000000000296d800 Uncommon trap: trap_request=0xffffffde fr.pc=0x000000000f7eb198
Event: 41.078 Thread 0x000000000296d800 DEOPT PACKING pc=0x000000000f7eb198 sp=0x0000000002a6e870
Event: 41.078 Thread 0x000000000296d800 DEOPT UNPACKING pc=0x000000000f05556a sp=0x0000000002a6e7f0 mode 2
Event: 41.440 Thread 0x000000000296d800 Uncommon trap: trap_request=0xffffffc6 fr.pc=0x000000000f8e0288
Event: 41.440 Thread 0x000000000296d800 DEOPT PACKING pc=0x000000000f8e0288 sp=0x0000000002a6e670
Event: 41.440 Thread 0x000000000296d800 DEOPT UNPACKING pc=0x000000000f05556a sp=0x0000000002a6e630 mode 2
Event: 41.451 Thread 0x000000000296d800 Uncommon trap: trap_request=0xffffffc6 fr.pc=0x000000000f8e0288
Event: 41.451 Thread 0x000000000296d800 DEOPT PACKING pc=0x000000000f8e0288 sp=0x0000000002a6e720
Event: 41.451 Thread 0x000000000296d800 DEOPT UNPACKING pc=0x000000000f05556a sp=0x0000000002a6e6e0 mode 2


Dynamic libraries:
0x00007ff72eec0000 - 0x00007ff72eef4000 	C:\Program Files\Java\jdk1.8.0_31\bin\java.exe
0x00007ffbdbb70000 - 0x00007ffbdbd1c000 	C:\WINDOWS\SYSTEM32\ntdll.dll
0x00007ffbda0a0000 - 0x00007ffbda1da000 	C:\WINDOWS\system32\KERNEL32.DLL
0x00007ffbd91c0000 - 0x00007ffbd92cf000 	C:\WINDOWS\system32\KERNELBASE.dll
0x00007ffbd7a90000 - 0x00007ffbd7b18000 	C:\WINDOWS\system32\apphelp.dll
0x00007ffbc81b0000 - 0x00007ffbc81ff000 	C:\WINDOWS\AppPatch\AppPatch64\AcGenral.DLL
0x00007ffbd9480000 - 0x00007ffbd9527000 	C:\WINDOWS\system32\msvcrt.dll
0x00007ffbd8cb0000 - 0x00007ffbd8cdb000 	C:\WINDOWS\SYSTEM32\SspiCli.dll
0x00007ffbda500000 - 0x00007ffbda551000 	C:\WINDOWS\system32\SHLWAPI.dll
0x00007ffbda1e0000 - 0x00007ffbda351000 	C:\WINDOWS\system32\USER32.dll
0x00007ffbda380000 - 0x00007ffbda4f8000 	C:\WINDOWS\system32\ole32.dll
0x00007ffbda580000 - 0x00007ffbdb98f000 	C:\WINDOWS\system32\SHELL32.dll
0x00007ffbd86b0000 - 0x00007ffbd86ce000 	C:\WINDOWS\SYSTEM32\USERENV.dll
0x00007ffbd9ad0000 - 0x00007ffbd9b75000 	C:\WINDOWS\system32\ADVAPI32.dll
0x00007ffbcef10000 - 0x00007ffbcef2b000 	C:\WINDOWS\SYSTEM32\MPR.dll
0x00007ffbd9570000 - 0x00007ffbd96a7000 	C:\WINDOWS\system32\RPCRT4.dll
0x00007ffbd97f0000 - 0x00007ffbd9847000 	C:\WINDOWS\SYSTEM32\sechost.dll
0x00007ffbdb990000 - 0x00007ffbdbb66000 	C:\WINDOWS\SYSTEM32\combase.dll
0x00007ffbd9ef0000 - 0x00007ffbda034000 	C:\WINDOWS\system32\GDI32.dll
0x00007ffbd8ec0000 - 0x00007ffbd8ed4000 	C:\WINDOWS\SYSTEM32\profapi.dll
0x00007ffbd7740000 - 0x00007ffbd77df000 	C:\WINDOWS\SYSTEM32\SHCORE.dll
0x00007ffbd9530000 - 0x00007ffbd9564000 	C:\WINDOWS\system32\IMM32.DLL
0x00007ffbd96b0000 - 0x00007ffbd97e9000 	C:\WINDOWS\system32\MSCTF.dll
0x00007ffbd8e70000 - 0x00007ffbd8ea2000 	C:\Windows\system32\nvinitx.dll
0x00007ffbd8e60000 - 0x00007ffbd8e6a000 	C:\WINDOWS\SYSTEM32\VERSION.dll
0x000000000f000000 - 0x000000000f006000 	C:\Program Files\NVIDIA Corporation\CoProcManager\_etoured.dll
0x00007ffbd6ea0000 - 0x00007ffbd6ed2000 	C:\Program Files\NVIDIA Corporation\CoProcManager\nvd3d9wrapx.dll
0x00007ffbd9c90000 - 0x00007ffbd9e64000 	C:\WINDOWS\system32\SETUPAPI.dll
0x00007ffbd92d0000 - 0x00007ffbd931a000 	C:\WINDOWS\system32\CFGMGR32.dll
0x00007ffbd6ad0000 - 0x00007ffbd6af2000 	C:\Program Files\NVIDIA Corporation\CoProcManager\nvdxgiwrapx.dll
0x00007ffbd70d0000 - 0x00007ffbd732a000 	C:\WINDOWS\WinSxS\amd64_microsoft.windows.common-controls_6595b64144ccf1df_6.0.9600.17031_none_6242a4b3ecbb55a1\COMCTL32.dll
0x0000000077cf0000 - 0x0000000077dc2000 	C:\Program Files\Java\jdk1.8.0_31\jre\bin\msvcr100.dll
0x0000000050360000 - 0x0000000050bba000 	C:\Program Files\Java\jdk1.8.0_31\jre\bin\server\jvm.dll
0x00007ffbc1860000 - 0x00007ffbc1869000 	C:\WINDOWS\SYSTEM32\WSOCK32.dll
0x00007ffbd69c0000 - 0x00007ffbd69df000 	C:\WINDOWS\SYSTEM32\WINMM.dll
0x00007ffbd9ac0000 - 0x00007ffbd9ac7000 	C:\WINDOWS\system32\PSAPI.DLL
0x00007ffbd9e90000 - 0x00007ffbd9ee8000 	C:\WINDOWS\system32\WS2_32.dll
0x00007ffbd6980000 - 0x00007ffbd69aa000 	C:\WINDOWS\SYSTEM32\WINMMBASE.dll
0x00007ffbd93d0000 - 0x00007ffbd93d9000 	C:\WINDOWS\system32\NSI.dll
0x00007ffbd7d00000 - 0x00007ffbd7d26000 	C:\WINDOWS\SYSTEM32\DEVOBJ.dll
0x0000000050350000 - 0x000000005035f000 	C:\Program Files\Java\jdk1.8.0_31\jre\bin\verify.dll
0x0000000050320000 - 0x0000000050348000 	C:\Program Files\Java\jdk1.8.0_31\jre\bin\java.dll
0x0000000050300000 - 0x0000000050316000 	C:\Program Files\Java\jdk1.8.0_31\jre\bin\zip.dll
0x00007ffbd3970000 - 0x00007ffbd3af8000 	C:\WINDOWS\SYSTEM32\dbghelp.dll

VM Arguments:
jvm_args: -Xmx1024M -Dfile.encoding=windows-1251 -Duser.country=GB -Duser.language=en -Duser.variant 
java_command: com.android.dx.command.Main --dex --output C:\Users\Slav\AndroidStudioProjects\Peek\app\build\intermediates\pre-dexed\debug\classes-2102b14094f80441529392aa6bcf831888db4ff5.jar C:\Users\Slav\AndroidStudioProjects\Peek\app\build\intermediates\exploded-aar\com.google.android.gms\play-services-analytics\7.3.0\jars\classes.jar
java_class_path (initial): C:\Users\Slav\AppData\Local\Android\android-sdk\build-tools\22.0.1\lib\dx.jar
Launcher Type: SUN_STANDARD

Environment Variables:
JAVA_HOME=C:\Program Files\Java\jdk1.8.0_31
PATH=C:\Program Files (x86)\NVIDIA Corporation\PhysX\Common;c:\python27\scripts;c:\program files (x86)\intel\icls client\;c:\program files\intel\icls client\;c:\program files\common files\microsoft shared\windows live;c:\windows\system32;c:\windows;c:\windows\system32\wbem;c:\windows\system32\windowspowershell\v1.0\;c:\program files\intel\intel(r) management engine components\dal;c:\program files\intel\intel(r) management engine components\ipt;c:\program files (x86)\intel\intel(r) management engine components\dal;c:\program files (x86)\intel\intel(r) management engine components\ipt;c:\program files (x86)\intel\opencl sdk\3.0\bin\x86;c:\program files (x86)\intel\opencl sdk\3.0\bin\x64;c:\program files\authentec truesuite\x86\;c:\program files (x86)\common files\avid;c:\program files\common files\avid;c:\program files\microsoft sql server\110\tools\binn\;c:\python27;c:\program files (x86)\gtksharp\2.12\bin;c:\program files (x86)\windows kits\8.1\windows performance toolkit\;c:\program files (x86)\microsoft sdks\typescript\1.0\;c:\program files\microsoft sql server\120\tools\binn\;c:\gtk3\bin;c:\program files (x86)\nodejs\;c:\program files\java\jre7\bin;c:\program files (x86)\java\jdk1.7.0_71\bin;c:\program files\oracle\virtualbox;C:\Program Files (x86)\Skype\Phone\;C:\Program Files (x86)\Java\jdk1.7.0_25\bin;C:\Program Files\Common Files\Microsoft Shared\Windows Live;C:\Users\Slav\AppData\Roaming\npm
USERNAME=Slav
OS=Windows_NT
PROCESSOR_IDENTIFIER=Intel64 Family 6 Model 58 Stepping 9, GenuineIntel



---------------  S Y S T E M  ---------------

OS: Windows 8.1 , 64 bit Build 9600 

CPU:total 8 (4 cores per cpu, 2 threads per core) family 6 model 58 stepping 9, cmov, cx8, fxsr, mmx, sse, sse2, sse3, ssse3, sse4.1, sse4.2, popcnt, avx, aes, clmul, erms, ht, tsc, tscinvbit, tscinv

Memory: 4k page, physical 8277456k(1790156k free), swap 12471760k(5116k free)

vm_info: Java HotSpot(TM) 64-Bit Server VM (25.31-b07) for windows-amd64 JRE (1.8.0_31-b13), built on Dec 17 2014 21:00:28 by "java_re" with MS VC++ 10.0 (VS2010)

time: Wed Jul 22 23:47:31 2015
elapsed time: 41 seconds (0d 0h 0m 41s)

