#
# There is insufficient memory for the Java Runtime Environment to continue.
# Native memory allocation (malloc) failed to allocate 65552 bytes for Chunk::new
# Possible reasons:
#   The system is out of physical RAM or swap space
#   In 32 bit mode, the process size limit was hit
# Possible solutions:
#   Reduce memory load on the system
#   Increase physical memory or swap space
#   Check if swap backing store is full
#   Use 64 bit Java on a 64 bit OS
#   Decrease Java heap size (-Xmx/-Xms)
#   Decrease number of Java threads
#   Decrease Java thread stack sizes (-Xss)
#   Set larger code cache with -XX:ReservedCodeCacheSize=
# This output file may be truncated or incomplete.
#
#  Out of Memory Error (allocation.cpp:390), pid=7732, tid=844
#
# JRE version: Java(TM) SE Runtime Environment (8.0_31-b13) (build 1.8.0_31-b13)
# Java VM: Java HotSpot(TM) 64-Bit Server VM (25.31-b07 mixed mode windows-amd64 compressed oops)
# Failed to write core dump. Minidumps are not enabled by default on client versions of Windows
#

---------------  T H R E A D  ---------------

Current thread (0x0000000008826000):  JavaThread "C2 CompilerThread2" daemon [_thread_in_native, id=844, stack(0x0000000008fb0000,0x00000000090b0000)]

Stack: [0x0000000008fb0000,0x00000000090b0000]
Native frames: (J=compiled Java code, j=interpreted, Vv=VM code, C=native code)
V  [jvm.dll+0x3169ba]
V  [jvm.dll+0x2674c3]
V  [jvm.dll+0x268103]
V  [jvm.dll+0x25f8f5]
V  [jvm.dll+0xbf025]
V  [jvm.dll+0xbf4cc]
V  [jvm.dll+0xbf774]
V  [jvm.dll+0x4cfb00]
V  [jvm.dll+0x49f4c6]
V  [jvm.dll+0x453094]
V  [jvm.dll+0x454124]
V  [jvm.dll+0x437c62]
V  [jvm.dll+0x988e2]
V  [jvm.dll+0x990d3]
V  [jvm.dll+0x22c194]
V  [jvm.dll+0x28576a]
C  [msvcr100.dll+0x21d9f]
C  [msvcr100.dll+0x21e3b]
C  [KERNEL32.DLL+0x16ad]
C  [ntdll.dll+0x6eb64]


Current CompileTask:
C2:  11601 1613       4       com.android.dx.ssa.SsaBasicBlock::newFromRop (183 bytes)


---------------  P R O C E S S  ---------------

Java Threads: ( => current thread )
  0x0000000008858800 JavaThread "Service Thread" daemon [_thread_blocked, id=10100, stack(0x00000000091b0000,0x00000000092b0000)]
  0x000000000884e800 JavaThread "C1 CompilerThread3" daemon [_thread_blocked, id=5792, stack(0x00000000090b0000,0x00000000091b0000)]
=>0x0000000008826000 JavaThread "C2 CompilerThread2" daemon [_thread_in_native, id=844, stack(0x0000000008fb0000,0x00000000090b0000)]
  0x0000000008812800 JavaThread "C2 CompilerThread1" daemon [_thread_in_native, id=5408, stack(0x0000000008eb0000,0x0000000008fb0000)]
  0x00000000087d9000 JavaThread "C2 CompilerThread0" daemon [_thread_in_native, id=12908, stack(0x0000000008db0000,0x0000000008eb0000)]
  0x00000000087d6800 JavaThread "Attach Listener" daemon [_thread_blocked, id=8524, stack(0x0000000008cb0000,0x0000000008db0000)]
  0x000000000679e800 JavaThread "Signal Dispatcher" daemon [_thread_blocked, id=11832, stack(0x0000000008bb0000,0x0000000008cb0000)]
  0x0000000002c63000 JavaThread "Finalizer" daemon [_thread_blocked, id=12680, stack(0x0000000008690000,0x0000000008790000)]
  0x0000000002c62000 JavaThread "Reference Handler" daemon [_thread_blocked, id=13908, stack(0x0000000008590000,0x0000000008690000)]
  0x0000000002a6d800 JavaThread "main" [_thread_in_Java, id=10608, stack(0x0000000002a70000,0x0000000002b70000)]

Other Threads:
  0x0000000006788800 VMThread [stack: 0x0000000008490000,0x0000000008590000] [id=5140]
  0x0000000008859000 WatcherThread [stack: 0x00000000092b0000,0x00000000093b0000] [id=11188]

VM state:not at safepoint (normal execution)

VM Mutex/Monitor currently owned by a thread: None

Heap:
 PSYoungGen      total 38400K, used 36390K [0x00000000eab00000, 0x00000000ef600000, 0x0000000100000000)
  eden space 33280K, 94% used [0x00000000eab00000,0x00000000ec98fdc0,0x00000000ecb80000)
  from space 5120K, 99% used [0x00000000ecb80000,0x00000000ed079c98,0x00000000ed080000)
  to   space 5120K, 0% used [0x00000000ef100000,0x00000000ef100000,0x00000000ef600000)
 ParOldGen       total 87552K, used 1766K [0x00000000c0000000, 0x00000000c5580000, 0x00000000eab00000)
  object space 87552K, 2% used [0x00000000c0000000,0x00000000c01b9928,0x00000000c5580000)
 Metaspace       used 5824K, capacity 7024K, committed 7296K, reserved 1056768K
  class space    used 550K, capacity 616K, committed 640K, reserved 1048576K

Card table byte_map: [0x0000000003030000,0x0000000003240000] byte_map_base: 0x0000000002a30000

Marking Bits: (ParMarkBitMap*) 0x0000000050b3d4f0
 Begin Bits: [0x0000000003ba0000, 0x0000000004ba0000)
 End Bits:   [0x0000000004ba0000, 0x0000000005ba0000)

Polling page: 0x0000000000d70000

CodeCache: size=245760Kb used=7003Kb max_used=7003Kb free=238756Kb
 bounds [0x000000000f010000, 0x000000000f6f0000, 0x000000001e010000]
 total_blobs=1879 nmethods=1619 adapters=174
 compilation: enabled

Compilation events (10 events):
Event: 11.533 Thread 0x0000000008826000 1613       4       com.android.dx.ssa.SsaBasicBlock::newFromRop (183 bytes)
Event: 11.542 Thread 0x00000000087d9000 nmethod 1612 0x000000000f6c9950 code [0x000000000f6c9ac0, 0x000000000f6c9fe8]
Event: 11.543 Thread 0x00000000087d9000 1614       4       com.android.dx.ssa.SsaMethod::indexListFromLabelList (47 bytes)
Event: 11.545 Thread 0x000000000884e800 1616       3       com.android.dx.dex.code.OutputFinisher::<init> (48 bytes)
Event: 11.546 Thread 0x000000000884e800 nmethod 1616 0x000000000f6cb490 code [0x000000000f6cb600, 0x000000000f6cb8a8]
Event: 11.557 Thread 0x000000000884e800 1617       3       com.android.dx.cf.code.Simulator::<init> (66 bytes)
Event: 11.558 Thread 0x000000000884e800 nmethod 1617 0x000000000f6ca950 code [0x000000000f6cab00, 0x000000000f6cb218]
Event: 11.558 Thread 0x00000000087d9000 nmethod 1614 0x000000000f6e5650 code [0x000000000f6e57c0, 0x000000000f6e5f18]
Event: 11.558 Thread 0x00000000087d9000 1615 %     4       com.android.dx.ssa.SsaConverter::placePhiFunctions @ 131 (394 bytes)
Event: 11.569 Thread 0x000000000884e800 1618       3       com.android.dx.rop.type.Type::asUninitialized (140 bytes)

GC Heap History (2 events):
Event: 10.212 GC heap before
{Heap before GC invocations=1 (full 0):
 PSYoungGen      total 38400K, used 33280K [0x00000000eab00000, 0x00000000ed580000, 0x0000000100000000)
  eden space 33280K, 100% used [0x00000000eab00000,0x00000000ecb80000,0x00000000ecb80000)
  from space 5120K, 0% used [0x00000000ed080000,0x00000000ed080000,0x00000000ed580000)
  to   space 5120K, 0% used [0x00000000ecb80000,0x00000000ecb80000,0x00000000ed080000)
 ParOldGen       total 87552K, used 0K [0x00000000c0000000, 0x00000000c5580000, 0x00000000eab00000)
  object space 87552K, 0% used [0x00000000c0000000,0x00000000c0000000,0x00000000c5580000)
 Metaspace       used 5705K, capacity 6960K, committed 7040K, reserved 1056768K
  class space    used 550K, capacity 616K, committed 640K, reserved 1048576K
Event: 10.335 GC heap after
Heap after GC invocations=1 (full 0):
 PSYoungGen      total 38400K, used 5095K [0x00000000eab00000, 0x00000000ef600000, 0x0000000100000000)
  eden space 33280K, 0% used [0x00000000eab00000,0x00000000eab00000,0x00000000ecb80000)
  from space 5120K, 99% used [0x00000000ecb80000,0x00000000ed079c98,0x00000000ed080000)
  to   space 5120K, 0% used [0x00000000ef100000,0x00000000ef100000,0x00000000ef600000)
 ParOldGen       total 87552K, used 1766K [0x00000000c0000000, 0x00000000c5580000, 0x00000000eab00000)
  object space 87552K, 2% used [0x00000000c0000000,0x00000000c01b9928,0x00000000c5580000)
 Metaspace       used 5705K, capacity 6960K, committed 7040K, reserved 1056768K
  class space    used 550K, capacity 616K, committed 640K, reserved 1048576K
}

Deoptimization events (10 events):
Event: 9.006 Thread 0x0000000002a6d800 Uncommon trap: reason=unreached action=reinterpret pc=0x000000000f3ef5b0 method=com.android.dx.rop.code.RegisterSpec.equals(ILcom/android/dx/rop/type/TypeBearer;Lcom/android/dx/rop/code/LocalItem;)Z @ 24
Event: 9.637 Thread 0x0000000002a6d800 Uncommon trap: reason=unreached action=reinterpret pc=0x000000000f428528 method=com.android.dx.rop.code.RegisterSpec.equals(ILcom/android/dx/rop/type/TypeBearer;Lcom/android/dx/rop/code/LocalItem;)Z @ 24
Event: 9.703 Thread 0x0000000002a6d800 Uncommon trap: reason=null_check action=make_not_entrant pc=0x000000000f43dce0 method=com.android.dx.rop.type.Type.equals(Ljava/lang/Object;)Z @ 8
Event: 9.977 Thread 0x0000000002a6d800 Uncommon trap: reason=uninitialized action=reinterpret pc=0x000000000f525630 method=com.android.dx.cf.code.BytecodeArray.parseInstruction(ILcom/android/dx/cf/code/BytecodeArray$Visitor;)I @ 999
Event: 9.979 Thread 0x0000000002a6d800 Uncommon trap: reason=bimorphic action=maybe_recompile pc=0x000000000f2ce2b8 method=java.util.HashMap.getNode(ILjava/lang/Object;)Ljava/util/HashMap$Node; @ 126
Event: 9.979 Thread 0x0000000002a6d800 Uncommon trap: reason=bimorphic action=maybe_recompile pc=0x000000000f2ce2b8 method=java.util.HashMap.getNode(ILjava/lang/Object;)Ljava/util/HashMap$Node; @ 126
Event: 9.979 Thread 0x0000000002a6d800 Uncommon trap: reason=bimorphic action=maybe_recompile pc=0x000000000f2ce2b8 method=java.util.HashMap.getNode(ILjava/lang/Object;)Ljava/util/HashMap$Node; @ 126
Event: 9.979 Thread 0x0000000002a6d800 Uncommon trap: reason=bimorphic action=maybe_recompile pc=0x000000000f2ce2b8 method=java.util.HashMap.getNode(ILjava/lang/Object;)Ljava/util/HashMap$Node; @ 126
Event: 10.620 Thread 0x0000000002a6d800 Uncommon trap: reason=class_check action=maybe_recompile pc=0x000000000f5e9de0 method=com.android.dx.ssa.SCCP.simulateBranch(Lcom/android/dx/ssa/SsaInsn;)V @ 145
Event: 10.621 Thread 0x0000000002a6d800 Uncommon trap: reason=class_check action=maybe_recompile pc=0x000000000f5e9de0 method=com.android.dx.ssa.SCCP.simulateBranch(Lcom/android/dx/ssa/SsaInsn;)V @ 145

Internal exceptions (10 events):
Event: 8.018 Thread 0x0000000002a6d800 Exception <a 'java/security/PrivilegedActionException'> (0x00000000eb6c4618) thrown at [C:\workspace\8-2-build-windows-amd64-cygwin\jdk8u31\2394\hotspot\src\share\vm\prims\jvm.cpp, line 1312]
Event: 8.019 Thread 0x0000000002a6d800 Exception <a 'java/security/PrivilegedActionException'> (0x00000000eb6c8468) thrown at [C:\workspace\8-2-build-windows-amd64-cygwin\jdk8u31\2394\hotspot\src\share\vm\prims\jvm.cpp, line 1312]
Event: 8.019 Thread 0x0000000002a6d800 Exception <a 'java/security/PrivilegedActionException'> (0x00000000eb6caaa8) thrown at [C:\workspace\8-2-build-windows-amd64-cygwin\jdk8u31\2394\hotspot\src\share\vm\prims\jvm.cpp, line 1312]
Event: 8.281 Thread 0x0000000002a6d800 Exception <a 'java/security/PrivilegedActionException'> (0x00000000eb7ce840) thrown at [C:\workspace\8-2-build-windows-amd64-cygwin\jdk8u31\2394\hotspot\src\share\vm\prims\jvm.cpp, line 1312]
Event: 8.307 Thread 0x0000000002a6d800 Exception <a 'java/security/PrivilegedActionException'> (0x00000000eb82a018) thrown at [C:\workspace\8-2-build-windows-amd64-cygwin\jdk8u31\2394\hotspot\src\share\vm\prims\jvm.cpp, line 1312]
Event: 8.309 Thread 0x0000000002a6d800 Exception <a 'java/security/PrivilegedActionException'> (0x00000000eb834198) thrown at [C:\workspace\8-2-build-windows-amd64-cygwin\jdk8u31\2394\hotspot\src\share\vm\prims\jvm.cpp, line 1312]
Event: 8.309 Thread 0x0000000002a6d800 Exception <a 'java/security/PrivilegedActionException'> (0x00000000eb836780) thrown at [C:\workspace\8-2-build-windows-amd64-cygwin\jdk8u31\2394\hotspot\src\share\vm\prims\jvm.cpp, line 1312]
Event: 9.239 Thread 0x0000000002a6d800 Exception <a 'java/security/PrivilegedActionException'> (0x00000000ebced400) thrown at [C:\workspace\8-2-build-windows-amd64-cygwin\jdk8u31\2394\hotspot\src\share\vm\prims\jvm.cpp, line 1312]
Event: 9.703 Thread 0x0000000002a6d800 Implicit null exception at 0x000000000f43dbe2 to 0x000000000f43dcd2
Event: 9.830 Thread 0x0000000002a6d800 Exception <a 'java/security/PrivilegedActionException'> (0x00000000ec136408) thrown at [C:\workspace\8-2-build-windows-amd64-cygwin\jdk8u31\2394\hotspot\src\share\vm\prims\jvm.cpp, line 1312]

Events (10 events):
Event: 10.211 Thread 0x0000000002a6d800 DEOPT PACKING pc=0x000000000f396b25 sp=0x0000000002b6e6b0
Event: 10.211 Thread 0x0000000002a6d800 DEOPT UNPACKING pc=0x000000000f0575bf sp=0x0000000002b6e448 mode 0
Event: 10.212 Executing VM operation: ParallelGCFailedAllocation
Event: 10.335 Executing VM operation: ParallelGCFailedAllocation done
Event: 10.620 Thread 0x0000000002a6d800 Uncommon trap: trap_request=0xffffffde fr.pc=0x000000000f5e9de0
Event: 10.620 Thread 0x0000000002a6d800 DEOPT PACKING pc=0x000000000f5e9de0 sp=0x0000000002b6e7d0
Event: 10.621 Thread 0x0000000002a6d800 DEOPT UNPACKING pc=0x000000000f05556a sp=0x0000000002b6e7a8 mode 2
Event: 10.621 Thread 0x0000000002a6d800 Uncommon trap: trap_request=0xffffffde fr.pc=0x000000000f5e9de0
Event: 10.621 Thread 0x0000000002a6d800 DEOPT PACKING pc=0x000000000f5e9de0 sp=0x0000000002b6e7d0
Event: 10.621 Thread 0x0000000002a6d800 DEOPT UNPACKING pc=0x000000000f05556a sp=0x0000000002b6e7a8 mode 2


Dynamic libraries:
0x00007ff72eec0000 - 0x00007ff72eef4000 	C:\Program Files\Java\jdk1.8.0_31\bin\java.exe
0x00007ffbdbb70000 - 0x00007ffbdbd1c000 	C:\WINDOWS\SYSTEM32\ntdll.dll
0x00007ffbda0a0000 - 0x00007ffbda1da000 	C:\WINDOWS\system32\KERNEL32.DLL
0x00007ffbd91c0000 - 0x00007ffbd92cf000 	C:\WINDOWS\system32\KERNELBASE.dll
0x00007ffbd7a90000 - 0x00007ffbd7b18000 	C:\WINDOWS\system32\apphelp.dll
0x00007ffbc81b0000 - 0x00007ffbc81ff000 	C:\WINDOWS\AppPatch\AppPatch64\AcGenral.DLL
0x00007ffbd9480000 - 0x00007ffbd9527000 	C:\WINDOWS\system32\msvcrt.dll
0x00007ffbd8cb0000 - 0x00007ffbd8cdb000 	C:\WINDOWS\SYSTEM32\SspiCli.dll
0x00007ffbda500000 - 0x00007ffbda551000 	C:\WINDOWS\system32\SHLWAPI.dll
0x00007ffbda1e0000 - 0x00007ffbda351000 	C:\WINDOWS\system32\USER32.dll
0x00007ffbda380000 - 0x00007ffbda4f8000 	C:\WINDOWS\system32\ole32.dll
0x00007ffbda580000 - 0x00007ffbdb98f000 	C:\WINDOWS\system32\SHELL32.dll
0x00007ffbd86b0000 - 0x00007ffbd86ce000 	C:\WINDOWS\SYSTEM32\USERENV.dll
0x00007ffbd9ad0000 - 0x00007ffbd9b75000 	C:\WINDOWS\system32\ADVAPI32.dll
0x00007ffbcef10000 - 0x00007ffbcef2b000 	C:\WINDOWS\SYSTEM32\MPR.dll
0x00007ffbd9570000 - 0x00007ffbd96a7000 	C:\WINDOWS\system32\RPCRT4.dll
0x00007ffbd97f0000 - 0x00007ffbd9847000 	C:\WINDOWS\SYSTEM32\sechost.dll
0x00007ffbdb990000 - 0x00007ffbdbb66000 	C:\WINDOWS\SYSTEM32\combase.dll
0x00007ffbd9ef0000 - 0x00007ffbda034000 	C:\WINDOWS\system32\GDI32.dll
0x00007ffbd8ec0000 - 0x00007ffbd8ed4000 	C:\WINDOWS\SYSTEM32\profapi.dll
0x00007ffbd7740000 - 0x00007ffbd77df000 	C:\WINDOWS\SYSTEM32\SHCORE.dll
0x00007ffbd9530000 - 0x00007ffbd9564000 	C:\WINDOWS\system32\IMM32.DLL
0x00007ffbd96b0000 - 0x00007ffbd97e9000 	C:\WINDOWS\system32\MSCTF.dll
0x00007ffbd8e70000 - 0x00007ffbd8ea2000 	C:\Windows\system32\nvinitx.dll
0x00007ffbd8e60000 - 0x00007ffbd8e6a000 	C:\WINDOWS\SYSTEM32\VERSION.dll
0x000000000f000000 - 0x000000000f006000 	C:\Program Files\NVIDIA Corporation\CoProcManager\_etoured.dll
0x00007ffbd6ea0000 - 0x00007ffbd6ed2000 	C:\Program Files\NVIDIA Corporation\CoProcManager\nvd3d9wrapx.dll
0x00007ffbd9c90000 - 0x00007ffbd9e64000 	C:\WINDOWS\system32\SETUPAPI.dll
0x00007ffbd92d0000 - 0x00007ffbd931a000 	C:\WINDOWS\system32\CFGMGR32.dll
0x00007ffbd6ad0000 - 0x00007ffbd6af2000 	C:\Program Files\NVIDIA Corporation\CoProcManager\nvdxgiwrapx.dll
0x00007ffbd70d0000 - 0x00007ffbd732a000 	C:\WINDOWS\WinSxS\amd64_microsoft.windows.common-controls_6595b64144ccf1df_6.0.9600.17031_none_6242a4b3ecbb55a1\COMCTL32.dll
0x0000000077cf0000 - 0x0000000077dc2000 	C:\Program Files\Java\jdk1.8.0_31\jre\bin\msvcr100.dll
0x0000000050360000 - 0x0000000050bba000 	C:\Program Files\Java\jdk1.8.0_31\jre\bin\server\jvm.dll
0x00007ffbc1860000 - 0x00007ffbc1869000 	C:\WINDOWS\SYSTEM32\WSOCK32.dll
0x00007ffbd69c0000 - 0x00007ffbd69df000 	C:\WINDOWS\SYSTEM32\WINMM.dll
0x00007ffbd9ac0000 - 0x00007ffbd9ac7000 	C:\WINDOWS\system32\PSAPI.DLL
0x00007ffbd9e90000 - 0x00007ffbd9ee8000 	C:\WINDOWS\system32\WS2_32.dll
0x00007ffbd6980000 - 0x00007ffbd69aa000 	C:\WINDOWS\SYSTEM32\WINMMBASE.dll
0x00007ffbd93d0000 - 0x00007ffbd93d9000 	C:\WINDOWS\system32\NSI.dll
0x00007ffbd7d00000 - 0x00007ffbd7d26000 	C:\WINDOWS\SYSTEM32\DEVOBJ.dll
0x0000000050350000 - 0x000000005035f000 	C:\Program Files\Java\jdk1.8.0_31\jre\bin\verify.dll
0x0000000050320000 - 0x0000000050348000 	C:\Program Files\Java\jdk1.8.0_31\jre\bin\java.dll
0x0000000050300000 - 0x0000000050316000 	C:\Program Files\Java\jdk1.8.0_31\jre\bin\zip.dll
0x00007ffbd3970000 - 0x00007ffbd3af8000 	C:\WINDOWS\SYSTEM32\dbghelp.dll

VM Arguments:
jvm_args: -Xmx1024M -Dfile.encoding=windows-1251 -Duser.country=GB -Duser.language=en -Duser.variant 
java_command: com.android.dx.command.Main --dex --output C:\Users\Slav\AndroidStudioProjects\Peek\app\build\intermediates\pre-dexed\debug\classes-bf042303270ad900a404c2a4fcaf6ee09bc265e8.jar C:\Users\Slav\AndroidStudioProjects\Peek\app\build\intermediates\exploded-aar\com.google.android.gms\play-services-base\7.3.0\jars\classes.jar
java_class_path (initial): C:\Users\Slav\AppData\Local\Android\android-sdk\build-tools\22.0.1\lib\dx.jar
Launcher Type: SUN_STANDARD

Environment Variables:
JAVA_HOME=C:\Program Files\Java\jdk1.8.0_31
PATH=C:\Program Files (x86)\NVIDIA Corporation\PhysX\Common;c:\python27\scripts;c:\program files (x86)\intel\icls client\;c:\program files\intel\icls client\;c:\program files\common files\microsoft shared\windows live;c:\windows\system32;c:\windows;c:\windows\system32\wbem;c:\windows\system32\windowspowershell\v1.0\;c:\program files\intel\intel(r) management engine components\dal;c:\program files\intel\intel(r) management engine components\ipt;c:\program files (x86)\intel\intel(r) management engine components\dal;c:\program files (x86)\intel\intel(r) management engine components\ipt;c:\program files (x86)\intel\opencl sdk\3.0\bin\x86;c:\program files (x86)\intel\opencl sdk\3.0\bin\x64;c:\program files\authentec truesuite\x86\;c:\program files (x86)\common files\avid;c:\program files\common files\avid;c:\program files\microsoft sql server\110\tools\binn\;c:\python27;c:\program files (x86)\gtksharp\2.12\bin;c:\program files (x86)\windows kits\8.1\windows performance toolkit\;c:\program files (x86)\microsoft sdks\typescript\1.0\;c:\program files\microsoft sql server\120\tools\binn\;c:\gtk3\bin;c:\program files (x86)\nodejs\;c:\program files\java\jre7\bin;c:\program files (x86)\java\jdk1.7.0_71\bin;c:\program files\oracle\virtualbox;C:\Program Files (x86)\Skype\Phone\;C:\Program Files (x86)\Java\jdk1.7.0_25\bin;C:\Program Files\Common Files\Microsoft Shared\Windows Live;C:\Users\Slav\AppData\Roaming\npm
USERNAME=Slav
OS=Windows_NT
PROCESSOR_IDENTIFIER=Intel64 Family 6 Model 58 Stepping 9, GenuineIntel



---------------  S Y S T E M  ---------------

OS: Windows 8.1 , 64 bit Build 9600 

CPU:total 8 (4 cores per cpu, 2 threads per core) family 6 model 58 stepping 9, cmov, cx8, fxsr, mmx, sse, sse2, sse3, ssse3, sse4.1, sse4.2, popcnt, avx, aes, clmul, erms, ht, tsc, tscinvbit, tscinv

Memory: 4k page, physical 8277456k(1790192k free), swap 12471760k(2260k free)

vm_info: Java HotSpot(TM) 64-Bit Server VM (25.31-b07) for windows-amd64 JRE (1.8.0_31-b13), built on Dec 17 2014 21:00:28 by "java_re" with MS VC++ 10.0 (VS2010)

time: Wed Jul 22 23:47:31 2015
elapsed time: 11 seconds (0d 0h 0m 11s)

