#
# There is insufficient memory for the Java Runtime Environment to continue.
# Native memory allocation (malloc) failed to allocate 501056 bytes for Chunk::new
# Possible reasons:
#   The system is out of physical RAM or swap space
#   In 32 bit mode, the process size limit was hit
# Possible solutions:
#   Reduce memory load on the system
#   Increase physical memory or swap space
#   Check if swap backing store is full
#   Use 64 bit Java on a 64 bit OS
#   Decrease Java heap size (-Xmx/-Xms)
#   Decrease number of Java threads
#   Decrease Java thread stack sizes (-Xss)
#   Set larger code cache with -XX:ReservedCodeCacheSize=
# This output file may be truncated or incomplete.
#
#  Out of Memory Error (allocation.cpp:390), pid=7632, tid=1460
#
# JRE version: Java(TM) SE Runtime Environment (8.0_31-b13) (build 1.8.0_31-b13)
# Java VM: Java HotSpot(TM) 64-Bit Server VM (25.31-b07 mixed mode windows-amd64 compressed oops)
# Failed to write core dump. Minidumps are not enabled by default on client versions of Windows
#

---------------  T H R E A D  ---------------

Current thread (0x0000000007fe1800):  JavaThread "C2 CompilerThread2" daemon [_thread_in_native, id=1460, stack(0x0000000008760000,0x0000000008860000)]

Stack: [0x0000000008760000,0x0000000008860000]
Native frames: (J=compiled Java code, j=interpreted, Vv=VM code, C=native code)
V  [jvm.dll+0x3169ba]


Current CompileTask:
C2:   2596 1175       4       com.android.dx.ssa.SCCP::simulateStmt (481 bytes)


---------------  P R O C E S S  ---------------

Java Threads: ( => current thread )
  0x0000000007fec000 JavaThread "Service Thread" daemon [_thread_blocked, id=13256, stack(0x0000000008960000,0x0000000008a60000)]
  0x0000000007fe4800 JavaThread "C1 CompilerThread3" daemon [_thread_blocked, id=6856, stack(0x0000000008860000,0x0000000008960000)]
=>0x0000000007fe1800 JavaThread "C2 CompilerThread2" daemon [_thread_in_native, id=1460, stack(0x0000000008760000,0x0000000008860000)]
  0x0000000007fda800 JavaThread "C2 CompilerThread1" daemon [_thread_in_native, id=7496, stack(0x0000000008660000,0x0000000008760000)]
  0x0000000007f89000 JavaThread "C2 CompilerThread0" daemon [_thread_in_native, id=11740, stack(0x0000000008560000,0x0000000008660000)]
  0x0000000007f86800 JavaThread "Attach Listener" daemon [_thread_blocked, id=11568, stack(0x0000000008460000,0x0000000008560000)]
  0x0000000007f86000 JavaThread "Signal Dispatcher" daemon [_thread_blocked, id=8392, stack(0x0000000008360000,0x0000000008460000)]
  0x0000000002478800 JavaThread "Finalizer" daemon [_thread_blocked, id=9612, stack(0x0000000007e60000,0x0000000007f60000)]
  0x0000000002472000 JavaThread "Reference Handler" daemon [_thread_blocked, id=6216, stack(0x0000000007d60000,0x0000000007e60000)]
  0x000000000221d800 JavaThread "main" [_thread_in_Java, id=5424, stack(0x0000000002280000,0x0000000002380000)]

Other Threads:
  0x0000000005f98800 VMThread [stack: 0x0000000007c60000,0x0000000007d60000] [id=8692]
  0x0000000007fef000 WatcherThread [stack: 0x0000000008a60000,0x0000000008b60000] [id=12472]

VM state:not at safepoint (normal execution)

VM Mutex/Monitor currently owned by a thread: None

Heap:
 PSYoungGen      total 38400K, used 23310K [0x00000000eab00000, 0x00000000ed580000, 0x0000000100000000)
  eden space 33280K, 70% used [0x00000000eab00000,0x00000000ec1c3b18,0x00000000ecb80000)
  from space 5120K, 0% used [0x00000000ed080000,0x00000000ed080000,0x00000000ed580000)
  to   space 5120K, 0% used [0x00000000ecb80000,0x00000000ecb80000,0x00000000ed080000)
 ParOldGen       total 87552K, used 0K [0x00000000c0000000, 0x00000000c5580000, 0x00000000eab00000)
  object space 87552K, 0% used [0x00000000c0000000,0x00000000c0000000,0x00000000c5580000)
 Metaspace       used 5580K, capacity 6832K, committed 7040K, reserved 1056768K
  class space    used 549K, capacity 616K, committed 640K, reserved 1048576K

Card table byte_map: [0x0000000002840000,0x0000000002a50000] byte_map_base: 0x0000000002240000

Marking Bits: (ParMarkBitMap*) 0x000000005dced4f0
 Begin Bits: [0x00000000033b0000, 0x00000000043b0000)
 End Bits:   [0x00000000043b0000, 0x00000000053b0000)

Polling page: 0x0000000002180000

CodeCache: size=245760Kb used=4739Kb max_used=4739Kb free=241020Kb
 bounds [0x000000000f010000, 0x000000000f4c0000, 0x000000001e010000]
 total_blobs=1470 nmethods=1210 adapters=174
 compilation: enabled

Compilation events (10 events):
Event: 2.580 Thread 0x0000000007fe4800 1210       3       com.android.dx.dex.code.RopTranslator::pickOrder (400 bytes)
Event: 2.586 Thread 0x0000000007fe4800 nmethod 1210 0x000000000f4ae910 code [0x000000000f4aec40, 0x000000000f4b0d58]
Event: 2.589 Thread 0x0000000007fe4800 1211   !   3       java.util.zip.ZipFile$ZipFileInputStream::read (131 bytes)
Event: 2.591 Thread 0x0000000007fe4800 nmethod 1211 0x000000000f4b2010 code [0x000000000f4b21e0, 0x000000000f4b2a68]
Event: 2.591 Thread 0x0000000007fe4800 1212       3       java.util.zip.ZipFile::access$1300 (5 bytes)
Event: 2.591 Thread 0x0000000007fe4800 nmethod 1212 0x000000000f4b2fd0 code [0x000000000f4b3140, 0x000000000f4b33a8]
Event: 2.591 Thread 0x0000000007fe4800 1213       3       java.util.zip.ZipFile::ensureOpenOrZipException (18 bytes)
Event: 2.592 Thread 0x0000000007fe4800 nmethod 1213 0x000000000f4b34d0 code [0x000000000f4b3640, 0x000000000f4b3868]
Event: 2.592 Thread 0x0000000007fe4800 1214       3       java.util.zip.ZipFile::access$1400 (14 bytes)
Event: 2.592 Thread 0x0000000007fe4800 nmethod 1214 0x000000000f4b3950 code [0x000000000f4b3ac0, 0x000000000f4b3c28]

GC Heap History (0 events):
No events

Deoptimization events (10 events):
Event: 2.038 Thread 0x000000000221d800 Uncommon trap: reason=class_check action=maybe_recompile pc=0x000000000f2a8430 method=com.android.dx.ssa.NormalSsaInsn.accept(Lcom/android/dx/ssa/SsaInsn$Visitor;)V @ 9
Event: 2.038 Thread 0x000000000221d800 Uncommon trap: reason=class_check action=maybe_recompile pc=0x000000000f2a8430 method=com.android.dx.ssa.NormalSsaInsn.accept(Lcom/android/dx/ssa/SsaInsn$Visitor;)V @ 9
Event: 2.043 Thread 0x000000000221d800 Uncommon trap: reason=class_check action=maybe_recompile pc=0x000000000f3058ac method=com.android.dx.ssa.NormalSsaInsn.accept(Lcom/android/dx/ssa/SsaInsn$Visitor;)V @ 9
Event: 2.107 Thread 0x000000000221d800 Uncommon trap: reason=unreached action=reinterpret pc=0x000000000f33cec0 method=com.android.dx.rop.code.RegisterSpec.hashCodeOf(ILcom/android/dx/rop/type/TypeBearer;Lcom/android/dx/rop/code/LocalItem;)I @ 1
Event: 2.108 Thread 0x000000000221d800 Uncommon trap: reason=null_assert action=make_not_entrant pc=0x000000000f228890 method=com.android.dx.rop.code.RegisterSpec$ForComparison.equals(Ljava/lang/Object;)Z @ 27
Event: 2.282 Thread 0x000000000221d800 Uncommon trap: reason=unreached action=reinterpret pc=0x000000000f39ce8c method=java.util.HashMap.putVal(ILjava/lang/Object;Ljava/lang/Object;ZZ)Ljava/lang/Object; @ 193
Event: 2.357 Thread 0x000000000221d800 Uncommon trap: reason=unreached action=reinterpret pc=0x000000000f3e6c70 method=com.android.dx.rop.code.RegisterSpec.equals(ILcom/android/dx/rop/type/TypeBearer;Lcom/android/dx/rop/code/LocalItem;)Z @ 24
Event: 2.452 Thread 0x000000000221d800 Uncommon trap: reason=unreached action=reinterpret pc=0x000000000f35e5b0 method=com.android.dx.rop.code.RegisterSpec.equals(ILcom/android/dx/rop/type/TypeBearer;Lcom/android/dx/rop/code/LocalItem;)Z @ 24
Event: 2.452 Thread 0x000000000221d800 Uncommon trap: reason=unreached action=reinterpret pc=0x000000000f33f9d0 method=com.android.dx.rop.code.RegisterSpec.equals(ILcom/android/dx/rop/type/TypeBearer;Lcom/android/dx/rop/code/LocalItem;)Z @ 24
Event: 2.573 Thread 0x000000000221d800 Uncommon trap: reason=null_check action=make_not_entrant pc=0x000000000f44e1e0 method=com.android.dx.rop.type.Type.equals(Ljava/lang/Object;)Z @ 8

Internal exceptions (10 events):
Event: 2.100 Thread 0x000000000221d800 Exception <a 'java/security/PrivilegedActionException'> (0x00000000eb764ff0) thrown at [C:\workspace\8-2-build-windows-amd64-cygwin\jdk8u31\2394\hotspot\src\share\vm\prims\jvm.cpp, line 1312]
Event: 2.101 Thread 0x000000000221d800 Exception <a 'java/security/PrivilegedActionException'> (0x00000000eb768460) thrown at [C:\workspace\8-2-build-windows-amd64-cygwin\jdk8u31\2394\hotspot\src\share\vm\prims\jvm.cpp, line 1312]
Event: 2.102 Thread 0x000000000221d800 Exception <a 'java/security/PrivilegedActionException'> (0x00000000eb76c2b0) thrown at [C:\workspace\8-2-build-windows-amd64-cygwin\jdk8u31\2394\hotspot\src\share\vm\prims\jvm.cpp, line 1312]
Event: 2.102 Thread 0x000000000221d800 Exception <a 'java/security/PrivilegedActionException'> (0x00000000eb76e8f0) thrown at [C:\workspace\8-2-build-windows-amd64-cygwin\jdk8u31\2394\hotspot\src\share\vm\prims\jvm.cpp, line 1312]
Event: 2.164 Thread 0x000000000221d800 Exception <a 'java/security/PrivilegedActionException'> (0x00000000eb872778) thrown at [C:\workspace\8-2-build-windows-amd64-cygwin\jdk8u31\2394\hotspot\src\share\vm\prims\jvm.cpp, line 1312]
Event: 2.200 Thread 0x000000000221d800 Exception <a 'java/security/PrivilegedActionException'> (0x00000000eb8cdf08) thrown at [C:\workspace\8-2-build-windows-amd64-cygwin\jdk8u31\2394\hotspot\src\share\vm\prims\jvm.cpp, line 1312]
Event: 2.202 Thread 0x000000000221d800 Exception <a 'java/security/PrivilegedActionException'> (0x00000000eb8d8088) thrown at [C:\workspace\8-2-build-windows-amd64-cygwin\jdk8u31\2394\hotspot\src\share\vm\prims\jvm.cpp, line 1312]
Event: 2.202 Thread 0x000000000221d800 Exception <a 'java/security/PrivilegedActionException'> (0x00000000eb8da670) thrown at [C:\workspace\8-2-build-windows-amd64-cygwin\jdk8u31\2394\hotspot\src\share\vm\prims\jvm.cpp, line 1312]
Event: 2.434 Thread 0x000000000221d800 Exception <a 'java/security/PrivilegedActionException'> (0x00000000ebd92068) thrown at [C:\workspace\8-2-build-windows-amd64-cygwin\jdk8u31\2394\hotspot\src\share\vm\prims\jvm.cpp, line 1312]
Event: 2.573 Thread 0x000000000221d800 Implicit null exception at 0x000000000f44e0e2 to 0x000000000f44e1d2

Events (10 events):
Event: 2.452 Thread 0x000000000221d800 DEOPT PACKING pc=0x000000000f35e5b0 sp=0x000000000237eab0
Event: 2.452 Thread 0x000000000221d800 DEOPT UNPACKING pc=0x000000000f05556a sp=0x000000000237e8e8 mode 2
Event: 2.452 Thread 0x000000000221d800 Uncommon trap: trap_request=0xffffffad fr.pc=0x000000000f33f9d0
Event: 2.452 Thread 0x000000000221d800 DEOPT PACKING pc=0x000000000f33f9d0 sp=0x000000000237e9a0
Event: 2.452 Thread 0x000000000221d800 DEOPT UNPACKING pc=0x000000000f05556a sp=0x000000000237e930 mode 2
Event: 2.498 Executing VM operation: ForceSafepoint
Event: 2.498 Executing VM operation: ForceSafepoint done
Event: 2.573 Thread 0x000000000221d800 Uncommon trap: trap_request=0xfffffff4 fr.pc=0x000000000f44e1e0
Event: 2.573 Thread 0x000000000221d800 DEOPT PACKING pc=0x000000000f44e1e0 sp=0x000000000237e680
Event: 2.573 Thread 0x000000000221d800 DEOPT UNPACKING pc=0x000000000f05556a sp=0x000000000237e608 mode 2


Dynamic libraries:
0x00007ff619580000 - 0x00007ff6195b4000 	C:\Program Files\Java\jdk1.8.0_31\bin\java.exe
0x00007ff8f8560000 - 0x00007ff8f870c000 	C:\WINDOWS\SYSTEM32\ntdll.dll
0x00007ff8f8420000 - 0x00007ff8f855a000 	C:\WINDOWS\system32\KERNEL32.DLL
0x00007ff8f5b60000 - 0x00007ff8f5c6f000 	C:\WINDOWS\system32\KERNELBASE.dll
0x00007ff8f3a50000 - 0x00007ff8f3ad8000 	C:\WINDOWS\system32\apphelp.dll
0x00007ff8e8940000 - 0x00007ff8e898f000 	C:\WINDOWS\AppPatch\AppPatch64\AcGenral.DLL
0x00007ff8f6940000 - 0x00007ff8f69e7000 	C:\WINDOWS\system32\msvcrt.dll
0x00007ff8f56a0000 - 0x00007ff8f56cb000 	C:\WINDOWS\SYSTEM32\SspiCli.dll
0x00007ff8f5e00000 - 0x00007ff8f5e51000 	C:\WINDOWS\system32\SHLWAPI.dll
0x00007ff8f5fa0000 - 0x00007ff8f6111000 	C:\WINDOWS\system32\USER32.dll
0x00007ff8f6760000 - 0x00007ff8f68d8000 	C:\WINDOWS\system32\ole32.dll
0x00007ff8f6aa0000 - 0x00007ff8f7eaf000 	C:\WINDOWS\system32\SHELL32.dll
0x00007ff8f4aa0000 - 0x00007ff8f4abe000 	C:\WINDOWS\SYSTEM32\USERENV.dll
0x00007ff8f66b0000 - 0x00007ff8f6755000 	C:\WINDOWS\system32\ADVAPI32.dll
0x00007ff8e06d0000 - 0x00007ff8e06eb000 	C:\WINDOWS\SYSTEM32\MPR.dll
0x00007ff8f5e60000 - 0x00007ff8f5f97000 	C:\WINDOWS\system32\RPCRT4.dll
0x00007ff8f68e0000 - 0x00007ff8f6937000 	C:\WINDOWS\SYSTEM32\sechost.dll
0x00007ff8f6120000 - 0x00007ff8f62f6000 	C:\WINDOWS\SYSTEM32\combase.dll
0x00007ff8f7eb0000 - 0x00007ff8f7ff4000 	C:\WINDOWS\system32\GDI32.dll
0x00007ff8f58b0000 - 0x00007ff8f58c4000 	C:\WINDOWS\SYSTEM32\profapi.dll
0x00007ff8f4ca0000 - 0x00007ff8f4d3f000 	C:\WINDOWS\SYSTEM32\SHCORE.dll
0x00007ff8f6a50000 - 0x00007ff8f6a84000 	C:\WINDOWS\system32\IMM32.DLL
0x00007ff8f82e0000 - 0x00007ff8f8419000 	C:\WINDOWS\system32\MSCTF.dll
0x00007ff8f5860000 - 0x00007ff8f5892000 	C:\Windows\system32\nvinitx.dll
0x00007ff8f5850000 - 0x00007ff8f585a000 	C:\WINDOWS\SYSTEM32\VERSION.dll
0x000000000f000000 - 0x000000000f006000 	C:\Program Files\NVIDIA Corporation\CoProcManager\_etoured.dll
0x00007ff8f3750000 - 0x00007ff8f3782000 	C:\Program Files\NVIDIA Corporation\CoProcManager\nvd3d9wrapx.dll
0x00007ff8f80a0000 - 0x00007ff8f8274000 	C:\WINDOWS\system32\SETUPAPI.dll
0x00007ff8f5d70000 - 0x00007ff8f5dba000 	C:\WINDOWS\system32\CFGMGR32.dll
0x00007ff8f3720000 - 0x00007ff8f3742000 	C:\Program Files\NVIDIA Corporation\CoProcManager\nvdxgiwrapx.dll
0x00007ff8f5320000 - 0x00007ff8f557a000 	C:\WINDOWS\WinSxS\amd64_microsoft.windows.common-controls_6595b64144ccf1df_6.0.9600.17031_none_6242a4b3ecbb55a1\COMCTL32.dll
0x000000005d1a0000 - 0x000000005d272000 	C:\Program Files\Java\jdk1.8.0_31\jre\bin\msvcr100.dll
0x000000005d510000 - 0x000000005dd6a000 	C:\Program Files\Java\jdk1.8.0_31\jre\bin\server\jvm.dll
0x00007ff8e9200000 - 0x00007ff8e9209000 	C:\WINDOWS\SYSTEM32\WSOCK32.dll
0x00007ff8f1850000 - 0x00007ff8f186f000 	C:\WINDOWS\SYSTEM32\WINMM.dll
0x00007ff8f6310000 - 0x00007ff8f6317000 	C:\WINDOWS\system32\PSAPI.DLL
0x00007ff8f8280000 - 0x00007ff8f82d8000 	C:\WINDOWS\system32\WS2_32.dll
0x00007ff8f1810000 - 0x00007ff8f183a000 	C:\WINDOWS\SYSTEM32\WINMMBASE.dll
0x00007ff8f6a90000 - 0x00007ff8f6a99000 	C:\WINDOWS\system32\NSI.dll
0x00007ff8f3cb0000 - 0x00007ff8f3cd6000 	C:\WINDOWS\SYSTEM32\DEVOBJ.dll
0x000000005f3d0000 - 0x000000005f3df000 	C:\Program Files\Java\jdk1.8.0_31\jre\bin\verify.dll
0x000000005f3a0000 - 0x000000005f3c8000 	C:\Program Files\Java\jdk1.8.0_31\jre\bin\java.dll
0x000000005f380000 - 0x000000005f396000 	C:\Program Files\Java\jdk1.8.0_31\jre\bin\zip.dll

VM Arguments:
jvm_args: -Xmx1024M -Dfile.encoding=windows-1251 -Duser.country=GB -Duser.language=en -Duser.variant 
java_command: com.android.dx.command.Main --dex --output C:\Users\Slav\AndroidStudioProjects\Peek\app\build\intermediates\pre-dexed\debug\classes-bf042303270ad900a404c2a4fcaf6ee09bc265e8.jar C:\Users\Slav\AndroidStudioProjects\Peek\app\build\intermediates\exploded-aar\com.google.android.gms\play-services-base\7.3.0\jars\classes.jar
java_class_path (initial): C:\Users\Slav\AppData\Local\Android\android-sdk\build-tools\22.0.1\lib\dx.jar
Launcher Type: SUN_STANDARD

Environment Variables:
JAVA_HOME=C:\Program Files\Java\jdk1.8.0_31
PATH=C:\Program Files (x86)\NVIDIA Corporation\PhysX\Common;c:\python27\scripts;c:\program files (x86)\intel\icls client\;c:\program files\intel\icls client\;c:\program files\common files\microsoft shared\windows live;c:\windows\system32;c:\windows;c:\windows\system32\wbem;c:\windows\system32\windowspowershell\v1.0\;c:\program files\intel\intel(r) management engine components\dal;c:\program files\intel\intel(r) management engine components\ipt;c:\program files (x86)\intel\intel(r) management engine components\dal;c:\program files (x86)\intel\intel(r) management engine components\ipt;c:\program files (x86)\intel\opencl sdk\3.0\bin\x86;c:\program files (x86)\intel\opencl sdk\3.0\bin\x64;c:\program files\authentec truesuite\x86\;c:\program files (x86)\common files\avid;c:\program files\common files\avid;c:\program files\microsoft sql server\110\tools\binn\;c:\python27;c:\program files (x86)\gtksharp\2.12\bin;c:\program files (x86)\windows kits\8.1\windows performance toolkit\;c:\program files (x86)\microsoft sdks\typescript\1.0\;c:\program files\microsoft sql server\120\tools\binn\;c:\gtk3\bin;c:\program files (x86)\nodejs\;c:\program files\java\jre7\bin;c:\program files (x86)\java\jdk1.7.0_71\bin;c:\program files\oracle\virtualbox;C:\Program Files (x86)\Skype\Phone\;C:\Program Files (x86)\Java\jdk1.7.0_25\bin;C:\Program Files\Common Files\Microsoft Shared\Windows Live;C:\Users\Slav\AppData\Roaming\npm
USERNAME=Slav
OS=Windows_NT
PROCESSOR_IDENTIFIER=Intel64 Family 6 Model 58 Stepping 9, GenuineIntel



---------------  S Y S T E M  ---------------

OS: Windows 8.1 , 64 bit Build 9600 

CPU:total 8 (4 cores per cpu, 2 threads per core) family 6 model 58 stepping 9, cmov, cx8, fxsr, mmx, sse, sse2, sse3, ssse3, sse4.1, sse4.2, popcnt, avx, aes, clmul, erms, ht, tsc, tscinvbit, tscinv

Memory: 4k page, physical 8277456k(876576k free), swap 18057516k(5128k free)

vm_info: Java HotSpot(TM) 64-Bit Server VM (25.31-b07) for windows-amd64 JRE (1.8.0_31-b13), built on Dec 17 2014 21:00:28 by "java_re" with MS VC++ 10.0 (VS2010)

time: Tue Jun 02 13:27:42 2015
elapsed time: 2 seconds (0d 0h 0m 2s)

