#
# There is insufficient memory for the Java Runtime Environment to continue.
# Native memory allocation (malloc) failed to allocate 212816 bytes for Chunk::new
# Possible reasons:
#   The system is out of physical RAM or swap space
#   In 32 bit mode, the process size limit was hit
# Possible solutions:
#   Reduce memory load on the system
#   Increase physical memory or swap space
#   Check if swap backing store is full
#   Use 64 bit Java on a 64 bit OS
#   Decrease Java heap size (-Xmx/-Xms)
#   Decrease number of Java threads
#   Decrease Java thread stack sizes (-Xss)
#   Set larger code cache with -XX:ReservedCodeCacheSize=
# This output file may be truncated or incomplete.
#
#  Out of Memory Error (allocation.cpp:390), pid=10536, tid=7500
#
# JRE version: Java(TM) SE Runtime Environment (8.0_31-b13) (build 1.8.0_31-b13)
# Java VM: Java HotSpot(TM) 64-Bit Server VM (25.31-b07 mixed mode windows-amd64 compressed oops)
# Failed to write core dump. Minidumps are not enabled by default on client versions of Windows
#

---------------  T H R E A D  ---------------

Current thread (0x00000000087b1000):  JavaThread "C2 CompilerThread1" daemon [_thread_in_native, id=7500, stack(0x0000000008e40000,0x0000000008f40000)]

Stack: [0x0000000008e40000,0x0000000008f40000]
Native frames: (J=compiled Java code, j=interpreted, Vv=VM code, C=native code)
V  [jvm.dll+0x3169ba]
V  [jvm.dll+0x2674c3]
V  [jvm.dll+0x268103]
V  [jvm.dll+0x25f8f5]
V  [jvm.dll+0xbf025]
V  [jvm.dll+0xbf4cc]
V  [jvm.dll+0x45df82]
V  [jvm.dll+0x49f21f]
V  [jvm.dll+0x452f28]
V  [jvm.dll+0x454124]
V  [jvm.dll+0x437c62]
V  [jvm.dll+0x988e2]
V  [jvm.dll+0x990d3]
V  [jvm.dll+0x22c194]
V  [jvm.dll+0x28576a]
C  [msvcr100.dll+0x21d9f]
C  [msvcr100.dll+0x21e3b]
C  [KERNEL32.DLL+0x16ad]
C  [ntdll.dll+0x6eb64]


Current CompileTask:
C2:   2697 1168       4       com.android.dx.rop.code.RopMethod::calcPredecessors (227 bytes)


---------------  P R O C E S S  ---------------

Java Threads: ( => current thread )
  0x00000000087c6800 JavaThread "Service Thread" daemon [_thread_blocked, id=10552, stack(0x0000000009140000,0x0000000009240000)]
  0x00000000087bf800 JavaThread "C1 CompilerThread3" daemon [_thread_blocked, id=7428, stack(0x0000000009040000,0x0000000009140000)]
  0x00000000087bd000 JavaThread "C2 CompilerThread2" daemon [_thread_in_native, id=7184, stack(0x0000000008f40000,0x0000000009040000)]
=>0x00000000087b1000 JavaThread "C2 CompilerThread1" daemon [_thread_in_native, id=7500, stack(0x0000000008e40000,0x0000000008f40000)]
  0x0000000008768000 JavaThread "C2 CompilerThread0" daemon [_thread_blocked, id=9220, stack(0x0000000008d40000,0x0000000008e40000)]
  0x0000000008765800 JavaThread "Attach Listener" daemon [_thread_blocked, id=8448, stack(0x0000000008c40000,0x0000000008d40000)]
  0x000000000675e000 JavaThread "Signal Dispatcher" daemon [_thread_blocked, id=9148, stack(0x0000000008b40000,0x0000000008c40000)]
  0x0000000002bb8800 JavaThread "Finalizer" daemon [_thread_blocked, id=6400, stack(0x0000000008620000,0x0000000008720000)]
  0x0000000002bb2000 JavaThread "Reference Handler" daemon [_thread_blocked, id=9800, stack(0x0000000008520000,0x0000000008620000)]
  0x0000000002d8d800 JavaThread "main" [_thread_in_Java, id=6172, stack(0x0000000000e80000,0x0000000000f80000)]

Other Threads:
  0x0000000006748800 VMThread [stack: 0x0000000008420000,0x0000000008520000] [id=11288]
  0x00000000087c7800 WatcherThread [stack: 0x0000000009240000,0x0000000009340000] [id=7968]

VM state:not at safepoint (normal execution)

VM Mutex/Monitor currently owned by a thread: None

Heap:
 PSYoungGen      total 38400K, used 21604K [0x00000000eab00000, 0x00000000ed580000, 0x0000000100000000)
  eden space 33280K, 64% used [0x00000000eab00000,0x00000000ec019158,0x00000000ecb80000)
  from space 5120K, 0% used [0x00000000ed080000,0x00000000ed080000,0x00000000ed580000)
  to   space 5120K, 0% used [0x00000000ecb80000,0x00000000ecb80000,0x00000000ed080000)
 ParOldGen       total 87552K, used 0K [0x00000000c0000000, 0x00000000c5580000, 0x00000000eab00000)
  object space 87552K, 0% used [0x00000000c0000000,0x00000000c0000000,0x00000000c5580000)
 Metaspace       used 5612K, capacity 6896K, committed 7040K, reserved 1056768K
  class space    used 555K, capacity 616K, committed 640K, reserved 1048576K

Card table byte_map: [0x0000000003150000,0x0000000003360000] byte_map_base: 0x0000000002b50000

Marking Bits: (ParMarkBitMap*) 0x000000005dced4f0
 Begin Bits: [0x0000000003b60000, 0x0000000004b60000)
 End Bits:   [0x0000000004b60000, 0x0000000005b60000)

Polling page: 0x0000000000d70000

CodeCache: size=245760Kb used=4608Kb max_used=4612Kb free=241151Kb
 bounds [0x000000000f010000, 0x000000000f4a0000, 0x000000001e010000]
 total_blobs=1428 nmethods=1168 adapters=174
 compilation: enabled

Compilation events (10 events):
Event: 2.645 Thread 0x00000000087bf800 nmethod 1163 0x000000000f4880d0 code [0x000000000f4886c0, 0x000000000f48c7d8]
Event: 2.645 Thread 0x00000000087bf800 1166       3       com.android.dx.cf.code.BaseMachine::popArgs (127 bytes)
Event: 2.646 Thread 0x00000000087b1000 nmethod 1165 0x000000000f484bd0 code [0x000000000f484d20, 0x000000000f484f58]
Event: 2.646 Thread 0x00000000087b1000 1168       4       com.android.dx.rop.code.RopMethod::calcPredecessors (227 bytes)
Event: 2.647 Thread 0x00000000087bf800 nmethod 1166 0x000000000f485910 code [0x000000000f485c00, 0x000000000f487508]
Event: 2.647 Thread 0x00000000087bf800 1169   !   3       com.android.dx.cf.code.Ropper::doit (126 bytes)
Event: 2.650 Thread 0x00000000087bf800 nmethod 1169 0x000000000f493210 code [0x000000000f493500, 0x000000000f494938]
Event: 2.650 Thread 0x0000000008768000 nmethod 1167 0x000000000f4845d0 code [0x000000000f484720, 0x000000000f484978]
Event: 2.650 Thread 0x00000000087bf800 1170       3       com.android.dx.ssa.back.SsaToRop::removePhiFunctions (83 bytes)
Event: 2.653 Thread 0x00000000087bf800 nmethod 1170 0x000000000f4910d0 code [0x000000000f4913a0, 0x000000000f492728]

GC Heap History (0 events):
No events

Deoptimization events (4 events):
Event: 1.847 Thread 0x0000000002d8d800 Uncommon trap: reason=class_check action=maybe_recompile pc=0x000000000f28dfb0 method=com.android.dx.ssa.NormalSsaInsn.accept(Lcom/android/dx/ssa/SsaInsn$Visitor;)V @ 9
Event: 1.847 Thread 0x0000000002d8d800 Uncommon trap: reason=class_check action=maybe_recompile pc=0x000000000f28dfb0 method=com.android.dx.ssa.NormalSsaInsn.accept(Lcom/android/dx/ssa/SsaInsn$Visitor;)V @ 9
Event: 1.848 Thread 0x0000000002d8d800 Uncommon trap: reason=class_check action=maybe_recompile pc=0x000000000f28dfb0 method=com.android.dx.ssa.NormalSsaInsn.accept(Lcom/android/dx/ssa/SsaInsn$Visitor;)V @ 9
Event: 1.848 Thread 0x0000000002d8d800 Uncommon trap: reason=class_check action=maybe_recompile pc=0x000000000f28dfb0 method=com.android.dx.ssa.NormalSsaInsn.accept(Lcom/android/dx/ssa/SsaInsn$Visitor;)V @ 9

Internal exceptions (10 events):
Event: 1.682 Thread 0x0000000002d8d800 Exception <a 'java/security/PrivilegedActionException'> (0x00000000eb4a5178) thrown at [C:\workspace\8-2-build-windows-amd64-cygwin\jdk8u31\2394\hotspot\src\share\vm\prims\jvm.cpp, line 1312]
Event: 1.683 Thread 0x0000000002d8d800 Exception <a 'java/security/PrivilegedActionException'> (0x00000000eb4a9410) thrown at [C:\workspace\8-2-build-windows-amd64-cygwin\jdk8u31\2394\hotspot\src\share\vm\prims\jvm.cpp, line 1312]
Event: 1.684 Thread 0x0000000002d8d800 Exception <a 'java/security/PrivilegedActionException'> (0x00000000eb4aeee8) thrown at [C:\workspace\8-2-build-windows-amd64-cygwin\jdk8u31\2394\hotspot\src\share\vm\prims\jvm.cpp, line 1312]
Event: 1.685 Thread 0x0000000002d8d800 Exception <a 'java/security/PrivilegedActionException'> (0x00000000eb4b4778) thrown at [C:\workspace\8-2-build-windows-amd64-cygwin\jdk8u31\2394\hotspot\src\share\vm\prims\jvm.cpp, line 1312]
Event: 1.687 Thread 0x0000000002d8d800 Exception <a 'java/security/PrivilegedActionException'> (0x00000000eb4b98c8) thrown at [C:\workspace\8-2-build-windows-amd64-cygwin\jdk8u31\2394\hotspot\src\share\vm\prims\jvm.cpp, line 1312]
Event: 1.756 Thread 0x0000000002d8d800 Exception <a 'java/security/PrivilegedActionException'> (0x00000000eb53dfc8) thrown at [C:\workspace\8-2-build-windows-amd64-cygwin\jdk8u31\2394\hotspot\src\share\vm\prims\jvm.cpp, line 1312]
Event: 1.908 Thread 0x0000000002d8d800 Exception <a 'java/security/PrivilegedActionException'> (0x00000000eb638f20) thrown at [C:\workspace\8-2-build-windows-amd64-cygwin\jdk8u31\2394\hotspot\src\share\vm\prims\jvm.cpp, line 1312]
Event: 1.931 Thread 0x0000000002d8d800 Exception <a 'java/security/PrivilegedActionException'> (0x00000000eb689ce8) thrown at [C:\workspace\8-2-build-windows-amd64-cygwin\jdk8u31\2394\hotspot\src\share\vm\prims\jvm.cpp, line 1312]
Event: 1.934 Thread 0x0000000002d8d800 Exception <a 'java/security/PrivilegedActionException'> (0x00000000eb695dd8) thrown at [C:\workspace\8-2-build-windows-amd64-cygwin\jdk8u31\2394\hotspot\src\share\vm\prims\jvm.cpp, line 1312]
Event: 2.417 Thread 0x0000000002d8d800 Exception <a 'java/security/PrivilegedActionException'> (0x00000000ebce53e0) thrown at [C:\workspace\8-2-build-windows-amd64-cygwin\jdk8u31\2394\hotspot\src\share\vm\prims\jvm.cpp, line 1312]

Events (10 events):
Event: 1.908 loading class com/android/dx/cf/attrib/AttEnclosingMethod
Event: 1.908 loading class com/android/dx/cf/attrib/AttEnclosingMethod done
Event: 1.931 loading class com/android/dx/cf/attrib/AttSignature
Event: 1.931 loading class com/android/dx/cf/attrib/AttSignature done
Event: 1.934 loading class com/android/dx/dex/file/FieldAnnotationStruct
Event: 1.934 loading class com/android/dx/dex/file/FieldAnnotationStruct done
Event: 2.193 Executing VM operation: ForceSafepoint
Event: 2.193 Executing VM operation: ForceSafepoint done
Event: 2.417 loading class com/android/dx/cf/code/SwitchList
Event: 2.417 loading class com/android/dx/cf/code/SwitchList done


Dynamic libraries:
0x00007ff619580000 - 0x00007ff6195b4000 	C:\Program Files\Java\jdk1.8.0_31\bin\java.exe
0x00007ff8f8560000 - 0x00007ff8f870c000 	C:\WINDOWS\SYSTEM32\ntdll.dll
0x00007ff8f8420000 - 0x00007ff8f855a000 	C:\WINDOWS\system32\KERNEL32.DLL
0x00007ff8f5b60000 - 0x00007ff8f5c6f000 	C:\WINDOWS\system32\KERNELBASE.dll
0x00007ff8f3a50000 - 0x00007ff8f3ad8000 	C:\WINDOWS\system32\apphelp.dll
0x00007ff8e8a00000 - 0x00007ff8e8a4f000 	C:\WINDOWS\AppPatch\AppPatch64\AcGenral.DLL
0x00007ff8f6940000 - 0x00007ff8f69e7000 	C:\WINDOWS\system32\msvcrt.dll
0x00007ff8f56a0000 - 0x00007ff8f56cb000 	C:\WINDOWS\SYSTEM32\SspiCli.dll
0x00007ff8f5e00000 - 0x00007ff8f5e51000 	C:\WINDOWS\system32\SHLWAPI.dll
0x00007ff8f5fa0000 - 0x00007ff8f6111000 	C:\WINDOWS\system32\USER32.dll
0x00007ff8f6760000 - 0x00007ff8f68d8000 	C:\WINDOWS\system32\ole32.dll
0x00007ff8f6aa0000 - 0x00007ff8f7eaf000 	C:\WINDOWS\system32\SHELL32.dll
0x00007ff8f4aa0000 - 0x00007ff8f4abe000 	C:\WINDOWS\SYSTEM32\USERENV.dll
0x00007ff8f66b0000 - 0x00007ff8f6755000 	C:\WINDOWS\system32\ADVAPI32.dll
0x00007ff8e06d0000 - 0x00007ff8e06eb000 	C:\WINDOWS\SYSTEM32\MPR.dll
0x00007ff8f5e60000 - 0x00007ff8f5f97000 	C:\WINDOWS\system32\RPCRT4.dll
0x00007ff8f68e0000 - 0x00007ff8f6937000 	C:\WINDOWS\SYSTEM32\sechost.dll
0x00007ff8f6120000 - 0x00007ff8f62f6000 	C:\WINDOWS\SYSTEM32\combase.dll
0x00007ff8f7eb0000 - 0x00007ff8f7ff4000 	C:\WINDOWS\system32\GDI32.dll
0x00007ff8f58b0000 - 0x00007ff8f58c4000 	C:\WINDOWS\SYSTEM32\profapi.dll
0x00007ff8f4ca0000 - 0x00007ff8f4d3f000 	C:\WINDOWS\SYSTEM32\SHCORE.dll
0x00007ff8f6a50000 - 0x00007ff8f6a84000 	C:\WINDOWS\system32\IMM32.DLL
0x00007ff8f82e0000 - 0x00007ff8f8419000 	C:\WINDOWS\system32\MSCTF.dll
0x00007ff8f5860000 - 0x00007ff8f5892000 	C:\Windows\system32\nvinitx.dll
0x00007ff8f5850000 - 0x00007ff8f585a000 	C:\WINDOWS\SYSTEM32\VERSION.dll
0x000000000f000000 - 0x000000000f006000 	C:\Program Files\NVIDIA Corporation\CoProcManager\_etoured.dll
0x00007ff8f3750000 - 0x00007ff8f3782000 	C:\Program Files\NVIDIA Corporation\CoProcManager\nvd3d9wrapx.dll
0x00007ff8f80a0000 - 0x00007ff8f8274000 	C:\WINDOWS\system32\SETUPAPI.dll
0x00007ff8f5d70000 - 0x00007ff8f5dba000 	C:\WINDOWS\system32\CFGMGR32.dll
0x00007ff8f3720000 - 0x00007ff8f3742000 	C:\Program Files\NVIDIA Corporation\CoProcManager\nvdxgiwrapx.dll
0x00007ff8f5320000 - 0x00007ff8f557a000 	C:\WINDOWS\WinSxS\amd64_microsoft.windows.common-controls_6595b64144ccf1df_6.0.9600.17031_none_6242a4b3ecbb55a1\COMCTL32.dll
0x000000005d1a0000 - 0x000000005d272000 	C:\Program Files\Java\jdk1.8.0_31\jre\bin\msvcr100.dll
0x000000005d510000 - 0x000000005dd6a000 	C:\Program Files\Java\jdk1.8.0_31\jre\bin\server\jvm.dll
0x00007ff8e9200000 - 0x00007ff8e9209000 	C:\WINDOWS\SYSTEM32\WSOCK32.dll
0x00007ff8f1850000 - 0x00007ff8f186f000 	C:\WINDOWS\SYSTEM32\WINMM.dll
0x00007ff8f6310000 - 0x00007ff8f6317000 	C:\WINDOWS\system32\PSAPI.DLL
0x00007ff8f8280000 - 0x00007ff8f82d8000 	C:\WINDOWS\system32\WS2_32.dll
0x00007ff8f1810000 - 0x00007ff8f183a000 	C:\WINDOWS\SYSTEM32\WINMMBASE.dll
0x00007ff8f6a90000 - 0x00007ff8f6a99000 	C:\WINDOWS\system32\NSI.dll
0x00007ff8f3cb0000 - 0x00007ff8f3cd6000 	C:\WINDOWS\SYSTEM32\DEVOBJ.dll
0x000000005f3d0000 - 0x000000005f3df000 	C:\Program Files\Java\jdk1.8.0_31\jre\bin\verify.dll
0x000000005f3a0000 - 0x000000005f3c8000 	C:\Program Files\Java\jdk1.8.0_31\jre\bin\java.dll
0x000000005f380000 - 0x000000005f396000 	C:\Program Files\Java\jdk1.8.0_31\jre\bin\zip.dll
0x00007ff8f40e0000 - 0x00007ff8f4268000 	C:\WINDOWS\SYSTEM32\dbghelp.dll

VM Arguments:
jvm_args: -Xmx1024M -Dfile.encoding=windows-1251 -Duser.country=GB -Duser.language=en -Duser.variant 
java_command: com.android.dx.command.Main --dex --output C:\Users\Slav\AndroidStudioProjects\Peek\app\build\intermediates\pre-dexed\debug\internal_impl-22.2.0-c74647006b0881ee0bd8079eac69f6e70c08763d.jar C:\Users\Slav\AndroidStudioProjects\Peek\app\build\intermediates\exploded-aar\com.android.support\support-v4\22.2.0\jars\libs\internal_impl-22.2.0.jar
java_class_path (initial): C:\Users\Slav\AppData\Local\Android\android-sdk\build-tools\22.0.1\lib\dx.jar
Launcher Type: SUN_STANDARD

Environment Variables:
JAVA_HOME=C:\Program Files\Java\jdk1.8.0_31
PATH=C:\Program Files (x86)\NVIDIA Corporation\PhysX\Common;c:\python27\scripts;c:\program files (x86)\intel\icls client\;c:\program files\intel\icls client\;c:\program files\common files\microsoft shared\windows live;c:\windows\system32;c:\windows;c:\windows\system32\wbem;c:\windows\system32\windowspowershell\v1.0\;c:\program files\intel\intel(r) management engine components\dal;c:\program files\intel\intel(r) management engine components\ipt;c:\program files (x86)\intel\intel(r) management engine components\dal;c:\program files (x86)\intel\intel(r) management engine components\ipt;c:\program files (x86)\intel\opencl sdk\3.0\bin\x86;c:\program files (x86)\intel\opencl sdk\3.0\bin\x64;c:\program files\authentec truesuite\x86\;c:\program files (x86)\common files\avid;c:\program files\common files\avid;c:\program files\microsoft sql server\110\tools\binn\;c:\python27;c:\program files (x86)\gtksharp\2.12\bin;c:\program files (x86)\windows kits\8.1\windows performance toolkit\;c:\program files (x86)\microsoft sdks\typescript\1.0\;c:\program files\microsoft sql server\120\tools\binn\;c:\gtk3\bin;c:\program files (x86)\nodejs\;c:\program files\java\jre7\bin;c:\program files (x86)\java\jdk1.7.0_71\bin;c:\program files\oracle\virtualbox;C:\Program Files (x86)\Skype\Phone\;C:\Program Files (x86)\Java\jdk1.7.0_25\bin;C:\Program Files\Common Files\Microsoft Shared\Windows Live;C:\Users\Slav\AppData\Roaming\npm
USERNAME=Slav
OS=Windows_NT
PROCESSOR_IDENTIFIER=Intel64 Family 6 Model 58 Stepping 9, GenuineIntel



---------------  S Y S T E M  ---------------

OS: Windows 8.1 , 64 bit Build 9600 

CPU:total 8 (4 cores per cpu, 2 threads per core) family 6 model 58 stepping 9, cmov, cx8, fxsr, mmx, sse, sse2, sse3, ssse3, sse4.1, sse4.2, popcnt, avx, aes, clmul, erms, ht, tsc, tscinvbit, tscinv

Memory: 4k page, physical 8277456k(1175800k free), swap 18057516k(17924k free)

vm_info: Java HotSpot(TM) 64-Bit Server VM (25.31-b07) for windows-amd64 JRE (1.8.0_31-b13), built on Dec 17 2014 21:00:28 by "java_re" with MS VC++ 10.0 (VS2010)

time: Tue Jun 02 13:37:26 2015
elapsed time: 2 seconds (0d 0h 0m 2s)

