#
# There is insufficient memory for the Java Runtime Environment to continue.
# Native memory allocation (malloc) failed to allocate 1079776 bytes for Chunk::new
# Possible reasons:
#   The system is out of physical RAM or swap space
#   In 32 bit mode, the process size limit was hit
# Possible solutions:
#   Reduce memory load on the system
#   Increase physical memory or swap space
#   Check if swap backing store is full
#   Use 64 bit Java on a 64 bit OS
#   Decrease Java heap size (-Xmx/-Xms)
#   Decrease number of Java threads
#   Decrease Java thread stack sizes (-Xss)
#   Set larger code cache with -XX:ReservedCodeCacheSize=
# This output file may be truncated or incomplete.
#
#  Out of Memory Error (allocation.cpp:390), pid=13140, tid=3024
#
# JRE version: Java(TM) SE Runtime Environment (8.0_31-b13) (build 1.8.0_31-b13)
# Java VM: Java HotSpot(TM) 64-Bit Server VM (25.31-b07 mixed mode windows-amd64 compressed oops)
# Failed to write core dump. Minidumps are not enabled by default on client versions of Windows
#

---------------  T H R E A D  ---------------

Current thread (0x0000000007f58000):  JavaThread "C2 CompilerThread0" daemon [_thread_in_native, id=3024, stack(0x0000000008530000,0x0000000008630000)]

Stack: [0x0000000008530000,0x0000000008630000]
Native frames: (J=compiled Java code, j=interpreted, Vv=VM code, C=native code)
V  [jvm.dll+0x3169ba]
V  [jvm.dll+0x2674c3]
V  [jvm.dll+0x268103]
V  [jvm.dll+0x25f8f5]
V  [jvm.dll+0xbf025]
V  [jvm.dll+0xbf4cc]
V  [jvm.dll+0x45df82]
V  [jvm.dll+0x49f21f]
V  [jvm.dll+0x453401]
V  [jvm.dll+0x454124]
V  [jvm.dll+0x437c62]
V  [jvm.dll+0x988e2]
V  [jvm.dll+0x990d3]
V  [jvm.dll+0x22c194]
V  [jvm.dll+0x28576a]
C  [msvcr100.dll+0x21d9f]
C  [msvcr100.dll+0x21e3b]
C  [KERNEL32.DLL+0x16ad]
C  [ntdll.dll+0x6eb64]


Current CompileTask:
C2:   7861 1574       4       com.android.dx.ssa.SCCP::simulatePhi (169 bytes)


---------------  P R O C E S S  ---------------

Java Threads: ( => current thread )
  0x0000000007fbd800 JavaThread "Service Thread" daemon [_thread_blocked, id=11380, stack(0x0000000008930000,0x0000000008a30000)]
  0x0000000007fb4000 JavaThread "C1 CompilerThread3" daemon [_thread_blocked, id=11528, stack(0x0000000008830000,0x0000000008930000)]
  0x0000000007fb1000 JavaThread "C2 CompilerThread2" daemon [_thread_in_native, id=9448, stack(0x0000000008730000,0x0000000008830000)]
  0x0000000007fa9000 JavaThread "C2 CompilerThread1" daemon [_thread_in_native, id=9012, stack(0x0000000008630000,0x0000000008730000)]
=>0x0000000007f58000 JavaThread "C2 CompilerThread0" daemon [_thread_in_native, id=3024, stack(0x0000000008530000,0x0000000008630000)]
  0x0000000007f55800 JavaThread "Attach Listener" daemon [_thread_blocked, id=4692, stack(0x0000000008430000,0x0000000008530000)]
  0x0000000007f54800 JavaThread "Signal Dispatcher" daemon [_thread_blocked, id=13008, stack(0x0000000008330000,0x0000000008430000)]
  0x00000000023d3000 JavaThread "Finalizer" daemon [_thread_blocked, id=7596, stack(0x0000000007e00000,0x0000000007f00000)]
  0x00000000023d2000 JavaThread "Reference Handler" daemon [_thread_blocked, id=4992, stack(0x0000000007d00000,0x0000000007e00000)]
  0x00000000021cd800 JavaThread "main" [_thread_in_Java, id=10292, stack(0x00000000021d0000,0x00000000022d0000)]

Other Threads:
  0x0000000005f28800 VMThread [stack: 0x0000000007c00000,0x0000000007d00000] [id=1908]
  0x0000000007fbe800 WatcherThread [stack: 0x0000000008a30000,0x0000000008b30000] [id=6376]

VM state:not at safepoint (normal execution)

VM Mutex/Monitor currently owned by a thread: None

Heap:
 PSYoungGen      total 38400K, used 36455K [0x00000000eab00000, 0x00000000ed580000, 0x0000000100000000)
  eden space 33280K, 94% used [0x00000000eab00000,0x00000000ec9a01f0,0x00000000ecb80000)
  from space 5120K, 99% used [0x00000000ecb80000,0x00000000ed079c98,0x00000000ed080000)
  to   space 5120K, 0% used [0x00000000ed080000,0x00000000ed080000,0x00000000ed580000)
 ParOldGen       total 87552K, used 1817K [0x00000000c0000000, 0x00000000c5580000, 0x00000000eab00000)
  object space 87552K, 2% used [0x00000000c0000000,0x00000000c01c64a0,0x00000000c5580000)
 Metaspace       used 5817K, capacity 7024K, committed 7296K, reserved 1056768K
  class space    used 550K, capacity 616K, committed 640K, reserved 1048576K

Card table byte_map: [0x00000000027b0000,0x00000000029c0000] byte_map_base: 0x00000000021b0000

Marking Bits: (ParMarkBitMap*) 0x000000005dced4f0
 Begin Bits: [0x0000000003320000, 0x0000000004320000)
 End Bits:   [0x0000000004320000, 0x0000000005320000)

Polling page: 0x00000000021b0000

CodeCache: size=245760Kb used=6851Kb max_used=6851Kb free=238908Kb
 bounds [0x000000000f010000, 0x000000000f6d0000, 0x000000001e010000]
 total_blobs=1867 nmethods=1607 adapters=174
 compilation: enabled

Compilation events (10 events):
Event: 7.762 Thread 0x0000000007fb4000 nmethod 1607 0x000000000f6b9550 code [0x000000000f6b9720, 0x000000000f6b9d58]
Event: 7.762 Thread 0x0000000007fb4000 1603       3       com.android.dx.ssa.MoveParamCombiner::run (45 bytes)
Event: 7.762 Thread 0x0000000007fb4000 nmethod 1603 0x000000000f6ba090 code [0x000000000f6ba260, 0x000000000f6bab18]
Event: 7.762 Thread 0x0000000007fb4000 1611       3       java.util.RegularEnumSet::addAll (23 bytes)
Event: 7.763 Thread 0x0000000007fb4000 nmethod 1611 0x000000000f6baf50 code [0x000000000f6bb0a0, 0x000000000f6bb250]
Event: 7.763 Thread 0x0000000007fb4000 1605       3       com.android.dx.ssa.back.SsaToRop::convert (99 bytes)
Event: 7.766 Thread 0x0000000007fb4000 nmethod 1605 0x000000000f6bb310 code [0x000000000f6bb5c0, 0x000000000f6bc898]
Event: 7.817 Thread 0x0000000007fb4000 1612       3       com.android.dx.rop.code.LocalItem::compareTo (9 bytes)
Event: 7.818 Thread 0x0000000007fb4000 nmethod 1612 0x000000000f6bd350 code [0x000000000f6bd500, 0x000000000f6bdbf8]
Event: 7.822 Thread 0x0000000007fb4000 1613       3       com.android.dx.rop.code.RegisterSpec::withSimpleType (59 bytes)

GC Heap History (2 events):
Event: 6.312 GC heap before
{Heap before GC invocations=1 (full 0):
 PSYoungGen      total 38400K, used 33280K [0x00000000eab00000, 0x00000000ed580000, 0x0000000100000000)
  eden space 33280K, 100% used [0x00000000eab00000,0x00000000ecb80000,0x00000000ecb80000)
  from space 5120K, 0% used [0x00000000ed080000,0x00000000ed080000,0x00000000ed580000)
  to   space 5120K, 0% used [0x00000000ecb80000,0x00000000ecb80000,0x00000000ed080000)
 ParOldGen       total 87552K, used 0K [0x00000000c0000000, 0x00000000c5580000, 0x00000000eab00000)
  object space 87552K, 0% used [0x00000000c0000000,0x00000000c0000000,0x00000000c5580000)
 Metaspace       used 5693K, capacity 6960K, committed 7040K, reserved 1056768K
  class space    used 550K, capacity 616K, committed 640K, reserved 1048576K
Event: 6.473 GC heap after
Heap after GC invocations=1 (full 0):
 PSYoungGen      total 38400K, used 5095K [0x00000000eab00000, 0x00000000ed580000, 0x0000000100000000)
  eden space 33280K, 0% used [0x00000000eab00000,0x00000000eab00000,0x00000000ecb80000)
  from space 5120K, 99% used [0x00000000ecb80000,0x00000000ed079c98,0x00000000ed080000)
  to   space 5120K, 0% used [0x00000000ed080000,0x00000000ed080000,0x00000000ed580000)
 ParOldGen       total 87552K, used 1817K [0x00000000c0000000, 0x00000000c5580000, 0x00000000eab00000)
  object space 87552K, 2% used [0x00000000c0000000,0x00000000c01c64a0,0x00000000c5580000)
 Metaspace       used 5693K, capacity 6960K, committed 7040K, reserved 1056768K
  class space    used 550K, capacity 616K, committed 640K, reserved 1048576K
}

Deoptimization events (10 events):
Event: 4.971 Thread 0x00000000021cd800 Uncommon trap: reason=bimorphic action=maybe_recompile pc=0x000000000f2e4838 method=java.util.HashMap.getNode(ILjava/lang/Object;)Ljava/util/HashMap$Node; @ 126
Event: 4.971 Thread 0x00000000021cd800 Uncommon trap: reason=bimorphic action=maybe_recompile pc=0x000000000f2e4838 method=java.util.HashMap.getNode(ILjava/lang/Object;)Ljava/util/HashMap$Node; @ 126
Event: 6.687 Thread 0x00000000021cd800 Uncommon trap: reason=class_check action=maybe_recompile pc=0x000000000f5a1cfc method=com.android.dx.ssa.SCCP.simulateBranch(Lcom/android/dx/ssa/SsaInsn;)V @ 145
Event: 6.688 Thread 0x00000000021cd800 Uncommon trap: reason=class_check action=maybe_recompile pc=0x000000000f5a1cfc method=com.android.dx.ssa.SCCP.simulateBranch(Lcom/android/dx/ssa/SsaInsn;)V @ 145
Event: 7.104 Thread 0x00000000021cd800 Uncommon trap: reason=bimorphic action=maybe_recompile pc=0x000000000f63ba20 method=com.android.dx.cf.code.BytecodeArray.parseInstruction(ILcom/android/dx/cf/code/BytecodeArray$Visitor;)I @ 1357
Event: 7.105 Thread 0x00000000021cd800 Uncommon trap: reason=bimorphic action=maybe_recompile pc=0x000000000f63ba20 method=com.android.dx.cf.code.BytecodeArray.parseInstruction(ILcom/android/dx/cf/code/BytecodeArray$Visitor;)I @ 1357
Event: 7.409 Thread 0x00000000021cd800 Uncommon trap: reason=class_check action=maybe_recompile pc=0x000000000f653e74 method=com.android.dx.ssa.SCCP.simulatePhi(Lcom/android/dx/ssa/PhiInsn;)V @ 124
Event: 7.409 Thread 0x00000000021cd800 Uncommon trap: reason=class_check action=maybe_recompile pc=0x000000000f653e74 method=com.android.dx.ssa.SCCP.simulatePhi(Lcom/android/dx/ssa/PhiInsn;)V @ 124
Event: 7.409 Thread 0x00000000021cd800 Uncommon trap: reason=class_check action=maybe_recompile pc=0x000000000f653e74 method=com.android.dx.ssa.SCCP.simulatePhi(Lcom/android/dx/ssa/PhiInsn;)V @ 124
Event: 7.409 Thread 0x00000000021cd800 Uncommon trap: reason=class_check action=maybe_recompile pc=0x000000000f653e74 method=com.android.dx.ssa.SCCP.simulatePhi(Lcom/android/dx/ssa/PhiInsn;)V @ 124

Internal exceptions (10 events):
Event: 3.430 Thread 0x00000000021cd800 Exception <a 'java/security/PrivilegedActionException'> (0x00000000eb6c1d90) thrown at [C:\workspace\8-2-build-windows-amd64-cygwin\jdk8u31\2394\hotspot\src\share\vm\prims\jvm.cpp, line 1312]
Event: 3.430 Thread 0x00000000021cd800 Exception <a 'java/security/PrivilegedActionException'> (0x00000000eb6c5be0) thrown at [C:\workspace\8-2-build-windows-amd64-cygwin\jdk8u31\2394\hotspot\src\share\vm\prims\jvm.cpp, line 1312]
Event: 3.431 Thread 0x00000000021cd800 Exception <a 'java/security/PrivilegedActionException'> (0x00000000eb6c8220) thrown at [C:\workspace\8-2-build-windows-amd64-cygwin\jdk8u31\2394\hotspot\src\share\vm\prims\jvm.cpp, line 1312]
Event: 3.615 Thread 0x00000000021cd800 Exception <a 'java/security/PrivilegedActionException'> (0x00000000eb7cbfa0) thrown at [C:\workspace\8-2-build-windows-amd64-cygwin\jdk8u31\2394\hotspot\src\share\vm\prims\jvm.cpp, line 1312]
Event: 3.672 Thread 0x00000000021cd800 Exception <a 'java/security/PrivilegedActionException'> (0x00000000eb827730) thrown at [C:\workspace\8-2-build-windows-amd64-cygwin\jdk8u31\2394\hotspot\src\share\vm\prims\jvm.cpp, line 1312]
Event: 3.678 Thread 0x00000000021cd800 Exception <a 'java/security/PrivilegedActionException'> (0x00000000eb8318b0) thrown at [C:\workspace\8-2-build-windows-amd64-cygwin\jdk8u31\2394\hotspot\src\share\vm\prims\jvm.cpp, line 1312]
Event: 3.678 Thread 0x00000000021cd800 Exception <a 'java/security/PrivilegedActionException'> (0x00000000eb833e98) thrown at [C:\workspace\8-2-build-windows-amd64-cygwin\jdk8u31\2394\hotspot\src\share\vm\prims\jvm.cpp, line 1312]
Event: 4.215 Thread 0x00000000021cd800 Exception <a 'java/security/PrivilegedActionException'> (0x00000000ebceaa98) thrown at [C:\workspace\8-2-build-windows-amd64-cygwin\jdk8u31\2394\hotspot\src\share\vm\prims\jvm.cpp, line 1312]
Event: 4.590 Thread 0x00000000021cd800 Implicit null exception at 0x000000000f422da2 to 0x000000000f422e92
Event: 4.640 Thread 0x00000000021cd800 Exception <a 'java/security/PrivilegedActionException'> (0x00000000ec133ef0) thrown at [C:\workspace\8-2-build-windows-amd64-cygwin\jdk8u31\2394\hotspot\src\share\vm\prims\jvm.cpp, line 1312]

Events (10 events):
Event: 7.409 Thread 0x00000000021cd800 DEOPT UNPACKING pc=0x000000000f05556a sp=0x00000000022ce4c8 mode 2
Event: 7.409 Thread 0x00000000021cd800 Uncommon trap: trap_request=0xffffffde fr.pc=0x000000000f653e74
Event: 7.409 Thread 0x00000000021cd800 DEOPT PACKING pc=0x000000000f653e74 sp=0x00000000022ce4e0
Event: 7.409 Thread 0x00000000021cd800 DEOPT UNPACKING pc=0x000000000f05556a sp=0x00000000022ce4c8 mode 2
Event: 7.409 Thread 0x00000000021cd800 Uncommon trap: trap_request=0xffffffde fr.pc=0x000000000f653e74
Event: 7.409 Thread 0x00000000021cd800 DEOPT PACKING pc=0x000000000f653e74 sp=0x00000000022ce4e0
Event: 7.409 Thread 0x00000000021cd800 DEOPT UNPACKING pc=0x000000000f05556a sp=0x00000000022ce4c8 mode 2
Event: 7.409 Thread 0x00000000021cd800 Uncommon trap: trap_request=0xffffffde fr.pc=0x000000000f653e74
Event: 7.409 Thread 0x00000000021cd800 DEOPT PACKING pc=0x000000000f653e74 sp=0x00000000022ce4e0
Event: 7.409 Thread 0x00000000021cd800 DEOPT UNPACKING pc=0x000000000f05556a sp=0x00000000022ce4c8 mode 2


Dynamic libraries:
0x00007ff619580000 - 0x00007ff6195b4000 	C:\Program Files\Java\jdk1.8.0_31\bin\java.exe
0x00007ff8f8560000 - 0x00007ff8f870c000 	C:\WINDOWS\SYSTEM32\ntdll.dll
0x00007ff8f8420000 - 0x00007ff8f855a000 	C:\WINDOWS\system32\KERNEL32.DLL
0x00007ff8f5b60000 - 0x00007ff8f5c6f000 	C:\WINDOWS\system32\KERNELBASE.dll
0x00007ff8f3a50000 - 0x00007ff8f3ad8000 	C:\WINDOWS\system32\apphelp.dll
0x00007ff8e8900000 - 0x00007ff8e894f000 	C:\WINDOWS\AppPatch\AppPatch64\AcGenral.DLL
0x00007ff8f6940000 - 0x00007ff8f69e7000 	C:\WINDOWS\system32\msvcrt.dll
0x00007ff8f56a0000 - 0x00007ff8f56cb000 	C:\WINDOWS\SYSTEM32\SspiCli.dll
0x00007ff8f5e00000 - 0x00007ff8f5e51000 	C:\WINDOWS\system32\SHLWAPI.dll
0x00007ff8f5fa0000 - 0x00007ff8f6111000 	C:\WINDOWS\system32\USER32.dll
0x00007ff8f6760000 - 0x00007ff8f68d8000 	C:\WINDOWS\system32\ole32.dll
0x00007ff8f6aa0000 - 0x00007ff8f7eaf000 	C:\WINDOWS\system32\SHELL32.dll
0x00007ff8f4aa0000 - 0x00007ff8f4abe000 	C:\WINDOWS\SYSTEM32\USERENV.dll
0x00007ff8f66b0000 - 0x00007ff8f6755000 	C:\WINDOWS\system32\ADVAPI32.dll
0x00007ff8e06d0000 - 0x00007ff8e06eb000 	C:\WINDOWS\SYSTEM32\MPR.dll
0x00007ff8f5e60000 - 0x00007ff8f5f97000 	C:\WINDOWS\system32\RPCRT4.dll
0x00007ff8f68e0000 - 0x00007ff8f6937000 	C:\WINDOWS\SYSTEM32\sechost.dll
0x00007ff8f6120000 - 0x00007ff8f62f6000 	C:\WINDOWS\SYSTEM32\combase.dll
0x00007ff8f7eb0000 - 0x00007ff8f7ff4000 	C:\WINDOWS\system32\GDI32.dll
0x00007ff8f58b0000 - 0x00007ff8f58c4000 	C:\WINDOWS\SYSTEM32\profapi.dll
0x00007ff8f4ca0000 - 0x00007ff8f4d3f000 	C:\WINDOWS\SYSTEM32\SHCORE.dll
0x00007ff8f6a50000 - 0x00007ff8f6a84000 	C:\WINDOWS\system32\IMM32.DLL
0x00007ff8f82e0000 - 0x00007ff8f8419000 	C:\WINDOWS\system32\MSCTF.dll
0x00007ff8f5860000 - 0x00007ff8f5892000 	C:\Windows\system32\nvinitx.dll
0x00007ff8f5850000 - 0x00007ff8f585a000 	C:\WINDOWS\SYSTEM32\VERSION.dll
0x000000000f000000 - 0x000000000f006000 	C:\Program Files\NVIDIA Corporation\CoProcManager\_etoured.dll
0x00007ff8f3750000 - 0x00007ff8f3782000 	C:\Program Files\NVIDIA Corporation\CoProcManager\nvd3d9wrapx.dll
0x00007ff8f80a0000 - 0x00007ff8f8274000 	C:\WINDOWS\system32\SETUPAPI.dll
0x00007ff8f5d70000 - 0x00007ff8f5dba000 	C:\WINDOWS\system32\CFGMGR32.dll
0x00007ff8f3720000 - 0x00007ff8f3742000 	C:\Program Files\NVIDIA Corporation\CoProcManager\nvdxgiwrapx.dll
0x00007ff8f5320000 - 0x00007ff8f557a000 	C:\WINDOWS\WinSxS\amd64_microsoft.windows.common-controls_6595b64144ccf1df_6.0.9600.17031_none_6242a4b3ecbb55a1\COMCTL32.dll
0x000000005d1a0000 - 0x000000005d272000 	C:\Program Files\Java\jdk1.8.0_31\jre\bin\msvcr100.dll
0x000000005d510000 - 0x000000005dd6a000 	C:\Program Files\Java\jdk1.8.0_31\jre\bin\server\jvm.dll
0x00007ff8e9200000 - 0x00007ff8e9209000 	C:\WINDOWS\SYSTEM32\WSOCK32.dll
0x00007ff8f1850000 - 0x00007ff8f186f000 	C:\WINDOWS\SYSTEM32\WINMM.dll
0x00007ff8f6310000 - 0x00007ff8f6317000 	C:\WINDOWS\system32\PSAPI.DLL
0x00007ff8f8280000 - 0x00007ff8f82d8000 	C:\WINDOWS\system32\WS2_32.dll
0x00007ff8f1810000 - 0x00007ff8f183a000 	C:\WINDOWS\SYSTEM32\WINMMBASE.dll
0x00007ff8f6a90000 - 0x00007ff8f6a99000 	C:\WINDOWS\system32\NSI.dll
0x00007ff8f3cb0000 - 0x00007ff8f3cd6000 	C:\WINDOWS\SYSTEM32\DEVOBJ.dll
0x000000005f3d0000 - 0x000000005f3df000 	C:\Program Files\Java\jdk1.8.0_31\jre\bin\verify.dll
0x000000005f3a0000 - 0x000000005f3c8000 	C:\Program Files\Java\jdk1.8.0_31\jre\bin\java.dll
0x000000005f380000 - 0x000000005f396000 	C:\Program Files\Java\jdk1.8.0_31\jre\bin\zip.dll
0x00007ff8f40e0000 - 0x00007ff8f4268000 	C:\WINDOWS\SYSTEM32\dbghelp.dll

VM Arguments:
jvm_args: -Xmx1024M -Dfile.encoding=windows-1251 -Duser.country=GB -Duser.language=en -Duser.variant 
java_command: com.android.dx.command.Main --dex --output C:\Users\Slav\AndroidStudioProjects\Peek\app\build\intermediates\pre-dexed\debug\classes-bf042303270ad900a404c2a4fcaf6ee09bc265e8.jar C:\Users\Slav\AndroidStudioProjects\Peek\app\build\intermediates\exploded-aar\com.google.android.gms\play-services-base\7.3.0\jars\classes.jar
java_class_path (initial): C:\Users\Slav\AppData\Local\Android\android-sdk\build-tools\22.0.1\lib\dx.jar
Launcher Type: SUN_STANDARD

Environment Variables:
JAVA_HOME=C:\Program Files\Java\jdk1.8.0_31
PATH=C:\Program Files (x86)\NVIDIA Corporation\PhysX\Common;c:\python27\scripts;c:\program files (x86)\intel\icls client\;c:\program files\intel\icls client\;c:\program files\common files\microsoft shared\windows live;c:\windows\system32;c:\windows;c:\windows\system32\wbem;c:\windows\system32\windowspowershell\v1.0\;c:\program files\intel\intel(r) management engine components\dal;c:\program files\intel\intel(r) management engine components\ipt;c:\program files (x86)\intel\intel(r) management engine components\dal;c:\program files (x86)\intel\intel(r) management engine components\ipt;c:\program files (x86)\intel\opencl sdk\3.0\bin\x86;c:\program files (x86)\intel\opencl sdk\3.0\bin\x64;c:\program files\authentec truesuite\x86\;c:\program files (x86)\common files\avid;c:\program files\common files\avid;c:\program files\microsoft sql server\110\tools\binn\;c:\python27;c:\program files (x86)\gtksharp\2.12\bin;c:\program files (x86)\windows kits\8.1\windows performance toolkit\;c:\program files (x86)\microsoft sdks\typescript\1.0\;c:\program files\microsoft sql server\120\tools\binn\;c:\gtk3\bin;c:\program files (x86)\nodejs\;c:\program files\java\jre7\bin;c:\program files (x86)\java\jdk1.7.0_71\bin;c:\program files\oracle\virtualbox;C:\Program Files (x86)\Skype\Phone\;C:\Program Files (x86)\Java\jdk1.7.0_25\bin;C:\Program Files\Common Files\Microsoft Shared\Windows Live;C:\Users\Slav\AppData\Roaming\npm
USERNAME=Slav
OS=Windows_NT
PROCESSOR_IDENTIFIER=Intel64 Family 6 Model 58 Stepping 9, GenuineIntel



---------------  S Y S T E M  ---------------

OS: Windows 8.1 , 64 bit Build 9600 

CPU:total 8 (4 cores per cpu, 2 threads per core) family 6 model 58 stepping 9, cmov, cx8, fxsr, mmx, sse, sse2, sse3, ssse3, sse4.1, sse4.2, popcnt, avx, aes, clmul, erms, ht, tsc, tscinvbit, tscinv

Memory: 4k page, physical 8277456k(1207448k free), swap 18057516k(5184k free)

vm_info: Java HotSpot(TM) 64-Bit Server VM (25.31-b07) for windows-amd64 JRE (1.8.0_31-b13), built on Dec 17 2014 21:00:28 by "java_re" with MS VC++ 10.0 (VS2010)

time: Tue Jun 02 13:40:28 2015
elapsed time: 7 seconds (0d 0h 0m 7s)

