#
# There is insufficient memory for the Java Runtime Environment to continue.
# Native memory allocation (malloc) failed to allocate 308336 bytes for Chunk::new
# Possible reasons:
#   The system is out of physical RAM or swap space
#   In 32 bit mode, the process size limit was hit
# Possible solutions:
#   Reduce memory load on the system
#   Increase physical memory or swap space
#   Check if swap backing store is full
#   Use 64 bit Java on a 64 bit OS
#   Decrease Java heap size (-Xmx/-Xms)
#   Decrease number of Java threads
#   Decrease Java thread stack sizes (-Xss)
#   Set larger code cache with -XX:ReservedCodeCacheSize=
# This output file may be truncated or incomplete.
#
#  Out of Memory Error (allocation.cpp:390), pid=13324, tid=14436
#
# JRE version: Java(TM) SE Runtime Environment (8.0_31-b13) (build 1.8.0_31-b13)
# Java VM: Java HotSpot(TM) 64-Bit Server VM (25.31-b07 mixed mode windows-amd64 compressed oops)
# Failed to write core dump. Minidumps are not enabled by default on client versions of Windows
#

---------------  T H R E A D  ---------------

Current thread (0x0000000008533800):  JavaThread "C2 CompilerThread2" daemon [_thread_in_native, id=14436, stack(0x0000000008cb0000,0x0000000008db0000)]

Stack: [0x0000000008cb0000,0x0000000008db0000]
Native frames: (J=compiled Java code, j=interpreted, Vv=VM code, C=native code)
V  [jvm.dll+0x3169ba]
V  [jvm.dll+0x2674c3]
V  [jvm.dll+0x268103]
V  [jvm.dll+0x25f8f5]
V  [jvm.dll+0xbf025]
V  [jvm.dll+0xbf4cc]
V  [jvm.dll+0x4798bc]
V  [jvm.dll+0x446e60]
V  [jvm.dll+0x451bce]
V  [jvm.dll+0x4541b8]
V  [jvm.dll+0x437c62]
V  [jvm.dll+0x988e2]
V  [jvm.dll+0x990d3]
V  [jvm.dll+0x22c194]
V  [jvm.dll+0x28576a]
C  [msvcr100.dll+0x21d9f]
C  [msvcr100.dll+0x21e3b]
C  [KERNEL32.DLL+0x16ad]
C  [ntdll.dll+0x6eb64]


Current CompileTask:
C2:   7290 3124 %     4       java.util.ComparableTimSort::mergeHi @ 179 (729 bytes)


---------------  P R O C E S S  ---------------

Java Threads: ( => current thread )
  0x000000000853e000 JavaThread "Service Thread" daemon [_thread_blocked, id=10504, stack(0x0000000008eb0000,0x0000000008fb0000)]
  0x0000000008536800 JavaThread "C1 CompilerThread3" daemon [_thread_blocked, id=12616, stack(0x0000000008db0000,0x0000000008eb0000)]
=>0x0000000008533800 JavaThread "C2 CompilerThread2" daemon [_thread_in_native, id=14436, stack(0x0000000008cb0000,0x0000000008db0000)]
  0x00000000064bc800 JavaThread "C2 CompilerThread1" daemon [_thread_blocked, id=15152, stack(0x0000000008bb0000,0x0000000008cb0000)]
  0x00000000084e1000 JavaThread "C2 CompilerThread0" daemon [_thread_blocked, id=10024, stack(0x0000000008ab0000,0x0000000008bb0000)]
  0x00000000084de800 JavaThread "Attach Listener" daemon [_thread_blocked, id=14280, stack(0x00000000089b0000,0x0000000008ab0000)]
  0x00000000084dd800 JavaThread "Signal Dispatcher" daemon [_thread_blocked, id=6788, stack(0x00000000088b0000,0x00000000089b0000)]
  0x000000000298b800 JavaThread "Finalizer" daemon [_thread_blocked, id=11836, stack(0x0000000008390000,0x0000000008490000)]
  0x0000000002984000 JavaThread "Reference Handler" daemon [_thread_blocked, id=12528, stack(0x0000000008290000,0x0000000008390000)]
  0x0000000002893800 JavaThread "main" [_thread_in_Java, id=5024, stack(0x0000000002720000,0x0000000002820000)]

Other Threads:
  0x00000000064a8800 VMThread [stack: 0x0000000008190000,0x0000000008290000] [id=6984]
  0x0000000008541000 WatcherThread [stack: 0x0000000008fb0000,0x00000000090b0000] [id=2908]

VM state:not at safepoint (normal execution)

VM Mutex/Monitor currently owned by a thread: None

Heap:
 PSYoungGen      total 138240K, used 86930K [0x00000000eab00000, 0x00000000fa880000, 0x0000000100000000)
  eden space 133120K, 61% used [0x00000000eab00000,0x00000000efaeb520,0x00000000f2d00000)
  from space 5120K, 99% used [0x00000000f2d00000,0x00000000f31f9570,0x00000000f3200000)
  to   space 33792K, 0% used [0x00000000f8780000,0x00000000f8780000,0x00000000fa880000)
 ParOldGen       total 96768K, used 50512K [0x00000000c0000000, 0x00000000c5e80000, 0x00000000eab00000)
  object space 96768K, 52% used [0x00000000c0000000,0x00000000c31543b8,0x00000000c5e80000)
 Metaspace       used 8006K, capacity 8254K, committed 8576K, reserved 1056768K
  class space    used 763K, capacity 817K, committed 896K, reserved 1048576K

Card table byte_map: [0x0000000002d50000,0x0000000002f60000] byte_map_base: 0x0000000002750000

Marking Bits: (ParMarkBitMap*) 0x0000000050b6d4f0
 Begin Bits: [0x00000000038c0000, 0x00000000048c0000)
 End Bits:   [0x00000000048c0000, 0x00000000058c0000)

Polling page: 0x0000000002820000

CodeCache: size=245760Kb used=11865Kb max_used=11879Kb free=233894Kb
 bounds [0x000000000f010000, 0x000000000fbc0000, 0x000000001e010000]
 total_blobs=3406 nmethods=3118 adapters=201
 compilation: enabled

Compilation events (10 events):
Event: 7.219 Thread 0x0000000008533800 3124 %     4       java.util.ComparableTimSort::mergeHi @ 179 (729 bytes)
Event: 7.220 Thread 0x0000000008536800 3125       3       com.android.dx.merge.DexMerger$IdMerger::<init> (15 bytes)
Event: 7.220 Thread 0x0000000008536800 nmethod 3125 0x000000000fbaf690 code [0x000000000fbaf7e0, 0x000000000fbaf9b0]
Event: 7.239 Thread 0x0000000008536800 3126       3       com.android.dx.merge.IndexMap::adjustAnnotationSetRefList (18 bytes)
Event: 7.239 Thread 0x0000000008536800 nmethod 3126 0x000000000fbafa50 code [0x000000000fbafc00, 0x000000000fbb0208]
Event: 7.240 Thread 0x00000000084e1000 3127       4       com.android.dx.merge.DexMerger::transformStaticValues (47 bytes)
Event: 7.240 Thread 0x00000000064bc800 3128       4       com.android.dx.merge.IndexMap::adjustEncodedArray (44 bytes)
Event: 7.248 Thread 0x00000000064bc800 nmethod 3128 0x000000000fbb3610 code [0x000000000fbb37a0, 0x000000000fbb3ce8]
Event: 7.253 Thread 0x0000000008536800 3129       3       com.android.dx.merge.DexMerger::mergeClassDefs (103 bytes)
Event: 7.254 Thread 0x0000000008536800 nmethod 3129 0x000000000fbb2c10 code [0x000000000fbb2da0, 0x000000000fbb3378]

GC Heap History (10 events):
Event: 6.013 GC heap before
{Heap before GC invocations=6 (full 0):
 PSYoungGen      total 138240K, used 138231K [0x00000000eab00000, 0x00000000f3700000, 0x0000000100000000)
  eden space 133120K, 100% used [0x00000000eab00000,0x00000000f2d00000,0x00000000f2d00000)
  from space 5120K, 99% used [0x00000000f2d00000,0x00000000f31fdfc0,0x00000000f3200000)
  to   space 5120K, 0% used [0x00000000f3200000,0x00000000f3200000,0x00000000f3700000)
 ParOldGen       total 87552K, used 29844K [0x00000000c0000000, 0x00000000c5580000, 0x00000000eab00000)
  object space 87552K, 34% used [0x00000000c0000000,0x00000000c1d25268,0x00000000c5580000)
 Metaspace       used 7983K, capacity 8254K, committed 8576K, reserved 1056768K
  class space    used 763K, capacity 817K, committed 896K, reserved 1048576K
Event: 6.032 GC heap after
Heap after GC invocations=6 (full 0):
 PSYoungGen      total 138240K, used 5115K [0x00000000eab00000, 0x00000000f3700000, 0x0000000100000000)
  eden space 133120K, 0% used [0x00000000eab00000,0x00000000eab00000,0x00000000f2d00000)
  from space 5120K, 99% used [0x00000000f3200000,0x00000000f36fec58,0x00000000f3700000)
  to   space 5120K, 0% used [0x00000000f2d00000,0x00000000f2d00000,0x00000000f3200000)
 ParOldGen       total 87552K, used 51473K [0x00000000c0000000, 0x00000000c5580000, 0x00000000eab00000)
  object space 87552K, 58% used [0x00000000c0000000,0x00000000c32444f0,0x00000000c5580000)
 Metaspace       used 7983K, capacity 8254K, committed 8576K, reserved 1056768K
  class space    used 763K, capacity 817K, committed 896K, reserved 1048576K
}
Event: 6.360 GC heap before
{Heap before GC invocations=7 (full 0):
 PSYoungGen      total 138240K, used 133755K [0x00000000eab00000, 0x00000000f3700000, 0x0000000100000000)
  eden space 133120K, 96% used [0x00000000eab00000,0x00000000f28a0268,0x00000000f2d00000)
  from space 5120K, 99% used [0x00000000f3200000,0x00000000f36fec58,0x00000000f3700000)
  to   space 5120K, 0% used [0x00000000f2d00000,0x00000000f2d00000,0x00000000f3200000)
 ParOldGen       total 87552K, used 51473K [0x00000000c0000000, 0x00000000c5580000, 0x00000000eab00000)
  object space 87552K, 58% used [0x00000000c0000000,0x00000000c32444f0,0x00000000c5580000)
 Metaspace       used 7987K, capacity 8254K, committed 8576K, reserved 1056768K
  class space    used 763K, capacity 817K, committed 896K, reserved 1048576K
Event: 6.373 GC heap after
Heap after GC invocations=7 (full 0):
 PSYoungGen      total 138240K, used 2556K [0x00000000eab00000, 0x00000000f3700000, 0x0000000100000000)
  eden space 133120K, 0% used [0x00000000eab00000,0x00000000eab00000,0x00000000f2d00000)
  from space 5120K, 49% used [0x00000000f2d00000,0x00000000f2f7f0a0,0x00000000f3200000)
  to   space 5120K, 0% used [0x00000000f3200000,0x00000000f3200000,0x00000000f3700000)
 ParOldGen       total 87552K, used 60724K [0x00000000c0000000, 0x00000000c5580000, 0x00000000eab00000)
  object space 87552K, 69% used [0x00000000c0000000,0x00000000c3b4d2a8,0x00000000c5580000)
 Metaspace       used 7987K, capacity 8254K, committed 8576K, reserved 1056768K
  class space    used 763K, capacity 817K, committed 896K, reserved 1048576K
}
Event: 6.686 GC heap before
{Heap before GC invocations=8 (full 0):
 PSYoungGen      total 138240K, used 135676K [0x00000000eab00000, 0x00000000f3700000, 0x0000000100000000)
  eden space 133120K, 100% used [0x00000000eab00000,0x00000000f2d00000,0x00000000f2d00000)
  from space 5120K, 49% used [0x00000000f2d00000,0x00000000f2f7f0a0,0x00000000f3200000)
  to   space 5120K, 0% used [0x00000000f3200000,0x00000000f3200000,0x00000000f3700000)
 ParOldGen       total 87552K, used 60724K [0x00000000c0000000, 0x00000000c5580000, 0x00000000eab00000)
  object space 87552K, 69% used [0x00000000c0000000,0x00000000c3b4d2a8,0x00000000c5580000)
 Metaspace       used 7987K, capacity 8254K, committed 8576K, reserved 1056768K
  class space    used 763K, capacity 817K, committed 896K, reserved 1048576K
Event: 6.698 GC heap after
Heap after GC invocations=8 (full 0):
 PSYoungGen      total 138240K, used 5107K [0x00000000eab00000, 0x00000000f3700000, 0x0000000100000000)
  eden space 133120K, 0% used [0x00000000eab00000,0x00000000eab00000,0x00000000f2d00000)
  from space 5120K, 99% used [0x00000000f3200000,0x00000000f36fce70,0x00000000f3700000)
  to   space 5120K, 0% used [0x00000000f2d00000,0x00000000f2d00000,0x00000000f3200000)
 ParOldGen       total 87552K, used 84968K [0x00000000c0000000, 0x00000000c5580000, 0x00000000eab00000)
  object space 87552K, 97% used [0x00000000c0000000,0x00000000c52fa088,0x00000000c5580000)
 Metaspace       used 7987K, capacity 8254K, committed 8576K, reserved 1056768K
  class space    used 763K, capacity 817K, committed 896K, reserved 1048576K
}
Event: 6.699 GC heap before
{Heap before GC invocations=9 (full 1):
 PSYoungGen      total 138240K, used 5107K [0x00000000eab00000, 0x00000000f3700000, 0x0000000100000000)
  eden space 133120K, 0% used [0x00000000eab00000,0x00000000eab00000,0x00000000f2d00000)
  from space 5120K, 99% used [0x00000000f3200000,0x00000000f36fce70,0x00000000f3700000)
  to   space 5120K, 0% used [0x00000000f2d00000,0x00000000f2d00000,0x00000000f3200000)
 ParOldGen       total 87552K, used 84968K [0x00000000c0000000, 0x00000000c5580000, 0x00000000eab00000)
  object space 87552K, 97% used [0x00000000c0000000,0x00000000c52fa088,0x00000000c5580000)
 Metaspace       used 7987K, capacity 8254K, committed 8576K, reserved 1056768K
  class space    used 763K, capacity 817K, committed 896K, reserved 1048576K
Event: 6.768 GC heap after
Heap after GC invocations=9 (full 1):
 PSYoungGen      total 138240K, used 0K [0x00000000eab00000, 0x00000000f3700000, 0x0000000100000000)
  eden space 133120K, 0% used [0x00000000eab00000,0x00000000eab00000,0x00000000f2d00000)
  from space 5120K, 0% used [0x00000000f3200000,0x00000000f3200000,0x00000000f3700000)
  to   space 5120K, 0% used [0x00000000f2d00000,0x00000000f2d00000,0x00000000f3200000)
 ParOldGen       total 96768K, used 31218K [0x00000000c0000000, 0x00000000c5e80000, 0x00000000eab00000)
  object space 96768K, 32% used [0x00000000c0000000,0x00000000c1e7c918,0x00000000c5e80000)
 Metaspace       used 7987K, capacity 8254K, committed 8576K, reserved 1056768K
  class space    used 763K, capacity 817K, committed 896K, reserved 1048576K
}
Event: 7.106 GC heap before
{Heap before GC invocations=10 (full 1):
 PSYoungGen      total 138240K, used 133120K [0x00000000eab00000, 0x00000000f3700000, 0x0000000100000000)
  eden space 133120K, 100% used [0x00000000eab00000,0x00000000f2d00000,0x00000000f2d00000)
  from space 5120K, 0% used [0x00000000f3200000,0x00000000f3200000,0x00000000f3700000)
  to   space 5120K, 0% used [0x00000000f2d00000,0x00000000f2d00000,0x00000000f3200000)
 ParOldGen       total 96768K, used 31218K [0x00000000c0000000, 0x00000000c5e80000, 0x00000000eab00000)
  object space 96768K, 32% used [0x00000000c0000000,0x00000000c1e7c918,0x00000000c5e80000)
 Metaspace       used 7993K, capacity 8254K, committed 8576K, reserved 1056768K
  class space    used 763K, capacity 817K, committed 896K, reserved 1048576K
Event: 7.112 GC heap after
Heap after GC invocations=10 (full 1):
 PSYoungGen      total 138240K, used 5093K [0x00000000eab00000, 0x00000000fa880000, 0x0000000100000000)
  eden space 133120K, 0% used [0x00000000eab00000,0x00000000eab00000,0x00000000f2d00000)
  from space 5120K, 99% used [0x00000000f2d00000,0x00000000f31f9570,0x00000000f3200000)
  to   space 33792K, 0% used [0x00000000f8780000,0x00000000f8780000,0x00000000fa880000)
 ParOldGen       total 96768K, used 50512K [0x00000000c0000000, 0x00000000c5e80000, 0x00000000eab00000)
  object space 96768K, 52% used [0x00000000c0000000,0x00000000c31543b8,0x00000000c5e80000)
 Metaspace       used 7993K, capacity 8254K, committed 8576K, reserved 1056768K
  class space    used 763K, capacity 817K, committed 896K, reserved 1048576K
}

Deoptimization events (10 events):
Event: 5.785 Thread 0x0000000002893800 Uncommon trap: reason=predicate action=maybe_recompile pc=0x000000000fb53bd8 method=java.util.ComparableTimSort.binarySort([Ljava/lang/Object;III)V @ 37
Event: 5.797 Thread 0x0000000002893800 Uncommon trap: reason=unreached action=reinterpret pc=0x000000000fb4885c method=java.util.HashMap$TreeNode.balanceInsertion(Ljava/util/HashMap$TreeNode;Ljava/util/HashMap$TreeNode;)Ljava/util/HashMap$TreeNode; @ 189
Event: 5.958 Thread 0x0000000002893800 Uncommon trap: reason=array_check action=maybe_recompile pc=0x000000000fb5b4e4 method=java.util.ComparableTimSort.binarySort([Ljava/lang/Object;III)V @ 193
Event: 6.068 Thread 0x0000000002893800 Uncommon trap: reason=array_check action=maybe_recompile pc=0x000000000fb5b4e4 method=java.util.ComparableTimSort.binarySort([Ljava/lang/Object;III)V @ 193
Event: 6.251 Thread 0x0000000002893800 Uncommon trap: reason=array_check action=maybe_recompile pc=0x000000000fb5b4e4 method=java.util.ComparableTimSort.binarySort([Ljava/lang/Object;III)V @ 193
Event: 6.360 Thread 0x0000000002893800 Uncommon trap: reason=array_check action=maybe_recompile pc=0x000000000fb5b4e4 method=java.util.ComparableTimSort.binarySort([Ljava/lang/Object;III)V @ 193
Event: 6.624 Thread 0x0000000002893800 Uncommon trap: reason=array_check action=maybe_recompile pc=0x000000000fb6ebd4 method=java.util.ComparableTimSort.binarySort([Ljava/lang/Object;III)V @ 215
Event: 6.624 Thread 0x0000000002893800 Uncommon trap: reason=array_check action=maybe_recompile pc=0x000000000fb1b1fc method=java.util.ComparableTimSort.binarySort([Ljava/lang/Object;III)V @ 215
Event: 6.864 Thread 0x0000000002893800 Uncommon trap: reason=array_check action=maybe_recompile pc=0x000000000fb6ebd4 method=java.util.ComparableTimSort.binarySort([Ljava/lang/Object;III)V @ 215
Event: 6.909 Thread 0x0000000002893800 Uncommon trap: reason=unreached action=reinterpret pc=0x000000000fab9924 method=java.util.HashMap$TreeNode.balanceInsertion(Ljava/util/HashMap$TreeNode;Ljava/util/HashMap$TreeNode;)Ljava/util/HashMap$TreeNode; @ 189

Internal exceptions (10 events):
Event: 4.311 Thread 0x0000000002893800 Exception <a 'java/security/PrivilegedActionException'> (0x00000000ec9a4aa0) thrown at [C:\workspace\8-2-build-windows-amd64-cygwin\jdk8u31\2394\hotspot\src\share\vm\prims\jvm.cpp, line 1312]
Event: 4.315 Thread 0x0000000002893800 Exception <a 'java/security/PrivilegedActionException'> (0x00000000ec9ebf28) thrown at [C:\workspace\8-2-build-windows-amd64-cygwin\jdk8u31\2394\hotspot\src\share\vm\prims\jvm.cpp, line 1312]
Event: 4.316 Thread 0x0000000002893800 Exception <a 'java/security/PrivilegedActionException'> (0x00000000ec9ee3b8) thrown at [C:\workspace\8-2-build-windows-amd64-cygwin\jdk8u31\2394\hotspot\src\share\vm\prims\jvm.cpp, line 1312]
Event: 4.386 Thread 0x0000000002893800 Exception <a 'java/security/PrivilegedActionException'> (0x00000000ecb4b978) thrown at [C:\workspace\8-2-build-windows-amd64-cygwin\jdk8u31\2394\hotspot\src\share\vm\prims\jvm.cpp, line 1312]
Event: 4.387 Thread 0x0000000002893800 Exception <a 'java/security/PrivilegedActionException'> (0x00000000ecb4bcc0) thrown at [C:\workspace\8-2-build-windows-amd64-cygwin\jdk8u31\2394\hotspot\src\share\vm\prims\jvm.cpp, line 1312]
Event: 4.388 Thread 0x0000000002893800 Exception <a 'java/security/PrivilegedActionException'> (0x00000000ecb4fd78) thrown at [C:\workspace\8-2-build-windows-amd64-cygwin\jdk8u31\2394\hotspot\src\share\vm\prims\jvm.cpp, line 1312]
Event: 4.388 Thread 0x0000000002893800 Exception <a 'java/security/PrivilegedActionException'> (0x00000000ecb500c0) thrown at [C:\workspace\8-2-build-windows-amd64-cygwin\jdk8u31\2394\hotspot\src\share\vm\prims\jvm.cpp, line 1312]
Event: 4.399 Thread 0x0000000002893800 Exception <a 'java/security/PrivilegedActionException'> (0x00000000ecb63f58) thrown at [C:\workspace\8-2-build-windows-amd64-cygwin\jdk8u31\2394\hotspot\src\share\vm\prims\jvm.cpp, line 1312]
Event: 4.399 Thread 0x0000000002893800 Exception <a 'java/security/PrivilegedActionException'> (0x00000000ecb64838) thrown at [C:\workspace\8-2-build-windows-amd64-cygwin\jdk8u31\2394\hotspot\src\share\vm\prims\jvm.cpp, line 1312]
Event: 4.587 Thread 0x0000000002893800 Exception <a 'java/security/PrivilegedActionException'> (0x00000000ed5f7a70) thrown at [C:\workspace\8-2-build-windows-amd64-cygwin\jdk8u31\2394\hotspot\src\share\vm\prims\jvm.cpp, line 1312]

Events (10 events):
Event: 6.889 Thread 0x0000000002893800 DEOPT UNPACKING pc=0x000000000f0575bf sp=0x000000000281efb8 mode 0
Event: 6.909 Thread 0x0000000002893800 Uncommon trap: trap_request=0xffffffad fr.pc=0x000000000fab9924
Event: 6.909 Thread 0x0000000002893800 DEOPT PACKING pc=0x000000000fab9924 sp=0x000000000281f110
Event: 6.909 Thread 0x0000000002893800 DEOPT UNPACKING pc=0x000000000f05556a sp=0x000000000281f0a0 mode 2
Event: 7.106 Executing VM operation: ParallelGCFailedAllocation
Event: 7.112 Executing VM operation: ParallelGCFailedAllocation done
Event: 7.231 Thread 0x0000000002893800 DEOPT PACKING pc=0x000000000fb8f94a sp=0x000000000281f020
Event: 7.231 Thread 0x0000000002893800 DEOPT UNPACKING pc=0x000000000f0575bf sp=0x000000000281ed40 mode 0
Event: 7.234 Thread 0x0000000002893800 DEOPT PACKING pc=0x000000000fad137f sp=0x000000000281ee90
Event: 7.234 Thread 0x0000000002893800 DEOPT UNPACKING pc=0x000000000f0575bf sp=0x000000000281ec10 mode 0


Dynamic libraries:
0x00007ff62dce0000 - 0x00007ff62dd14000 	C:\Program Files\Java\jdk1.8.0_31\bin\java.exe
0x00007ffbdbb70000 - 0x00007ffbdbd1c000 	C:\WINDOWS\SYSTEM32\ntdll.dll
0x00007ffbda0a0000 - 0x00007ffbda1da000 	C:\WINDOWS\system32\KERNEL32.DLL
0x00007ffbd91c0000 - 0x00007ffbd92cf000 	C:\WINDOWS\system32\KERNELBASE.dll
0x00007ffbd7a90000 - 0x00007ffbd7b18000 	C:\WINDOWS\system32\apphelp.dll
0x00007ffbd4ab0000 - 0x00007ffbd4aff000 	C:\WINDOWS\AppPatch\AppPatch64\AcGenral.DLL
0x00007ffbd9480000 - 0x00007ffbd9527000 	C:\WINDOWS\system32\msvcrt.dll
0x00007ffbd8cb0000 - 0x00007ffbd8cdb000 	C:\WINDOWS\SYSTEM32\SspiCli.dll
0x00007ffbda500000 - 0x00007ffbda551000 	C:\WINDOWS\system32\SHLWAPI.dll
0x00007ffbda1e0000 - 0x00007ffbda351000 	C:\WINDOWS\system32\USER32.dll
0x00007ffbda380000 - 0x00007ffbda4f8000 	C:\WINDOWS\system32\ole32.dll
0x00007ffbda580000 - 0x00007ffbdb98f000 	C:\WINDOWS\system32\SHELL32.dll
0x00007ffbd86b0000 - 0x00007ffbd86ce000 	C:\WINDOWS\SYSTEM32\USERENV.dll
0x00007ffbd9ad0000 - 0x00007ffbd9b75000 	C:\WINDOWS\system32\ADVAPI32.dll
0x00007ffbcef10000 - 0x00007ffbcef2b000 	C:\WINDOWS\SYSTEM32\MPR.dll
0x00007ffbd9570000 - 0x00007ffbd96a7000 	C:\WINDOWS\system32\RPCRT4.dll
0x00007ffbd97f0000 - 0x00007ffbd9847000 	C:\WINDOWS\SYSTEM32\sechost.dll
0x00007ffbdb990000 - 0x00007ffbdbb66000 	C:\WINDOWS\SYSTEM32\combase.dll
0x00007ffbd9ef0000 - 0x00007ffbda034000 	C:\WINDOWS\system32\GDI32.dll
0x00007ffbd8ec0000 - 0x00007ffbd8ed4000 	C:\WINDOWS\SYSTEM32\profapi.dll
0x00007ffbd7740000 - 0x00007ffbd77df000 	C:\WINDOWS\SYSTEM32\SHCORE.dll
0x00007ffbd9530000 - 0x00007ffbd9564000 	C:\WINDOWS\system32\IMM32.DLL
0x00007ffbd96b0000 - 0x00007ffbd97e9000 	C:\WINDOWS\system32\MSCTF.dll
0x00007ffbd6ca0000 - 0x00007ffbd6cd1000 	C:\Windows\system32\nvinitx.dll
0x00007ffbd8e60000 - 0x00007ffbd8e6a000 	C:\WINDOWS\SYSTEM32\VERSION.dll
0x000000000f000000 - 0x000000000f006000 	C:\Program Files\NVIDIA Corporation\CoProcManager\_etoured.dll
0x00007ffbd6c60000 - 0x00007ffbd6c91000 	C:\Program Files\NVIDIA Corporation\CoProcManager\nvd3d9wrapx.dll
0x00007ffbd9c90000 - 0x00007ffbd9e64000 	C:\WINDOWS\system32\SETUPAPI.dll
0x00007ffbd92d0000 - 0x00007ffbd931a000 	C:\WINDOWS\system32\CFGMGR32.dll
0x00007ffbd6c30000 - 0x00007ffbd6c52000 	C:\Program Files\NVIDIA Corporation\CoProcManager\nvdxgiwrapx.dll
0x00007ffbd70d0000 - 0x00007ffbd732a000 	C:\WINDOWS\WinSxS\amd64_microsoft.windows.common-controls_6595b64144ccf1df_6.0.9600.17031_none_6242a4b3ecbb55a1\COMCTL32.dll
0x0000000050090000 - 0x0000000050162000 	C:\Program Files\Java\jdk1.8.0_31\jre\bin\msvcr100.dll
0x0000000050390000 - 0x0000000050bea000 	C:\Program Files\Java\jdk1.8.0_31\jre\bin\server\jvm.dll
0x00007ffbd6e50000 - 0x00007ffbd6e59000 	C:\WINDOWS\SYSTEM32\WSOCK32.dll
0x00007ffbd69c0000 - 0x00007ffbd69df000 	C:\WINDOWS\SYSTEM32\WINMM.dll
0x00007ffbd9ac0000 - 0x00007ffbd9ac7000 	C:\WINDOWS\system32\PSAPI.DLL
0x00007ffbd9e90000 - 0x00007ffbd9ee8000 	C:\WINDOWS\system32\WS2_32.dll
0x00007ffbd6980000 - 0x00007ffbd69aa000 	C:\WINDOWS\SYSTEM32\WINMMBASE.dll
0x00007ffbd93d0000 - 0x00007ffbd93d9000 	C:\WINDOWS\system32\NSI.dll
0x00007ffbd7d00000 - 0x00007ffbd7d26000 	C:\WINDOWS\SYSTEM32\DEVOBJ.dll
0x00000000519a0000 - 0x00000000519af000 	C:\Program Files\Java\jdk1.8.0_31\jre\bin\verify.dll
0x0000000051970000 - 0x0000000051998000 	C:\Program Files\Java\jdk1.8.0_31\jre\bin\java.dll
0x0000000051950000 - 0x0000000051966000 	C:\Program Files\Java\jdk1.8.0_31\jre\bin\zip.dll
0x00007ffbd3970000 - 0x00007ffbd3af8000 	C:\WINDOWS\SYSTEM32\dbghelp.dll

VM Arguments:
jvm_args: -Xmx1024M -Dfile.encoding=windows-1251 -Duser.country=GB -Duser.language=en -Duser.variant 
java_command: com.android.dx.command.Main --dex --output C:\Users\Slav\AndroidStudioProjects\Peek\app\build\intermediates\dex\debug C:\Users\Slav\AndroidStudioProjects\Peek\app\build\intermediates\classes\debug C:\Users\Slav\AndroidStudioProjects\Peek\app\build\intermediates\pre-dexed\debug\classes-bc3dae08c223b8d56efaeb5ad4b47ba45a1bd278.jar C:\Users\Slav\AndroidStudioProjects\Peek\app\build\intermediates\pre-dexed\debug\support-annotations-22.2.0-bc3c3f6cd525c2b53235024ee42aae6514936bec.jar C:\Users\Slav\AndroidStudioProjects\Peek\app\build\intermediates\pre-dexed\debug\classes-b4382b78ac9efc3c6196e0d1c45847a6661094b9.jar C:\Users\Slav\AndroidStudioProjects\Peek\app\build\intermediates\pre-dexed\debug\classes-66a7385bcdeb64d5baa9f81eb9cf4d2536c1a01e.jar C:\Users\Slav\AndroidStudioProjects\Peek\app\build\intermediates\pre-dexed\debug\classes-c22af5ca877e81dc471b7323b1402ef08a3a9542.jar C:\Users\Slav\AndroidStudioProjects\Peek\app\build\intermediates\pre-dexed\debug\kenburnsview-1.0.6-79aa3a9715d53c4c8c5642d67e0e369408a8e046.jar C:\Users\Slav\AndroidStudioProjects\Peek\app\build\intermediates\pre-dexed\debug\classes-1e011db3bcc331bab5a2055b3c1bee9543f3bb83.jar C:\Users\Slav\AndroidStudioProjects\Peek\app\build\intermediates\pre-dexed\debug\classes-a86b97dfab0015495f716db65a2acbe677407bf4.jar C:\Users\Slav\AndroidStudioProjects\Peek\app\build\intermediates\pre-dexed\debug\classes-c4f5755b993f219a59675aef223d75d7b50f4a94.jar C:\Users\Slav\AndroidStudioProjects\Peek\app\build\intermediates\pre-dexed\debug\classes-d100cc5fc90dcaa1441b891171c8209a0b5611da.jar C:\Users\Slav\AndroidStudioProjects\Peek\app\build\intermediates\pre-dexed\debug\classes-371587ef96080df4a82068e5891cdb4d037b148c.jar C:\Users\Slav\AndroidStudioProjects\Peek\app\build\intermediates\pre-dexed\debug\classes-a43a7545eff185606dad02bb626efa136defeaca.jar C:\Users\Slav\AndroidStudioProjects\Peek\app\build\intermediates\pre-dexed\debug\classes-5b8412ba8e87c009e5f1d766cdd6e6edf1d1e9ee.jar C:\Users\Slav\A
java_class_path (initial): C:\Users\Slav\AppData\Local\Android\android-sdk\build-tools\22.0.1\lib\dx.jar
Launcher Type: SUN_STANDARD

Environment Variables:
JAVA_HOME=C:\Program Files\Java\jdk1.8.0_31
PATH=c:\python27\scripts;c:\program files (x86)\intel\icls client\;c:\program files\intel\icls client\;c:\program files\common files\microsoft shared\windows live;c:\windows\system32;c:\windows;c:\windows\system32\wbem;c:\windows\system32\windowspowershell\v1.0\;c:\program files\intel\intel(r) management engine components\dal;c:\program files\intel\intel(r) management engine components\ipt;c:\program files (x86)\intel\intel(r) management engine components\dal;c:\program files (x86)\intel\intel(r) management engine components\ipt;c:\program files (x86)\intel\opencl sdk\3.0\bin\x86;c:\program files (x86)\intel\opencl sdk\3.0\bin\x64;c:\program files\authentec truesuite\x86\;c:\program files (x86)\common files\avid;c:\program files\common files\avid;c:\program files\microsoft sql server\110\tools\binn\;c:\python27;c:\program files (x86)\gtksharp\2.12\bin;c:\program files (x86)\windows kits\8.1\windows performance toolkit\;c:\program files (x86)\microsoft sdks\typescript\1.0\;c:\program files\microsoft sql server\120\tools\binn\;c:\gtk3\bin;c:\program files (x86)\nodejs\;c:\program files\java\jre7\bin;c:\program files (x86)\java\jdk1.7.0_71\bin;c:\program files\oracle\virtualbox;C:\Program Files (x86)\Skype\Phone\;C:\Program Files (x86)\NVIDIA Corporation\PhysX\Common;C:\Program Files (x86)\Java\jdk1.7.0_25\bin;C:\Program Files\Common Files\Microsoft Shared\Windows Live;C:\Users\Slav\AppData\Roaming\npm
USERNAME=Slav
OS=Windows_NT
PROCESSOR_IDENTIFIER=Intel64 Family 6 Model 58 Stepping 9, GenuineIntel



---------------  S Y S T E M  ---------------

OS: Windows 8.1 , 64 bit Build 9600 

CPU:total 8 (4 cores per cpu, 2 threads per core) family 6 model 58 stepping 9, cmov, cx8, fxsr, mmx, sse, sse2, sse3, ssse3, sse4.1, sse4.2, popcnt, avx, aes, clmul, erms, ht, tsc, tscinvbit, tscinv

Memory: 4k page, physical 8277456k(963956k free), swap 12471760k(4884k free)

vm_info: Java HotSpot(TM) 64-Bit Server VM (25.31-b07) for windows-amd64 JRE (1.8.0_31-b13), built on Dec 17 2014 21:00:28 by "java_re" with MS VC++ 10.0 (VS2010)

time: Sun Jul 26 16:43:29 2015
elapsed time: 7 seconds (0d 0h 0m 7s)

