#
# There is insufficient memory for the Java Runtime Environment to continue.
# Native memory allocation (malloc) failed to allocate 61776 bytes for Chunk::new
# Possible reasons:
#   The system is out of physical RAM or swap space
#   In 32 bit mode, the process size limit was hit
# Possible solutions:
#   Reduce memory load on the system
#   Increase physical memory or swap space
#   Check if swap backing store is full
#   Use 64 bit Java on a 64 bit OS
#   Decrease Java heap size (-Xmx/-Xms)
#   Decrease number of Java threads
#   Decrease Java thread stack sizes (-Xss)
#   Set larger code cache with -XX:ReservedCodeCacheSize=
# This output file may be truncated or incomplete.
#
#  Out of Memory Error (allocation.cpp:390), pid=5604, tid=10492
#
# JRE version: Java(TM) SE Runtime Environment (8.0_31-b13) (build 1.8.0_31-b13)
# Java VM: Java HotSpot(TM) 64-Bit Server VM (25.31-b07 mixed mode windows-amd64 compressed oops)
# Failed to write core dump. Minidumps are not enabled by default on client versions of Windows
#

---------------  T H R E A D  ---------------

Current thread (0x00000000087b9800):  JavaThread "C2 CompilerThread0" daemon [_thread_in_native, id=10492, stack(0x0000000008d90000,0x0000000008e90000)]

Stack: [0x0000000008d90000,0x0000000008e90000]
Native frames: (J=compiled Java code, j=interpreted, Vv=VM code, C=native code)
V  [jvm.dll+0x3169ba]


Current CompileTask:
C2:   2509 1106       4       com.android.dx.ssa.SsaMethod$2::addToUses (48 bytes)


---------------  P R O C E S S  ---------------

Java Threads: ( => current thread )
  0x0000000008816000 JavaThread "Service Thread" daemon [_thread_blocked, id=13052, stack(0x0000000009190000,0x0000000009290000)]
  0x000000000880f000 JavaThread "C1 CompilerThread3" daemon [_thread_blocked, id=9644, stack(0x0000000009090000,0x0000000009190000)]
  0x000000000880c800 JavaThread "C2 CompilerThread2" daemon [_thread_blocked, id=7772, stack(0x0000000008f90000,0x0000000009090000)]
  0x000000000880a800 JavaThread "C2 CompilerThread1" daemon [_thread_in_native, id=12512, stack(0x0000000008e90000,0x0000000008f90000)]
=>0x00000000087b9800 JavaThread "C2 CompilerThread0" daemon [_thread_in_native, id=10492, stack(0x0000000008d90000,0x0000000008e90000)]
  0x00000000087b7800 JavaThread "Attach Listener" daemon [_thread_blocked, id=7424, stack(0x0000000008c90000,0x0000000008d90000)]
  0x00000000087b4800 JavaThread "Signal Dispatcher" daemon [_thread_blocked, id=8072, stack(0x0000000008b90000,0x0000000008c90000)]
  0x0000000002c73000 JavaThread "Finalizer" daemon [_thread_blocked, id=12964, stack(0x0000000008690000,0x0000000008790000)]
  0x000000000679c800 JavaThread "Reference Handler" daemon [_thread_blocked, id=3688, stack(0x0000000008590000,0x0000000008690000)]
  0x0000000002a7d800 JavaThread "main" [_thread_in_Java, id=1220, stack(0x0000000002a80000,0x0000000002b80000)]

Other Threads:
  0x0000000006798000 VMThread [stack: 0x0000000008490000,0x0000000008590000] [id=6340]
  0x0000000008816800 WatcherThread [stack: 0x0000000009290000,0x0000000009390000] [id=8732]

VM state:not at safepoint (normal execution)

VM Mutex/Monitor currently owned by a thread: None

Heap:
 PSYoungGen      total 38400K, used 20645K [0x00000000eab00000, 0x00000000ed580000, 0x0000000100000000)
  eden space 33280K, 62% used [0x00000000eab00000,0x00000000ebf29410,0x00000000ecb80000)
  from space 5120K, 0% used [0x00000000ed080000,0x00000000ed080000,0x00000000ed580000)
  to   space 5120K, 0% used [0x00000000ecb80000,0x00000000ecb80000,0x00000000ed080000)
 ParOldGen       total 87552K, used 0K [0x00000000c0000000, 0x00000000c5580000, 0x00000000eab00000)
  object space 87552K, 0% used [0x00000000c0000000,0x00000000c0000000,0x00000000c5580000)
 Metaspace       used 5522K, capacity 6832K, committed 7040K, reserved 1056768K
  class space    used 550K, capacity 616K, committed 640K, reserved 1048576K

Card table byte_map: [0x0000000003040000,0x0000000003250000] byte_map_base: 0x0000000002a40000

Marking Bits: (ParMarkBitMap*) 0x0000000050b3d4f0
 Begin Bits: [0x0000000003bb0000, 0x0000000004bb0000)
 End Bits:   [0x0000000004bb0000, 0x0000000005bb0000)

Polling page: 0x0000000000d70000

CodeCache: size=245760Kb used=4383Kb max_used=4400Kb free=241376Kb
 bounds [0x000000000f010000, 0x000000000f470000, 0x000000001e010000]
 total_blobs=1368 nmethods=1108 adapters=174
 compilation: enabled

Compilation events (10 events):
Event: 2.337 Thread 0x000000000880a800 nmethod 1093 0x000000000f456110 code [0x000000000f4562c0, 0x000000000f456af0]
Event: 2.483 Thread 0x000000000880c800 nmethod 1072 0x000000000f45b210 code [0x000000000f45b580, 0x000000000f45ddd0]
Event: 2.488 Thread 0x00000000087b9800 1106       4       com.android.dx.ssa.SsaMethod$2::addToUses (48 bytes)
Event: 2.489 Thread 0x000000000880a800 1107       4       com.android.dx.ssa.SCCP::simulatePhi (169 bytes)
Event: 2.490 Thread 0x000000000880c800 1108       4       com.android.dx.ssa.PhiInsn::predBlockIndexForSourcesIndex (15 bytes)
Event: 2.491 Thread 0x000000000880c800 nmethod 1108 0x000000000f454510 code [0x000000000f454660, 0x000000000f454758]
Event: 2.492 Thread 0x000000000880f000 1109       3       com.android.dx.rop.cst.CstLiteral64::equals (36 bytes)
Event: 2.492 Thread 0x000000000880f000 nmethod 1109 0x000000000f450a50 code [0x000000000f450bc0, 0x000000000f451030]
Event: 2.496 Thread 0x000000000880c800 1110       4       java.util.Collections$UnmodifiableCollection::iterator (9 bytes)
Event: 2.502 Thread 0x000000000880c800 nmethod 1110 0x000000000f455a10 code [0x000000000f455b80, 0x000000000f455e38]

GC Heap History (0 events):
No events

Deoptimization events (9 events):
Event: 1.582 Thread 0x0000000002a7d800 Uncommon trap: reason=null_check action=make_not_entrant pc=0x000000000f2f3f28 method=com.android.dx.ssa.SsaRenamer.getLocalForNewReg(I)Lcom/android/dx/rop/code/LocalItem; @ 19
Event: 1.928 Thread 0x0000000002a7d800 Uncommon trap: reason=unreached action=reinterpret pc=0x000000000f38ae5c method=com.android.dx.rop.cst.Constant.compareTo(Lcom/android/dx/rop/cst/Constant;)I @ 12
Event: 2.041 Thread 0x0000000002a7d800 Uncommon trap: reason=null_check action=make_not_entrant pc=0x000000000f3d52a0 method=com.android.dx.rop.type.Type.equals(Ljava/lang/Object;)Z @ 8
Event: 2.142 Thread 0x0000000002a7d800 Uncommon trap: reason=bimorphic action=maybe_recompile pc=0x000000000f25bb90 method=java.util.HashMap.getNode(ILjava/lang/Object;)Ljava/util/HashMap$Node; @ 126
Event: 2.149 Thread 0x0000000002a7d800 Uncommon trap: reason=unreached action=reinterpret pc=0x000000000f38ba50 method=com.android.dx.rop.code.LocalItem.hashCode()I @ 25
Event: 2.489 Thread 0x0000000002a7d800 Uncommon trap: reason=bimorphic action=maybe_recompile pc=0x000000000f45d720 method=com.android.dx.ssa.SCCP.simulatePhi(Lcom/android/dx/ssa/PhiInsn;)V @ 124
Event: 2.489 Thread 0x0000000002a7d800 Uncommon trap: reason=bimorphic action=maybe_recompile pc=0x000000000f45d720 method=com.android.dx.ssa.SCCP.simulatePhi(Lcom/android/dx/ssa/PhiInsn;)V @ 124
Event: 2.489 Thread 0x0000000002a7d800 Uncommon trap: reason=bimorphic action=maybe_recompile pc=0x000000000f45d720 method=com.android.dx.ssa.SCCP.simulatePhi(Lcom/android/dx/ssa/PhiInsn;)V @ 124
Event: 2.489 Thread 0x0000000002a7d800 Uncommon trap: reason=bimorphic action=maybe_recompile pc=0x000000000f45d720 method=com.android.dx.ssa.SCCP.simulatePhi(Lcom/android/dx/ssa/PhiInsn;)V @ 124

Internal exceptions (10 events):
Event: 1.128 Thread 0x0000000002a7d800 Exception <a 'java/security/PrivilegedActionException'> (0x00000000eb3c4f70) thrown at [C:\workspace\8-2-build-windows-amd64-cygwin\jdk8u31\2394\hotspot\src\share\vm\prims\jvm.cpp, line 1312]
Event: 1.142 Thread 0x0000000002a7d800 Exception <a 'java/security/PrivilegedActionException'> (0x00000000eb3ed600) thrown at [C:\workspace\8-2-build-windows-amd64-cygwin\jdk8u31\2394\hotspot\src\share\vm\prims\jvm.cpp, line 1312]
Event: 1.154 Thread 0x0000000002a7d800 Exception <a 'java/security/PrivilegedActionException'> (0x00000000eb407998) thrown at [C:\workspace\8-2-build-windows-amd64-cygwin\jdk8u31\2394\hotspot\src\share\vm\prims\jvm.cpp, line 1312]
Event: 1.298 Thread 0x0000000002a7d800 Exception <a 'java/security/PrivilegedActionException'> (0x00000000eb4e1ce0) thrown at [C:\workspace\8-2-build-windows-amd64-cygwin\jdk8u31\2394\hotspot\src\share\vm\prims\jvm.cpp, line 1312]
Event: 1.299 Thread 0x0000000002a7d800 Exception <a 'java/security/PrivilegedActionException'> (0x00000000eb4e4218) thrown at [C:\workspace\8-2-build-windows-amd64-cygwin\jdk8u31\2394\hotspot\src\share\vm\prims\jvm.cpp, line 1312]
Event: 1.409 Thread 0x0000000002a7d800 Exception <a 'java/security/PrivilegedActionException'> (0x00000000eb5bb4b8) thrown at [C:\workspace\8-2-build-windows-amd64-cygwin\jdk8u31\2394\hotspot\src\share\vm\prims\jvm.cpp, line 1312]
Event: 1.582 Thread 0x0000000002a7d800 Implicit null exception at 0x000000000f2f1fe8 to 0x000000000f2f3f01
Event: 1.899 Thread 0x0000000002a7d800 Exception <a 'java/security/PrivilegedActionException'> (0x00000000eb88e068) thrown at [C:\workspace\8-2-build-windows-amd64-cygwin\jdk8u31\2394\hotspot\src\share\vm\prims\jvm.cpp, line 1312]
Event: 1.902 Thread 0x0000000002a7d800 Exception <a 'java/security/PrivilegedActionException'> (0x00000000eb8a1e10) thrown at [C:\workspace\8-2-build-windows-amd64-cygwin\jdk8u31\2394\hotspot\src\share\vm\prims\jvm.cpp, line 1312]
Event: 2.041 Thread 0x0000000002a7d800 Implicit null exception at 0x000000000f3d51a2 to 0x000000000f3d5292

Events (10 events):
Event: 2.489 Thread 0x0000000002a7d800 DEOPT UNPACKING pc=0x000000000f05556a sp=0x0000000002b7e538 mode 2
Event: 2.489 Thread 0x0000000002a7d800 Uncommon trap: trap_request=0xffffffc6 fr.pc=0x000000000f45d720
Event: 2.489 Thread 0x0000000002a7d800 DEOPT PACKING pc=0x000000000f45d720 sp=0x0000000002b7e570
Event: 2.489 Thread 0x0000000002a7d800 DEOPT UNPACKING pc=0x000000000f05556a sp=0x0000000002b7e538 mode 2
Event: 2.489 Thread 0x0000000002a7d800 Uncommon trap: trap_request=0xffffffc6 fr.pc=0x000000000f45d720
Event: 2.489 Thread 0x0000000002a7d800 DEOPT PACKING pc=0x000000000f45d720 sp=0x0000000002b7e570
Event: 2.489 Thread 0x0000000002a7d800 DEOPT UNPACKING pc=0x000000000f05556a sp=0x0000000002b7e538 mode 2
Event: 2.489 Thread 0x0000000002a7d800 Uncommon trap: trap_request=0xffffffc6 fr.pc=0x000000000f45d720
Event: 2.489 Thread 0x0000000002a7d800 DEOPT PACKING pc=0x000000000f45d720 sp=0x0000000002b7e570
Event: 2.489 Thread 0x0000000002a7d800 DEOPT UNPACKING pc=0x000000000f05556a sp=0x0000000002b7e538 mode 2


Dynamic libraries:
0x00007ff72eec0000 - 0x00007ff72eef4000 	C:\Program Files\Java\jdk1.8.0_31\bin\java.exe
0x00007ffbdbb70000 - 0x00007ffbdbd1c000 	C:\WINDOWS\SYSTEM32\ntdll.dll
0x00007ffbda0a0000 - 0x00007ffbda1da000 	C:\WINDOWS\system32\KERNEL32.DLL
0x00007ffbd91c0000 - 0x00007ffbd92cf000 	C:\WINDOWS\system32\KERNELBASE.dll
0x00007ffbd7a90000 - 0x00007ffbd7b18000 	C:\WINDOWS\system32\apphelp.dll
0x00007ffbc81b0000 - 0x00007ffbc81ff000 	C:\WINDOWS\AppPatch\AppPatch64\AcGenral.DLL
0x00007ffbd9480000 - 0x00007ffbd9527000 	C:\WINDOWS\system32\msvcrt.dll
0x00007ffbd8cb0000 - 0x00007ffbd8cdb000 	C:\WINDOWS\SYSTEM32\SspiCli.dll
0x00007ffbda500000 - 0x00007ffbda551000 	C:\WINDOWS\system32\SHLWAPI.dll
0x00007ffbda1e0000 - 0x00007ffbda351000 	C:\WINDOWS\system32\USER32.dll
0x00007ffbda380000 - 0x00007ffbda4f8000 	C:\WINDOWS\system32\ole32.dll
0x00007ffbda580000 - 0x00007ffbdb98f000 	C:\WINDOWS\system32\SHELL32.dll
0x00007ffbd86b0000 - 0x00007ffbd86ce000 	C:\WINDOWS\SYSTEM32\USERENV.dll
0x00007ffbd9ad0000 - 0x00007ffbd9b75000 	C:\WINDOWS\system32\ADVAPI32.dll
0x00007ffbcef10000 - 0x00007ffbcef2b000 	C:\WINDOWS\SYSTEM32\MPR.dll
0x00007ffbd9570000 - 0x00007ffbd96a7000 	C:\WINDOWS\system32\RPCRT4.dll
0x00007ffbd97f0000 - 0x00007ffbd9847000 	C:\WINDOWS\SYSTEM32\sechost.dll
0x00007ffbdb990000 - 0x00007ffbdbb66000 	C:\WINDOWS\SYSTEM32\combase.dll
0x00007ffbd9ef0000 - 0x00007ffbda034000 	C:\WINDOWS\system32\GDI32.dll
0x00007ffbd8ec0000 - 0x00007ffbd8ed4000 	C:\WINDOWS\SYSTEM32\profapi.dll
0x00007ffbd7740000 - 0x00007ffbd77df000 	C:\WINDOWS\SYSTEM32\SHCORE.dll
0x00007ffbd9530000 - 0x00007ffbd9564000 	C:\WINDOWS\system32\IMM32.DLL
0x00007ffbd96b0000 - 0x00007ffbd97e9000 	C:\WINDOWS\system32\MSCTF.dll
0x00007ffbd8e70000 - 0x00007ffbd8ea2000 	C:\Windows\system32\nvinitx.dll
0x00007ffbd8e60000 - 0x00007ffbd8e6a000 	C:\WINDOWS\SYSTEM32\VERSION.dll
0x000000000f000000 - 0x000000000f006000 	C:\Program Files\NVIDIA Corporation\CoProcManager\_etoured.dll
0x00007ffbd6ea0000 - 0x00007ffbd6ed2000 	C:\Program Files\NVIDIA Corporation\CoProcManager\nvd3d9wrapx.dll
0x00007ffbd9c90000 - 0x00007ffbd9e64000 	C:\WINDOWS\system32\SETUPAPI.dll
0x00007ffbd92d0000 - 0x00007ffbd931a000 	C:\WINDOWS\system32\CFGMGR32.dll
0x00007ffbd6ad0000 - 0x00007ffbd6af2000 	C:\Program Files\NVIDIA Corporation\CoProcManager\nvdxgiwrapx.dll
0x00007ffbd70d0000 - 0x00007ffbd732a000 	C:\WINDOWS\WinSxS\amd64_microsoft.windows.common-controls_6595b64144ccf1df_6.0.9600.17031_none_6242a4b3ecbb55a1\COMCTL32.dll
0x0000000077cf0000 - 0x0000000077dc2000 	C:\Program Files\Java\jdk1.8.0_31\jre\bin\msvcr100.dll
0x0000000050360000 - 0x0000000050bba000 	C:\Program Files\Java\jdk1.8.0_31\jre\bin\server\jvm.dll
0x00007ffbc1860000 - 0x00007ffbc1869000 	C:\WINDOWS\SYSTEM32\WSOCK32.dll
0x00007ffbd69c0000 - 0x00007ffbd69df000 	C:\WINDOWS\SYSTEM32\WINMM.dll
0x00007ffbd9ac0000 - 0x00007ffbd9ac7000 	C:\WINDOWS\system32\PSAPI.DLL
0x00007ffbd9e90000 - 0x00007ffbd9ee8000 	C:\WINDOWS\system32\WS2_32.dll
0x00007ffbd6980000 - 0x00007ffbd69aa000 	C:\WINDOWS\SYSTEM32\WINMMBASE.dll
0x00007ffbd93d0000 - 0x00007ffbd93d9000 	C:\WINDOWS\system32\NSI.dll
0x00007ffbd7d00000 - 0x00007ffbd7d26000 	C:\WINDOWS\SYSTEM32\DEVOBJ.dll
0x0000000050350000 - 0x000000005035f000 	C:\Program Files\Java\jdk1.8.0_31\jre\bin\verify.dll
0x0000000050320000 - 0x0000000050348000 	C:\Program Files\Java\jdk1.8.0_31\jre\bin\java.dll
0x0000000050300000 - 0x0000000050316000 	C:\Program Files\Java\jdk1.8.0_31\jre\bin\zip.dll
0x00007ffbd3970000 - 0x00007ffbd3af8000 	C:\WINDOWS\SYSTEM32\dbghelp.dll

VM Arguments:
jvm_args: -Xmx1024M -Dfile.encoding=windows-1251 -Duser.country=GB -Duser.language=en -Duser.variant 
java_command: com.android.dx.command.Main --dex --output C:\Users\Slav\AndroidStudioProjects\Peek\app\build\intermediates\pre-dexed\debug\universal-image-loader-1.9.4-82d3aa14dfe2e6161af4f110b55a78b5ffa6baa6.jar C:\Users\Slav\.gradle\caches\modules-2\files-2.1\com.nostra13.universalimageloader\universal-image-loader\1.9.4\dd9eeb557650c4ad7394df23f0f5cf27a7cfc697\universal-image-loader-1.9.4.jar
java_class_path (initial): C:\Users\Slav\AppData\Local\Android\android-sdk\build-tools\22.0.1\lib\dx.jar
Launcher Type: SUN_STANDARD

Environment Variables:
JAVA_HOME=C:\Program Files\Java\jdk1.8.0_31
PATH=C:\Program Files (x86)\NVIDIA Corporation\PhysX\Common;c:\python27\scripts;c:\program files (x86)\intel\icls client\;c:\program files\intel\icls client\;c:\program files\common files\microsoft shared\windows live;c:\windows\system32;c:\windows;c:\windows\system32\wbem;c:\windows\system32\windowspowershell\v1.0\;c:\program files\intel\intel(r) management engine components\dal;c:\program files\intel\intel(r) management engine components\ipt;c:\program files (x86)\intel\intel(r) management engine components\dal;c:\program files (x86)\intel\intel(r) management engine components\ipt;c:\program files (x86)\intel\opencl sdk\3.0\bin\x86;c:\program files (x86)\intel\opencl sdk\3.0\bin\x64;c:\program files\authentec truesuite\x86\;c:\program files (x86)\common files\avid;c:\program files\common files\avid;c:\program files\microsoft sql server\110\tools\binn\;c:\python27;c:\program files (x86)\gtksharp\2.12\bin;c:\program files (x86)\windows kits\8.1\windows performance toolkit\;c:\program files (x86)\microsoft sdks\typescript\1.0\;c:\program files\microsoft sql server\120\tools\binn\;c:\gtk3\bin;c:\program files (x86)\nodejs\;c:\program files\java\jre7\bin;c:\program files (x86)\java\jdk1.7.0_71\bin;c:\program files\oracle\virtualbox;C:\Program Files (x86)\Skype\Phone\;C:\Program Files (x86)\Java\jdk1.7.0_25\bin;C:\Program Files\Common Files\Microsoft Shared\Windows Live;C:\Users\Slav\AppData\Roaming\npm
USERNAME=Slav
OS=Windows_NT
PROCESSOR_IDENTIFIER=Intel64 Family 6 Model 58 Stepping 9, GenuineIntel



---------------  S Y S T E M  ---------------

OS: Windows 8.1 , 64 bit Build 9600 

CPU:total 8 (4 cores per cpu, 2 threads per core) family 6 model 58 stepping 9, cmov, cx8, fxsr, mmx, sse, sse2, sse3, ssse3, sse4.1, sse4.2, popcnt, avx, aes, clmul, erms, ht, tsc, tscinvbit, tscinv

Memory: 4k page, physical 8277456k(1486456k free), swap 12471760k(5348k free)

vm_info: Java HotSpot(TM) 64-Bit Server VM (25.31-b07) for windows-amd64 JRE (1.8.0_31-b13), built on Dec 17 2014 21:00:28 by "java_re" with MS VC++ 10.0 (VS2010)

time: Wed Jul 22 23:43:55 2015
elapsed time: 2 seconds (0d 0h 0m 2s)

