#
# There is insufficient memory for the Java Runtime Environment to continue.
# Native memory allocation (malloc) failed to allocate 500432 bytes for Chunk::new
# Possible reasons:
#   The system is out of physical RAM or swap space
#   In 32 bit mode, the process size limit was hit
# Possible solutions:
#   Reduce memory load on the system
#   Increase physical memory or swap space
#   Check if swap backing store is full
#   Use 64 bit Java on a 64 bit OS
#   Decrease Java heap size (-Xmx/-Xms)
#   Decrease number of Java threads
#   Decrease Java thread stack sizes (-Xss)
#   Set larger code cache with -XX:ReservedCodeCacheSize=
# This output file may be truncated or incomplete.
#
#  Out of Memory Error (allocation.cpp:390), pid=10252, tid=1780
#
# JRE version: Java(TM) SE Runtime Environment (8.0_31-b13) (build 1.8.0_31-b13)
# Java VM: Java HotSpot(TM) 64-Bit Server VM (25.31-b07 mixed mode windows-amd64 compressed oops)
# Failed to write core dump. Minidumps are not enabled by default on client versions of Windows
#

---------------  T H R E A D  ---------------

Current thread (0x00000000089ae000):  JavaThread "C2 CompilerThread2" daemon [_thread_in_native, id=1780, stack(0x0000000009130000,0x0000000009230000)]

Stack: [0x0000000009130000,0x0000000009230000]
Native frames: (J=compiled Java code, j=interpreted, Vv=VM code, C=native code)
V  [jvm.dll+0x3169ba]


Current CompileTask:
C2:   9991 1178       4       com.android.dx.dex.code.RopToDop::dopFor (792 bytes)


---------------  P R O C E S S  ---------------

Java Threads: ( => current thread )
  0x00000000089be000 JavaThread "Service Thread" daemon [_thread_blocked, id=11644, stack(0x0000000009330000,0x0000000009430000)]
  0x00000000089b1000 JavaThread "C1 CompilerThread3" daemon [_thread_blocked, id=236, stack(0x0000000009230000,0x0000000009330000)]
=>0x00000000089ae000 JavaThread "C2 CompilerThread2" daemon [_thread_in_native, id=1780, stack(0x0000000009130000,0x0000000009230000)]
  0x00000000089aa800 JavaThread "C2 CompilerThread1" daemon [_thread_in_native, id=12852, stack(0x0000000009030000,0x0000000009130000)]
  0x0000000008959000 JavaThread "C2 CompilerThread0" daemon [_thread_in_native, id=12384, stack(0x0000000008f30000,0x0000000009030000)]
  0x0000000008956800 JavaThread "Attach Listener" daemon [_thread_blocked, id=1952, stack(0x0000000008e30000,0x0000000008f30000)]
  0x0000000008955800 JavaThread "Signal Dispatcher" daemon [_thread_blocked, id=1464, stack(0x0000000008d30000,0x0000000008e30000)]
  0x0000000002d78800 JavaThread "Finalizer" daemon [_thread_blocked, id=12276, stack(0x0000000008830000,0x0000000008930000)]
  0x0000000002d72000 JavaThread "Reference Handler" daemon [_thread_blocked, id=13040, stack(0x0000000008730000,0x0000000008830000)]
  0x0000000002e2d800 JavaThread "main" [_thread_in_vm, id=12160, stack(0x0000000002ad0000,0x0000000002bd0000)]

Other Threads:
  0x0000000006948800 VMThread [stack: 0x0000000008630000,0x0000000008730000] [id=9996]
  0x00000000089bf000 WatcherThread [stack: 0x0000000009430000,0x0000000009530000] [id=12900]

VM state:not at safepoint (normal execution)

VM Mutex/Monitor currently owned by a thread: None

Heap:
 PSYoungGen      total 71680K, used 8160K [0x00000000eab00000, 0x00000000ef600000, 0x0000000100000000)
  eden space 66560K, 4% used [0x00000000eab00000,0x00000000eadfd7d8,0x00000000eec00000)
  from space 5120K, 99% used [0x00000000eec00000,0x00000000ef0fac18,0x00000000ef100000)
  to   space 5120K, 0% used [0x00000000ef100000,0x00000000ef100000,0x00000000ef600000)
 ParOldGen       total 87552K, used 47713K [0x00000000c0000000, 0x00000000c5580000, 0x00000000eab00000)
  object space 87552K, 54% used [0x00000000c0000000,0x00000000c2e98558,0x00000000c5580000)
 Metaspace       used 5383K, capacity 6704K, committed 6784K, reserved 1056768K
  class space    used 540K, capacity 616K, committed 640K, reserved 1048576K

Card table byte_map: [0x00000000031f0000,0x0000000003400000] byte_map_base: 0x0000000002bf0000

Marking Bits: (ParMarkBitMap*) 0x000000005dced4f0
 Begin Bits: [0x0000000003d60000, 0x0000000004d60000)
 End Bits:   [0x0000000004d60000, 0x0000000005d60000)

Polling page: 0x0000000000ee0000

CodeCache: size=245760Kb used=4945Kb max_used=4957Kb free=240814Kb
 bounds [0x000000000f010000, 0x000000000f4f0000, 0x000000001e010000]
 total_blobs=1437 nmethods=1178 adapters=173
 compilation: enabled

Compilation events (10 events):
Event: 9.928 Thread 0x00000000089ae000 1176       4       com.android.dx.rop.code.Insn::hashCode (5 bytes)
Event: 9.929 Thread 0x00000000089ae000 nmethod 1176 0x000000000f4e3390 code [0x000000000f4e34e0, 0x000000000f4e3588]
Event: 9.932 Thread 0x00000000089aa800 1177       4       com.android.dx.rop.code.Rop::hashCode (54 bytes)
Event: 9.933 Thread 0x0000000008959000 nmethod 1174 0x000000000f4e2d90 code [0x000000000f4e2ee0, 0x000000000f4e3158]
Event: 9.933 Thread 0x00000000089ae000 1178       4       com.android.dx.dex.code.RopToDop::dopFor (792 bytes)
Event: 9.938 Thread 0x0000000008959000 1179       4       com.android.dx.rop.code.PlainInsn::accept (8 bytes)
Event: 9.938 Thread 0x0000000008959000 nmethod 1179 0x000000000f4e2b50 code [0x000000000f4e2c80, 0x000000000f4e2cf8]
Event: 9.939 Thread 0x0000000008959000 1180       4       com.android.dx.dex.code.RopTranslator$LocalVariableAwareTranslationVisitor::visitPlainInsn (11 bytes)
Event: 9.955 Thread 0x00000000089aa800 nmethod 1177 0x000000000f4e5cd0 code [0x000000000f4e5e40, 0x000000000f4e6518]
Event: 9.955 Thread 0x00000000089aa800 1181       4       com.android.dx.dex.code.RopTranslator::outputBlock (202 bytes)

GC Heap History (6 events):
Event: 4.559 GC heap before
{Heap before GC invocations=1 (full 0):
 PSYoungGen      total 38400K, used 33280K [0x00000000eab00000, 0x00000000ed580000, 0x0000000100000000)
  eden space 33280K, 100% used [0x00000000eab00000,0x00000000ecb80000,0x00000000ecb80000)
  from space 5120K, 0% used [0x00000000ed080000,0x00000000ed080000,0x00000000ed580000)
  to   space 5120K, 0% used [0x00000000ecb80000,0x00000000ecb80000,0x00000000ed080000)
 ParOldGen       total 87552K, used 0K [0x00000000c0000000, 0x00000000c5580000, 0x00000000eab00000)
  object space 87552K, 0% used [0x00000000c0000000,0x00000000c0000000,0x00000000c5580000)
 Metaspace       used 5191K, capacity 6512K, committed 6784K, reserved 1056768K
  class space    used 539K, capacity 616K, committed 640K, reserved 1048576K
Event: 4.775 GC heap after
Heap after GC invocations=1 (full 0):
 PSYoungGen      total 38400K, used 5095K [0x00000000eab00000, 0x00000000ef600000, 0x0000000100000000)
  eden space 33280K, 0% used [0x00000000eab00000,0x00000000eab00000,0x00000000ecb80000)
  from space 5120K, 99% used [0x00000000ecb80000,0x00000000ed079e20,0x00000000ed080000)
  to   space 5120K, 0% used [0x00000000ef100000,0x00000000ef100000,0x00000000ef600000)
 ParOldGen       total 87552K, used 15906K [0x00000000c0000000, 0x00000000c5580000, 0x00000000eab00000)
  object space 87552K, 18% used [0x00000000c0000000,0x00000000c0f88910,0x00000000c5580000)
 Metaspace       used 5191K, capacity 6512K, committed 6784K, reserved 1056768K
  class space    used 539K, capacity 616K, committed 640K, reserved 1048576K
}
Event: 4.868 GC heap before
{Heap before GC invocations=2 (full 0):
 PSYoungGen      total 38400K, used 38375K [0x00000000eab00000, 0x00000000ef600000, 0x0000000100000000)
  eden space 33280K, 100% used [0x00000000eab00000,0x00000000ecb80000,0x00000000ecb80000)
  from space 5120K, 99% used [0x00000000ecb80000,0x00000000ed079e20,0x00000000ed080000)
  to   space 5120K, 0% used [0x00000000ef100000,0x00000000ef100000,0x00000000ef600000)
 ParOldGen       total 87552K, used 15906K [0x00000000c0000000, 0x00000000c5580000, 0x00000000eab00000)
  object space 87552K, 18% used [0x00000000c0000000,0x00000000c0f88910,0x00000000c5580000)
 Metaspace       used 5191K, capacity 6512K, committed 6784K, reserved 1056768K
  class space    used 539K, capacity 616K, committed 640K, reserved 1048576K
Event: 5.025 GC heap after
Heap after GC invocations=2 (full 0):
 PSYoungGen      total 71680K, used 5109K [0x00000000eab00000, 0x00000000ef600000, 0x0000000100000000)
  eden space 66560K, 0% used [0x00000000eab00000,0x00000000eab00000,0x00000000eec00000)
  from space 5120K, 99% used [0x00000000ef100000,0x00000000ef5fd5d8,0x00000000ef600000)
  to   space 5120K, 0% used [0x00000000eec00000,0x00000000eec00000,0x00000000ef100000)
 ParOldGen       total 87552K, used 37137K [0x00000000c0000000, 0x00000000c5580000, 0x00000000eab00000)
  object space 87552K, 42% used [0x00000000c0000000,0x00000000c2444680,0x00000000c5580000)
 Metaspace       used 5191K, capacity 6512K, committed 6784K, reserved 1056768K
  class space    used 539K, capacity 616K, committed 640K, reserved 1048576K
}
Event: 9.414 GC heap before
{Heap before GC invocations=3 (full 0):
 PSYoungGen      total 71680K, used 71669K [0x00000000eab00000, 0x00000000ef600000, 0x0000000100000000)
  eden space 66560K, 100% used [0x00000000eab00000,0x00000000eec00000,0x00000000eec00000)
  from space 5120K, 99% used [0x00000000ef100000,0x00000000ef5fd5d8,0x00000000ef600000)
  to   space 5120K, 0% used [0x00000000eec00000,0x00000000eec00000,0x00000000ef100000)
 ParOldGen       total 87552K, used 37137K [0x00000000c0000000, 0x00000000c5580000, 0x00000000eab00000)
  object space 87552K, 42% used [0x00000000c0000000,0x00000000c2444680,0x00000000c5580000)
 Metaspace       used 5353K, capacity 6640K, committed 6784K, reserved 1056768K
  class space    used 540K, capacity 616K, committed 640K, reserved 1048576K
Event: 9.762 GC heap after
Heap after GC invocations=3 (full 0):
 PSYoungGen      total 71680K, used 5099K [0x00000000eab00000, 0x00000000ef600000, 0x0000000100000000)
  eden space 66560K, 0% used [0x00000000eab00000,0x00000000eab00000,0x00000000eec00000)
  from space 5120K, 99% used [0x00000000eec00000,0x00000000ef0fac18,0x00000000ef100000)
  to   space 5120K, 0% used [0x00000000ef100000,0x00000000ef100000,0x00000000ef600000)
 ParOldGen       total 87552K, used 47713K [0x00000000c0000000, 0x00000000c5580000, 0x00000000eab00000)
  object space 87552K, 54% used [0x00000000c0000000,0x00000000c2e98558,0x00000000c5580000)
 Metaspace       used 5353K, capacity 6640K, committed 6784K, reserved 1056768K
  class space    used 540K, capacity 616K, committed 640K, reserved 1048576K
}

Deoptimization events (10 events):
Event: 9.391 Thread 0x0000000002e2d800 Uncommon trap: reason=class_check action=maybe_recompile pc=0x000000000f342734 method=com.android.dx.rop.code.ThrowingCstInsn.accept(Lcom/android/dx/rop/code/Insn$Visitor;)V @ 2
Event: 9.391 Thread 0x0000000002e2d800 Uncommon trap: reason=class_check action=maybe_recompile pc=0x000000000f342734 method=com.android.dx.rop.code.ThrowingCstInsn.accept(Lcom/android/dx/rop/code/Insn$Visitor;)V @ 2
Event: 9.878 Thread 0x0000000002e2d800 Uncommon trap: reason=bimorphic action=maybe_recompile pc=0x000000000f4baf88 method=com.android.dx.rop.code.PlainInsn.accept(Lcom/android/dx/rop/code/Insn$Visitor;)V @ 2
Event: 9.878 Thread 0x0000000002e2d800 Uncommon trap: reason=bimorphic action=maybe_recompile pc=0x000000000f4baf88 method=com.android.dx.rop.code.PlainInsn.accept(Lcom/android/dx/rop/code/Insn$Visitor;)V @ 2
Event: 9.879 Thread 0x0000000002e2d800 Uncommon trap: reason=bimorphic action=maybe_recompile pc=0x000000000f4b3348 method=com.android.dx.rop.code.ThrowingCstInsn.accept(Lcom/android/dx/rop/code/Insn$Visitor;)V @ 2
Event: 9.879 Thread 0x0000000002e2d800 Uncommon trap: reason=bimorphic action=maybe_recompile pc=0x000000000f4baf88 method=com.android.dx.rop.code.PlainInsn.accept(Lcom/android/dx/rop/code/Insn$Visitor;)V @ 2
Event: 9.879 Thread 0x0000000002e2d800 Uncommon trap: reason=bimorphic action=maybe_recompile pc=0x000000000f4baf88 method=com.android.dx.rop.code.PlainInsn.accept(Lcom/android/dx/rop/code/Insn$Visitor;)V @ 2
Event: 9.879 Thread 0x0000000002e2d800 Uncommon trap: reason=bimorphic action=maybe_recompile pc=0x000000000f4b3348 method=com.android.dx.rop.code.ThrowingCstInsn.accept(Lcom/android/dx/rop/code/Insn$Visitor;)V @ 2
Event: 9.879 Thread 0x0000000002e2d800 Uncommon trap: reason=bimorphic action=maybe_recompile pc=0x000000000f4b3348 method=com.android.dx.rop.code.ThrowingCstInsn.accept(Lcom/android/dx/rop/code/Insn$Visitor;)V @ 2
Event: 9.879 Thread 0x0000000002e2d800 Uncommon trap: reason=bimorphic action=maybe_recompile pc=0x000000000f4b3348 method=com.android.dx.rop.code.ThrowingCstInsn.accept(Lcom/android/dx/rop/code/Insn$Visitor;)V @ 2

Internal exceptions (10 events):
Event: 1.688 Thread 0x0000000002e2d800 Exception <a 'java/security/PrivilegedActionException'> (0x00000000eb488760) thrown at [C:\workspace\8-2-build-windows-amd64-cygwin\jdk8u31\2394\hotspot\src\share\vm\prims\jvm.cpp, line 1312]
Event: 1.689 Thread 0x0000000002e2d800 Exception <a 'java/security/PrivilegedActionException'> (0x00000000eb48b280) thrown at [C:\workspace\8-2-build-windows-amd64-cygwin\jdk8u31\2394\hotspot\src\share\vm\prims\jvm.cpp, line 1312]
Event: 1.690 Thread 0x0000000002e2d800 Exception <a 'java/security/PrivilegedActionException'> (0x00000000eb48ea38) thrown at [C:\workspace\8-2-build-windows-amd64-cygwin\jdk8u31\2394\hotspot\src\share\vm\prims\jvm.cpp, line 1312]
Event: 1.709 Thread 0x0000000002e2d800 Exception <a 'java/security/PrivilegedActionException'> (0x00000000eb4aa008) thrown at [C:\workspace\8-2-build-windows-amd64-cygwin\jdk8u31\2394\hotspot\src\share\vm\prims\jvm.cpp, line 1312]
Event: 1.711 Thread 0x0000000002e2d800 Exception <a 'java/security/PrivilegedActionException'> (0x00000000eb4ae640) thrown at [C:\workspace\8-2-build-windows-amd64-cygwin\jdk8u31\2394\hotspot\src\share\vm\prims\jvm.cpp, line 1312]
Event: 1.712 Thread 0x0000000002e2d800 Exception <a 'java/security/PrivilegedActionException'> (0x00000000eb4b35b8) thrown at [C:\workspace\8-2-build-windows-amd64-cygwin\jdk8u31\2394\hotspot\src\share\vm\prims\jvm.cpp, line 1312]
Event: 2.112 Thread 0x0000000002e2d800 Exception <a 'java/security/PrivilegedActionException'> (0x00000000eb6d8130) thrown at [C:\workspace\8-2-build-windows-amd64-cygwin\jdk8u31\2394\hotspot\src\share\vm\prims\jvm.cpp, line 1312]
Event: 5.615 Thread 0x0000000002e2d800 Exception <a 'java/security/PrivilegedActionException'> (0x00000000ebefeff0) thrown at [C:\workspace\8-2-build-windows-amd64-cygwin\jdk8u31\2394\hotspot\src\share\vm\prims\jvm.cpp, line 1312]
Event: 5.796 Thread 0x0000000002e2d800 Exception <a 'java/security/PrivilegedActionException'> (0x00000000ec0344d8) thrown at [C:\workspace\8-2-build-windows-amd64-cygwin\jdk8u31\2394\hotspot\src\share\vm\prims\jvm.cpp, line 1312]
Event: 6.048 Thread 0x0000000002e2d800 Exception <a 'java/security/PrivilegedActionException'> (0x00000000ec2a9b08) thrown at [C:\workspace\8-2-build-windows-amd64-cygwin\jdk8u31\2394\hotspot\src\share\vm\prims\jvm.cpp, line 1312]

Events (10 events):
Event: 9.879 Thread 0x0000000002e2d800 DEOPT UNPACKING pc=0x000000000f05556a sp=0x0000000002bce840 mode 2
Event: 9.879 Thread 0x0000000002e2d800 Uncommon trap: trap_request=0xffffffc6 fr.pc=0x000000000f4b3348
Event: 9.879 Thread 0x0000000002e2d800 DEOPT PACKING pc=0x000000000f4b3348 sp=0x0000000002bce890
Event: 9.879 Thread 0x0000000002e2d800 DEOPT UNPACKING pc=0x000000000f05556a sp=0x0000000002bce840 mode 2
Event: 9.879 Thread 0x0000000002e2d800 Uncommon trap: trap_request=0xffffffc6 fr.pc=0x000000000f4b3348
Event: 9.879 Thread 0x0000000002e2d800 DEOPT PACKING pc=0x000000000f4b3348 sp=0x0000000002bce890
Event: 9.879 Thread 0x0000000002e2d800 DEOPT UNPACKING pc=0x000000000f05556a sp=0x0000000002bce840 mode 2
Event: 9.879 Thread 0x0000000002e2d800 Uncommon trap: trap_request=0xffffffc6 fr.pc=0x000000000f4b3348
Event: 9.879 Thread 0x0000000002e2d800 DEOPT PACKING pc=0x000000000f4b3348 sp=0x0000000002bce890
Event: 9.879 Thread 0x0000000002e2d800 DEOPT UNPACKING pc=0x000000000f05556a sp=0x0000000002bce840 mode 2


Dynamic libraries:
0x00007ff619580000 - 0x00007ff6195b4000 	C:\Program Files\Java\jdk1.8.0_31\bin\java.exe
0x00007ff8f8560000 - 0x00007ff8f870c000 	C:\WINDOWS\SYSTEM32\ntdll.dll
0x00007ff8f8420000 - 0x00007ff8f855a000 	C:\WINDOWS\system32\KERNEL32.DLL
0x00007ff8f5b60000 - 0x00007ff8f5c6f000 	C:\WINDOWS\system32\KERNELBASE.dll
0x00007ff8f3a50000 - 0x00007ff8f3ad8000 	C:\WINDOWS\system32\apphelp.dll
0x00007ff8e9250000 - 0x00007ff8e929f000 	C:\WINDOWS\AppPatch\AppPatch64\AcGenral.DLL
0x00007ff8f6940000 - 0x00007ff8f69e7000 	C:\WINDOWS\system32\msvcrt.dll
0x00007ff8f56a0000 - 0x00007ff8f56cb000 	C:\WINDOWS\SYSTEM32\SspiCli.dll
0x00007ff8f5e00000 - 0x00007ff8f5e51000 	C:\WINDOWS\system32\SHLWAPI.dll
0x00007ff8f5fa0000 - 0x00007ff8f6111000 	C:\WINDOWS\system32\USER32.dll
0x00007ff8f6760000 - 0x00007ff8f68d8000 	C:\WINDOWS\system32\ole32.dll
0x00007ff8f6aa0000 - 0x00007ff8f7eaf000 	C:\WINDOWS\system32\SHELL32.dll
0x00007ff8f4aa0000 - 0x00007ff8f4abe000 	C:\WINDOWS\SYSTEM32\USERENV.dll
0x00007ff8f66b0000 - 0x00007ff8f6755000 	C:\WINDOWS\system32\ADVAPI32.dll
0x00007ff8e06d0000 - 0x00007ff8e06eb000 	C:\WINDOWS\SYSTEM32\MPR.dll
0x00007ff8f5e60000 - 0x00007ff8f5f97000 	C:\WINDOWS\system32\RPCRT4.dll
0x00007ff8f68e0000 - 0x00007ff8f6937000 	C:\WINDOWS\SYSTEM32\sechost.dll
0x00007ff8f6120000 - 0x00007ff8f62f6000 	C:\WINDOWS\SYSTEM32\combase.dll
0x00007ff8f7eb0000 - 0x00007ff8f7ff4000 	C:\WINDOWS\system32\GDI32.dll
0x00007ff8f58b0000 - 0x00007ff8f58c4000 	C:\WINDOWS\SYSTEM32\profapi.dll
0x00007ff8f4ca0000 - 0x00007ff8f4d3f000 	C:\WINDOWS\SYSTEM32\SHCORE.dll
0x00007ff8f6a50000 - 0x00007ff8f6a84000 	C:\WINDOWS\system32\IMM32.DLL
0x00007ff8f82e0000 - 0x00007ff8f8419000 	C:\WINDOWS\system32\MSCTF.dll
0x00007ff8f5860000 - 0x00007ff8f5892000 	C:\Windows\system32\nvinitx.dll
0x00007ff8f5850000 - 0x00007ff8f585a000 	C:\WINDOWS\SYSTEM32\VERSION.dll
0x000000000f000000 - 0x000000000f006000 	C:\Program Files\NVIDIA Corporation\CoProcManager\_etoured.dll
0x00007ff8f3750000 - 0x00007ff8f3782000 	C:\Program Files\NVIDIA Corporation\CoProcManager\nvd3d9wrapx.dll
0x00007ff8f80a0000 - 0x00007ff8f8274000 	C:\WINDOWS\system32\SETUPAPI.dll
0x00007ff8f5d70000 - 0x00007ff8f5dba000 	C:\WINDOWS\system32\CFGMGR32.dll
0x00007ff8f3720000 - 0x00007ff8f3742000 	C:\Program Files\NVIDIA Corporation\CoProcManager\nvdxgiwrapx.dll
0x00007ff8f5320000 - 0x00007ff8f557a000 	C:\WINDOWS\WinSxS\amd64_microsoft.windows.common-controls_6595b64144ccf1df_6.0.9600.17031_none_6242a4b3ecbb55a1\COMCTL32.dll
0x000000005d1a0000 - 0x000000005d272000 	C:\Program Files\Java\jdk1.8.0_31\jre\bin\msvcr100.dll
0x000000005d510000 - 0x000000005dd6a000 	C:\Program Files\Java\jdk1.8.0_31\jre\bin\server\jvm.dll
0x00007ff8e9200000 - 0x00007ff8e9209000 	C:\WINDOWS\SYSTEM32\WSOCK32.dll
0x00007ff8f1850000 - 0x00007ff8f186f000 	C:\WINDOWS\SYSTEM32\WINMM.dll
0x00007ff8f6310000 - 0x00007ff8f6317000 	C:\WINDOWS\system32\PSAPI.DLL
0x00007ff8f8280000 - 0x00007ff8f82d8000 	C:\WINDOWS\system32\WS2_32.dll
0x00007ff8f1810000 - 0x00007ff8f183a000 	C:\WINDOWS\SYSTEM32\WINMMBASE.dll
0x00007ff8f6a90000 - 0x00007ff8f6a99000 	C:\WINDOWS\system32\NSI.dll
0x00007ff8f3cb0000 - 0x00007ff8f3cd6000 	C:\WINDOWS\SYSTEM32\DEVOBJ.dll
0x000000005f3d0000 - 0x000000005f3df000 	C:\Program Files\Java\jdk1.8.0_31\jre\bin\verify.dll
0x000000005f3a0000 - 0x000000005f3c8000 	C:\Program Files\Java\jdk1.8.0_31\jre\bin\java.dll
0x000000005f380000 - 0x000000005f396000 	C:\Program Files\Java\jdk1.8.0_31\jre\bin\zip.dll

VM Arguments:
jvm_args: -Xmx1024M -Dfile.encoding=windows-1251 -Duser.country=GB -Duser.language=en -Duser.variant 
java_command: com.android.dx.command.Main --dex --output C:\Users\Slav\AndroidStudioProjects\Peek\app\build\intermediates\pre-dexed\debug\classes-2f8afb4dbb20812c8c8744fb4506752e40dda151.jar C:\Users\Slav\AndroidStudioProjects\Peek\app\build\intermediates\exploded-aar\com.google.android.gms\play-services\6.1.71\jars\classes.jar
java_class_path (initial): C:\Users\Slav\AppData\Local\Android\android-sdk\build-tools\22.0.1\lib\dx.jar
Launcher Type: SUN_STANDARD

Environment Variables:
JAVA_HOME=C:\Program Files\Java\jdk1.8.0_31
PATH=C:\Program Files (x86)\NVIDIA Corporation\PhysX\Common;c:\python27\scripts;c:\program files (x86)\intel\icls client\;c:\program files\intel\icls client\;c:\program files\common files\microsoft shared\windows live;c:\windows\system32;c:\windows;c:\windows\system32\wbem;c:\windows\system32\windowspowershell\v1.0\;c:\program files\intel\intel(r) management engine components\dal;c:\program files\intel\intel(r) management engine components\ipt;c:\program files (x86)\intel\intel(r) management engine components\dal;c:\program files (x86)\intel\intel(r) management engine components\ipt;c:\program files (x86)\intel\opencl sdk\3.0\bin\x86;c:\program files (x86)\intel\opencl sdk\3.0\bin\x64;c:\program files\authentec truesuite\x86\;c:\program files (x86)\common files\avid;c:\program files\common files\avid;c:\program files\microsoft sql server\110\tools\binn\;c:\python27;c:\program files (x86)\gtksharp\2.12\bin;c:\program files (x86)\windows kits\8.1\windows performance toolkit\;c:\program files (x86)\microsoft sdks\typescript\1.0\;c:\program files\microsoft sql server\120\tools\binn\;c:\gtk3\bin;c:\program files (x86)\nodejs\;c:\program files\java\jre7\bin;c:\program files (x86)\java\jdk1.7.0_71\bin;c:\program files\oracle\virtualbox;C:\Program Files (x86)\Skype\Phone\;C:\Program Files (x86)\Java\jdk1.7.0_25\bin;C:\Program Files\Common Files\Microsoft Shared\Windows Live;C:\Users\Slav\AppData\Roaming\npm
USERNAME=Slav
OS=Windows_NT
PROCESSOR_IDENTIFIER=Intel64 Family 6 Model 58 Stepping 9, GenuineIntel



---------------  S Y S T E M  ---------------

OS: Windows 8.1 , 64 bit Build 9600 

CPU:total 8 (4 cores per cpu, 2 threads per core) family 6 model 58 stepping 9, cmov, cx8, fxsr, mmx, sse, sse2, sse3, ssse3, sse4.1, sse4.2, popcnt, avx, aes, clmul, erms, ht, tsc, tscinvbit, tscinv

Memory: 4k page, physical 8277456k(982812k free), swap 18057516k(5156k free)

vm_info: Java HotSpot(TM) 64-Bit Server VM (25.31-b07) for windows-amd64 JRE (1.8.0_31-b13), built on Dec 17 2014 21:00:28 by "java_re" with MS VC++ 10.0 (VS2010)

time: Tue Jun 02 13:15:58 2015
elapsed time: 9 seconds (0d 0h 0m 9s)

