#
# There is insufficient memory for the Java Runtime Environment to continue.
# Native memory allocation (malloc) failed to allocate 184624 bytes for Chunk::new
# Possible reasons:
#   The system is out of physical RAM or swap space
#   In 32 bit mode, the process size limit was hit
# Possible solutions:
#   Reduce memory load on the system
#   Increase physical memory or swap space
#   Check if swap backing store is full
#   Use 64 bit Java on a 64 bit OS
#   Decrease Java heap size (-Xmx/-Xms)
#   Decrease number of Java threads
#   Decrease Java thread stack sizes (-Xss)
#   Set larger code cache with -XX:ReservedCodeCacheSize=
# This output file may be truncated or incomplete.
#
#  Out of Memory Error (allocation.cpp:390), pid=12348, tid=14700
#
# JRE version: Java(TM) SE Runtime Environment (8.0_31-b13) (build 1.8.0_31-b13)
# Java VM: Java HotSpot(TM) 64-Bit Server VM (25.31-b07 mixed mode windows-amd64 compressed oops)
# Failed to write core dump. Minidumps are not enabled by default on client versions of Windows
#

---------------  T H R E A D  ---------------

Current thread (0x00000000080fe800):  JavaThread "C2 CompilerThread1" daemon [_thread_in_native, id=14700, stack(0x00000000087d0000,0x00000000088d0000)]

Stack: [0x00000000087d0000,0x00000000088d0000]
Native frames: (J=compiled Java code, j=interpreted, Vv=VM code, C=native code)
V  [jvm.dll+0x3169ba]


Current CompileTask:
C2:   1853 1441   !   4       com.android.dx.rop.code.RegisterSpec::intern (70 bytes)


---------------  P R O C E S S  ---------------

Java Threads: ( => current thread )
  0x0000000008199000 JavaThread "Service Thread" daemon [_thread_blocked, id=7784, stack(0x0000000008ad0000,0x0000000008bd0000)]
  0x000000000810a800 JavaThread "C1 CompilerThread3" daemon [_thread_blocked, id=13116, stack(0x00000000089d0000,0x0000000008ad0000)]
  0x0000000008108000 JavaThread "C2 CompilerThread2" daemon [_thread_in_native, id=3704, stack(0x00000000088d0000,0x00000000089d0000)]
=>0x00000000080fe800 JavaThread "C2 CompilerThread1" daemon [_thread_in_native, id=14700, stack(0x00000000087d0000,0x00000000088d0000)]
  0x00000000080fa000 JavaThread "C2 CompilerThread0" daemon [_thread_in_native, id=14580, stack(0x00000000086d0000,0x00000000087d0000)]
  0x00000000080f7800 JavaThread "Attach Listener" daemon [_thread_blocked, id=2912, stack(0x00000000085d0000,0x00000000086d0000)]
  0x00000000080f7000 JavaThread "Signal Dispatcher" daemon [_thread_blocked, id=11952, stack(0x00000000084d0000,0x00000000085d0000)]
  0x000000000258a800 JavaThread "Finalizer" daemon [_thread_blocked, id=14376, stack(0x0000000007fb0000,0x00000000080b0000)]
  0x0000000002584000 JavaThread "Reference Handler" daemon [_thread_blocked, id=4736, stack(0x0000000007eb0000,0x0000000007fb0000)]
  0x0000000002493800 JavaThread "main" [_thread_in_native, id=13480, stack(0x0000000002390000,0x0000000002490000)]

Other Threads:
  0x00000000060c8800 VMThread [stack: 0x0000000007db0000,0x0000000007eb0000] [id=14464]
  0x000000000819c000 WatcherThread [stack: 0x0000000008bd0000,0x0000000008cd0000] [id=15292]

VM state:not at safepoint (normal execution)

VM Mutex/Monitor currently owned by a thread: None

Heap:
 PSYoungGen      total 38400K, used 10588K [0x00000000eab00000, 0x00000000ef600000, 0x0000000100000000)
  eden space 33280K, 16% used [0x00000000eab00000,0x00000000eb05e330,0x00000000ecb80000)
  from space 5120K, 99% used [0x00000000ecb80000,0x00000000ed078f60,0x00000000ed080000)
  to   space 5120K, 0% used [0x00000000ef100000,0x00000000ef100000,0x00000000ef600000)
 ParOldGen       total 87552K, used 3231K [0x00000000c0000000, 0x00000000c5580000, 0x00000000eab00000)
  object space 87552K, 3% used [0x00000000c0000000,0x00000000c0327fa0,0x00000000c5580000)
 Metaspace       used 5724K, capacity 7024K, committed 7296K, reserved 1056768K
  class space    used 551K, capacity 616K, committed 640K, reserved 1048576K

Card table byte_map: [0x0000000002950000,0x0000000002b60000] byte_map_base: 0x0000000002350000

Marking Bits: (ParMarkBitMap*) 0x0000000050b6d4f0
 Begin Bits: [0x00000000034c0000, 0x00000000044c0000)
 End Bits:   [0x00000000044c0000, 0x00000000054c0000)

Polling page: 0x0000000000680000

CodeCache: size=245760Kb used=6232Kb max_used=6245Kb free=239527Kb
 bounds [0x000000000f010000, 0x000000000f640000, 0x000000001e010000]
 total_blobs=1701 nmethods=1441 adapters=174
 compilation: enabled

Compilation events (10 events):
Event: 1.800 Thread 0x00000000080fe800 nmethod 1439 0x000000000f621850 code [0x000000000f621980, 0x000000000f621a58]
Event: 1.801 Thread 0x00000000080fe800 1440       4       com.android.dx.ssa.SCCP::addBlockToWorklist (47 bytes)
Event: 1.810 Thread 0x000000000810a800 1442       3       com.android.dx.cf.direct.StdAttributeFactory::lineNumberTable (204 bytes)
Event: 1.814 Thread 0x000000000810a800 nmethod 1442 0x000000000f625110 code [0x000000000f6255a0, 0x000000000f6281b8]
Event: 1.814 Thread 0x000000000810a800 1443   !   3       com.android.dx.cf.code.Ropper::doit (126 bytes)
Event: 1.816 Thread 0x000000000810a800 nmethod 1443 0x000000000f622510 code [0x000000000f622800, 0x000000000f623c38]
Event: 1.816 Thread 0x000000000810a800 1444       3       com.android.dx.ssa.SsaBasicBlock::insertNewPredecessor (134 bytes)
Event: 1.818 Thread 0x000000000810a800 nmethod 1444 0x000000000f62d990 code [0x000000000f62dbe0, 0x000000000f62e718]
Event: 1.818 Thread 0x00000000080fe800 nmethod 1440 0x000000000f62ed90 code [0x000000000f62ef20, 0x000000000f62f808]
Event: 1.818 Thread 0x00000000080fe800 1441   !   4       com.android.dx.rop.code.RegisterSpec::intern (70 bytes)

GC Heap History (2 events):
Event: 1.610 GC heap before
{Heap before GC invocations=1 (full 0):
 PSYoungGen      total 38400K, used 33280K [0x00000000eab00000, 0x00000000ed580000, 0x0000000100000000)
  eden space 33280K, 100% used [0x00000000eab00000,0x00000000ecb80000,0x00000000ecb80000)
  from space 5120K, 0% used [0x00000000ed080000,0x00000000ed080000,0x00000000ed580000)
  to   space 5120K, 0% used [0x00000000ecb80000,0x00000000ecb80000,0x00000000ed080000)
 ParOldGen       total 87552K, used 0K [0x00000000c0000000, 0x00000000c5580000, 0x00000000eab00000)
  object space 87552K, 0% used [0x00000000c0000000,0x00000000c0000000,0x00000000c5580000)
 Metaspace       used 5639K, capacity 6960K, committed 7040K, reserved 1056768K
  class space    used 551K, capacity 616K, committed 640K, reserved 1048576K
Event: 1.640 GC heap after
Heap after GC invocations=1 (full 0):
 PSYoungGen      total 38400K, used 5091K [0x00000000eab00000, 0x00000000ef600000, 0x0000000100000000)
  eden space 33280K, 0% used [0x00000000eab00000,0x00000000eab00000,0x00000000ecb80000)
  from space 5120K, 99% used [0x00000000ecb80000,0x00000000ed078f60,0x00000000ed080000)
  to   space 5120K, 0% used [0x00000000ef100000,0x00000000ef100000,0x00000000ef600000)
 ParOldGen       total 87552K, used 3231K [0x00000000c0000000, 0x00000000c5580000, 0x00000000eab00000)
  object space 87552K, 3% used [0x00000000c0000000,0x00000000c0327fa0,0x00000000c5580000)
 Metaspace       used 5639K, capacity 6960K, committed 7040K, reserved 1056768K
  class space    used 551K, capacity 616K, committed 640K, reserved 1048576K
}

Deoptimization events (10 events):
Event: 1.427 Thread 0x0000000002493800 Uncommon trap: reason=unreached action=reinterpret pc=0x000000000f51d3fc method=com.android.dx.rop.code.RopMethod.calcPredecessors()V @ 115
Event: 1.453 Thread 0x0000000002493800 Uncommon trap: reason=bimorphic action=maybe_recompile pc=0x000000000f43c140 method=com.android.dx.rop.code.RegisterSpec.equals(ILcom/android/dx/rop/type/TypeBearer;Lcom/android/dx/rop/code/LocalItem;)Z @ 13
Event: 1.491 Thread 0x0000000002493800 Uncommon trap: reason=class_check action=maybe_recompile pc=0x000000000f3b4c20 method=com.android.dx.rop.type.Type.equals(Ljava/lang/Object;)Z @ 8
Event: 1.492 Thread 0x0000000002493800 Uncommon trap: reason=class_check action=maybe_recompile pc=0x000000000f3b4c20 method=com.android.dx.rop.type.Type.equals(Ljava/lang/Object;)Z @ 8
Event: 1.533 Thread 0x0000000002493800 Uncommon trap: reason=uninitialized action=reinterpret pc=0x000000000f578320 method=com.android.dx.cf.code.BytecodeArray.parseInstruction(ILcom/android/dx/cf/code/BytecodeArray$Visitor;)I @ 1031
Event: 1.537 Thread 0x0000000002493800 Uncommon trap: reason=bimorphic action=maybe_recompile pc=0x000000000f3b8618 method=java.util.HashMap.putVal(ILjava/lang/Object;Ljava/lang/Object;ZZ)Ljava/lang/Object; @ 91
Event: 1.594 Thread 0x0000000002493800 Uncommon trap: reason=unreached action=reinterpret pc=0x000000000f5b2f40 method=com.android.dx.rop.code.LocalItem.hashCode()I @ 25
Event: 1.594 Thread 0x0000000002493800 Uncommon trap: reason=unreached action=reinterpret pc=0x000000000f55fd98 method=com.android.dx.rop.code.LocalItem.hashCode()I @ 25
Event: 1.598 Thread 0x0000000002493800 Uncommon trap: reason=null_assert action=make_not_entrant pc=0x000000000f49cdac method=com.android.dx.dex.cf.AttributeTranslator.getAnnotations0(Lcom/android/dx/cf/iface/AttributeList;)Lcom/android/dx/rop/annotation/Annotations; @ 20
Event: 1.716 Thread 0x0000000002493800 Uncommon trap: reason=bimorphic action=maybe_recompile pc=0x000000000f43c140 method=com.android.dx.rop.code.RegisterSpec.equals(ILcom/android/dx/rop/type/TypeBearer;Lcom/android/dx/rop/code/LocalItem;)Z @ 13

Internal exceptions (10 events):
Event: 1.408 Thread 0x0000000002493800 Exception <a 'java/security/PrivilegedActionException'> (0x00000000ec3b7fc8) thrown at [C:\workspace\8-2-build-windows-amd64-cygwin\jdk8u31\2394\hotspot\src\share\vm\prims\jvm.cpp, line 1312]
Event: 1.417 Thread 0x0000000002493800 Exception <a 'java/security/PrivilegedActionException'> (0x00000000ec3ddcd8) thrown at [C:\workspace\8-2-build-windows-amd64-cygwin\jdk8u31\2394\hotspot\src\share\vm\prims\jvm.cpp, line 1312]
Event: 1.461 Thread 0x0000000002493800 Exception <a 'java/security/PrivilegedActionException'> (0x00000000ec5d1dd0) thrown at [C:\workspace\8-2-build-windows-amd64-cygwin\jdk8u31\2394\hotspot\src\share\vm\prims\jvm.cpp, line 1312]
Event: 1.528 Thread 0x0000000002493800 Exception <a 'java/security/PrivilegedActionException'> (0x00000000ec855ec0) thrown at [C:\workspace\8-2-build-windows-amd64-cygwin\jdk8u31\2394\hotspot\src\share\vm\prims\jvm.cpp, line 1312]
Event: 1.531 Thread 0x0000000002493800 Exception <a 'java/security/PrivilegedActionException'> (0x00000000ec85d788) thrown at [C:\workspace\8-2-build-windows-amd64-cygwin\jdk8u31\2394\hotspot\src\share\vm\prims\jvm.cpp, line 1312]
Event: 1.588 Thread 0x0000000002493800 Exception <a 'java/security/PrivilegedActionException'> (0x00000000ecaa1850) thrown at [C:\workspace\8-2-build-windows-amd64-cygwin\jdk8u31\2394\hotspot\src\share\vm\prims\jvm.cpp, line 1312]
Event: 1.589 Thread 0x0000000002493800 Exception <a 'java/security/PrivilegedActionException'> (0x00000000ecaa4c48) thrown at [C:\workspace\8-2-build-windows-amd64-cygwin\jdk8u31\2394\hotspot\src\share\vm\prims\jvm.cpp, line 1312]
Event: 1.590 Thread 0x0000000002493800 Exception <a 'java/security/PrivilegedActionException'> (0x00000000ecaaef60) thrown at [C:\workspace\8-2-build-windows-amd64-cygwin\jdk8u31\2394\hotspot\src\share\vm\prims\jvm.cpp, line 1312]
Event: 1.591 Thread 0x0000000002493800 Exception <a 'java/security/PrivilegedActionException'> (0x00000000ecab1730) thrown at [C:\workspace\8-2-build-windows-amd64-cygwin\jdk8u31\2394\hotspot\src\share\vm\prims\jvm.cpp, line 1312]
Event: 1.596 Thread 0x0000000002493800 Exception <a 'java/security/PrivilegedActionException'> (0x00000000ecadf510) thrown at [C:\workspace\8-2-build-windows-amd64-cygwin\jdk8u31\2394\hotspot\src\share\vm\prims\jvm.cpp, line 1312]

Events (10 events):
Event: 1.598 Thread 0x0000000002493800 Uncommon trap: trap_request=0xffffffec fr.pc=0x000000000f49cdac
Event: 1.598 Thread 0x0000000002493800 DEOPT PACKING pc=0x000000000f49cdac sp=0x000000000248e360
Event: 1.598 Thread 0x0000000002493800 DEOPT UNPACKING pc=0x000000000f05556a sp=0x000000000248e310 mode 2
Event: 1.610 Executing VM operation: ParallelGCFailedAllocation
Event: 1.640 Executing VM operation: ParallelGCFailedAllocation done
Event: 1.670 loading class java/util/DualPivotQuicksort
Event: 1.670 loading class java/util/DualPivotQuicksort done
Event: 1.715 Thread 0x0000000002493800 Uncommon trap: trap_request=0xffffffc6 fr.pc=0x000000000f43c140
Event: 1.716 Thread 0x0000000002493800 DEOPT PACKING pc=0x000000000f43c140 sp=0x000000000248e2e0
Event: 1.716 Thread 0x0000000002493800 DEOPT UNPACKING pc=0x000000000f05556a sp=0x000000000248e068 mode 2


Dynamic libraries:
0x00007ff62dce0000 - 0x00007ff62dd14000 	C:\Program Files\Java\jdk1.8.0_31\bin\java.exe
0x00007ffbdbb70000 - 0x00007ffbdbd1c000 	C:\WINDOWS\SYSTEM32\ntdll.dll
0x00007ffbda0a0000 - 0x00007ffbda1da000 	C:\WINDOWS\system32\KERNEL32.DLL
0x00007ffbd91c0000 - 0x00007ffbd92cf000 	C:\WINDOWS\system32\KERNELBASE.dll
0x00007ffbd7a90000 - 0x00007ffbd7b18000 	C:\WINDOWS\system32\apphelp.dll
0x00007ffbd4ab0000 - 0x00007ffbd4aff000 	C:\WINDOWS\AppPatch\AppPatch64\AcGenral.DLL
0x00007ffbd9480000 - 0x00007ffbd9527000 	C:\WINDOWS\system32\msvcrt.dll
0x00007ffbd8cb0000 - 0x00007ffbd8cdb000 	C:\WINDOWS\SYSTEM32\SspiCli.dll
0x00007ffbda500000 - 0x00007ffbda551000 	C:\WINDOWS\system32\SHLWAPI.dll
0x00007ffbda1e0000 - 0x00007ffbda351000 	C:\WINDOWS\system32\USER32.dll
0x00007ffbda380000 - 0x00007ffbda4f8000 	C:\WINDOWS\system32\ole32.dll
0x00007ffbda580000 - 0x00007ffbdb98f000 	C:\WINDOWS\system32\SHELL32.dll
0x00007ffbd86b0000 - 0x00007ffbd86ce000 	C:\WINDOWS\SYSTEM32\USERENV.dll
0x00007ffbd9ad0000 - 0x00007ffbd9b75000 	C:\WINDOWS\system32\ADVAPI32.dll
0x00007ffbcef10000 - 0x00007ffbcef2b000 	C:\WINDOWS\SYSTEM32\MPR.dll
0x00007ffbd9570000 - 0x00007ffbd96a7000 	C:\WINDOWS\system32\RPCRT4.dll
0x00007ffbd97f0000 - 0x00007ffbd9847000 	C:\WINDOWS\SYSTEM32\sechost.dll
0x00007ffbdb990000 - 0x00007ffbdbb66000 	C:\WINDOWS\SYSTEM32\combase.dll
0x00007ffbd9ef0000 - 0x00007ffbda034000 	C:\WINDOWS\system32\GDI32.dll
0x00007ffbd8ec0000 - 0x00007ffbd8ed4000 	C:\WINDOWS\SYSTEM32\profapi.dll
0x00007ffbd7740000 - 0x00007ffbd77df000 	C:\WINDOWS\SYSTEM32\SHCORE.dll
0x00007ffbd9530000 - 0x00007ffbd9564000 	C:\WINDOWS\system32\IMM32.DLL
0x00007ffbd96b0000 - 0x00007ffbd97e9000 	C:\WINDOWS\system32\MSCTF.dll
0x00007ffbd6ca0000 - 0x00007ffbd6cd1000 	C:\Windows\system32\nvinitx.dll
0x00007ffbd8e60000 - 0x00007ffbd8e6a000 	C:\WINDOWS\SYSTEM32\VERSION.dll
0x000000000f000000 - 0x000000000f006000 	C:\Program Files\NVIDIA Corporation\CoProcManager\_etoured.dll
0x00007ffbd6c60000 - 0x00007ffbd6c91000 	C:\Program Files\NVIDIA Corporation\CoProcManager\nvd3d9wrapx.dll
0x00007ffbd9c90000 - 0x00007ffbd9e64000 	C:\WINDOWS\system32\SETUPAPI.dll
0x00007ffbd92d0000 - 0x00007ffbd931a000 	C:\WINDOWS\system32\CFGMGR32.dll
0x00007ffbd6c30000 - 0x00007ffbd6c52000 	C:\Program Files\NVIDIA Corporation\CoProcManager\nvdxgiwrapx.dll
0x00007ffbd70d0000 - 0x00007ffbd732a000 	C:\WINDOWS\WinSxS\amd64_microsoft.windows.common-controls_6595b64144ccf1df_6.0.9600.17031_none_6242a4b3ecbb55a1\COMCTL32.dll
0x0000000050090000 - 0x0000000050162000 	C:\Program Files\Java\jdk1.8.0_31\jre\bin\msvcr100.dll
0x0000000050390000 - 0x0000000050bea000 	C:\Program Files\Java\jdk1.8.0_31\jre\bin\server\jvm.dll
0x00007ffbd6e50000 - 0x00007ffbd6e59000 	C:\WINDOWS\SYSTEM32\WSOCK32.dll
0x00007ffbd69c0000 - 0x00007ffbd69df000 	C:\WINDOWS\SYSTEM32\WINMM.dll
0x00007ffbd9ac0000 - 0x00007ffbd9ac7000 	C:\WINDOWS\system32\PSAPI.DLL
0x00007ffbd9e90000 - 0x00007ffbd9ee8000 	C:\WINDOWS\system32\WS2_32.dll
0x00007ffbd6980000 - 0x00007ffbd69aa000 	C:\WINDOWS\SYSTEM32\WINMMBASE.dll
0x00007ffbd93d0000 - 0x00007ffbd93d9000 	C:\WINDOWS\system32\NSI.dll
0x00007ffbd7d00000 - 0x00007ffbd7d26000 	C:\WINDOWS\SYSTEM32\DEVOBJ.dll
0x00000000519a0000 - 0x00000000519af000 	C:\Program Files\Java\jdk1.8.0_31\jre\bin\verify.dll
0x0000000051970000 - 0x0000000051998000 	C:\Program Files\Java\jdk1.8.0_31\jre\bin\java.dll
0x0000000051950000 - 0x0000000051966000 	C:\Program Files\Java\jdk1.8.0_31\jre\bin\zip.dll

VM Arguments:
jvm_args: -Xmx1024M -Dfile.encoding=windows-1251 -Duser.country=GB -Duser.language=en -Duser.variant 
java_command: com.android.dx.command.Main --dex --output C:\Users\Slav\AndroidStudioProjects\Peek\app\build\intermediates\dex\debug C:\Users\Slav\AndroidStudioProjects\Peek\app\build\intermediates\classes\debug C:\Users\Slav\AndroidStudioProjects\Peek\app\build\intermediates\pre-dexed\debug\classes-bc3dae08c223b8d56efaeb5ad4b47ba45a1bd278.jar C:\Users\Slav\AndroidStudioProjects\Peek\app\build\intermediates\pre-dexed\debug\support-annotations-22.2.0-bc3c3f6cd525c2b53235024ee42aae6514936bec.jar C:\Users\Slav\AndroidStudioProjects\Peek\app\build\intermediates\pre-dexed\debug\classes-b4382b78ac9efc3c6196e0d1c45847a6661094b9.jar C:\Users\Slav\AndroidStudioProjects\Peek\app\build\intermediates\pre-dexed\debug\classes-66a7385bcdeb64d5baa9f81eb9cf4d2536c1a01e.jar C:\Users\Slav\AndroidStudioProjects\Peek\app\build\intermediates\pre-dexed\debug\classes-c22af5ca877e81dc471b7323b1402ef08a3a9542.jar C:\Users\Slav\AndroidStudioProjects\Peek\app\build\intermediates\pre-dexed\debug\kenburnsview-1.0.6-79aa3a9715d53c4c8c5642d67e0e369408a8e046.jar C:\Users\Slav\AndroidStudioProjects\Peek\app\build\intermediates\pre-dexed\debug\classes-1e011db3bcc331bab5a2055b3c1bee9543f3bb83.jar C:\Users\Slav\AndroidStudioProjects\Peek\app\build\intermediates\pre-dexed\debug\classes-a86b97dfab0015495f716db65a2acbe677407bf4.jar C:\Users\Slav\AndroidStudioProjects\Peek\app\build\intermediates\pre-dexed\debug\classes-c4f5755b993f219a59675aef223d75d7b50f4a94.jar C:\Users\Slav\AndroidStudioProjects\Peek\app\build\intermediates\pre-dexed\debug\classes-d100cc5fc90dcaa1441b891171c8209a0b5611da.jar C:\Users\Slav\AndroidStudioProjects\Peek\app\build\intermediates\pre-dexed\debug\classes-371587ef96080df4a82068e5891cdb4d037b148c.jar C:\Users\Slav\AndroidStudioProjects\Peek\app\build\intermediates\pre-dexed\debug\classes-a43a7545eff185606dad02bb626efa136defeaca.jar C:\Users\Slav\AndroidStudioProjects\Peek\app\build\intermediates\pre-dexed\debug\classes-5b8412ba8e87c009e5f1d766cdd6e6edf1d1e9ee.jar C:\Users\Slav\A
java_class_path (initial): C:\Users\Slav\AppData\Local\Android\android-sdk\build-tools\22.0.1\lib\dx.jar
Launcher Type: SUN_STANDARD

Environment Variables:
JAVA_HOME=C:\Program Files\Java\jdk1.8.0_31
PATH=c:\python27\scripts;c:\program files (x86)\intel\icls client\;c:\program files\intel\icls client\;c:\program files\common files\microsoft shared\windows live;c:\windows\system32;c:\windows;c:\windows\system32\wbem;c:\windows\system32\windowspowershell\v1.0\;c:\program files\intel\intel(r) management engine components\dal;c:\program files\intel\intel(r) management engine components\ipt;c:\program files (x86)\intel\intel(r) management engine components\dal;c:\program files (x86)\intel\intel(r) management engine components\ipt;c:\program files (x86)\intel\opencl sdk\3.0\bin\x86;c:\program files (x86)\intel\opencl sdk\3.0\bin\x64;c:\program files\authentec truesuite\x86\;c:\program files (x86)\common files\avid;c:\program files\common files\avid;c:\program files\microsoft sql server\110\tools\binn\;c:\python27;c:\program files (x86)\gtksharp\2.12\bin;c:\program files (x86)\windows kits\8.1\windows performance toolkit\;c:\program files (x86)\microsoft sdks\typescript\1.0\;c:\program files\microsoft sql server\120\tools\binn\;c:\gtk3\bin;c:\program files (x86)\nodejs\;c:\program files\java\jre7\bin;c:\program files (x86)\java\jdk1.7.0_71\bin;c:\program files\oracle\virtualbox;C:\Program Files (x86)\Skype\Phone\;C:\Program Files (x86)\NVIDIA Corporation\PhysX\Common;C:\Program Files (x86)\Java\jdk1.7.0_25\bin;C:\Program Files\Common Files\Microsoft Shared\Windows Live;C:\Users\Slav\AppData\Roaming\npm
USERNAME=Slav
OS=Windows_NT
PROCESSOR_IDENTIFIER=Intel64 Family 6 Model 58 Stepping 9, GenuineIntel



---------------  S Y S T E M  ---------------

OS: Windows 8.1 , 64 bit Build 9600 

CPU:total 8 (4 cores per cpu, 2 threads per core) family 6 model 58 stepping 9, cmov, cx8, fxsr, mmx, sse, sse2, sse3, ssse3, sse4.1, sse4.2, popcnt, avx, aes, clmul, erms, ht, tsc, tscinvbit, tscinv

Memory: 4k page, physical 8277456k(916940k free), swap 12471760k(5100k free)

vm_info: Java HotSpot(TM) 64-Bit Server VM (25.31-b07) for windows-amd64 JRE (1.8.0_31-b13), built on Dec 17 2014 21:00:28 by "java_re" with MS VC++ 10.0 (VS2010)

time: Sun Jul 26 16:43:45 2015
elapsed time: 1 seconds (0d 0h 0m 1s)

