#
# There is insufficient memory for the Java Runtime Environment to continue.
# Native memory allocation (malloc) failed to allocate 32744 bytes for ChunkPool::allocate
# Possible reasons:
#   The system is out of physical RAM or swap space
#   In 32 bit mode, the process size limit was hit
# Possible solutions:
#   Reduce memory load on the system
#   Increase physical memory or swap space
#   Check if swap backing store is full
#   Use 64 bit Java on a 64 bit OS
#   Decrease Java heap size (-Xmx/-Xms)
#   Decrease number of Java threads
#   Decrease Java thread stack sizes (-Xss)
#   Set larger code cache with -XX:ReservedCodeCacheSize=
# This output file may be truncated or incomplete.
#
#  Out of Memory Error (allocation.cpp:273), pid=10364, tid=8388
#
# JRE version: Java(TM) SE Runtime Environment (8.0_31-b13) (build 1.8.0_31-b13)
# Java VM: Java HotSpot(TM) 64-Bit Server VM (25.31-b07 mixed mode windows-amd64 compressed oops)
# Failed to write core dump. Minidumps are not enabled by default on client versions of Windows
#

---------------  T H R E A D  ---------------

Current thread (0x0000000008bd6000):  JavaThread "C2 CompilerThread2" daemon [_thread_in_vm, id=8388, stack(0x00000000093a0000,0x00000000094a0000)]

Stack: [0x00000000093a0000,0x00000000094a0000]
Native frames: (J=compiled Java code, j=interpreted, Vv=VM code, C=native code)
V  [jvm.dll+0x3169ba]


Current CompileTask:
C2:    917  464       4       java.util.BitSet::checkInvariants (111 bytes)


---------------  P R O C E S S  ---------------

Java Threads: ( => current thread )
  0x0000000008c67000 JavaThread "Service Thread" daemon [_thread_blocked, id=4376, stack(0x00000000095a0000,0x00000000096a0000)]
  0x0000000008bd8800 JavaThread "C1 CompilerThread3" daemon [_thread_in_native, id=10728, stack(0x00000000094a0000,0x00000000095a0000)]
=>0x0000000008bd6000 JavaThread "C2 CompilerThread2" daemon [_thread_in_vm, id=8388, stack(0x00000000093a0000,0x00000000094a0000)]
  0x0000000008bcf800 JavaThread "C2 CompilerThread1" daemon [_thread_blocked, id=11400, stack(0x00000000092a0000,0x00000000093a0000)]
  0x0000000008bc8000 JavaThread "C2 CompilerThread0" daemon [_thread_blocked, id=436, stack(0x00000000091a0000,0x00000000092a0000)]
  0x0000000008bc5800 JavaThread "Attach Listener" daemon [_thread_blocked, id=10760, stack(0x00000000090a0000,0x00000000091a0000)]
  0x0000000006bae800 JavaThread "Signal Dispatcher" daemon [_thread_blocked, id=12192, stack(0x0000000008fa0000,0x00000000090a0000)]
  0x0000000003078800 JavaThread "Finalizer" daemon [_thread_blocked, id=7476, stack(0x0000000008aa0000,0x0000000008ba0000)]
  0x0000000003072000 JavaThread "Reference Handler" daemon [_thread_blocked, id=11372, stack(0x00000000089a0000,0x0000000008aa0000)]
  0x0000000002e7d800 JavaThread "main" [_thread_in_Java, id=12988, stack(0x0000000002e80000,0x0000000002f80000)]

Other Threads:
  0x0000000006b98800 VMThread [stack: 0x00000000088a0000,0x00000000089a0000] [id=11900]
  0x0000000008c6a000 WatcherThread [stack: 0x00000000096a0000,0x00000000097a0000] [id=10800]

VM state:not at safepoint (normal execution)

VM Mutex/Monitor currently owned by a thread: None

Heap:
 PSYoungGen      total 38400K, used 9622K [0x00000000eab00000, 0x00000000ed580000, 0x0000000100000000)
  eden space 33280K, 28% used [0x00000000eab00000,0x00000000eb465990,0x00000000ecb80000)
  from space 5120K, 0% used [0x00000000ed080000,0x00000000ed080000,0x00000000ed580000)
  to   space 5120K, 0% used [0x00000000ecb80000,0x00000000ecb80000,0x00000000ed080000)
 ParOldGen       total 87552K, used 0K [0x00000000c0000000, 0x00000000c5580000, 0x00000000eab00000)
  object space 87552K, 0% used [0x00000000c0000000,0x00000000c0000000,0x00000000c5580000)
 Metaspace       used 4980K, capacity 6288K, committed 6528K, reserved 1056768K
  class space    used 536K, capacity 584K, committed 640K, reserved 1048576K

Card table byte_map: [0x0000000003440000,0x0000000003650000] byte_map_base: 0x0000000002e40000

Marking Bits: (ParMarkBitMap*) 0x000000005dced4f0
 Begin Bits: [0x0000000003fb0000, 0x0000000004fb0000)
 End Bits:   [0x0000000004fb0000, 0x0000000005fb0000)

Polling page: 0x0000000001080000

CodeCache: size=245760Kb used=1965Kb max_used=1976Kb free=243794Kb
 bounds [0x000000000f010000, 0x000000000f280000, 0x000000001e010000]
 total_blobs=689 nmethods=430 adapters=173
 compilation: enabled

Compilation events (10 events):
Event: 0.891 Thread 0x0000000008bd8800 nmethod 422 0x000000000f1faad0 code [0x000000000f1faca0, 0x000000000f1fb448]
Event: 0.891 Thread 0x0000000008bd8800  429   !   3       com.android.dx.cf.code.BytecodeArray::parseInstruction (2764 bytes)
Event: 0.893 Thread 0x0000000008bc8000 nmethod 427 0x000000000f1fe790 code [0x000000000f1fe8e0, 0x000000000f1feb38]
Event: 0.894 Thread 0x0000000008bd6000  439       4       java.util.ArrayList$Itr::hasNext (20 bytes)
Event: 0.895 Thread 0x0000000008bd6000 nmethod 439 0x000000000f1fec90 code [0x000000000f1fedc0, 0x000000000f1fee38]
Event: 0.895 Thread 0x0000000008bcf800  440       4       java.util.ArrayList$Itr::next (66 bytes)
Event: 0.897 Thread 0x0000000008bc8000  442       4       com.android.dx.util.ByteArray::getUnsignedByte (14 bytes)
Event: 0.897 Thread 0x0000000008bcf800 nmethod 440 0x000000000f1feed0 code [0x000000000f1ff020, 0x000000000f1ff118]
Event: 0.898 Thread 0x0000000008bc8000 nmethod 442 0x000000000f1ff250 code [0x000000000f1ff380, 0x000000000f1ff458]
Event: 0.914 Thread 0x0000000008bd6000  464       4       java.util.BitSet::checkInvariants (111 bytes)

GC Heap History (0 events):
No events

Deoptimization events (0 events):
No events

Internal exceptions (10 events):
Event: 0.795 Thread 0x0000000002e7d800 Exception <a 'java/security/PrivilegedActionException'> (0x00000000eb3529a8) thrown at [C:\workspace\8-2-build-windows-amd64-cygwin\jdk8u31\2394\hotspot\src\share\vm\prims\jvm.cpp, line 1312]
Event: 0.797 Thread 0x0000000002e7d800 Exception <a 'java/security/PrivilegedActionException'> (0x00000000eb35b4f8) thrown at [C:\workspace\8-2-build-windows-amd64-cygwin\jdk8u31\2394\hotspot\src\share\vm\prims\jvm.cpp, line 1312]
Event: 0.821 Thread 0x0000000002e7d800 Exception <a 'java/security/PrivilegedActionException'> (0x00000000eb371568) thrown at [C:\workspace\8-2-build-windows-amd64-cygwin\jdk8u31\2394\hotspot\src\share\vm\prims\jvm.cpp, line 1312]
Event: 0.822 Thread 0x0000000002e7d800 Exception <a 'java/security/PrivilegedActionException'> (0x00000000eb374b58) thrown at [C:\workspace\8-2-build-windows-amd64-cygwin\jdk8u31\2394\hotspot\src\share\vm\prims\jvm.cpp, line 1312]
Event: 0.824 Thread 0x0000000002e7d800 Exception <a 'java/security/PrivilegedActionException'> (0x00000000eb37a988) thrown at [C:\workspace\8-2-build-windows-amd64-cygwin\jdk8u31\2394\hotspot\src\share\vm\prims\jvm.cpp, line 1312]
Event: 0.825 Thread 0x0000000002e7d800 Exception <a 'java/security/PrivilegedActionException'> (0x00000000eb37d858) thrown at [C:\workspace\8-2-build-windows-amd64-cygwin\jdk8u31\2394\hotspot\src\share\vm\prims\jvm.cpp, line 1312]
Event: 0.844 Thread 0x0000000002e7d800 Exception <a 'java/security/PrivilegedActionException'> (0x00000000eb3a5348) thrown at [C:\workspace\8-2-build-windows-amd64-cygwin\jdk8u31\2394\hotspot\src\share\vm\prims\jvm.cpp, line 1312]
Event: 0.846 Thread 0x0000000002e7d800 Exception <a 'java/security/PrivilegedActionException'> (0x00000000eb3aa408) thrown at [C:\workspace\8-2-build-windows-amd64-cygwin\jdk8u31\2394\hotspot\src\share\vm\prims\jvm.cpp, line 1312]
Event: 0.848 Thread 0x0000000002e7d800 Exception <a 'java/security/PrivilegedActionException'> (0x00000000eb3afb70) thrown at [C:\workspace\8-2-build-windows-amd64-cygwin\jdk8u31\2394\hotspot\src\share\vm\prims\jvm.cpp, line 1312]
Event: 0.849 Thread 0x0000000002e7d800 Exception <a 'java/security/PrivilegedActionException'> (0x00000000eb3b5458) thrown at [C:\workspace\8-2-build-windows-amd64-cygwin\jdk8u31\2394\hotspot\src\share\vm\prims\jvm.cpp, line 1312]

Events (10 events):
Event: 0.825 loading class com/android/dx/ssa/back/FirstFitLocalCombiningAllocator$Alignment$3
Event: 0.825 loading class com/android/dx/ssa/back/FirstFitLocalCombiningAllocator$Alignment$3 done
Event: 0.844 loading class com/android/dx/cf/iface/StdField
Event: 0.844 loading class com/android/dx/cf/iface/StdField done
Event: 0.846 loading class com/android/dx/dex/file/EncodedField
Event: 0.846 loading class com/android/dx/dex/file/EncodedField done
Event: 0.848 loading class com/android/dx/dex/file/FieldAnnotationStruct
Event: 0.848 loading class com/android/dx/dex/file/FieldAnnotationStruct done
Event: 0.849 loading class com/android/dx/dex/file/FieldIdItem
Event: 0.849 loading class com/android/dx/dex/file/FieldIdItem done


Dynamic libraries:
0x00007ff619580000 - 0x00007ff6195b4000 	C:\Program Files\Java\jdk1.8.0_31\bin\java.exe
0x00007ff8f8560000 - 0x00007ff8f870c000 	C:\WINDOWS\SYSTEM32\ntdll.dll
0x00007ff8f8420000 - 0x00007ff8f855a000 	C:\WINDOWS\system32\KERNEL32.DLL
0x00007ff8f5b60000 - 0x00007ff8f5c6f000 	C:\WINDOWS\system32\KERNELBASE.dll
0x00007ff8f3a50000 - 0x00007ff8f3ad8000 	C:\WINDOWS\system32\apphelp.dll
0x00007ff8e8900000 - 0x00007ff8e894f000 	C:\WINDOWS\AppPatch\AppPatch64\AcGenral.DLL
0x00007ff8f6940000 - 0x00007ff8f69e7000 	C:\WINDOWS\system32\msvcrt.dll
0x00007ff8f56a0000 - 0x00007ff8f56cb000 	C:\WINDOWS\SYSTEM32\SspiCli.dll
0x00007ff8f5e00000 - 0x00007ff8f5e51000 	C:\WINDOWS\system32\SHLWAPI.dll
0x00007ff8f5fa0000 - 0x00007ff8f6111000 	C:\WINDOWS\system32\USER32.dll
0x00007ff8f6760000 - 0x00007ff8f68d8000 	C:\WINDOWS\system32\ole32.dll
0x00007ff8f6aa0000 - 0x00007ff8f7eaf000 	C:\WINDOWS\system32\SHELL32.dll
0x00007ff8f4aa0000 - 0x00007ff8f4abe000 	C:\WINDOWS\SYSTEM32\USERENV.dll
0x00007ff8f66b0000 - 0x00007ff8f6755000 	C:\WINDOWS\system32\ADVAPI32.dll
0x00007ff8e06d0000 - 0x00007ff8e06eb000 	C:\WINDOWS\SYSTEM32\MPR.dll
0x00007ff8f5e60000 - 0x00007ff8f5f97000 	C:\WINDOWS\system32\RPCRT4.dll
0x00007ff8f68e0000 - 0x00007ff8f6937000 	C:\WINDOWS\SYSTEM32\sechost.dll
0x00007ff8f6120000 - 0x00007ff8f62f6000 	C:\WINDOWS\SYSTEM32\combase.dll
0x00007ff8f7eb0000 - 0x00007ff8f7ff4000 	C:\WINDOWS\system32\GDI32.dll
0x00007ff8f58b0000 - 0x00007ff8f58c4000 	C:\WINDOWS\SYSTEM32\profapi.dll
0x00007ff8f4ca0000 - 0x00007ff8f4d3f000 	C:\WINDOWS\SYSTEM32\SHCORE.dll
0x00007ff8f6a50000 - 0x00007ff8f6a84000 	C:\WINDOWS\system32\IMM32.DLL
0x00007ff8f82e0000 - 0x00007ff8f8419000 	C:\WINDOWS\system32\MSCTF.dll
0x00007ff8f5860000 - 0x00007ff8f5892000 	C:\Windows\system32\nvinitx.dll
0x00007ff8f5850000 - 0x00007ff8f585a000 	C:\WINDOWS\SYSTEM32\VERSION.dll
0x000000000f000000 - 0x000000000f006000 	C:\Program Files\NVIDIA Corporation\CoProcManager\_etoured.dll
0x00007ff8f3750000 - 0x00007ff8f3782000 	C:\Program Files\NVIDIA Corporation\CoProcManager\nvd3d9wrapx.dll
0x00007ff8f80a0000 - 0x00007ff8f8274000 	C:\WINDOWS\system32\SETUPAPI.dll
0x00007ff8f5d70000 - 0x00007ff8f5dba000 	C:\WINDOWS\system32\CFGMGR32.dll
0x00007ff8f3720000 - 0x00007ff8f3742000 	C:\Program Files\NVIDIA Corporation\CoProcManager\nvdxgiwrapx.dll
0x00007ff8f5320000 - 0x00007ff8f557a000 	C:\WINDOWS\WinSxS\amd64_microsoft.windows.common-controls_6595b64144ccf1df_6.0.9600.17031_none_6242a4b3ecbb55a1\COMCTL32.dll
0x000000005d1a0000 - 0x000000005d272000 	C:\Program Files\Java\jdk1.8.0_31\jre\bin\msvcr100.dll
0x000000005d510000 - 0x000000005dd6a000 	C:\Program Files\Java\jdk1.8.0_31\jre\bin\server\jvm.dll
0x00007ff8e9200000 - 0x00007ff8e9209000 	C:\WINDOWS\SYSTEM32\WSOCK32.dll
0x00007ff8f1850000 - 0x00007ff8f186f000 	C:\WINDOWS\SYSTEM32\WINMM.dll
0x00007ff8f6310000 - 0x00007ff8f6317000 	C:\WINDOWS\system32\PSAPI.DLL
0x00007ff8f8280000 - 0x00007ff8f82d8000 	C:\WINDOWS\system32\WS2_32.dll
0x00007ff8f1810000 - 0x00007ff8f183a000 	C:\WINDOWS\SYSTEM32\WINMMBASE.dll
0x00007ff8f6a90000 - 0x00007ff8f6a99000 	C:\WINDOWS\system32\NSI.dll
0x00007ff8f3cb0000 - 0x00007ff8f3cd6000 	C:\WINDOWS\SYSTEM32\DEVOBJ.dll
0x000000005f3d0000 - 0x000000005f3df000 	C:\Program Files\Java\jdk1.8.0_31\jre\bin\verify.dll
0x000000005f3a0000 - 0x000000005f3c8000 	C:\Program Files\Java\jdk1.8.0_31\jre\bin\java.dll
0x000000005f380000 - 0x000000005f396000 	C:\Program Files\Java\jdk1.8.0_31\jre\bin\zip.dll

VM Arguments:
jvm_args: -Xmx1024M -Dfile.encoding=windows-1251 -Duser.country=GB -Duser.language=en -Duser.variant 
java_command: com.android.dx.command.Main --dex --output C:\Users\Slav\AndroidStudioProjects\Peek\app\build\intermediates\pre-dexed\debug\classes-adf5e29c830d5a9ad1a1748b05897bbe572c5ca6.jar C:\Users\Slav\AndroidStudioProjects\Peek\app\build\intermediates\exploded-aar\com.google.android.gms\play-services-drive\7.3.0\jars\classes.jar
java_class_path (initial): C:\Users\Slav\AppData\Local\Android\android-sdk\build-tools\22.0.1\lib\dx.jar
Launcher Type: SUN_STANDARD

Environment Variables:
JAVA_HOME=C:\Program Files\Java\jdk1.8.0_31
PATH=C:\Program Files (x86)\NVIDIA Corporation\PhysX\Common;c:\python27\scripts;c:\program files (x86)\intel\icls client\;c:\program files\intel\icls client\;c:\program files\common files\microsoft shared\windows live;c:\windows\system32;c:\windows;c:\windows\system32\wbem;c:\windows\system32\windowspowershell\v1.0\;c:\program files\intel\intel(r) management engine components\dal;c:\program files\intel\intel(r) management engine components\ipt;c:\program files (x86)\intel\intel(r) management engine components\dal;c:\program files (x86)\intel\intel(r) management engine components\ipt;c:\program files (x86)\intel\opencl sdk\3.0\bin\x86;c:\program files (x86)\intel\opencl sdk\3.0\bin\x64;c:\program files\authentec truesuite\x86\;c:\program files (x86)\common files\avid;c:\program files\common files\avid;c:\program files\microsoft sql server\110\tools\binn\;c:\python27;c:\program files (x86)\gtksharp\2.12\bin;c:\program files (x86)\windows kits\8.1\windows performance toolkit\;c:\program files (x86)\microsoft sdks\typescript\1.0\;c:\program files\microsoft sql server\120\tools\binn\;c:\gtk3\bin;c:\program files (x86)\nodejs\;c:\program files\java\jre7\bin;c:\program files (x86)\java\jdk1.7.0_71\bin;c:\program files\oracle\virtualbox;C:\Program Files (x86)\Skype\Phone\;C:\Program Files (x86)\Java\jdk1.7.0_25\bin;C:\Program Files\Common Files\Microsoft Shared\Windows Live;C:\Users\Slav\AppData\Roaming\npm
USERNAME=Slav
OS=Windows_NT
PROCESSOR_IDENTIFIER=Intel64 Family 6 Model 58 Stepping 9, GenuineIntel



---------------  S Y S T E M  ---------------

OS: Windows 8.1 , 64 bit Build 9600 

CPU:total 8 (4 cores per cpu, 2 threads per core) family 6 model 58 stepping 9, cmov, cx8, fxsr, mmx, sse, sse2, sse3, ssse3, sse4.1, sse4.2, popcnt, avx, aes, clmul, erms, ht, tsc, tscinvbit, tscinv

Memory: 4k page, physical 8277456k(1450896k free), swap 18057516k(5104k free)

vm_info: Java HotSpot(TM) 64-Bit Server VM (25.31-b07) for windows-amd64 JRE (1.8.0_31-b13), built on Dec 17 2014 21:00:28 by "java_re" with MS VC++ 10.0 (VS2010)

time: Tue Jun 02 13:40:11 2015
elapsed time: 0 seconds (0d 0h 0m 0s)

