#
# There is insufficient memory for the Java Runtime Environment to continue.
# Native memory allocation (malloc) failed to allocate 583568 bytes for Chunk::new
# Possible reasons:
#   The system is out of physical RAM or swap space
#   In 32 bit mode, the process size limit was hit
# Possible solutions:
#   Reduce memory load on the system
#   Increase physical memory or swap space
#   Check if swap backing store is full
#   Use 64 bit Java on a 64 bit OS
#   Decrease Java heap size (-Xmx/-Xms)
#   Decrease number of Java threads
#   Decrease Java thread stack sizes (-Xss)
#   Set larger code cache with -XX:ReservedCodeCacheSize=
# This output file may be truncated or incomplete.
#
#  Out of Memory Error (allocation.cpp:390), pid=11876, tid=10528
#
# JRE version: Java(TM) SE Runtime Environment (8.0_31-b13) (build 1.8.0_31-b13)
# Java VM: Java HotSpot(TM) 64-Bit Server VM (25.31-b07 mixed mode windows-amd64 compressed oops)
# Failed to write core dump. Minidumps are not enabled by default on client versions of Windows
#

---------------  T H R E A D  ---------------

Current thread (0x0000000007f7e000):  JavaThread "C2 CompilerThread2" daemon [_thread_in_native, id=10528, stack(0x0000000008700000,0x0000000008800000)]

Stack: [0x0000000008700000,0x0000000008800000]
Native frames: (J=compiled Java code, j=interpreted, Vv=VM code, C=native code)
V  [jvm.dll+0x3169ba]
V  [jvm.dll+0x2674c3]
V  [jvm.dll+0x268103]
V  [jvm.dll+0x25f8f5]
V  [jvm.dll+0xbf025]
V  [jvm.dll+0xbf4cc]
V  [jvm.dll+0x44b7f2]
V  [jvm.dll+0x4bedb0]
V  [jvm.dll+0x4c1a00]
V  [jvm.dll+0x4519e1]
V  [jvm.dll+0x4541b8]
V  [jvm.dll+0x437c62]
V  [jvm.dll+0x988e2]
V  [jvm.dll+0x990d3]
V  [jvm.dll+0x22c194]
V  [jvm.dll+0x28576a]
C  [msvcr100.dll+0x21d9f]
C  [msvcr100.dll+0x21e3b]
C  [KERNEL32.DLL+0x16ad]
C  [ntdll.dll+0x6eb64]


Current CompileTask:
C2:   7536 1437   !   4       com.android.dx.cf.code.BytecodeArray::parseInstruction (2764 bytes)


---------------  P R O C E S S  ---------------

Java Threads: ( => current thread )
  0x0000000007f8b000 JavaThread "Service Thread" daemon [_thread_blocked, id=1840, stack(0x0000000008900000,0x0000000008a00000)]
  0x0000000007f81000 JavaThread "C1 CompilerThread3" daemon [_thread_blocked, id=9528, stack(0x0000000008800000,0x0000000008900000)]
=>0x0000000007f7e000 JavaThread "C2 CompilerThread2" daemon [_thread_in_native, id=10528, stack(0x0000000008700000,0x0000000008800000)]
  0x0000000007f7a800 JavaThread "C2 CompilerThread1" daemon [_thread_blocked, id=8708, stack(0x0000000008600000,0x0000000008700000)]
  0x0000000007f29000 JavaThread "C2 CompilerThread0" daemon [_thread_blocked, id=352, stack(0x0000000008500000,0x0000000008600000)]
  0x0000000007f26800 JavaThread "Attach Listener" daemon [_thread_blocked, id=10376, stack(0x0000000008400000,0x0000000008500000)]
  0x0000000007f25800 JavaThread "Signal Dispatcher" daemon [_thread_blocked, id=12624, stack(0x0000000008300000,0x0000000008400000)]
  0x00000000023b8800 JavaThread "Finalizer" daemon [_thread_blocked, id=13056, stack(0x0000000007dd0000,0x0000000007ed0000)]
  0x00000000023b2000 JavaThread "Reference Handler" daemon [_thread_blocked, id=12564, stack(0x0000000007cd0000,0x0000000007dd0000)]
  0x000000000218d800 JavaThread "main" [_thread_in_Java, id=11004, stack(0x0000000002190000,0x0000000002290000)]

Other Threads:
  0x0000000005ed8800 VMThread [stack: 0x0000000007bd0000,0x0000000007cd0000] [id=4284]
  0x0000000007f8b800 WatcherThread [stack: 0x0000000008a00000,0x0000000008b00000] [id=9296]

VM state:synchronizing (normal execution)

VM Mutex/Monitor currently owned by a thread:  ([mutex/lock_event])
[0x000000000218cad0] Safepoint_lock - owner thread: 0x0000000005ed8800
[0x000000000218c650] Threads_lock - owner thread: 0x0000000005ed8800

Heap:
 PSYoungGen      total 38400K, used 17178K [0x00000000eab00000, 0x00000000ed580000, 0x0000000100000000)
  eden space 33280K, 36% used [0x00000000eab00000,0x00000000eb6c96e0,0x00000000ecb80000)
  from space 5120K, 99% used [0x00000000ecb80000,0x00000000ed07d238,0x00000000ed080000)
  to   space 5120K, 0% used [0x00000000ed080000,0x00000000ed080000,0x00000000ed580000)
 ParOldGen       total 87552K, used 1434K [0x00000000c0000000, 0x00000000c5580000, 0x00000000eab00000)
  object space 87552K, 1% used [0x00000000c0000000,0x00000000c0166868,0x00000000c5580000)
 Metaspace       used 5770K, capacity 6960K, committed 7040K, reserved 1056768K
  class space    used 570K, capacity 616K, committed 640K, reserved 1048576K

Card table byte_map: [0x0000000002780000,0x0000000002990000] byte_map_base: 0x0000000002180000

Marking Bits: (ParMarkBitMap*) 0x000000005dced4f0
 Begin Bits: [0x00000000032f0000, 0x00000000042f0000)
 End Bits:   [0x00000000042f0000, 0x00000000052f0000)

Polling page: 0x00000000004f0000

CodeCache: size=245760Kb used=6273Kb max_used=6297Kb free=239486Kb
 bounds [0x000000000f010000, 0x000000000f640000, 0x000000001e010000]
 total_blobs=1703 nmethods=1443 adapters=174
 compilation: enabled

Compilation events (10 events):
Event: 7.448 Thread 0x0000000007f81000 1444       3       com.android.dx.util.ByteArray::makeDataInputStream (12 bytes)
Event: 7.449 Thread 0x0000000007f81000 nmethod 1444 0x000000000f61c710 code [0x000000000f61c8c0, 0x000000000f61d0b0]
Event: 7.449 Thread 0x0000000007f81000 1445       3       com.android.dx.util.ByteArray::makeInputStream (9 bytes)
Event: 7.449 Thread 0x0000000007f81000 nmethod 1445 0x000000000f61c190 code [0x000000000f61c300, 0x000000000f61c5d0]
Event: 7.449 Thread 0x0000000007f81000 1446       3       com.android.dx.util.ByteArray$MyInputStream::<init> (20 bytes)
Event: 7.449 Thread 0x0000000007f81000 nmethod 1446 0x000000000f61bd10 code [0x000000000f61be80, 0x000000000f61c0b0]
Event: 7.449 Thread 0x0000000007f81000 1447       3       com.android.dx.util.ByteArray$MyDataInputStream::<init> (11 bytes)
Event: 7.450 Thread 0x0000000007f81000 nmethod 1447 0x000000000f619350 code [0x000000000f6194e0, 0x000000000f6199b0]
Event: 7.450 Thread 0x0000000007f81000 1448       1       com.android.dx.dex.file.DexFile::getFieldIds (5 bytes)
Event: 7.450 Thread 0x0000000007f81000 nmethod 1448 0x000000000f5fab90 code [0x000000000f5face0, 0x000000000f5fadf0]

GC Heap History (2 events):
Event: 6.418 GC heap before
{Heap before GC invocations=1 (full 0):
 PSYoungGen      total 38400K, used 33280K [0x00000000eab00000, 0x00000000ed580000, 0x0000000100000000)
  eden space 33280K, 100% used [0x00000000eab00000,0x00000000ecb80000,0x00000000ecb80000)
  from space 5120K, 0% used [0x00000000ed080000,0x00000000ed080000,0x00000000ed580000)
  to   space 5120K, 0% used [0x00000000ecb80000,0x00000000ecb80000,0x00000000ed080000)
 ParOldGen       total 87552K, used 0K [0x00000000c0000000, 0x00000000c5580000, 0x00000000eab00000)
  object space 87552K, 0% used [0x00000000c0000000,0x00000000c0000000,0x00000000c5580000)
 Metaspace       used 5644K, capacity 6960K, committed 7040K, reserved 1056768K
  class space    used 552K, capacity 616K, committed 640K, reserved 1048576K
Event: 6.516 GC heap after
Heap after GC invocations=1 (full 0):
 PSYoungGen      total 38400K, used 5108K [0x00000000eab00000, 0x00000000ed580000, 0x0000000100000000)
  eden space 33280K, 0% used [0x00000000eab00000,0x00000000eab00000,0x00000000ecb80000)
  from space 5120K, 99% used [0x00000000ecb80000,0x00000000ed07d238,0x00000000ed080000)
  to   space 5120K, 0% used [0x00000000ed080000,0x00000000ed080000,0x00000000ed580000)
 ParOldGen       total 87552K, used 1434K [0x00000000c0000000, 0x00000000c5580000, 0x00000000eab00000)
  object space 87552K, 1% used [0x00000000c0000000,0x00000000c0166868,0x00000000c5580000)
 Metaspace       used 5644K, capacity 6960K, committed 7040K, reserved 1056768K
  class space    used 552K, capacity 616K, committed 640K, reserved 1048576K
}

Deoptimization events (10 events):
Event: 6.756 Thread 0x000000000218d800 Uncommon trap: reason=unreached action=reinterpret pc=0x000000000f20ee34 method=java.util.HashMap.getNode(ILjava/lang/Object;)Ljava/util/HashMap$Node; @ 84
Event: 6.883 Thread 0x000000000218d800 Uncommon trap: reason=bimorphic action=maybe_recompile pc=0x000000000f5e32e0 method=com.android.dx.cf.code.BaseMachine.getLocalTarget(Z)Lcom/android/dx/rop/code/RegisterSpec; @ 70
Event: 6.884 Thread 0x000000000218d800 Uncommon trap: reason=bimorphic action=maybe_recompile pc=0x000000000f5d6380 method=com.android.dx.cf.code.BaseMachine.getLocalTarget(Z)Lcom/android/dx/rop/code/RegisterSpec; @ 70
Event: 6.884 Thread 0x000000000218d800 Uncommon trap: reason=bimorphic action=maybe_recompile pc=0x000000000f5e32e0 method=com.android.dx.cf.code.BaseMachine.getLocalTarget(Z)Lcom/android/dx/rop/code/RegisterSpec; @ 70
Event: 6.884 Thread 0x000000000218d800 Uncommon trap: reason=bimorphic action=maybe_recompile pc=0x000000000f5d6380 method=com.android.dx.cf.code.BaseMachine.getLocalTarget(Z)Lcom/android/dx/rop/code/RegisterSpec; @ 70
Event: 7.271 Thread 0x000000000218d800 Uncommon trap: reason=unreached action=reinterpret pc=0x000000000f333bac method=java.util.HashMap.putVal(ILjava/lang/Object;Ljava/lang/Object;ZZ)Ljava/lang/Object; @ 109
Event: 7.280 Thread 0x000000000218d800 Uncommon trap: reason=class_check action=maybe_recompile pc=0x000000000f4a16b4 method=java.util.HashMap.putVal(ILjava/lang/Object;Ljava/lang/Object;ZZ)Ljava/lang/Object; @ 203
Event: 7.280 Thread 0x000000000218d800 Uncommon trap: reason=class_check action=maybe_recompile pc=0x000000000f4a16b4 method=java.util.HashMap.putVal(ILjava/lang/Object;Ljava/lang/Object;ZZ)Ljava/lang/Object; @ 203
Event: 7.280 Thread 0x000000000218d800 Uncommon trap: reason=class_check action=maybe_recompile pc=0x000000000f4a16b4 method=java.util.HashMap.putVal(ILjava/lang/Object;Ljava/lang/Object;ZZ)Ljava/lang/Object; @ 203
Event: 7.441 Thread 0x000000000218d800 Uncommon trap: reason=class_check action=maybe_recompile pc=0x000000000f4a16b4 method=java.util.HashMap.putVal(ILjava/lang/Object;Ljava/lang/Object;ZZ)Ljava/lang/Object; @ 203

Internal exceptions (10 events):
Event: 3.571 Thread 0x000000000218d800 Exception <a 'java/security/PrivilegedActionException'> (0x00000000eb8fb478) thrown at [C:\workspace\8-2-build-windows-amd64-cygwin\jdk8u31\2394\hotspot\src\share\vm\prims\jvm.cpp, line 1312]
Event: 3.573 Thread 0x000000000218d800 Exception <a 'java/security/PrivilegedActionException'> (0x00000000eb9045e0) thrown at [C:\workspace\8-2-build-windows-amd64-cygwin\jdk8u31\2394\hotspot\src\share\vm\prims\jvm.cpp, line 1312]
Event: 3.573 Thread 0x000000000218d800 Exception <a 'java/security/PrivilegedActionException'> (0x00000000eb906cd0) thrown at [C:\workspace\8-2-build-windows-amd64-cygwin\jdk8u31\2394\hotspot\src\share\vm\prims\jvm.cpp, line 1312]
Event: 3.580 Thread 0x000000000218d800 Exception <a 'java/security/PrivilegedActionException'> (0x00000000eb933810) thrown at [C:\workspace\8-2-build-windows-amd64-cygwin\jdk8u31\2394\hotspot\src\share\vm\prims\jvm.cpp, line 1312]
Event: 3.697 Thread 0x000000000218d800 Exception <a 'java/security/PrivilegedActionException'> (0x00000000eb9cd1f8) thrown at [C:\workspace\8-2-build-windows-amd64-cygwin\jdk8u31\2394\hotspot\src\share\vm\prims\jvm.cpp, line 1312]
Event: 4.705 Thread 0x000000000218d800 Exception <a 'java/security/PrivilegedActionException'> (0x00000000ec19a4e8) thrown at [C:\workspace\8-2-build-windows-amd64-cygwin\jdk8u31\2394\hotspot\src\share\vm\prims\jvm.cpp, line 1312]
Event: 5.338 Thread 0x000000000218d800 Exception <a 'java/security/PrivilegedActionException'> (0x00000000ec483698) thrown at [C:\workspace\8-2-build-windows-amd64-cygwin\jdk8u31\2394\hotspot\src\share\vm\prims\jvm.cpp, line 1312]
Event: 6.749 Thread 0x000000000218d800 Exception <a 'java/lang/ArrayIndexOutOfBoundsException': 18> (0x00000000eaf4ce88) thrown at [C:\workspace\8-2-build-windows-amd64-cygwin\jdk8u31\2394\hotspot\src\share\vm\interpreter\interpreterRuntime.cpp, line 366]
Event: 6.750 Thread 0x000000000218d800 Exception <a 'java/lang/ArrayIndexOutOfBoundsException': 145> (0x00000000eaf4e920) thrown at [C:\workspace\8-2-build-windows-amd64-cygwin\jdk8u31\2394\hotspot\src\share\vm\interpreter\interpreterRuntime.cpp, line 366]
Event: 6.751 Thread 0x000000000218d800 Exception <a 'java/lang/ArrayIndexOutOfBoundsException'> (0x00000000eaf4fb38) thrown at [C:\workspace\8-2-build-windows-amd64-cygwin\jdk8u31\2394\hotspot\src\share\vm\runtime\sharedRuntime.cpp, line 604]

Events (10 events):
Event: 7.280 Thread 0x000000000218d800 DEOPT UNPACKING pc=0x000000000f05556a sp=0x000000000228e518 mode 2
Event: 7.280 Thread 0x000000000218d800 Uncommon trap: trap_request=0xffffffde fr.pc=0x000000000f4a16b4
Event: 7.280 Thread 0x000000000218d800 DEOPT PACKING pc=0x000000000f4a16b4 sp=0x000000000228e5a0
Event: 7.280 Thread 0x000000000218d800 DEOPT UNPACKING pc=0x000000000f05556a sp=0x000000000228e518 mode 2
Event: 7.280 Thread 0x000000000218d800 Uncommon trap: trap_request=0xffffffde fr.pc=0x000000000f4a16b4
Event: 7.280 Thread 0x000000000218d800 DEOPT PACKING pc=0x000000000f4a16b4 sp=0x000000000228e5a0
Event: 7.280 Thread 0x000000000218d800 DEOPT UNPACKING pc=0x000000000f05556a sp=0x000000000228e518 mode 2
Event: 7.441 Thread 0x000000000218d800 Uncommon trap: trap_request=0xffffffde fr.pc=0x000000000f4a16b4
Event: 7.441 Thread 0x000000000218d800 DEOPT PACKING pc=0x000000000f4a16b4 sp=0x000000000228e5a0
Event: 7.442 Thread 0x000000000218d800 DEOPT UNPACKING pc=0x000000000f05556a sp=0x000000000228e518 mode 2


Dynamic libraries:
0x00007ff619580000 - 0x00007ff6195b4000 	C:\Program Files\Java\jdk1.8.0_31\bin\java.exe
0x00007ff8f8560000 - 0x00007ff8f870c000 	C:\WINDOWS\SYSTEM32\ntdll.dll
0x00007ff8f8420000 - 0x00007ff8f855a000 	C:\WINDOWS\system32\KERNEL32.DLL
0x00007ff8f5b60000 - 0x00007ff8f5c6f000 	C:\WINDOWS\system32\KERNELBASE.dll
0x00007ff8f3a50000 - 0x00007ff8f3ad8000 	C:\WINDOWS\system32\apphelp.dll
0x00007ff8e9250000 - 0x00007ff8e929f000 	C:\WINDOWS\AppPatch\AppPatch64\AcGenral.DLL
0x00007ff8f6940000 - 0x00007ff8f69e7000 	C:\WINDOWS\system32\msvcrt.dll
0x00007ff8f56a0000 - 0x00007ff8f56cb000 	C:\WINDOWS\SYSTEM32\SspiCli.dll
0x00007ff8f5e00000 - 0x00007ff8f5e51000 	C:\WINDOWS\system32\SHLWAPI.dll
0x00007ff8f5fa0000 - 0x00007ff8f6111000 	C:\WINDOWS\system32\USER32.dll
0x00007ff8f6760000 - 0x00007ff8f68d8000 	C:\WINDOWS\system32\ole32.dll
0x00007ff8f6aa0000 - 0x00007ff8f7eaf000 	C:\WINDOWS\system32\SHELL32.dll
0x00007ff8f4aa0000 - 0x00007ff8f4abe000 	C:\WINDOWS\SYSTEM32\USERENV.dll
0x00007ff8f66b0000 - 0x00007ff8f6755000 	C:\WINDOWS\system32\ADVAPI32.dll
0x00007ff8e06d0000 - 0x00007ff8e06eb000 	C:\WINDOWS\SYSTEM32\MPR.dll
0x00007ff8f5e60000 - 0x00007ff8f5f97000 	C:\WINDOWS\system32\RPCRT4.dll
0x00007ff8f68e0000 - 0x00007ff8f6937000 	C:\WINDOWS\SYSTEM32\sechost.dll
0x00007ff8f6120000 - 0x00007ff8f62f6000 	C:\WINDOWS\SYSTEM32\combase.dll
0x00007ff8f7eb0000 - 0x00007ff8f7ff4000 	C:\WINDOWS\system32\GDI32.dll
0x00007ff8f58b0000 - 0x00007ff8f58c4000 	C:\WINDOWS\SYSTEM32\profapi.dll
0x00007ff8f4ca0000 - 0x00007ff8f4d3f000 	C:\WINDOWS\SYSTEM32\SHCORE.dll
0x00007ff8f6a50000 - 0x00007ff8f6a84000 	C:\WINDOWS\system32\IMM32.DLL
0x00007ff8f82e0000 - 0x00007ff8f8419000 	C:\WINDOWS\system32\MSCTF.dll
0x00007ff8f5860000 - 0x00007ff8f5892000 	C:\Windows\system32\nvinitx.dll
0x00007ff8f5850000 - 0x00007ff8f585a000 	C:\WINDOWS\SYSTEM32\VERSION.dll
0x000000000f000000 - 0x000000000f006000 	C:\Program Files\NVIDIA Corporation\CoProcManager\_etoured.dll
0x00007ff8f3750000 - 0x00007ff8f3782000 	C:\Program Files\NVIDIA Corporation\CoProcManager\nvd3d9wrapx.dll
0x00007ff8f80a0000 - 0x00007ff8f8274000 	C:\WINDOWS\system32\SETUPAPI.dll
0x00007ff8f5d70000 - 0x00007ff8f5dba000 	C:\WINDOWS\system32\CFGMGR32.dll
0x00007ff8f3720000 - 0x00007ff8f3742000 	C:\Program Files\NVIDIA Corporation\CoProcManager\nvdxgiwrapx.dll
0x00007ff8f5320000 - 0x00007ff8f557a000 	C:\WINDOWS\WinSxS\amd64_microsoft.windows.common-controls_6595b64144ccf1df_6.0.9600.17031_none_6242a4b3ecbb55a1\COMCTL32.dll
0x000000005d1a0000 - 0x000000005d272000 	C:\Program Files\Java\jdk1.8.0_31\jre\bin\msvcr100.dll
0x000000005d510000 - 0x000000005dd6a000 	C:\Program Files\Java\jdk1.8.0_31\jre\bin\server\jvm.dll
0x00007ff8e9200000 - 0x00007ff8e9209000 	C:\WINDOWS\SYSTEM32\WSOCK32.dll
0x00007ff8f1850000 - 0x00007ff8f186f000 	C:\WINDOWS\SYSTEM32\WINMM.dll
0x00007ff8f6310000 - 0x00007ff8f6317000 	C:\WINDOWS\system32\PSAPI.DLL
0x00007ff8f8280000 - 0x00007ff8f82d8000 	C:\WINDOWS\system32\WS2_32.dll
0x00007ff8f1810000 - 0x00007ff8f183a000 	C:\WINDOWS\SYSTEM32\WINMMBASE.dll
0x00007ff8f6a90000 - 0x00007ff8f6a99000 	C:\WINDOWS\system32\NSI.dll
0x00007ff8f3cb0000 - 0x00007ff8f3cd6000 	C:\WINDOWS\SYSTEM32\DEVOBJ.dll
0x000000005f3d0000 - 0x000000005f3df000 	C:\Program Files\Java\jdk1.8.0_31\jre\bin\verify.dll
0x000000005f3a0000 - 0x000000005f3c8000 	C:\Program Files\Java\jdk1.8.0_31\jre\bin\java.dll
0x000000005f380000 - 0x000000005f396000 	C:\Program Files\Java\jdk1.8.0_31\jre\bin\zip.dll
0x00007ff8f40e0000 - 0x00007ff8f4268000 	C:\WINDOWS\SYSTEM32\dbghelp.dll

VM Arguments:
jvm_args: -Xmx1024M -Dfile.encoding=windows-1251 -Duser.country=GB -Duser.language=en -Duser.variant 
java_command: com.android.dx.command.Main --dex --output C:\Users\Slav\AndroidStudioProjects\Peek\app\build\intermediates\pre-dexed\debug\classes-18816e3da46c7a8055f10d2c0e56e04c4c820821.jar C:\Users\Slav\AndroidStudioProjects\Peek\app\build\intermediates\exploded-aar\com.android.support\recyclerview-v7\22.1.1\jars\classes.jar
java_class_path (initial): C:\Users\Slav\AppData\Local\Android\android-sdk\build-tools\22.0.1\lib\dx.jar
Launcher Type: SUN_STANDARD

Environment Variables:
JAVA_HOME=C:\Program Files\Java\jdk1.8.0_31
PATH=C:\Program Files (x86)\NVIDIA Corporation\PhysX\Common;c:\python27\scripts;c:\program files (x86)\intel\icls client\;c:\program files\intel\icls client\;c:\program files\common files\microsoft shared\windows live;c:\windows\system32;c:\windows;c:\windows\system32\wbem;c:\windows\system32\windowspowershell\v1.0\;c:\program files\intel\intel(r) management engine components\dal;c:\program files\intel\intel(r) management engine components\ipt;c:\program files (x86)\intel\intel(r) management engine components\dal;c:\program files (x86)\intel\intel(r) management engine components\ipt;c:\program files (x86)\intel\opencl sdk\3.0\bin\x86;c:\program files (x86)\intel\opencl sdk\3.0\bin\x64;c:\program files\authentec truesuite\x86\;c:\program files (x86)\common files\avid;c:\program files\common files\avid;c:\program files\microsoft sql server\110\tools\binn\;c:\python27;c:\program files (x86)\gtksharp\2.12\bin;c:\program files (x86)\windows kits\8.1\windows performance toolkit\;c:\program files (x86)\microsoft sdks\typescript\1.0\;c:\program files\microsoft sql server\120\tools\binn\;c:\gtk3\bin;c:\program files (x86)\nodejs\;c:\program files\java\jre7\bin;c:\program files (x86)\java\jdk1.7.0_71\bin;c:\program files\oracle\virtualbox;C:\Program Files (x86)\Skype\Phone\;C:\Program Files (x86)\Java\jdk1.7.0_25\bin;C:\Program Files\Common Files\Microsoft Shared\Windows Live;C:\Users\Slav\AppData\Roaming\npm
USERNAME=Slav
OS=Windows_NT
PROCESSOR_IDENTIFIER=Intel64 Family 6 Model 58 Stepping 9, GenuineIntel



---------------  S Y S T E M  ---------------

OS: Windows 8.1 , 64 bit Build 9600 

CPU:total 8 (4 cores per cpu, 2 threads per core) family 6 model 58 stepping 9, cmov, cx8, fxsr, mmx, sse, sse2, sse3, ssse3, sse4.1, sse4.2, popcnt, avx, aes, clmul, erms, ht, tsc, tscinvbit, tscinv

Memory: 4k page, physical 8277456k(982980k free), swap 18057516k(6416k free)

vm_info: Java HotSpot(TM) 64-Bit Server VM (25.31-b07) for windows-amd64 JRE (1.8.0_31-b13), built on Dec 17 2014 21:00:28 by "java_re" with MS VC++ 10.0 (VS2010)

time: Tue Jun 02 13:15:58 2015
elapsed time: 7 seconds (0d 0h 0m 7s)

