#
# There is insufficient memory for the Java Runtime Environment to continue.
# Native memory allocation (malloc) failed to allocate 32784 bytes for Chunk::new
# Possible reasons:
#   The system is out of physical RAM or swap space
#   In 32 bit mode, the process size limit was hit
# Possible solutions:
#   Reduce memory load on the system
#   Increase physical memory or swap space
#   Check if swap backing store is full
#   Use 64 bit Java on a 64 bit OS
#   Decrease Java heap size (-Xmx/-Xms)
#   Decrease number of Java threads
#   Decrease Java thread stack sizes (-Xss)
#   Set larger code cache with -XX:ReservedCodeCacheSize=
# This output file may be truncated or incomplete.
#
#  Out of Memory Error (allocation.cpp:390), pid=9660, tid=7112
#
# JRE version: Java(TM) SE Runtime Environment (8.0_31-b13) (build 1.8.0_31-b13)
# Java VM: Java HotSpot(TM) 64-Bit Server VM (25.31-b07 mixed mode windows-amd64 compressed oops)
# Failed to write core dump. Minidumps are not enabled by default on client versions of Windows
#

---------------  T H R E A D  ---------------

Current thread (0x0000000008841000):  JavaThread "C2 CompilerThread0" daemon [_thread_in_native, id=7112, stack(0x0000000008e10000,0x0000000008f10000)]

Stack: [0x0000000008e10000,0x0000000008f10000]
Native frames: (J=compiled Java code, j=interpreted, Vv=VM code, C=native code)
V  [jvm.dll+0x3169ba]
V  [jvm.dll+0x2674c3]
V  [jvm.dll+0x268103]
V  [jvm.dll+0x25f8f5]
V  [jvm.dll+0xbf025]
V  [jvm.dll+0xbf4cc]
V  [jvm.dll+0xbf774]
V  [jvm.dll+0x4cfb00]
V  [jvm.dll+0x49ef1f]
V  [jvm.dll+0x453401]
V  [jvm.dll+0x454124]
V  [jvm.dll+0x437c62]
V  [jvm.dll+0x988e2]
V  [jvm.dll+0x990d3]
V  [jvm.dll+0x22c194]
V  [jvm.dll+0x28576a]
C  [msvcr100.dll+0x21d9f]
C  [msvcr100.dll+0x21e3b]
C  [KERNEL32.DLL+0x16ad]
C  [ntdll.dll+0x6eb64]


Current CompileTask:
C2:   1573 1441   !   4       com.android.dx.rop.code.RegisterSpec::intern (70 bytes)


---------------  P R O C E S S  ---------------

Java Threads: ( => current thread )
  0x00000000088d1000 JavaThread "Service Thread" daemon [_thread_blocked, id=6788, stack(0x0000000009210000,0x0000000009310000)]
  0x000000000685b000 JavaThread "C1 CompilerThread3" daemon [_thread_in_vm, id=5740, stack(0x0000000009110000,0x0000000009210000)]
  0x0000000006858000 JavaThread "C2 CompilerThread2" daemon [_thread_in_native, id=2904, stack(0x0000000009010000,0x0000000009110000)]
  0x0000000008848800 JavaThread "C2 CompilerThread1" daemon [_thread_in_native, id=14108, stack(0x0000000008f10000,0x0000000009010000)]
=>0x0000000008841000 JavaThread "C2 CompilerThread0" daemon [_thread_in_native, id=7112, stack(0x0000000008e10000,0x0000000008f10000)]
  0x000000000883e800 JavaThread "Attach Listener" daemon [_thread_blocked, id=12276, stack(0x0000000008d10000,0x0000000008e10000)]
  0x000000000883d800 JavaThread "Signal Dispatcher" daemon [_thread_blocked, id=3032, stack(0x0000000008c10000,0x0000000008d10000)]
  0x0000000002d2a800 JavaThread "Finalizer" daemon [_thread_blocked, id=7012, stack(0x0000000008710000,0x0000000008810000)]
  0x000000000684c800 JavaThread "Reference Handler" daemon [_thread_blocked, id=10732, stack(0x0000000008610000,0x0000000008710000)]
  0x0000000002b2e800 JavaThread "main" [_thread_in_Java, id=3660, stack(0x0000000002b30000,0x0000000002c30000)]

Other Threads:
  0x0000000006848000 VMThread [stack: 0x0000000008510000,0x0000000008610000] [id=5856]
  0x00000000088d4000 WatcherThread [stack: 0x0000000009310000,0x0000000009410000] [id=12852]

VM state:not at safepoint (normal execution)

VM Mutex/Monitor currently owned by a thread: None

Heap:
 PSYoungGen      total 38400K, used 15111K [0x00000000eab00000, 0x00000000ed580000, 0x0000000100000000)
  eden space 33280K, 30% used [0x00000000eab00000,0x00000000eb4c8d20,0x00000000ecb80000)
  from space 5120K, 99% used [0x00000000ecb80000,0x00000000ed078f40,0x00000000ed080000)
  to   space 5120K, 0% used [0x00000000ed080000,0x00000000ed080000,0x00000000ed580000)
 ParOldGen       total 87552K, used 3092K [0x00000000c0000000, 0x00000000c5580000, 0x00000000eab00000)
  object space 87552K, 3% used [0x00000000c0000000,0x00000000c0305138,0x00000000c5580000)
 Metaspace       used 5733K, capacity 7024K, committed 7296K, reserved 1056768K
  class space    used 555K, capacity 616K, committed 640K, reserved 1048576K

Card table byte_map: [0x00000000030f0000,0x0000000003300000] byte_map_base: 0x0000000002af0000

Marking Bits: (ParMarkBitMap*) 0x0000000050b3d4f0
 Begin Bits: [0x0000000003c60000, 0x0000000004c60000)
 End Bits:   [0x0000000004c60000, 0x0000000005c60000)

Polling page: 0x0000000000c90000

CodeCache: size=245760Kb used=5969Kb max_used=5969Kb free=239790Kb
 bounds [0x000000000f010000, 0x000000000f5f0000, 0x000000001e010000]
 total_blobs=1715 nmethods=1455 adapters=174
 compilation: enabled

Compilation events (10 events):
Event: 1.534 Thread 0x000000000685b000 nmethod 1449 0x000000000f5d9010 code [0x000000000f5d9260, 0x000000000f5da068]
Event: 1.534 Thread 0x000000000685b000 1450       3       com.android.dx.ssa.SsaMethod::getGoto (26 bytes)
Event: 1.534 Thread 0x000000000685b000 nmethod 1450 0x000000000f5d86d0 code [0x000000000f5d8880, 0x000000000f5d8dd8]
Event: 1.534 Thread 0x000000000685b000 1453       3       com.android.dx.ssa.PhiInsn::getOriginalRopInsn (2 bytes)
Event: 1.535 Thread 0x000000000685b000 nmethod 1453 0x000000000f5d8390 code [0x000000000f5d84e0, 0x000000000f5d8630]
Event: 1.535 Thread 0x000000000685b000 1445       3       com.android.dx.cf.code.ByteCatchList$Item::covers (22 bytes)
Event: 1.535 Thread 0x000000000685b000 nmethod 1445 0x000000000f5d7fd0 code [0x000000000f5d8120, 0x000000000f5d8310]
Event: 1.535 Thread 0x000000000685b000 1448       1       com.android.dx.cf.code.Ropper$ExceptionHandlerSetup::getLabel (5 bytes)
Event: 1.535 Thread 0x000000000685b000 nmethod 1448 0x000000000f5d7d10 code [0x000000000f5d7e60, 0x000000000f5d7f70]
Event: 1.536 Thread 0x000000000685b000 1455       3       com.android.dx.ssa.PhiInsn::predBlocksForReg (73 bytes)

GC Heap History (2 events):
Event: 1.406 GC heap before
{Heap before GC invocations=1 (full 0):
 PSYoungGen      total 38400K, used 33280K [0x00000000eab00000, 0x00000000ed580000, 0x0000000100000000)
  eden space 33280K, 100% used [0x00000000eab00000,0x00000000ecb80000,0x00000000ecb80000)
  from space 5120K, 0% used [0x00000000ed080000,0x00000000ed080000,0x00000000ed580000)
  to   space 5120K, 0% used [0x00000000ecb80000,0x00000000ecb80000,0x00000000ed080000)
 ParOldGen       total 87552K, used 0K [0x00000000c0000000, 0x00000000c5580000, 0x00000000eab00000)
  object space 87552K, 0% used [0x00000000c0000000,0x00000000c0000000,0x00000000c5580000)
 Metaspace       used 5651K, capacity 6960K, committed 7040K, reserved 1056768K
  class space    used 551K, capacity 616K, committed 640K, reserved 1048576K
Event: 1.423 GC heap after
Heap after GC invocations=1 (full 0):
 PSYoungGen      total 38400K, used 5091K [0x00000000eab00000, 0x00000000ed580000, 0x0000000100000000)
  eden space 33280K, 0% used [0x00000000eab00000,0x00000000eab00000,0x00000000ecb80000)
  from space 5120K, 99% used [0x00000000ecb80000,0x00000000ed078f40,0x00000000ed080000)
  to   space 5120K, 0% used [0x00000000ed080000,0x00000000ed080000,0x00000000ed580000)
 ParOldGen       total 87552K, used 3092K [0x00000000c0000000, 0x00000000c5580000, 0x00000000eab00000)
  object space 87552K, 3% used [0x00000000c0000000,0x00000000c0305138,0x00000000c5580000)
 Metaspace       used 5651K, capacity 6960K, committed 7040K, reserved 1056768K
  class space    used 551K, capacity 616K, committed 640K, reserved 1048576K
}

Deoptimization events (10 events):
Event: 1.301 Thread 0x0000000002b2e800 Uncommon trap: reason=bimorphic action=maybe_recompile pc=0x000000000f459504 method=java.util.HashMap.putVal(ILjava/lang/Object;Ljava/lang/Object;ZZ)Ljava/lang/Object; @ 91
Event: 1.347 Thread 0x0000000002b2e800 Uncommon trap: reason=unreached action=reinterpret pc=0x000000000f49f658 method=com.android.dx.rop.code.LocalItem.hashCode()I @ 25
Event: 1.350 Thread 0x0000000002b2e800 Uncommon trap: reason=null_assert action=make_not_entrant pc=0x000000000f49a56c method=com.android.dx.dex.cf.AttributeTranslator.getAnnotations0(Lcom/android/dx/cf/iface/AttributeList;)Lcom/android/dx/rop/annotation/Annotations; @ 20
Event: 1.352 Thread 0x0000000002b2e800 Uncommon trap: reason=class_check action=maybe_recompile pc=0x000000000f566438 method=com.android.dx.cf.code.BytecodeArray.parseInstruction(ILcom/android/dx/cf/code/BytecodeArray$Visitor;)I @ 1501
Event: 1.352 Thread 0x0000000002b2e800 Uncommon trap: reason=class_check action=maybe_recompile pc=0x000000000f566438 method=com.android.dx.cf.code.BytecodeArray.parseInstruction(ILcom/android/dx/cf/code/BytecodeArray$Visitor;)I @ 1501
Event: 1.361 Thread 0x0000000002b2e800 Uncommon trap: reason=unreached action=reinterpret pc=0x000000000f55e3b4 method=com.android.dx.util.LabeledList.set(ILcom/android/dx/util/LabeledItem;)V @ 16
Event: 1.383 Thread 0x0000000002b2e800 Uncommon trap: reason=unreached action=reinterpret pc=0x000000000f571230 method=com.android.dx.rop.code.LocalItem.hashCode()I @ 25
Event: 1.435 Thread 0x0000000002b2e800 Uncommon trap: reason=bimorphic action=maybe_recompile pc=0x000000000f44dac8 method=com.android.dx.rop.code.RegisterSpec.equals(ILcom/android/dx/rop/type/TypeBearer;Lcom/android/dx/rop/code/LocalItem;)Z @ 13
Event: 1.525 Thread 0x0000000002b2e800 Uncommon trap: reason=unreached action=reinterpret pc=0x000000000f5ba3ac method=com.android.dx.ssa.SCCP.simulateBranch(Lcom/android/dx/ssa/SsaInsn;)V @ 132
Event: 1.530 Thread 0x0000000002b2e800 Uncommon trap: reason=null_check action=make_not_entrant pc=0x000000000f503b20 method=com.android.dx.rop.type.Type.equals(Ljava/lang/Object;)Z @ 8

Internal exceptions (10 events):
Event: 1.343 Thread 0x0000000002b2e800 Exception <a 'java/security/PrivilegedActionException'> (0x00000000ec8eea18) thrown at [C:\workspace\8-2-build-windows-amd64-cygwin\jdk8u31\2394\hotspot\src\share\vm\prims\jvm.cpp, line 1312]
Event: 1.344 Thread 0x0000000002b2e800 Exception <a 'java/security/PrivilegedActionException'> (0x00000000ec8f11e8) thrown at [C:\workspace\8-2-build-windows-amd64-cygwin\jdk8u31\2394\hotspot\src\share\vm\prims\jvm.cpp, line 1312]
Event: 1.348 Thread 0x0000000002b2e800 Exception <a 'java/security/PrivilegedActionException'> (0x00000000ec921600) thrown at [C:\workspace\8-2-build-windows-amd64-cygwin\jdk8u31\2394\hotspot\src\share\vm\prims\jvm.cpp, line 1312]
Event: 1.358 Thread 0x0000000002b2e800 Exception <a 'java/security/PrivilegedActionException'> (0x00000000ec9a71e0) thrown at [C:\workspace\8-2-build-windows-amd64-cygwin\jdk8u31\2394\hotspot\src\share\vm\prims\jvm.cpp, line 1312]
Event: 1.507 Thread 0x0000000002b2e800 Exception <a 'java/security/PrivilegedActionException'> (0x00000000eaedff10) thrown at [C:\workspace\8-2-build-windows-amd64-cygwin\jdk8u31\2394\hotspot\src\share\vm\prims\jvm.cpp, line 1312]
Event: 1.508 Thread 0x0000000002b2e800 Exception <a 'java/security/PrivilegedActionException'> (0x00000000eaee28f0) thrown at [C:\workspace\8-2-build-windows-amd64-cygwin\jdk8u31\2394\hotspot\src\share\vm\prims\jvm.cpp, line 1312]
Event: 1.513 Thread 0x0000000002b2e800 Exception <a 'java/security/PrivilegedActionException'> (0x00000000eaf41be8) thrown at [C:\workspace\8-2-build-windows-amd64-cygwin\jdk8u31\2394\hotspot\src\share\vm\prims\jvm.cpp, line 1312]
Event: 1.514 Thread 0x0000000002b2e800 Exception <a 'java/security/PrivilegedActionException'> (0x00000000eaf479e0) thrown at [C:\workspace\8-2-build-windows-amd64-cygwin\jdk8u31\2394\hotspot\src\share\vm\prims\jvm.cpp, line 1312]
Event: 1.514 Thread 0x0000000002b2e800 Exception <a 'java/security/PrivilegedActionException'> (0x00000000eaf4d4c8) thrown at [C:\workspace\8-2-build-windows-amd64-cygwin\jdk8u31\2394\hotspot\src\share\vm\prims\jvm.cpp, line 1312]
Event: 1.529 Thread 0x0000000002b2e800 Implicit null exception at 0x000000000f503a22 to 0x000000000f503b12

Events (10 events):
Event: 1.514 loading class com/android/dx/dex/file/UniformListItem
Event: 1.514 loading class com/android/dx/dex/file/UniformListItem done
Event: 1.514 loading class com/android/dx/dex/file/AnnotationSetRefItem
Event: 1.514 loading class com/android/dx/dex/file/AnnotationSetRefItem done
Event: 1.525 Thread 0x0000000002b2e800 Uncommon trap: trap_request=0xffffffad fr.pc=0x000000000f5ba3ac
Event: 1.525 Thread 0x0000000002b2e800 DEOPT PACKING pc=0x000000000f5ba3ac sp=0x0000000002c2e3e0
Event: 1.525 Thread 0x0000000002b2e800 DEOPT UNPACKING pc=0x000000000f05556a sp=0x0000000002c2e388 mode 2
Event: 1.530 Thread 0x0000000002b2e800 Uncommon trap: trap_request=0xfffffff4 fr.pc=0x000000000f503b20
Event: 1.530 Thread 0x0000000002b2e800 DEOPT PACKING pc=0x000000000f503b20 sp=0x0000000002c2e0e0
Event: 1.530 Thread 0x0000000002b2e800 DEOPT UNPACKING pc=0x000000000f05556a sp=0x0000000002c2e068 mode 2


Dynamic libraries:
0x00007ff62dce0000 - 0x00007ff62dd14000 	C:\Program Files\Java\jdk1.8.0_31\bin\java.exe
0x00007ffbdbb70000 - 0x00007ffbdbd1c000 	C:\WINDOWS\SYSTEM32\ntdll.dll
0x00007ffbda0a0000 - 0x00007ffbda1da000 	C:\WINDOWS\system32\KERNEL32.DLL
0x00007ffbd91c0000 - 0x00007ffbd92cf000 	C:\WINDOWS\system32\KERNELBASE.dll
0x00007ffbd7a90000 - 0x00007ffbd7b18000 	C:\WINDOWS\system32\apphelp.dll
0x00007ffbc77e0000 - 0x00007ffbc782f000 	C:\WINDOWS\AppPatch\AppPatch64\AcGenral.DLL
0x00007ffbd9480000 - 0x00007ffbd9527000 	C:\WINDOWS\system32\msvcrt.dll
0x00007ffbd8cb0000 - 0x00007ffbd8cdb000 	C:\WINDOWS\SYSTEM32\SspiCli.dll
0x00007ffbda500000 - 0x00007ffbda551000 	C:\WINDOWS\system32\SHLWAPI.dll
0x00007ffbda1e0000 - 0x00007ffbda351000 	C:\WINDOWS\system32\USER32.dll
0x00007ffbda380000 - 0x00007ffbda4f8000 	C:\WINDOWS\system32\ole32.dll
0x00007ffbda580000 - 0x00007ffbdb98f000 	C:\WINDOWS\system32\SHELL32.dll
0x00007ffbd86b0000 - 0x00007ffbd86ce000 	C:\WINDOWS\SYSTEM32\USERENV.dll
0x00007ffbd9ad0000 - 0x00007ffbd9b75000 	C:\WINDOWS\system32\ADVAPI32.dll
0x00007ffbcef10000 - 0x00007ffbcef2b000 	C:\WINDOWS\SYSTEM32\MPR.dll
0x00007ffbd9570000 - 0x00007ffbd96a7000 	C:\WINDOWS\system32\RPCRT4.dll
0x00007ffbd97f0000 - 0x00007ffbd9847000 	C:\WINDOWS\SYSTEM32\sechost.dll
0x00007ffbdb990000 - 0x00007ffbdbb66000 	C:\WINDOWS\SYSTEM32\combase.dll
0x00007ffbd9ef0000 - 0x00007ffbda034000 	C:\WINDOWS\system32\GDI32.dll
0x00007ffbd8ec0000 - 0x00007ffbd8ed4000 	C:\WINDOWS\SYSTEM32\profapi.dll
0x00007ffbd7740000 - 0x00007ffbd77df000 	C:\WINDOWS\SYSTEM32\SHCORE.dll
0x00007ffbd9530000 - 0x00007ffbd9564000 	C:\WINDOWS\system32\IMM32.DLL
0x00007ffbd96b0000 - 0x00007ffbd97e9000 	C:\WINDOWS\system32\MSCTF.dll
0x00007ffbd8e70000 - 0x00007ffbd8ea2000 	C:\Windows\system32\nvinitx.dll
0x00007ffbd8e60000 - 0x00007ffbd8e6a000 	C:\WINDOWS\SYSTEM32\VERSION.dll
0x000000000f000000 - 0x000000000f006000 	C:\Program Files\NVIDIA Corporation\CoProcManager\_etoured.dll
0x00007ffbd6ea0000 - 0x00007ffbd6ed2000 	C:\Program Files\NVIDIA Corporation\CoProcManager\nvd3d9wrapx.dll
0x00007ffbd9c90000 - 0x00007ffbd9e64000 	C:\WINDOWS\system32\SETUPAPI.dll
0x00007ffbd92d0000 - 0x00007ffbd931a000 	C:\WINDOWS\system32\CFGMGR32.dll
0x00007ffbd6ad0000 - 0x00007ffbd6af2000 	C:\Program Files\NVIDIA Corporation\CoProcManager\nvdxgiwrapx.dll
0x00007ffbd70d0000 - 0x00007ffbd732a000 	C:\WINDOWS\WinSxS\amd64_microsoft.windows.common-controls_6595b64144ccf1df_6.0.9600.17031_none_6242a4b3ecbb55a1\COMCTL32.dll
0x0000000077cf0000 - 0x0000000077dc2000 	C:\Program Files\Java\jdk1.8.0_31\jre\bin\msvcr100.dll
0x0000000050360000 - 0x0000000050bba000 	C:\Program Files\Java\jdk1.8.0_31\jre\bin\server\jvm.dll
0x00007ffbc1860000 - 0x00007ffbc1869000 	C:\WINDOWS\SYSTEM32\WSOCK32.dll
0x00007ffbd69c0000 - 0x00007ffbd69df000 	C:\WINDOWS\SYSTEM32\WINMM.dll
0x00007ffbd9ac0000 - 0x00007ffbd9ac7000 	C:\WINDOWS\system32\PSAPI.DLL
0x00007ffbd9e90000 - 0x00007ffbd9ee8000 	C:\WINDOWS\system32\WS2_32.dll
0x00007ffbd6980000 - 0x00007ffbd69aa000 	C:\WINDOWS\SYSTEM32\WINMMBASE.dll
0x00007ffbd93d0000 - 0x00007ffbd93d9000 	C:\WINDOWS\system32\NSI.dll
0x00007ffbd7d00000 - 0x00007ffbd7d26000 	C:\WINDOWS\SYSTEM32\DEVOBJ.dll
0x0000000050350000 - 0x000000005035f000 	C:\Program Files\Java\jdk1.8.0_31\jre\bin\verify.dll
0x0000000050320000 - 0x0000000050348000 	C:\Program Files\Java\jdk1.8.0_31\jre\bin\java.dll
0x0000000050300000 - 0x0000000050316000 	C:\Program Files\Java\jdk1.8.0_31\jre\bin\zip.dll
0x00007ffbd3970000 - 0x00007ffbd3af8000 	C:\WINDOWS\SYSTEM32\dbghelp.dll

VM Arguments:
jvm_args: -Xmx1024M -Dfile.encoding=windows-1251 -Duser.country=GB -Duser.language=en -Duser.variant 
java_command: com.android.dx.command.Main --dex --output C:\Users\Slav\AndroidStudioProjects\Peek\app\build\intermediates\dex\debug C:\Users\Slav\AndroidStudioProjects\Peek\app\build\intermediates\classes\debug C:\Users\Slav\AndroidStudioProjects\Peek\app\build\intermediates\pre-dexed\debug\classes-bc3dae08c223b8d56efaeb5ad4b47ba45a1bd278.jar C:\Users\Slav\AndroidStudioProjects\Peek\app\build\intermediates\pre-dexed\debug\support-annotations-22.2.0-bc3c3f6cd525c2b53235024ee42aae6514936bec.jar C:\Users\Slav\AndroidStudioProjects\Peek\app\build\intermediates\pre-dexed\debug\classes-b4382b78ac9efc3c6196e0d1c45847a6661094b9.jar C:\Users\Slav\AndroidStudioProjects\Peek\app\build\intermediates\pre-dexed\debug\classes-66a7385bcdeb64d5baa9f81eb9cf4d2536c1a01e.jar C:\Users\Slav\AndroidStudioProjects\Peek\app\build\intermediates\pre-dexed\debug\classes-c22af5ca877e81dc471b7323b1402ef08a3a9542.jar C:\Users\Slav\AndroidStudioProjects\Peek\app\build\intermediates\pre-dexed\debug\classes-a86b97dfab0015495f716db65a2acbe677407bf4.jar C:\Users\Slav\AndroidStudioProjects\Peek\app\build\intermediates\pre-dexed\debug\classes-c4f5755b993f219a59675aef223d75d7b50f4a94.jar C:\Users\Slav\AndroidStudioProjects\Peek\app\build\intermediates\pre-dexed\debug\classes-d100cc5fc90dcaa1441b891171c8209a0b5611da.jar C:\Users\Slav\AndroidStudioProjects\Peek\app\build\intermediates\pre-dexed\debug\classes-a43a7545eff185606dad02bb626efa136defeaca.jar C:\Users\Slav\AndroidStudioProjects\Peek\app\build\intermediates\pre-dexed\debug\classes-5b8412ba8e87c009e5f1d766cdd6e6edf1d1e9ee.jar C:\Users\Slav\AndroidStudioProjects\Peek\app\build\intermediates\pre-dexed\debug\classes-392f4714fe3dffc19bcaa17882d074e80ae1cc96.jar C:\Users\Slav\AndroidStudioProjects\Peek\app\build\intermediates\pre-dexed\debug\classes-20ef4d331cc5fef9c47dcaf932943e300a1d820c.jar C:\Users\Slav\AndroidStudioProjects\Peek\app\build\intermediates\pre-dexed\debug\classes-2f4c7a85786ea78568df0958d0a9283da8a522a4.jar C:\Users\Slav\AndroidStudi
java_class_path (initial): C:\Users\Slav\AppData\Local\Android\android-sdk\build-tools\22.0.1\lib\dx.jar
Launcher Type: SUN_STANDARD

Environment Variables:
JAVA_HOME=C:\Program Files\Java\jdk1.8.0_31
PATH=C:\Program Files (x86)\NVIDIA Corporation\PhysX\Common;c:\python27\scripts;c:\program files (x86)\intel\icls client\;c:\program files\intel\icls client\;c:\program files\common files\microsoft shared\windows live;c:\windows\system32;c:\windows;c:\windows\system32\wbem;c:\windows\system32\windowspowershell\v1.0\;c:\program files\intel\intel(r) management engine components\dal;c:\program files\intel\intel(r) management engine components\ipt;c:\program files (x86)\intel\intel(r) management engine components\dal;c:\program files (x86)\intel\intel(r) management engine components\ipt;c:\program files (x86)\intel\opencl sdk\3.0\bin\x86;c:\program files (x86)\intel\opencl sdk\3.0\bin\x64;c:\program files\authentec truesuite\x86\;c:\program files (x86)\common files\avid;c:\program files\common files\avid;c:\program files\microsoft sql server\110\tools\binn\;c:\python27;c:\program files (x86)\gtksharp\2.12\bin;c:\program files (x86)\windows kits\8.1\windows performance toolkit\;c:\program files (x86)\microsoft sdks\typescript\1.0\;c:\program files\microsoft sql server\120\tools\binn\;c:\gtk3\bin;c:\program files (x86)\nodejs\;c:\program files\java\jre7\bin;c:\program files (x86)\java\jdk1.7.0_71\bin;c:\program files\oracle\virtualbox;C:\Program Files (x86)\Skype\Phone\;C:\Program Files (x86)\Java\jdk1.7.0_25\bin;C:\Program Files\Common Files\Microsoft Shared\Windows Live;C:\Users\Slav\AppData\Roaming\npm
USERNAME=Slav
OS=Windows_NT
PROCESSOR_IDENTIFIER=Intel64 Family 6 Model 58 Stepping 9, GenuineIntel



---------------  S Y S T E M  ---------------

OS: Windows 8.1 , 64 bit Build 9600 

CPU:total 8 (4 cores per cpu, 2 threads per core) family 6 model 58 stepping 9, cmov, cx8, fxsr, mmx, sse, sse2, sse3, ssse3, sse4.1, sse4.2, popcnt, avx, aes, clmul, erms, ht, tsc, tscinvbit, tscinv

Memory: 4k page, physical 8277456k(1077924k free), swap 12471760k(5108k free)

vm_info: Java HotSpot(TM) 64-Bit Server VM (25.31-b07) for windows-amd64 JRE (1.8.0_31-b13), built on Dec 17 2014 21:00:28 by "java_re" with MS VC++ 10.0 (VS2010)

time: Sat Jul 25 17:19:24 2015
elapsed time: 1 seconds (0d 0h 0m 1s)

