#
# There is insufficient memory for the Java Runtime Environment to continue.
# Native memory allocation (malloc) failed to allocate 1663776 bytes for Chunk::new
# Possible reasons:
#   The system is out of physical RAM or swap space
#   In 32 bit mode, the process size limit was hit
# Possible solutions:
#   Reduce memory load on the system
#   Increase physical memory or swap space
#   Check if swap backing store is full
#   Use 64 bit Java on a 64 bit OS
#   Decrease Java heap size (-Xmx/-Xms)
#   Decrease number of Java threads
#   Decrease Java thread stack sizes (-Xss)
#   Set larger code cache with -XX:ReservedCodeCacheSize=
# This output file may be truncated or incomplete.
#
#  Out of Memory Error (allocation.cpp:390), pid=8708, tid=10740
#
# JRE version: Java(TM) SE Runtime Environment (8.0_31-b13) (build 1.8.0_31-b13)
# Java VM: Java HotSpot(TM) 64-Bit Server VM (25.31-b07 mixed mode windows-amd64 compressed oops)
# Failed to write core dump. Minidumps are not enabled by default on client versions of Windows
#

---------------  T H R E A D  ---------------

Current thread (0x000000000892e000):  JavaThread "C2 CompilerThread2" daemon [_thread_in_native, id=10740, stack(0x00000000090f0000,0x00000000091f0000)]

Stack: [0x00000000090f0000,0x00000000091f0000]
Native frames: (J=compiled Java code, j=interpreted, Vv=VM code, C=native code)
V  [jvm.dll+0x3169ba]
V  [nvd3d9wrapx.dll+0x2674c3]
V  [jvm.dll+0x268103]
V  [jvm.dll+0x25f8f5]
V  [jvm.dll+0xbf025]
V  [jvm.dll+0xbf4cc]
V  [jvm.dll+0x45df82]
V  [jvm.dll+0x49f21f]
V  [jvm.dll+0x453401]
V  [jvm.dll+0x454124]
V  [jvm.dll+0x437c62]
V  [jvm.dll+0x988e2]
V  [jvm.dll+0x990d3]
V  [jvm.dll+0x22c194]
V  [combase.dll+0x28576a]
C  [msvcr100.dll+0x21d9f]
C  [msvcr100.dll+0x21e3b]
C  [KERNEL32.DLL+0x16ad]
C  [NSI.dll+0x6eb64]


Current CompileTask:
C2:   2629 1618   !   4       com.android.dx.cf.cst.ConstantPoolParser::parse0 (731 bytes)


---------------  P R O C E S S  ---------------

Java Threads: ( => current thread )
  0x00000000089bf800 JavaThread "Service Thread" daemon [_thread_blocked, id=9456, stack(0x00000000092f0000,0x00000000093f0000)]
  0x000000000690d000 JavaThread "C1 CompilerThread3" daemon [_thread_blocked, id=12768, stack(0x00000000091f0000,0x00000000092f0000)]
=>0x000000000892e000 JavaThread "C2 CompilerThread2" daemon [_thread_in_native, id=10740, stack(0x00000000090f0000,0x00000000091f0000)]
  0x0000000008924800 JavaThread "C2 CompilerThread1" daemon [_thread_in_native, id=15172, stack(0x0000000008ff0000,0x00000000090f0000)]
  0x0000000008920800 JavaThread "C2 CompilerThread0" daemon [_thread_in_native, id=11384, stack(0x0000000008ef0000,0x0000000008ff0000)]
  0x000000000891e800 JavaThread "Attach Listener" daemon [_thread_blocked, id=11916, stack(0x0000000008df0000,0x0000000008ef0000)]
  0x000000000891d800 JavaThread "Signal Dispatcher" daemon [_thread_blocked, id=3380, stack(0x0000000008cf0000,0x0000000008df0000)]
  0x0000000002ddb800 JavaThread "Finalizer" daemon [_thread_blocked, id=3644, stack(0x00000000087f0000,0x00000000088f0000)]
  0x00000000068fc000 JavaThread "Reference Handler" daemon [_thread_blocked, id=12696, stack(0x00000000086f0000,0x00000000087f0000)]
  0x0000000002ce3800 JavaThread "main" [_thread_in_vm, id=14540, stack(0x0000000002be0000,0x0000000002ce0000)]

Other Threads:
  0x00000000068f8000 VMThread [stack: 0x00000000085f0000,0x00000000086f0000] [id=8664]
  0x00000000089c2800 WatcherThread [stack: 0x00000000093f0000,0x00000000094f0000] [id=12884]

VM state:not at safepoint (normal execution)

VM Mutex/Monitor currently owned by a thread:  ([mutex/lock_event])
[0x0000000002ce0150] AdapterHandlerLibrary_lock - owner thread: 0x0000000002ce3800

Heap:
 PSYoungGen      total 38400K, used 38314K [0x00000000eab00000, 0x00000000ed580000, 0x0000000100000000)
  eden space 33280K, 99% used [0x00000000eab00000,0x00000000ecb71a60,0x00000000ecb80000)
  from space 5120K, 99% used [0x00000000ecb80000,0x00000000ed078f60,0x00000000ed080000)
  to   space 5120K, 0% used [0x00000000ed080000,0x00000000ed080000,0x00000000ed580000)
 ParOldGen       total 87552K, used 3224K [0x00000000c0000000, 0x00000000c5580000, 0x00000000eab00000)
  object space 87552K, 3% used [0x00000000c0000000,0x00000000c0326380,0x00000000c5580000)
 Metaspace       used 5866K, capacity 7152K, committed 7296K, reserved 1056768K
  class space    used 557K, capacity 616K, committed 640K, reserved 1048576K

Card table byte_map: [0x00000000031a0000,0x00000000033b0000] byte_map_base: 0x0000000002ba0000

Marking Bits: (ParMarkBitMap*) 0x0000000050b3d4f0
 Begin Bits: [0x0000000003d10000, 0x0000000004d10000)
 End Bits:   [0x0000000004d10000, 0x0000000005d10000)

Polling page: 0x0000000002af0000

CodeCache: size=245760Kb used=7221Kb max_used=7221Kb free=238538Kb
 bounds [0x000000000f010000, 0x000000000f730000, 0x000000001e010000]
 total_blobs=1920 nmethods=1660 adapters=174
 compilation: enabled

Compilation events (10 events):
Event: 2.566 Thread 0x000000000690d000 1668       3       com.android.dx.command.dexer.Main::access$300 (7 bytes)
Event: 2.566 Thread 0x000000000690d000 nmethod 1668 0x000000000f71be50 code [0x000000000f71bfc0, 0x000000000f71c128]
Event: 2.566 Thread 0x000000000690d000 1669   !   3       com.android.dx.command.dexer.Main::processFileBytes (263 bytes)
Event: 2.570 Thread 0x000000000690d000 nmethod 1669 0x000000000f71c1d0 code [0x000000000f71c5a0, 0x000000000f71eb38]
Event: 2.570 Thread 0x000000000690d000 1670       3       com.android.dx.cf.direct.ClassPathOpener$1::accept (2 bytes)
Event: 2.570 Thread 0x000000000690d000 nmethod 1670 0x000000000f720190 code [0x000000000f7202e0, 0x000000000f720430]
Event: 2.580 Thread 0x000000000690d000 1671       3       java.util.ArrayDeque::poll (5 bytes)
Event: 2.581 Thread 0x000000000690d000 nmethod 1671 0x000000000f7204d0 code [0x000000000f720640, 0x000000000f7207e8]
Event: 2.581 Thread 0x000000000690d000 1672       3       java.util.ArrayDeque::pollFirst (42 bytes)
Event: 2.582 Thread 0x000000000690d000 nmethod 1672 0x000000000f720890 code [0x000000000f720a00, 0x000000000f720d30]

GC Heap History (2 events):
Event: 1.558 GC heap before
{Heap before GC invocations=1 (full 0):
 PSYoungGen      total 38400K, used 33280K [0x00000000eab00000, 0x00000000ed580000, 0x0000000100000000)
  eden space 33280K, 100% used [0x00000000eab00000,0x00000000ecb80000,0x00000000ecb80000)
  from space 5120K, 0% used [0x00000000ed080000,0x00000000ed080000,0x00000000ed580000)
  to   space 5120K, 0% used [0x00000000ecb80000,0x00000000ecb80000,0x00000000ed080000)
 ParOldGen       total 87552K, used 0K [0x00000000c0000000, 0x00000000c5580000, 0x00000000eab00000)
  object space 87552K, 0% used [0x00000000c0000000,0x00000000c0000000,0x00000000c5580000)
 Metaspace       used 5673K, capacity 6960K, committed 7040K, reserved 1056768K
  class space    used 551K, capacity 616K, committed 640K, reserved 1048576K
Event: 1.586 GC heap after
Heap after GC invocations=1 (full 0):
 PSYoungGen      total 38400K, used 5091K [0x00000000eab00000, 0x00000000ed580000, 0x0000000100000000)
  eden space 33280K, 0% used [0x00000000eab00000,0x00000000eab00000,0x00000000ecb80000)
  from space 5120K, 99% used [0x00000000ecb80000,0x00000000ed078f60,0x00000000ed080000)
  to   space 5120K, 0% used [0x00000000ed080000,0x00000000ed080000,0x00000000ed580000)
 ParOldGen       total 87552K, used 3224K [0x00000000c0000000, 0x00000000c5580000, 0x00000000eab00000)
  object space 87552K, 3% used [0x00000000c0000000,0x00000000c0326380,0x00000000c5580000)
 Metaspace       used 5673K, capacity 6960K, committed 7040K, reserved 1056768K
  class space    used 551K, capacity 616K, committed 640K, reserved 1048576K
}

Deoptimization events (10 events):
Event: 1.515 Thread 0x0000000002ce3800 Uncommon trap: reason=class_check action=maybe_recompile pc=0x000000000f5909a8 method=com.android.dx.cf.code.BytecodeArray.parseInstruction(ILcom/android/dx/cf/code/BytecodeArray$Visitor;)I @ 1501
Event: 1.518 Thread 0x0000000002ce3800 Uncommon trap: reason=class_check action=maybe_recompile pc=0x000000000f5909a8 method=com.android.dx.cf.code.BytecodeArray.parseInstruction(ILcom/android/dx/cf/code/BytecodeArray$Visitor;)I @ 1501
Event: 1.546 Thread 0x0000000002ce3800 Uncommon trap: reason=unreached action=reinterpret pc=0x000000000f56b9f4 method=com.android.dx.util.LabeledList.set(ILcom/android/dx/util/LabeledItem;)V @ 16
Event: 1.599 Thread 0x0000000002ce3800 Uncommon trap: reason=unreached action=reinterpret pc=0x000000000f56f858 method=com.android.dx.rop.code.LocalItem.hashCode()I @ 25
Event: 1.738 Thread 0x0000000002ce3800 Uncommon trap: reason=unreached action=reinterpret pc=0x000000000f62f6fc method=com.android.dx.ssa.SCCP.simulateBranch(Lcom/android/dx/ssa/SsaInsn;)V @ 132
Event: 1.751 Thread 0x0000000002ce3800 Uncommon trap: reason=null_check action=make_not_entrant pc=0x000000000f55c2a0 method=com.android.dx.rop.type.Type.equals(Ljava/lang/Object;)Z @ 8
Event: 1.818 Thread 0x0000000002ce3800 Uncommon trap: reason=unreached action=reinterpret pc=0x000000000f3b6adc method=com.android.dx.ssa.SsaMethod.updateOneDefinition(Lcom/android/dx/ssa/SsaInsn;Lcom/android/dx/rop/code/RegisterSpec;)V @ 4
Event: 2.270 Thread 0x0000000002ce3800 Uncommon trap: reason=class_check action=maybe_recompile pc=0x000000000f6867f8 method=com.android.dx.rop.code.RegisterSpec.withSimpleType()Lcom/android/dx/rop/code/RegisterSpec; @ 21
Event: 2.271 Thread 0x0000000002ce3800 Uncommon trap: reason=class_check action=maybe_recompile pc=0x000000000f6867f8 method=com.android.dx.rop.code.RegisterSpec.withSimpleType()Lcom/android/dx/rop/code/RegisterSpec; @ 21
Event: 2.462 Thread 0x0000000002ce3800 Uncommon trap: reason=unreached action=reinterpret pc=0x000000000f67828c method=com.android.dx.ssa.MoveParamCombiner$1.visitNonMoveInsn(Lcom/android/dx/ssa/NormalSsaInsn;)V @ 27

Internal exceptions (10 events):
Event: 1.512 Thread 0x0000000002ce3800 Exception <a 'java/security/PrivilegedActionException'> (0x00000000eca61c28) thrown at [C:\workspace\8-2-build-windows-amd64-cygwin\jdk8u31\2394\hotspot\src\share\vm\prims\jvm.cpp, line 1312]
Event: 1.531 Thread 0x0000000002ce3800 Exception <a 'java/security/PrivilegedActionException'> (0x00000000ecb0d618) thrown at [C:\workspace\8-2-build-windows-amd64-cygwin\jdk8u31\2394\hotspot\src\share\vm\prims\jvm.cpp, line 1312]
Event: 1.718 Thread 0x0000000002ce3800 Exception <a 'java/security/PrivilegedActionException'> (0x00000000eb03fcf0) thrown at [C:\workspace\8-2-build-windows-amd64-cygwin\jdk8u31\2394\hotspot\src\share\vm\prims\jvm.cpp, line 1312]
Event: 1.718 Thread 0x0000000002ce3800 Exception <a 'java/security/PrivilegedActionException'> (0x00000000eb0426d0) thrown at [C:\workspace\8-2-build-windows-amd64-cygwin\jdk8u31\2394\hotspot\src\share\vm\prims\jvm.cpp, line 1312]
Event: 1.724 Thread 0x0000000002ce3800 Exception <a 'java/security/PrivilegedActionException'> (0x00000000eb0a1ac8) thrown at [C:\workspace\8-2-build-windows-amd64-cygwin\jdk8u31\2394\hotspot\src\share\vm\prims\jvm.cpp, line 1312]
Event: 1.725 Thread 0x0000000002ce3800 Exception <a 'java/security/PrivilegedActionException'> (0x00000000eb0a78c0) thrown at [C:\workspace\8-2-build-windows-amd64-cygwin\jdk8u31\2394\hotspot\src\share\vm\prims\jvm.cpp, line 1312]
Event: 1.727 Thread 0x0000000002ce3800 Exception <a 'java/security/PrivilegedActionException'> (0x00000000eb0ad3a8) thrown at [C:\workspace\8-2-build-windows-amd64-cygwin\jdk8u31\2394\hotspot\src\share\vm\prims\jvm.cpp, line 1312]
Event: 1.751 Thread 0x0000000002ce3800 Implicit null exception at 0x000000000f55c1a2 to 0x000000000f55c292
Event: 1.815 Thread 0x0000000002ce3800 Exception <a 'java/security/PrivilegedActionException'> (0x00000000eb47b2e8) thrown at [C:\workspace\8-2-build-windows-amd64-cygwin\jdk8u31\2394\hotspot\src\share\vm\prims\jvm.cpp, line 1312]
Event: 2.262 Thread 0x0000000002ce3800 Exception <a 'java/security/PrivilegedActionException'> (0x00000000ec2b4c10) thrown at [C:\workspace\8-2-build-windows-amd64-cygwin\jdk8u31\2394\hotspot\src\share\vm\prims\jvm.cpp, line 1312]

Events (10 events):
Event: 2.270 Thread 0x0000000002ce3800 DEOPT PACKING pc=0x000000000f6867f8 sp=0x0000000002cde240
Event: 2.270 Thread 0x0000000002ce3800 DEOPT UNPACKING pc=0x000000000f05556a sp=0x0000000002cde188 mode 2
Event: 2.271 Thread 0x0000000002ce3800 Uncommon trap: trap_request=0xffffffde fr.pc=0x000000000f6867f8
Event: 2.271 Thread 0x0000000002ce3800 DEOPT PACKING pc=0x000000000f6867f8 sp=0x0000000002cde240
Event: 2.271 Thread 0x0000000002ce3800 DEOPT UNPACKING pc=0x000000000f05556a sp=0x0000000002cde188 mode 2
Event: 2.462 Thread 0x0000000002ce3800 Uncommon trap: trap_request=0xffffffad fr.pc=0x000000000f67828c
Event: 2.462 Thread 0x0000000002ce3800 DEOPT PACKING pc=0x000000000f67828c sp=0x0000000002cde1d0
Event: 2.462 Thread 0x0000000002ce3800 DEOPT UNPACKING pc=0x000000000f05556a sp=0x0000000002cde128 mode 2
Event: 2.536 loading class java/util/zip/ZipFile$ZipEntryIterator
Event: 2.536 loading class java/util/zip/ZipFile$ZipEntryIterator done


Dynamic libraries:
0x00007ff62dce0000 - 0x00007ff62dd14000 	C:\Program Files\Java\jdk1.8.0_31\bin\java.exe
0x00007ffbdbb70000 - 0x00007ffbdbd1c000 	C:\WINDOWS\SYSTEM32\ntdll.dll
0x00007ffbda0a0000 - 0x00007ffbda1da000 	C:\WINDOWS\system32\KERNEL32.DLL
0x00007ffbd91c0000 - 0x00007ffbd92cf000 	C:\WINDOWS\system32\KERNELBASE.dll
0x00007ffbd7a90000 - 0x00007ffbd7b18000 	C:\WINDOWS\system32\apphelp.dll
0x00007ffbd4ab0000 - 0x00007ffbd4aff000 	C:\WINDOWS\AppPatch\AppPatch64\AcGenral.DLL
0x00007ffbd9480000 - 0x00007ffbd9527000 	C:\WINDOWS\system32\msvcrt.dll
0x00007ffbd8cb0000 - 0x00007ffbd8cdb000 	C:\WINDOWS\SYSTEM32\SspiCli.dll
0x00007ffbda500000 - 0x00007ffbda551000 	C:\WINDOWS\system32\SHLWAPI.dll
0x00007ffbda1e0000 - 0x00007ffbda351000 	C:\WINDOWS\system32\USER32.dll
0x00007ffbda380000 - 0x00007ffbda4f8000 	C:\WINDOWS\system32\ole32.dll
0x00007ffbda580000 - 0x00007ffbdb98f000 	C:\WINDOWS\system32\SHELL32.dll
0x00007ffbd86b0000 - 0x00007ffbd86ce000 	C:\WINDOWS\SYSTEM32\USERENV.dll
0x00007ffbd9ad0000 - 0x00007ffbd9b75000 	C:\WINDOWS\system32\ADVAPI32.dll
0x00007ffbcef10000 - 0x00007ffbcef2b000 	C:\WINDOWS\SYSTEM32\MPR.dll
0x00007ffbd9570000 - 0x00007ffbd96a7000 	C:\WINDOWS\system32\RPCRT4.dll
0x00007ffbd97f0000 - 0x00007ffbd9847000 	C:\WINDOWS\SYSTEM32\sechost.dll
0x00007ffbdb990000 - 0x00007ffbdbb66000 	C:\WINDOWS\SYSTEM32\combase.dll
0x00007ffbd9ef0000 - 0x00007ffbda034000 	C:\WINDOWS\system32\GDI32.dll
0x00007ffbd8ec0000 - 0x00007ffbd8ed4000 	C:\WINDOWS\SYSTEM32\profapi.dll
0x00007ffbd7740000 - 0x00007ffbd77df000 	C:\WINDOWS\SYSTEM32\SHCORE.dll
0x00007ffbd9530000 - 0x00007ffbd9564000 	C:\WINDOWS\system32\IMM32.DLL
0x00007ffbd96b0000 - 0x00007ffbd97e9000 	C:\WINDOWS\system32\MSCTF.dll
0x00007ffbd6ca0000 - 0x00007ffbd6cd1000 	C:\Windows\system32\nvinitx.dll
0x00007ffbd8e60000 - 0x00007ffbd8e6a000 	C:\WINDOWS\SYSTEM32\VERSION.dll
0x000000000f000000 - 0x000000000f006000 	C:\Program Files\NVIDIA Corporation\CoProcManager\_etoured.dll
0x00007ffbd6c60000 - 0x00007ffbd6c91000 	C:\Program Files\NVIDIA Corporation\CoProcManager\nvd3d9wrapx.dll
0x00007ffbd9c90000 - 0x00007ffbd9e64000 	C:\WINDOWS\system32\SETUPAPI.dll
0x00007ffbd92d0000 - 0x00007ffbd931a000 	C:\WINDOWS\system32\CFGMGR32.dll
0x00007ffbd6c30000 - 0x00007ffbd6c52000 	C:\Program Files\NVIDIA Corporation\CoProcManager\nvdxgiwrapx.dll
0x00007ffbd70d0000 - 0x00007ffbd732a000 	C:\WINDOWS\WinSxS\amd64_microsoft.windows.common-controls_6595b64144ccf1df_6.0.9600.17031_none_6242a4b3ecbb55a1\COMCTL32.dll
0x0000000050040000 - 0x0000000050112000 	C:\Program Files\Java\jdk1.8.0_31\jre\bin\msvcr100.dll
0x0000000050360000 - 0x0000000050bba000 	C:\Program Files\Java\jdk1.8.0_31\jre\bin\server\jvm.dll
0x00007ffbc1860000 - 0x00007ffbc1869000 	C:\WINDOWS\SYSTEM32\WSOCK32.dll
0x00007ffbd69c0000 - 0x00007ffbd69df000 	C:\WINDOWS\SYSTEM32\WINMM.dll
0x00007ffbd9ac0000 - 0x00007ffbd9ac7000 	C:\WINDOWS\system32\PSAPI.DLL
0x00007ffbd9e90000 - 0x00007ffbd9ee8000 	C:\WINDOWS\system32\WS2_32.dll
0x00007ffbd6980000 - 0x00007ffbd69aa000 	C:\WINDOWS\SYSTEM32\WINMMBASE.dll
0x00007ffbd93d0000 - 0x00007ffbd93d9000 	C:\WINDOWS\system32\NSI.dll
0x00007ffbd7d00000 - 0x00007ffbd7d26000 	C:\WINDOWS\SYSTEM32\DEVOBJ.dll
0x0000000050350000 - 0x000000005035f000 	C:\Program Files\Java\jdk1.8.0_31\jre\bin\verify.dll
0x0000000050320000 - 0x0000000050348000 	C:\Program Files\Java\jdk1.8.0_31\jre\bin\java.dll
0x0000000050300000 - 0x0000000050316000 	C:\Program Files\Java\jdk1.8.0_31\jre\bin\zip.dll
0x00007ffbd3970000 - 0x00007ffbd3af8000 	C:\WINDOWS\SYSTEM32\dbghelp.dll

VM Arguments:
jvm_args: -Xmx1024M -Dfile.encoding=windows-1251 -Duser.country=GB -Duser.language=en -Duser.variant 
java_command: com.android.dx.command.Main --dex --output C:\Users\Slav\AndroidStudioProjects\Peek\app\build\intermediates\dex\debug C:\Users\Slav\AndroidStudioProjects\Peek\app\build\intermediates\classes\debug C:\Users\Slav\AndroidStudioProjects\Peek\app\build\intermediates\pre-dexed\debug\classes-bc3dae08c223b8d56efaeb5ad4b47ba45a1bd278.jar C:\Users\Slav\AndroidStudioProjects\Peek\app\build\intermediates\pre-dexed\debug\support-annotations-22.2.0-bc3c3f6cd525c2b53235024ee42aae6514936bec.jar C:\Users\Slav\AndroidStudioProjects\Peek\app\build\intermediates\pre-dexed\debug\classes-b4382b78ac9efc3c6196e0d1c45847a6661094b9.jar C:\Users\Slav\AndroidStudioProjects\Peek\app\build\intermediates\pre-dexed\debug\classes-66a7385bcdeb64d5baa9f81eb9cf4d2536c1a01e.jar C:\Users\Slav\AndroidStudioProjects\Peek\app\build\intermediates\pre-dexed\debug\classes-c22af5ca877e81dc471b7323b1402ef08a3a9542.jar C:\Users\Slav\AndroidStudioProjects\Peek\app\build\intermediates\pre-dexed\debug\kenburnsview-1.0.6-79aa3a9715d53c4c8c5642d67e0e369408a8e046.jar C:\Users\Slav\AndroidStudioProjects\Peek\app\build\intermediates\pre-dexed\debug\classes-1e011db3bcc331bab5a2055b3c1bee9543f3bb83.jar C:\Users\Slav\AndroidStudioProjects\Peek\app\build\intermediates\pre-dexed\debug\classes-a86b97dfab0015495f716db65a2acbe677407bf4.jar C:\Users\Slav\AndroidStudioProjects\Peek\app\build\intermediates\pre-dexed\debug\classes-c4f5755b993f219a59675aef223d75d7b50f4a94.jar C:\Users\Slav\AndroidStudioProjects\Peek\app\build\intermediates\pre-dexed\debug\classes-d100cc5fc90dcaa1441b891171c8209a0b5611da.jar C:\Users\Slav\AndroidStudioProjects\Peek\app\build\intermediates\pre-dexed\debug\classes-371587ef96080df4a82068e5891cdb4d037b148c.jar C:\Users\Slav\AndroidStudioProjects\Peek\app\build\intermediates\pre-dexed\debug\classes-a43a7545eff185606dad02bb626efa136defeaca.jar C:\Users\Slav\AndroidStudioProjects\Peek\app\build\intermediates\pre-dexed\debug\classes-5b8412ba8e87c009e5f1d766cdd6e6edf1d1e9ee.jar C:\Users\Slav\A
java_class_path (initial): C:\Users\Slav\AppData\Local\Android\android-sdk\build-tools\22.0.1\lib\dx.jar
Launcher Type: SUN_STANDARD

Environment Variables:
JAVA_HOME=C:\Program Files\Java\jdk1.8.0_31
PATH=c:\python27\scripts;c:\program files (x86)\intel\icls client\;c:\program files\intel\icls client\;c:\program files\common files\microsoft shared\windows live;c:\windows\system32;c:\windows;c:\windows\system32\wbem;c:\windows\system32\windowspowershell\v1.0\;c:\program files\intel\intel(r) management engine components\dal;c:\program files\intel\intel(r) management engine components\ipt;c:\program files (x86)\intel\intel(r) management engine components\dal;c:\program files (x86)\intel\intel(r) management engine components\ipt;c:\program files (x86)\intel\opencl sdk\3.0\bin\x86;c:\program files (x86)\intel\opencl sdk\3.0\bin\x64;c:\program files\authentec truesuite\x86\;c:\program files (x86)\common files\avid;c:\program files\common files\avid;c:\program files\microsoft sql server\110\tools\binn\;c:\python27;c:\program files (x86)\gtksharp\2.12\bin;c:\program files (x86)\windows kits\8.1\windows performance toolkit\;c:\program files (x86)\microsoft sdks\typescript\1.0\;c:\program files\microsoft sql server\120\tools\binn\;c:\gtk3\bin;c:\program files (x86)\nodejs\;c:\program files\java\jre7\bin;c:\program files (x86)\java\jdk1.7.0_71\bin;c:\program files\oracle\virtualbox;C:\Program Files (x86)\Skype\Phone\;C:\Program Files (x86)\NVIDIA Corporation\PhysX\Common;C:\Program Files (x86)\Java\jdk1.7.0_25\bin;C:\Program Files\Common Files\Microsoft Shared\Windows Live;C:\Users\Slav\AppData\Roaming\npm
USERNAME=Slav
OS=Windows_NT
PROCESSOR_IDENTIFIER=Intel64 Family 6 Model 58 Stepping 9, GenuineIntel



---------------  S Y S T E M  ---------------

OS: Windows 8.1 , 64 bit Build 9600 

CPU:total 8 (4 cores per cpu, 2 threads per core) family 6 model 58 stepping 9, cmov, cx8, fxsr, mmx, sse, sse2, sse3, ssse3, sse4.1, sse4.2, popcnt, avx, aes, clmul, erms, ht, tsc, tscinvbit, tscinv

Memory: 4k page, physical 8277456k(1090356k free), swap 12471760k(5432k free)

vm_info: Java HotSpot(TM) 64-Bit Server VM (25.31-b07) for windows-amd64 JRE (1.8.0_31-b13), built on Dec 17 2014 21:00:28 by "java_re" with MS VC++ 10.0 (VS2010)

time: Sun Jul 26 12:43:29 2015
elapsed time: 2 seconds (0d 0h 0m 2s)

